2023-09-21 20:08:03,977 [INFO] Activator:176 - 


2023-09-21 20:08:03,984 [INFO] Activator:177 - !SESSION log4j initialized
2023-09-21 20:08:16,781 [INFO] LogOutputStream:77 - [STDOUT_REDIRECT] 
2023-09-21 20:08:21,254 [INFO] ApplicationProperties:184 - Using Application install path: C:\ST\STM32CubeIDE_1.13.0\STM32CubeIDE\plugins\com.st.stm32cube.common.mx_6.9.0.202307051724
2023-09-21 20:08:21,277 [INFO] DbMcusXml:78 - Set database path to: C:\ST\STM32CubeIDE_1.13.0\STM32CubeIDE\plugins\com.st.stm32cube.common.mx_6.9.0.202307051724\\db\/mcu/
2023-09-21 20:08:21,277 [INFO] ApiDb:274 - Set plugin database path to: C:\ST\STM32CubeIDE_1.13.0\STM32CubeIDE\plugins\com.st.stm32cube.common.mx_6.9.0.202307051724\\db\/plugins/boardmanager/
2023-09-21 20:08:21,278 [WARN] ApiDb:259 - Overriding images path with different value:  => C:\ST\STM32CubeIDE_1.13.0\STM32CubeIDE\plugins\com.st.stm32cube.common.mx_6.9.0.202307051724\\db\/plugins/mcufinder/images/
2023-09-21 20:08:21,296 [INFO] ApiDb:250 - Set database path to: C:\Users\ACER\.stmcufinder\plugins\mcufinder//mcu/
2023-09-21 20:08:21,297 [INFO] DbMcusAds:125 - Set database path to: C:\Users\ACER\.stmcufinder\plugins\mcufinder//mcu/
2023-09-21 20:08:21,299 [INFO] CrossReferenceDbSqlite:203 - Set database path to: C:\Users\ACER\.stmcufinder\plugins\mcufinder//mcu/cs/
2023-09-21 20:08:21,445 [INFO] RulesReader:64 - Compatibility file has been processed (293 Rules)
2023-09-21 20:08:21,552 [INFO] DbMcusXml:78 - Set database path to: C:\ST\STM32CubeIDE_1.13.0\STM32CubeIDE\plugins\com.st.stm32cube.common.mx_6.9.0.202307051724\\db\/mcu/
2023-09-21 20:08:21,552 [INFO] ApiDb:274 - Set plugin database path to: C:\ST\STM32CubeIDE_1.13.0\STM32CubeIDE\plugins\com.st.stm32cube.common.mx_6.9.0.202307051724\\db\/plugins/boardmanager/
2023-09-21 20:08:21,553 [INFO] ApiDb:261 - Set plugin images path to: C:\ST\STM32CubeIDE_1.13.0\STM32CubeIDE\plugins\com.st.stm32cube.common.mx_6.9.0.202307051724\\db\/plugins/mcufinder/images/
2023-09-21 20:08:21,553 [WARN] DbFile:41 - Overriding database path with different value: C:\Users\ACER\.stmcufinder\plugins\mcufinder/ => C:\Users\ACER\.stmcufinder\plugins\mcufinder
2023-09-21 20:08:21,553 [INFO] ApiDb:250 - Set database path to: C:\Users\ACER\.stmcufinder\plugins\mcufinder//mcu/
2023-09-21 20:08:21,553 [WARN] DbFile:41 - Overriding database path with different value: C:\Users\ACER\.stmcufinder\plugins\mcufinder/ => C:\Users\ACER\.stmcufinder\plugins\mcufinder
2023-09-21 20:08:21,553 [INFO] DbMcusAds:125 - Set database path to: C:\Users\ACER\.stmcufinder\plugins\mcufinder//mcu/
2023-09-21 20:08:21,553 [WARN] DbFile:41 - Overriding database path with different value: C:\Users\ACER\.stmcufinder\plugins\mcufinder/ => C:\Users\ACER\.stmcufinder\plugins\mcufinder
2023-09-21 20:08:21,553 [WARN] DbFile:41 - Overriding database path with different value: C:\Users\ACER\.stmcufinder\plugins\mcufinder/ => C:\Users\ACER\.stmcufinder\plugins\mcufinder
2023-09-21 20:08:21,554 [INFO] CrossReferenceDbSqlite:203 - Set database path to: C:\Users\ACER\.stmcufinder\plugins\mcufinder//mcu/cs/
2023-09-21 20:08:21,674 [INFO] MainPanel:262 - HeapMemory: 268435456
2023-09-21 20:08:21,826 [INFO] DbMcusXml:78 - Set database path to: C:\ST\STM32CubeIDE_1.13.0\STM32CubeIDE\plugins\com.st.stm32cube.common.mx_6.9.0.202307051724\\db\/mcu/
2023-09-21 20:08:21,826 [INFO] ApiDb:274 - Set plugin database path to: C:\ST\STM32CubeIDE_1.13.0\STM32CubeIDE\plugins\com.st.stm32cube.common.mx_6.9.0.202307051724\\db\/plugins/boardmanager/
2023-09-21 20:08:21,826 [INFO] ApiDb:261 - Set plugin images path to: C:\ST\STM32CubeIDE_1.13.0\STM32CubeIDE\plugins\com.st.stm32cube.common.mx_6.9.0.202307051724\\db\/plugins/mcufinder/images/
2023-09-21 20:08:21,827 [WARN] DbFile:41 - Overriding database path with different value: C:\Users\ACER\.stmcufinder\plugins\mcufinder/ => C:\Users\ACER\.stmcufinder\plugins\mcufinder
2023-09-21 20:08:21,827 [INFO] ApiDb:250 - Set database path to: C:\Users\ACER\.stmcufinder\plugins\mcufinder//mcu/
2023-09-21 20:08:21,828 [WARN] DbFile:41 - Overriding database path with different value: C:\Users\ACER\.stmcufinder\plugins\mcufinder/ => C:\Users\ACER\.stmcufinder\plugins\mcufinder
2023-09-21 20:08:21,828 [INFO] DbMcusAds:125 - Set database path to: C:\Users\ACER\.stmcufinder\plugins\mcufinder//mcu/
2023-09-21 20:08:21,828 [WARN] DbFile:41 - Overriding database path with different value: C:\Users\ACER\.stmcufinder\plugins\mcufinder/ => C:\Users\ACER\.stmcufinder\plugins\mcufinder
2023-09-21 20:08:21,828 [WARN] DbFile:41 - Overriding database path with different value: C:\Users\ACER\.stmcufinder\plugins\mcufinder/ => C:\Users\ACER\.stmcufinder\plugins\mcufinder
2023-09-21 20:08:21,829 [INFO] CrossReferenceDbSqlite:203 - Set database path to: C:\Users\ACER\.stmcufinder\plugins\mcufinder//mcu/cs/
2023-09-21 20:08:21,875 [INFO] ApplicationProperties:184 - Using Application install path: C:\ST\STM32CubeIDE_1.13.0\STM32CubeIDE\plugins\com.st.stm32cube.common.mx_6.9.0.202307051724
2023-09-21 20:08:21,879 [INFO] PluginManage:196 - Search for loadable plugins [exclusion list=, ]
2023-09-21 20:08:21,883 [INFO] PluginManage:310 - Check plugin analytics
2023-09-21 20:08:27,216 [INFO] AnalyticsPlugin:253 - Accepted Software Licenses: 
2023-09-21 20:08:27,216 [INFO] AnalyticsPlugin:255 - Accepted CMSIS Pack Licenses: 
2023-09-21 20:08:27,217 [INFO] AnalyticsPlugin:257 - Accepted Firmware Licenses: FW.WB.1.17.0
2023-09-21 20:08:27,223 [INFO] PluginManage:359 - Loaded plugin analytics (category:tool,tabindex:-1)
2023-09-21 20:08:27,224 [INFO] PluginManage:310 - Check plugin cadmodel
2023-09-21 20:08:27,251 [INFO] CADModel:105 - Init CAD model plugin
2023-09-21 20:08:27,252 [INFO] PluginManage:359 - Loaded plugin cadmodel (category:power,tabindex:5)
2023-09-21 20:08:27,252 [INFO] PluginManage:310 - Check plugin clock
2023-09-21 20:08:27,284 [INFO] PluginManage:359 - Loaded plugin clock (category:base,tabindex:2)
2023-09-21 20:08:27,284 [INFO] PluginManage:310 - Check plugin ddr
2023-09-21 20:08:27,287 [INFO] PluginManage:359 - Loaded plugin ddr (category:tool,tabindex:6)
2023-09-21 20:08:27,287 [INFO] PluginManage:310 - Check plugin filemanager
2023-09-21 20:08:27,476 [INFO] PluginManage:359 - Loaded plugin filemanager (category:base,tabindex:10)
2023-09-21 20:08:27,476 [INFO] PluginManage:310 - Check plugin ipmanager
2023-09-21 20:08:27,487 [INFO] PluginManage:359 - Loaded plugin ipmanager (category:base,tabindex:5)
2023-09-21 20:08:27,488 [INFO] PluginManage:310 - Check plugin lpbam
2023-09-21 20:08:27,510 [INFO] PluginManage:359 - Loaded plugin lpbam (category:base,tabindex:0)
2023-09-21 20:08:27,510 [INFO] PluginManage:310 - Check plugin memorymap
2023-09-21 20:08:27,548 [INFO] PluginManage:359 - Loaded plugin memorymap (category:base,tabindex:4)
2023-09-21 20:08:27,548 [INFO] PluginManage:310 - Check plugin pinoutandconfiguration
2023-09-21 20:08:27,575 [INFO] PluginManage:359 - Loaded plugin pinoutandconfiguration (category:base,tabindex:1)
2023-09-21 20:08:27,575 [INFO] PluginManage:310 - Check plugin pinoutconfig
2023-09-21 20:08:27,731 [WARN] SupportedApi:132 - Cannot load RTOS API schema: s4s-elt-must-match.1: The content of 'definitions' must match (annotation?, (simpleType | complexType)?, (unique | key | keyref)*)). A problem was found starting at: attribute.
2023-09-21 20:08:27,970 [INFO] PluginManage:359 - Loaded plugin pinoutconfig (category:base,tabindex:0)
2023-09-21 20:08:27,970 [INFO] PluginManage:310 - Check plugin power
2023-09-21 20:08:28,005 [INFO] PluginManage:359 - Loaded plugin power (category:power,tabindex:4)
2023-09-21 20:08:28,005 [INFO] PluginManage:310 - Check plugin projectmanager
2023-09-21 20:08:28,032 [INFO] PluginManage:359 - Loaded plugin projectmanager (category:projectmanager,tabindex:3)
2023-09-21 20:08:28,033 [INFO] PluginManage:310 - Check plugin thirdparty
2023-09-21 20:08:28,501 [INFO] PluginManage:359 - Loaded plugin thirdparty (category:base,tabindex:-1)
2023-09-21 20:08:28,501 [WARN] IntegrityCheckThread:84 - waiting for thirdparty lock release [integrity check]
2023-09-21 20:08:28,501 [INFO] PluginManage:310 - Check plugin tools
2023-09-21 20:08:28,501 [INFO] IntegrityCheckThread:86 - entering critical section [integrity check]
2023-09-21 20:08:28,503 [INFO] ThirdPartyUpdaterWithRetryManager:70 - Updater plugin not ready yet. [1/15]
2023-09-21 20:08:28,552 [INFO] PluginManage:359 - Loaded plugin tools (category:base,tabindex:7)
2023-09-21 20:08:28,552 [INFO] PluginManage:310 - Check plugin tutovideos
2023-09-21 20:08:28,863 [INFO] PluginManage:359 - Loaded plugin tutovideos (category:base,tabindex:-1)
2023-09-21 20:08:28,863 [INFO] PluginManage:310 - Check plugin updater
2023-09-21 20:08:28,882 [INFO] PluginManage:359 - Loaded plugin updater (category:base,tabindex:12)
2023-09-21 20:08:28,882 [INFO] PluginManage:310 - Check plugin userauth
2023-09-21 20:08:28,890 [INFO] UserAuth:113 - Init User Auth plugin
2023-09-21 20:08:28,890 [INFO] PluginManage:359 - Loaded plugin userauth (category:base,tabindex:14)
2023-09-21 20:08:28,892 [INFO] PluginManage:283 - PluginManage : Loaded plugins [17]
2023-09-21 20:08:29,283 [INFO] PinOutPanel:1499 - setPackage(No Configuration,No Configuration)
2023-09-21 20:08:29,442 [INFO] CADModel:165 - CPN selected for project level
2023-09-21 20:08:29,443 [INFO] CADModel:114 - Register for checkConnection events
2023-09-21 20:08:29,475 [INFO] IPUIPlugin:80 - create IPUIPlugin
2023-09-21 20:08:29,476 [INFO] PluginManager:220 - loadIPPluginJar : add adc
2023-09-21 20:08:29,511 [INFO] IPUIPlugin:80 - create IPUIPlugin
2023-09-21 20:08:29,512 [INFO] PluginManager:220 - loadIPPluginJar : add aes
2023-09-21 20:08:29,555 [INFO] IPUIPlugin:80 - create IPUIPlugin
2023-09-21 20:08:29,555 [INFO] PluginManager:220 - loadIPPluginJar : add can
2023-09-21 20:08:29,577 [INFO] IPUIPlugin:80 - create IPUIPlugin
2023-09-21 20:08:29,578 [INFO] PluginManager:220 - loadIPPluginJar : add comp
2023-09-21 20:08:29,626 [INFO] IPUIPlugin:80 - create IPUIPlugin
2023-09-21 20:08:29,626 [INFO] PluginManager:220 - loadIPPluginJar : add cryp
2023-09-21 20:08:29,661 [INFO] IPUIPlugin:80 - create IPUIPlugin
2023-09-21 20:08:29,661 [INFO] PluginManager:220 - loadIPPluginJar : add dfsdm
2023-09-21 20:08:29,678 [INFO] IPUIPlugin:80 - create IPUIPlugin
2023-09-21 20:08:29,679 [INFO] PluginManager:220 - loadIPPluginJar : add dma
2023-09-21 20:08:29,724 [INFO] IPUIPlugin:80 - create IPUIPlugin
2023-09-21 20:08:29,724 [INFO] PluginManager:220 - loadIPPluginJar : add dma3
2023-09-21 20:08:29,745 [INFO] IPUIPlugin:80 - create IPUIPlugin
2023-09-21 20:08:29,745 [INFO] PluginManager:220 - loadIPPluginJar : add fatfs
2023-09-21 20:08:29,799 [INFO] IPUIPlugin:80 - create IPUIPlugin
2023-09-21 20:08:29,800 [INFO] PluginManager:220 - loadIPPluginJar : add fmc
2023-09-21 20:08:29,815 [INFO] IPUIPlugin:80 - create IPUIPlugin
2023-09-21 20:08:29,815 [INFO] PluginManager:220 - loadIPPluginJar : add freertos
2023-09-21 20:08:29,845 [INFO] IPUIPlugin:80 - create IPUIPlugin
2023-09-21 20:08:29,845 [INFO] PluginManager:220 - loadIPPluginJar : add genericplugin
2023-09-21 20:08:29,944 [INFO] IPUIPlugin:80 - create IPUIPlugin
2023-09-21 20:08:29,944 [INFO] PluginManager:220 - loadIPPluginJar : add gfxmmu
2023-09-21 20:08:30,091 [INFO] IPUIPlugin:80 - create IPUIPlugin
2023-09-21 20:08:30,091 [INFO] PluginManager:220 - loadIPPluginJar : add gic
2023-09-21 20:08:30,104 [INFO] IPUIPlugin:80 - create IPUIPlugin
2023-09-21 20:08:30,104 [INFO] PluginManager:220 - loadIPPluginJar : add gpio
2023-09-21 20:08:30,200 [INFO] IPUIPlugin:80 - create IPUIPlugin
2023-09-21 20:08:30,200 [INFO] PluginManager:220 - loadIPPluginJar : add gtzc
2023-09-21 20:08:30,234 [INFO] IPUIPlugin:80 - create IPUIPlugin
2023-09-21 20:08:30,234 [INFO] PluginManager:220 - loadIPPluginJar : add hash
2023-09-21 20:08:30,284 [INFO] IPUIPlugin:80 - create IPUIPlugin
2023-09-21 20:08:30,285 [INFO] PluginManager:220 - loadIPPluginJar : add i2c
2023-09-21 20:08:30,325 [INFO] IPUIPlugin:80 - create IPUIPlugin
2023-09-21 20:08:30,325 [INFO] PluginManager:220 - loadIPPluginJar : add i2s
2023-09-21 20:08:30,372 [INFO] IPUIPlugin:80 - create IPUIPlugin
2023-09-21 20:08:30,372 [INFO] PluginManager:220 - loadIPPluginJar : add i3c
2023-09-21 20:08:30,500 [INFO] IPUIPlugin:80 - create IPUIPlugin
2023-09-21 20:08:30,500 [INFO] PluginManager:220 - loadIPPluginJar : add ipddr
2023-09-21 20:08:30,603 [INFO] IPUIPlugin:80 - create IPUIPlugin
2023-09-21 20:08:30,603 [INFO] PluginManager:220 - loadIPPluginJar : add linkedlist
2023-09-21 20:08:30,645 [INFO] IPUIPlugin:80 - create IPUIPlugin
2023-09-21 20:08:30,645 [INFO] PluginManager:220 - loadIPPluginJar : add lorawan
2023-09-21 20:08:30,682 [INFO] IPUIPlugin:80 - create IPUIPlugin
2023-09-21 20:08:30,682 [INFO] PluginManager:220 - loadIPPluginJar : add ltdc
2023-09-21 20:08:30,698 [INFO] IPUIPlugin:80 - create IPUIPlugin
2023-09-21 20:08:30,698 [INFO] PluginManager:220 - loadIPPluginJar : add mdma
2023-09-21 20:08:30,712 [INFO] IPUIPlugin:80 - create IPUIPlugin
2023-09-21 20:08:30,712 [INFO] PluginManager:220 - loadIPPluginJar : add nvic
2023-09-21 20:08:30,760 [INFO] IPUIPlugin:80 - create IPUIPlugin
2023-09-21 20:08:30,760 [INFO] PluginManager:220 - loadIPPluginJar : add opamp
2023-09-21 20:08:30,826 [INFO] IPUIPlugin:80 - create IPUIPlugin
2023-09-21 20:08:30,826 [INFO] PluginManager:220 - loadIPPluginJar : add openamp
2023-09-21 20:08:30,875 [INFO] IPUIPlugin:80 - create IPUIPlugin
2023-09-21 20:08:30,875 [INFO] PluginManager:220 - loadIPPluginJar : add pdm2pcm
2023-09-21 20:08:30,890 [INFO] IPUIPlugin:80 - create IPUIPlugin
2023-09-21 20:08:30,893 [INFO] PluginManager:220 - loadIPPluginJar : add plateformsettings
2023-09-21 20:08:30,916 [INFO] IPUIPlugin:80 - create IPUIPlugin
2023-09-21 20:08:30,916 [INFO] PluginManager:220 - loadIPPluginJar : add quadspi
2023-09-21 20:08:30,933 [INFO] IPUIPlugin:80 - create IPUIPlugin
2023-09-21 20:08:30,933 [INFO] PluginManager:220 - loadIPPluginJar : add resmgrutility
2023-09-21 20:08:30,982 [INFO] IPUIPlugin:80 - create IPUIPlugin
2023-09-21 20:08:30,982 [INFO] PluginManager:220 - loadIPPluginJar : add sai
2023-09-21 20:08:31,017 [INFO] IPUIPlugin:80 - create IPUIPlugin
2023-09-21 20:08:31,017 [INFO] PluginManager:220 - loadIPPluginJar : add spi
2023-09-21 20:08:31,088 [INFO] IPUIPlugin:80 - create IPUIPlugin
2023-09-21 20:08:31,088 [INFO] PluginManager:220 - loadIPPluginJar : add stm32_wpan
2023-09-21 20:08:31,113 [INFO] IPUIPlugin:80 - create IPUIPlugin
2023-09-21 20:08:31,113 [INFO] PluginManager:220 - loadIPPluginJar : add tim
2023-09-21 20:08:31,173 [INFO] IPUIPlugin:80 - create IPUIPlugin
2023-09-21 20:08:31,173 [INFO] PluginManager:220 - loadIPPluginJar : add touchsensing
2023-09-21 20:08:31,195 [INFO] IPUIPlugin:80 - create IPUIPlugin
2023-09-21 20:08:31,195 [INFO] PluginManager:220 - loadIPPluginJar : add tracer_emb
2023-09-21 20:08:31,218 [INFO] IPUIPlugin:80 - create IPUIPlugin
2023-09-21 20:08:31,218 [INFO] PluginManager:220 - loadIPPluginJar : add ts
2023-09-21 20:08:31,241 [INFO] IPUIPlugin:80 - create IPUIPlugin
2023-09-21 20:08:31,241 [INFO] PluginManager:220 - loadIPPluginJar : add tsc
2023-09-21 20:08:31,266 [INFO] IPUIPlugin:80 - create IPUIPlugin
2023-09-21 20:08:31,266 [INFO] PluginManager:220 - loadIPPluginJar : add ucpd
2023-09-21 20:08:31,316 [INFO] IPUIPlugin:80 - create IPUIPlugin
2023-09-21 20:08:31,316 [INFO] PluginManager:220 - loadIPPluginJar : add usart
2023-09-21 20:08:31,375 [INFO] IPUIPlugin:80 - create IPUIPlugin
2023-09-21 20:08:31,375 [INFO] PluginManager:220 - loadIPPluginJar : add usbx
2023-09-21 20:08:31,506 [INFO] ThirdPartyUpdaterWithRetryManager:70 - Updater plugin not ready yet. [2/15]
2023-09-21 20:08:31,520 [INFO] CADModel:165 - CPN selected for project level
2023-09-21 20:08:31,520 [INFO] CADModel:114 - Register for checkConnection events
2023-09-21 20:08:31,520 [FATAL] Updater:308 - Updater called before beeing initialized
2023-09-21 20:08:31,521 [ERROR] CADModel:125 - Updater not yet initialized, retry later 
2023-09-21 20:08:31,774 [INFO] CADModel:165 - CPN selected for project level
2023-09-21 20:08:31,775 [INFO] CADModel:114 - Register for checkConnection events
2023-09-21 20:08:31,775 [FATAL] Updater:308 - Updater called before beeing initialized
2023-09-21 20:08:31,775 [ERROR] CADModel:125 - Updater not yet initialized, retry later 
2023-09-21 20:08:31,782 [FATAL] Updater:308 - Updater called before beeing initialized
2023-09-21 20:08:31,969 [FATAL] Updater:308 - Updater called before beeing initialized
2023-09-21 20:08:31,986 [INFO] DbMcusAds:53 - JSON generation date=Tue Mar 07 15:50:55 ICT 2023 (1678179055114)
2023-09-21 20:08:31,987 [FATAL] Updater:308 - Updater called before beeing initialized
2023-09-21 20:08:32,038 [WARN] DetailPanel:346 - Failed to get advertising image, set to default
2023-09-21 20:08:32,188 [FATAL] Updater:308 - Updater called before beeing initialized
2023-09-21 20:08:32,192 [FATAL] Updater:308 - Updater called before beeing initialized
2023-09-21 20:08:32,192 [FATAL] Updater:308 - Updater called before beeing initialized
2023-09-21 20:08:32,193 [WARN] DetailPanel:346 - Failed to get advertising image, set to default
2023-09-21 20:08:32,194 [FATAL] Updater:308 - Updater called before beeing initialized
2023-09-21 20:08:32,293 [ERROR] Updater:1120 - MainUpdater not yet initialized. External WinMGr cannot be set.
2023-09-21 20:08:32,309 [INFO] Updater:1056 - Updater Version found : 6.9.0
2023-09-21 20:08:32,341 [INFO] ApplicationProperties:184 - Using Application install path: C:\ST\STM32CubeIDE_1.13.0\STM32CubeIDE\plugins\com.st.stm32cube.common.mx_6.9.0.202307051724
2023-09-21 20:08:32,710 [INFO] MainUpdater:2868 - connection check result : 10
2023-09-21 20:08:32,711 [INFO] MainUpdater:285 - Updater Check For Update Now.
2023-09-21 20:08:32,711 [INFO] MicroXplorer:498 - Change Database Version : DB.6.0.90
2023-09-21 20:08:33,003 [INFO] CheckServerUpdateThread:120 - End of CheckServer Thread
2023-09-21 20:08:33,183 [INFO] MainUpdater:2868 - connection check result : 10
2023-09-21 20:08:33,206 [INFO] McuFinderGlobals:76 - Set McuFinderConnectedMode to true
2023-09-21 20:08:33,502 [INFO] ServerAccessManage:473 - Download File mcusAds.json._tmp_
2023-09-21 20:08:33,620 [INFO] LoadUrlFilesThread:156 - End of LoadUrlFiles Thread
2023-09-21 20:08:33,744 [INFO] ServerAccessManage:473 - Download File cube-finder-db.zip
2023-09-21 20:08:34,506 [WARN] MainUpdater:1189 - Updater busy. Cannot search thirdparties
2023-09-21 20:08:34,506 [INFO] ThirdPartyUpdaterWithRetryManager:96 - Updater plugin is busy. [1/15]
2023-09-21 20:08:35,409 [INFO] McuFinderGlobals:63 - Set McuFinder mode to 2 (CubeIDE integrated)
2023-09-21 20:08:35,409 [INFO] UserAuth:179 - activating auth plugin
2023-09-21 20:08:35,412 [INFO] UserAuth:393 - Internet connection configuration mode: 1
2023-09-21 20:08:35,438 [INFO] JxBrowserEngine:151 - Initiate JxBrowser Engine with user profile folder
2023-09-21 20:08:37,508 [WARN] MainUpdater:1189 - Updater busy. Cannot search thirdparties
2023-09-21 20:08:37,508 [INFO] ThirdPartyUpdaterWithRetryManager:96 - Updater plugin is busy. [2/15]
2023-09-21 20:08:38,165 [INFO] WebApp:157 - Instantiating new browser for Auth
2023-09-21 20:08:38,896 [INFO] WebApp:753 - Register for checkConnection events
2023-09-21 20:08:38,897 [INFO] WebApp:390 - Apply proxy settings
2023-09-21 20:08:38,897 [INFO] WebApp:475 - Chromium requires no authentication
2023-09-21 20:08:38,910 [INFO] WebApp:418 - Direct internet connection detected
2023-09-21 20:08:39,158 [INFO] WebApp:188 - Starting web application
2023-09-21 20:08:39,158 [INFO] WebApp:520 - Web application path used C:\ST\STM32CubeIDE_1.13.0\STM32CubeIDE\plugins\com.st.stm32cube.common.mx_6.9.0.202307051724\db\plugins\mcufinder\reactClient1\index.html
2023-09-21 20:08:40,509 [WARN] MainUpdater:1189 - Updater busy. Cannot search thirdparties
2023-09-21 20:08:40,509 [INFO] ThirdPartyUpdaterWithRetryManager:96 - Updater plugin is busy. [3/15]
2023-09-21 20:08:43,509 [WARN] MainUpdater:1189 - Updater busy. Cannot search thirdparties
2023-09-21 20:08:43,509 [INFO] ThirdPartyUpdaterWithRetryManager:96 - Updater plugin is busy. [4/15]
2023-09-21 20:08:46,512 [WARN] MainUpdater:1189 - Updater busy. Cannot search thirdparties
2023-09-21 20:08:46,512 [INFO] ThirdPartyUpdaterWithRetryManager:96 - Updater plugin is busy. [5/15]
2023-09-21 20:08:49,514 [WARN] MainUpdater:1189 - Updater busy. Cannot search thirdparties
2023-09-21 20:08:49,514 [INFO] ThirdPartyUpdaterWithRetryManager:96 - Updater plugin is busy. [6/15]
2023-09-21 20:08:52,515 [WARN] MainUpdater:1189 - Updater busy. Cannot search thirdparties
2023-09-21 20:08:52,515 [INFO] ThirdPartyUpdaterWithRetryManager:96 - Updater plugin is busy. [7/15]
2023-09-21 20:08:55,516 [WARN] MainUpdater:1189 - Updater busy. Cannot search thirdparties
2023-09-21 20:08:55,516 [INFO] ThirdPartyUpdaterWithRetryManager:96 - Updater plugin is busy. [8/15]
2023-09-21 20:08:58,517 [WARN] MainUpdater:1189 - Updater busy. Cannot search thirdparties
2023-09-21 20:08:58,517 [INFO] ThirdPartyUpdaterWithRetryManager:96 - Updater plugin is busy. [9/15]
2023-09-21 20:09:00,887 [ERROR] LogOutputStream:75 - [STDERR_REDIRECT] SLF4J: Failed to load class "org.slf4j.impl.StaticLoggerBinder".
2023-09-21 20:09:00,888 [ERROR] LogOutputStream:75 - [STDERR_REDIRECT] SLF4J: Defaulting to no-operation (NOP) logger implementation
2023-09-21 20:09:00,891 [ERROR] LogOutputStream:75 - [STDERR_REDIRECT] SLF4J: See http://www.slf4j.org/codes.html#StaticLoggerBinder for further details.
2023-09-21 20:09:01,518 [WARN] MainUpdater:1189 - Updater busy. Cannot search thirdparties
2023-09-21 20:09:01,518 [INFO] ThirdPartyUpdaterWithRetryManager:96 - Updater plugin is busy. [10/15]
2023-09-21 20:09:02,234 [INFO] FileExtend:240 - Unzip File : cube-finder-db.zip
2023-09-21 20:09:02,234 [INFO] FileExtend:255 - Standard Zip Deflate
2023-09-21 20:09:03,598 [INFO] LoadUrlFilesThread:156 - End of LoadUrlFiles Thread
2023-09-21 20:09:04,520 [WARN] MainUpdater:1189 - Updater busy. Cannot search thirdparties
2023-09-21 20:09:04,520 [INFO] ThirdPartyUpdaterWithRetryManager:96 - Updater plugin is busy. [11/15]
2023-09-21 20:09:04,858 [INFO] ServerAccessManage:473 - Download File crdb.zip
2023-09-21 20:09:06,733 [INFO] FileExtend:240 - Unzip File : crdb.zip
2023-09-21 20:09:06,734 [INFO] FileExtend:255 - Standard Zip Deflate
2023-09-21 20:09:06,875 [INFO] LoadUrlFilesThread:156 - End of LoadUrlFiles Thread
2023-09-21 20:09:07,052 [INFO] ServerAccessManage:473 - Download File tutoVideoDB.zip
2023-09-21 20:09:07,200 [INFO] FileExtend:240 - Unzip File : tutoVideoDB.zip
2023-09-21 20:09:07,200 [INFO] FileExtend:255 - Standard Zip Deflate
2023-09-21 20:09:07,321 [INFO] LoadUrlFilesThread:156 - End of LoadUrlFiles Thread
2023-09-21 20:09:07,327 [WARN] DbFile:41 - Overriding database path with different value: C:\Users\ACER\.stmcufinder\plugins\mcufinder/ => C:\Users\ACER\.stmcufinder\plugins\mcufinder
2023-09-21 20:09:07,390 [INFO] ServerAccessManage:473 - Download File api_config.json
2023-09-21 20:09:07,498 [INFO] LoadUrlFilesThread:156 - End of LoadUrlFiles Thread
2023-09-21 20:09:07,498 [INFO] DbMcusAds:53 - JSON generation date=Tue Mar 07 15:50:55 ICT 2023 (1678179055114)
2023-09-21 20:09:07,534 [ERROR] WebUtils:388 - Updater is busy
2023-09-21 20:09:07,535 [ERROR] TargetSelectorAdapter:267 - Unable to refresh data
2023-09-21 20:09:08,012 [WARN] PackLoader:240 - Cannot read IP mode file for STMicroelectronics.X-CUBE-SMBUS.2.1.0
2023-09-21 20:09:08,118 [WARN] PackLoader:240 - Cannot read IP mode file for STMicroelectronics.X-CUBE-AZRTOS-F7.1.1.0
2023-09-21 20:09:08,166 [WARN] PackLoader:240 - Cannot read IP mode file for STMicroelectronics.FP-SNS-MOTENV1.4.3.2
2023-09-21 20:09:08,193 [ERROR] RealEvaluatedCondition:428 - Found unsupported composite condition: GROUP='STM32_MetaDataManager' CLASS='Data Exchange'
2023-09-21 20:09:08,193 [ERROR] RealEvaluatedCondition:428 - Found unsupported composite condition: GROUP='STM32_MetaDataManager' CLASS='Data Exchange'
2023-09-21 20:09:08,196 [WARN] PackLoader:240 - Cannot read IP mode file for STMicroelectronics.FP-SNS-MOTENV1.4.3.1
2023-09-21 20:09:08,227 [WARN] PackLoader:240 - Cannot read IP mode file for STMicroelectronics.FP-SNS-FLIGHT1.5.0.1
2023-09-21 20:09:08,259 [WARN] PackLoader:240 - Cannot read IP mode file for STMicroelectronics.X-CUBE-BLE1.6.2.4
2023-09-21 20:09:08,279 [WARN] PackLoader:240 - Cannot read IP mode file for STMicroelectronics.FP-SNS-FLIGHT1.5.0.2
2023-09-21 20:09:08,316 [WARN] PackLoader:240 - Cannot read IP mode file for STMicroelectronics.X-CUBE-DISPLAY.3.0.0
2023-09-21 20:09:08,349 [WARN] PackLoader:240 - Cannot read IP mode file for STMicroelectronics.X-CUBE-BLE1.7.0.0
2023-09-21 20:09:08,375 [WARN] PackLoader:240 - Cannot read IP mode file for STMicroelectronics.X-CUBE-TOUCHGFX.4.22.0
2023-09-21 20:09:08,397 [WARN] PackLoader:240 - Cannot read IP mode file for STMicroelectronics.FP-SNS-SMARTAG2.1.2.0
2023-09-21 20:09:08,436 [INFO] LogOutputStream:77 - [STDOUT_REDIRECT] 1 : Invalid condition id : UX_CORESTACK_Condition cause : null
2023-09-21 20:09:08,437 [INFO] LogOutputStream:77 - [STDOUT_REDIRECT] 1 : Invalid condition id : UX_CORESTACK_Condition cause : null
2023-09-21 20:09:08,440 [INFO] LogOutputStream:77 - [STDOUT_REDIRECT] 1 : Invalid condition id : UX_CORESTACK_Condition cause : null
2023-09-21 20:09:08,442 [INFO] LogOutputStream:77 - [STDOUT_REDIRECT] 1 : Invalid condition id : UX_CORESTACK_Condition cause : null
2023-09-21 20:09:08,444 [INFO] LogOutputStream:77 - [STDOUT_REDIRECT] 1 : Invalid condition id : UX_CORESTACK_Condition cause : null
2023-09-21 20:09:08,455 [WARN] PackLoader:240 - Cannot read IP mode file for STMicroelectronics.X-CUBE-AZRTOS-WL.2.0.0
2023-09-21 20:09:08,477 [INFO] ApiDb:581 - Connected to CubeFinder SQLite database (C:\Users\ACER\.stmcufinder\plugins\mcufinder\mcu\cube-finder-db.db)
2023-09-21 20:09:08,480 [WARN] PackLoader:240 - Cannot read IP mode file for WES.I-CUBE-Cesium.1.3.0
2023-09-21 20:09:08,501 [WARN] PackLoader:240 - Cannot read IP mode file for STMicroelectronics.X-CUBE-BLE2.3.3.0
2023-09-21 20:09:08,533 [WARN] PackLoader:240 - Cannot read IP mode file for STMicroelectronics.X-CUBE-DISPLAY.2.2.0
2023-09-21 20:09:08,587 [WARN] PackLoader:240 - Cannot read IP mode file for STMicroelectronics.X-CUBE-TOF1.3.2.0
2023-09-21 20:09:08,620 [WARN] PackLoader:240 - Cannot read IP mode file for STMicroelectronics.X-CUBE-TOUCHGFX.4.21.0
2023-09-21 20:09:08,626 [INFO] ApiDb:668 - CubeFinder database Data Model version=2.1
2023-09-21 20:09:08,627 [INFO] ApiDb:669 - CubeFinder database Configuration version=3.0.37
2023-09-21 20:09:08,628 [INFO] ApiDb:670 - CubeFinder database generation date=2023-08-09 (1691586011)
2023-09-21 20:09:08,628 [INFO] ApiDb:671 - CubeFinder database FW Pack versions=[FP-ATR-ASTRA1_V2.0.0, FP-SNS-FLIGHT1_V5.0.1, FP-SNS-FLIGHT1_V5.0.2, FP-SNS-MOTENV1_V4.3.1, FP-SNS-MOTENV1_V4.3.2, STM32Cube_FW_C0_V1.1.0, STM32Cube_FW_F4_V1.27.1, STM32Cube_FW_F7_V1.17.0, STM32Cube_FW_G0_V1.6.1, STM32Cube_FW_G4_V1.5.1, STM32Cube_FW_H5_V0.5.1, STM32Cube_FW_H5_V1.1.0, STM32Cube_FW_H7_V1.11.0, STM32Cube_FW_L0_V1.12.2, STM32Cube_FW_L5_V1.5.0, STM32Cube_FW_U5_V1.3.0, STM32Cube_FW_U5_V1.3.0RC4, STM32Cube_FW_WBA_V1.0.0RC1, STM32Cube_FW_WBA_V1.1.0, STM32Cube_FW_WBA_V1.1.0RC1, STM32Cube_FW_WB_V1.15.0RC1, STM32Cube_FW_WB_V1.16.0, STM32Cube_FW_WB_V1.16.0RC2, STM32Cube_FW_WB_V1.17.0, STM32Cube_FW_WL_V1.3.0, X-CUBE-ALGOBUILD_V1.3.0, X-CUBE-ALS_V1.0.1, X-CUBE-AZRTOS-F4_V1.1.0, X-CUBE-AZRTOS-F7_V1.1.0, X-CUBE-AZRTOS-G0_V1.1.0, X-CUBE-AZRTOS-G4_V2.0.0, X-CUBE-AZRTOS-H7_V3.1.0, X-CUBE-AZRTOS-L4_V1.0.0, X-CUBE-AZRTOS-L4_V2.0.0, X-CUBE-AZRTOS-L5_V1.1.0, X-CUBE-AZRTOS-WB_V1.1.0, X-CUBE-AZRTOS-WL_V2.0.0, X-CUBE-BLE1_V7.0.0, X-CUBE-BLE2_V3.3.0, X-CUBE-BLEMGR_V2.0.0, X-CUBE-EEPRMA1_V4.1.0, X-CUBE-FREERTOS_V1.1.0, X-CUBE-GNSS1_V6.0.0, X-CUBE-MEMS1_V9.1.0, X-CUBE-MEMS1_V9.4.0, X-CUBE-MEMS1_V9.6.0, X-CUBE-NFC4_V3.0.0, X-CUBE-NFC7_V1.0.0, X-CUBE-SFXS2LP1_V4.0.0, X-CUBE-SUBG2_V5.0.0, X-CUBE-TOF1_V3.3.1]
2023-09-21 20:09:08,648 [WARN] PackLoader:240 - Cannot read IP mode file for STMicroelectronics.X-CUBE-TOUCHGFX.4.21.4
2023-09-21 20:09:08,781 [WARN] PackLoader:240 - Cannot read IP mode file for STMicroelectronics.X-CUBE-MEMS1.9.4.0
2023-09-21 20:09:08,840 [INFO] DbBoardsSqlite:226 - include board P-NUCLEO-WB55-NUCLEO as a kit item of type 'Nucleo-64'
2023-09-21 20:09:08,840 [INFO] DbBoardsSqlite:226 - include board P-NUCLEO-WB55-USBDONGLE as a kit item of type 'Nucleo USB Dongle'
2023-09-21 20:09:08,841 [INFO] DbBoardsSqlite:226 - include board STEVAL-IDP005V1 as a kit item of type 'Evaluation Board'
2023-09-21 20:09:08,842 [INFO] DbBoardsSqlite:226 - include board STEVAL-IDP005V2 as a kit item of type 'Evaluation Board'
2023-09-21 20:09:08,934 [INFO] ApiDb:240 - Found 323 in-development CPN: [B-G473E-ZEST1S, B-WB1M-WPAN1, B-WL5M-SUBG1, NUCLEO-C031C6, NUCLEO-H503RB, NUCLEO-H563ZI, NUCLEO-U545RE-Q, NUCLEO-U5A5ZJ-Q, NUCLEO-WBA52CG, STEVAL-PROTEUS1, STEVAL-SMARTAG2, STEVAL-STWINBX1, STM320518-EVAL, STM32C0116-DK, STM32C011D6Y3TR, STM32C011D6Y6TR, STM32C011F4P3, STM32C011F4P6, STM32C011F4U3, STM32C011F4U6TR, STM32C011F6P3, STM32C011F6P6, STM32C011F6U3, STM32C011F6U6TR, STM32C011J4M3, STM32C011J4M6, STM32C011J6M3, STM32C011J6M6, STM32C0316-DK, STM32C031C4T3, STM32C031C4T6, STM32C031C4U3, STM32C031C4U6, STM32C031C6T3, STM32C031C6T6, STM32C031C6U3, STM32C031C6U6, STM32C031F4P3, STM32C031F4P6, STM32C031F6P3, STM32C031F6P6, STM32C031G4U3, STM32C031G4U6, STM32C031G6U3, STM32C031G6U6, STM32C031K4T3, STM32C031K4T6, STM32C031K4U3, STM32C031K4U6, STM32C031K6T3, STM32C031K6T6, STM32C031K6U3, STM32C031K6U6, STM32G071K8TXN, STM32G071K8UXN, STM32G081GBU6N, STM32G081KBT6N, STM32G081KBUXN, STM32G0B1CCT6N, STM32G0B1KCT6, STM32G0B1NEY6TR, STM32G0B1RCT6N, STM32G0C1CCT6, STM32G0C1CCT6N, STM32G0C1CCU6N, STM32G0C1CET6N, STM32G0C1CEU6N, STM32G0C1KCT6, STM32G0C1NEY6TR, STM32G0C1RCI6N, STM32G0C1RCT6N, STM32G0C1REI6N, STM32G0C1RET6N, STM32G0C1VCI6, STM32G0C1VEI6, STM32G471CCT6, STM32G471CCU6, STM32G471CET3, STM32G471CET6, STM32G471CEU3, STM32G471CEU6, STM32G471MCT6, STM32G471MET3, STM32G471MET6, STM32G471MEY6TR, STM32G471QCT6, STM32G471QET3, STM32G471RCT6, STM32G471RET3, STM32G471RET6, STM32G471VCH6, STM32G471VCI6, STM32G471VCT6, STM32G471VEH3, STM32G471VEH6, STM32G471VEI3, STM32G471VEI6, STM32G471VET3, STM32G471VET6, STM32G474CCT6, STM32H503CBT6, STM32H503CBU6, STM32H503EBY6TR, STM32H503KBU6, STM32H503RBT6, STM32H562AGI6, STM32H562AII6, STM32H562IGK6, STM32H562IGT6, STM32H562IIK6, STM32H562IIT6, STM32H562RGT6, STM32H562RGV6, STM32H562RIT6, STM32H562RIV6, STM32H562VGT6, STM32H562VIT6, STM32H562ZGT6, STM32H562ZIT6, STM32H563AGI6, STM32H563AII3Q, STM32H563AII6, STM32H563IGK6, STM32H563IGT6, STM32H563IIK3Q, STM32H563IIK6, STM32H563IIT3Q, STM32H563IIT6, STM32H563MIY3QTR, STM32H563RGT6, STM32H563RGV6, STM32H563RIT6, STM32H563RIV6, STM32H563VGT6, STM32H563VIT3Q, STM32H563VIT6, STM32H563ZGT6, STM32H563ZIT3Q, STM32H563ZIT6, STM32H573AII3Q, STM32H573AII6, STM32H573I-DK, STM32H573IIK3Q, STM32H573IIK6, STM32H573IIT3Q, STM32H573IIT6, STM32H573MIY3QTR, STM32H573RIT6, STM32H573RIV6, STM32H573VIT3Q, STM32H573VIT6, STM32H573ZIT3Q, STM32H573ZIT6, STM32L4R5QGI6STR, STM32MP131AAE3, STM32MP131AAF3, STM32MP131AAG3, STM32MP131CAE3, STM32MP131CAF3, STM32MP131CAG3, STM32MP131DAE7, STM32MP131DAF7, STM32MP131DAG7, STM32MP131FAE7, STM32MP131FAF7, STM32MP131FAG7, STM32MP133AAE3, STM32MP133AAF3, STM32MP133AAG3, STM32MP133CAE3, STM32MP133CAF3, STM32MP133CAG3, STM32MP133DAE7, STM32MP133DAF7, STM32MP133DAG7, STM32MP133FAE7, STM32MP133FAF7, STM32MP133FAG7, STM32MP135AAE3, STM32MP135AAF3, STM32MP135AAG3, STM32MP135CAE3, STM32MP135CAF3, STM32MP135CAG3, STM32MP135DAE7, STM32MP135DAF7, STM32MP135DAG7, STM32MP135F-DK, STM32MP135FAE7, STM32MP135FAF7, STM32MP135FAF7T, STM32MP135FAF7U, STM32MP135FAG7, STM32U535CBT6, STM32U535CBT6Q, STM32U535CBU6, STM32U535CBU6Q, STM32U535CCT6, STM32U535CCT6Q, STM32U535CCU6, STM32U535CCU6Q, STM32U535CET6, STM32U535CET6Q, STM32U535CEU6, STM32U535CEU6Q, STM32U535JEY6QTR, STM32U535NCY6QTR, STM32U535NEY6QTR, STM32U535RBI6, STM32U535RBI6Q, STM32U535RBT6, STM32U535RBT6Q, STM32U535RCI6, STM32U535RCI6Q, STM32U535RCT6, STM32U535RCT6Q, STM32U535REI6, STM32U535REI6Q, STM32U535RET6, STM32U535RET6Q, STM32U535VCI6, STM32U535VCI6Q, STM32U535VCT6, STM32U535VCT6Q, STM32U535VEI6, STM32U535VEI6Q, STM32U535VET6, STM32U535VET6Q, STM32U545CET6, STM32U545CET6Q, STM32U545CEU6, STM32U545CEU6Q, STM32U545JEY6QTR, STM32U545NEY6QTR, STM32U545REI6, STM32U545REI6Q, STM32U545RET6, STM32U545RET6Q, STM32U545VEI6, STM32U545VEI6Q, STM32U545VET6, STM32U545VET6Q, STM32U595AIH6, STM32U595AIH6Q, STM32U595AJH6, STM32U595AJH6Q, STM32U595QII6, STM32U595QII6Q, STM32U595QJI6, STM32U595QJI6Q, STM32U595RIT6, STM32U595RIT6Q, STM32U595RJT6, STM32U595RJT6Q, STM32U595VIT6, STM32U595VIT6Q, STM32U595VJT6, STM32U595VJT6Q, STM32U595ZIT6, STM32U595ZIT6Q, STM32U595ZIY6QTR, STM32U595ZJT6, STM32U595ZJT6Q, STM32U595ZJY6QTR, STM32U599BJY6QTR, STM32U599NIH6Q, STM32U599NJH6Q, STM32U599VIT6Q, STM32U599VJT6, STM32U599VJT6Q, STM32U599ZIT6Q, STM32U599ZIY6QTR, STM32U599ZJT6Q, STM32U599ZJY6QTR, STM32U5A5AJH6, STM32U5A5AJH6Q, STM32U5A5QJI6, STM32U5A5QJI6Q, STM32U5A5RJT6, STM32U5A5RJT6Q, STM32U5A5VJT6, STM32U5A5VJT6Q, STM32U5A5ZJT6, STM32U5A5ZJT6Q, STM32U5A5ZJY6QTR, STM32U5A9BJY6QTR, STM32U5A9J-DK, STM32U5A9NJH6Q, STM32U5A9VJT6Q, STM32U5A9ZJT6Q, STM32U5A9ZJY6QTR, STM32U5F7VIT6, STM32U5F7VIT6Q, STM32U5F7VJT6, STM32U5F7VJT6Q, STM32U5F9BJY6QTR, STM32U5F9NJH6Q, STM32U5F9VIT6Q, STM32U5F9VJT6Q, STM32U5F9ZIJ6QTR, STM32U5F9ZIT6Q, STM32U5F9ZJJ6QTR, STM32U5F9ZJT6Q, STM32U5G7VJT6, STM32U5G7VJT6Q, STM32U5G9BJY6QTR, STM32U5G9J-DK1, STM32U5G9J-DK2, STM32U5G9NJH6Q, STM32U5G9VJT6Q, STM32U5G9ZJJ6QTR, STM32U5G9ZJT6Q, STM32WB1MMCH6, STM32WBA52CEU6, STM32WBA52CEU6T, STM32WBA52CGU6, STM32WBA52CGU6T, STM32WBA52KEU6, STM32WBA52KEU6T, STM32WBA52KGU6, STM32WBA52KGU6T, STM32WL5MOCH6, STM32WL5MOCH6TR]
2023-09-21 20:09:09,061 [WARN] PackLoader:240 - Cannot read IP mode file for STMicroelectronics.X-CUBE-AI.7.3.0
2023-09-21 20:09:09,093 [WARN] PackLoader:240 - Cannot read IP mode file for STMicroelectronics.X-CUBE-ALGOBUILD.1.3.0
2023-09-21 20:09:09,163 [WARN] PackLoader:240 - Cannot read IP mode file for STMicroelectronics.X-CUBE-AZRTOS-G0.1.1.0
2023-09-21 20:09:09,190 [WARN] PackLoader:240 - Cannot read IP mode file for STMicroelectronics.X-CUBE-NFC4.3.0.0
2023-09-21 20:09:09,220 [WARN] PackLoader:240 - Cannot read IP mode file for STMicroelectronics.X-CUBE-BLEMGR.1.3.0
2023-09-21 20:09:09,245 [WARN] PackLoader:240 - Cannot read IP mode file for STMicroelectronics.FP-ATR-SIGFOX1.3.2.0
2023-09-21 20:09:09,270 [INFO] BoardInfo:880 - No configuration file found for board P-NUCLEO-WB55
2023-09-21 20:09:09,271 [INFO] DbBoards:157 - Kit is not supported: P-NUCLEO-WB55
2023-09-21 20:09:09,282 [INFO] BoardInfo:880 - No configuration file found for board STEVAL-BFA001V1B
2023-09-21 20:09:09,283 [INFO] DbBoards:157 - Kit is not supported: STEVAL-BFA001V1B
2023-09-21 20:09:09,286 [INFO] BoardInfo:880 - No configuration file found for board STEVAL-BFA001V2B
2023-09-21 20:09:09,286 [INFO] DbBoards:157 - Kit is not supported: STEVAL-BFA001V2B
2023-09-21 20:09:09,318 [WARN] PackLoader:240 - Cannot read IP mode file for SEGGER.I-CUBE-embOS.1.3.1
2023-09-21 20:09:09,518 [WARN] PackLoader:240 - Cannot read IP mode file for SEGGER.I-CUBE-embOS.1.3.0
2023-09-21 20:09:09,632 [WARN] PackLoader:240 - Cannot read IP mode file for STMicroelectronics.X-CUBE-GNSS1.6.0.0
2023-09-21 20:09:09,685 [INFO] DbBoards:161 - Found 190 boards, 187 are supported
2023-09-21 20:09:09,693 [INFO] ApiDb:668 - CubeFinder database Data Model version=2.1
2023-09-21 20:09:09,694 [INFO] ApiDb:669 - CubeFinder database Configuration version=3.0.37
2023-09-21 20:09:09,694 [INFO] ApiDb:670 - CubeFinder database generation date=2023-08-09 (1691586011)
2023-09-21 20:09:09,694 [INFO] ApiDb:671 - CubeFinder database FW Pack versions=[FP-ATR-ASTRA1_V2.0.0, FP-SNS-FLIGHT1_V5.0.1, FP-SNS-FLIGHT1_V5.0.2, FP-SNS-MOTENV1_V4.3.1, FP-SNS-MOTENV1_V4.3.2, STM32Cube_FW_C0_V1.1.0, STM32Cube_FW_F4_V1.27.1, STM32Cube_FW_F7_V1.17.0, STM32Cube_FW_G0_V1.6.1, STM32Cube_FW_G4_V1.5.1, STM32Cube_FW_H5_V0.5.1, STM32Cube_FW_H5_V1.1.0, STM32Cube_FW_H7_V1.11.0, STM32Cube_FW_L0_V1.12.2, STM32Cube_FW_L5_V1.5.0, STM32Cube_FW_U5_V1.3.0, STM32Cube_FW_U5_V1.3.0RC4, STM32Cube_FW_WBA_V1.0.0RC1, STM32Cube_FW_WBA_V1.1.0, STM32Cube_FW_WBA_V1.1.0RC1, STM32Cube_FW_WB_V1.15.0RC1, STM32Cube_FW_WB_V1.16.0, STM32Cube_FW_WB_V1.16.0RC2, STM32Cube_FW_WB_V1.17.0, STM32Cube_FW_WL_V1.3.0, X-CUBE-ALGOBUILD_V1.3.0, X-CUBE-ALS_V1.0.1, X-CUBE-AZRTOS-F4_V1.1.0, X-CUBE-AZRTOS-F7_V1.1.0, X-CUBE-AZRTOS-G0_V1.1.0, X-CUBE-AZRTOS-G4_V2.0.0, X-CUBE-AZRTOS-H7_V3.1.0, X-CUBE-AZRTOS-L4_V1.0.0, X-CUBE-AZRTOS-L4_V2.0.0, X-CUBE-AZRTOS-L5_V1.1.0, X-CUBE-AZRTOS-WB_V1.1.0, X-CUBE-AZRTOS-WL_V2.0.0, X-CUBE-BLE1_V7.0.0, X-CUBE-BLE2_V3.3.0, X-CUBE-BLEMGR_V2.0.0, X-CUBE-EEPRMA1_V4.1.0, X-CUBE-FREERTOS_V1.1.0, X-CUBE-GNSS1_V6.0.0, X-CUBE-MEMS1_V9.1.0, X-CUBE-MEMS1_V9.4.0, X-CUBE-MEMS1_V9.6.0, X-CUBE-NFC4_V3.0.0, X-CUBE-NFC7_V1.0.0, X-CUBE-SFXS2LP1_V4.0.0, X-CUBE-SUBG2_V5.0.0, X-CUBE-TOF1_V3.3.1]
2023-09-21 20:09:09,709 [WARN] PackLoader:240 - Cannot read IP mode file for STMicroelectronics.X-CUBE-AZRTOS-F4.1.1.0
2023-09-21 20:09:09,776 [WARN] PackLoader:240 - Cannot read IP mode file for STMicroelectronics.X-CUBE-AZRTOS-L5.2.0.0
2023-09-21 20:09:09,906 [WARN] PackLoader:240 - Cannot read IP mode file for STMicroelectronics.X-CUBE-MEMS1.9.6.0
2023-09-21 20:09:10,193 [WARN] PackLoader:240 - Cannot read IP mode file for emotas.I-CUBE-CANOPEN.1.1.3
2023-09-21 20:09:10,229 [WARN] PackLoader:240 - Cannot read IP mode file for STMicroelectronics.X-CUBE-BLEMGR.2.0.0
2023-09-21 20:09:10,260 [WARN] PackLoader:240 - Cannot read IP mode file for STMicroelectronics.X-CUBE-NFC4.2.0.5
2023-09-21 20:09:10,346 [WARN] ConditionMgr:438 - getConditionDescription Invalid condition id : UX DEVICE CLASS RTOS Condition cause : null
2023-09-21 20:09:10,347 [WARN] ConditionMgr:438 - getConditionDescription Invalid condition id : UX DEVICE CLASS RTOS Condition cause : null
2023-09-21 20:09:10,358 [WARN] PackLoader:240 - Cannot read IP mode file for STMicroelectronics.X-CUBE-AZRTOS-H7.3.1.0
2023-09-21 20:09:10,360 [WARN] ConditionMgr:1039 - genDependencies : Invalid condition id : UX DEVICE CLASS RTOS Condition cause : null
2023-09-21 20:09:10,362 [WARN] ConditionMgr:1039 - genDependencies : Invalid condition id : UX DEVICE CLASS RTOS Condition cause : null
2023-09-21 20:09:10,365 [WARN] ConditionMgr:1039 - genDependencies : Invalid condition id : UX DEVICE CLASS RTOS Condition cause : null
2023-09-21 20:09:10,371 [WARN] ConditionMgr:1039 - genDependencies : Invalid condition id : UX DEVICE CLASS RTOS Condition cause : null
2023-09-21 20:09:10,372 [WARN] ConditionMgr:1039 - genDependencies : Invalid condition id : UX DEVICE CLASS RTOS Condition cause : null
2023-09-21 20:09:10,414 [WARN] PackLoader:240 - Cannot read IP mode file for wolfSSL.I-CUBE-wolfSSL.5.5.4
2023-09-21 20:09:10,443 [WARN] PackLoader:240 - Cannot read IP mode file for STMicroelectronics.X-CUBE-NFC7.1.0.1
2023-09-21 20:09:10,465 [WARN] PackLoader:240 - Cannot read IP mode file for STMicroelectronics.X-CUBE-NFC7.1.0.0
2023-09-21 20:09:10,497 [WARN] PackLoader:240 - Cannot read IP mode file for STMicroelectronics.X-CUBE-NFC6.3.0.0
2023-09-21 20:09:10,530 [WARN] PackLoader:240 - Cannot read IP mode file for STMicroelectronics.X-CUBE-EEPRMA1.4.1.0
2023-09-21 20:09:10,561 [WARN] PackLoader:240 - Cannot read IP mode file for STMicroelectronics.X-CUBE-AI.8.1.0
2023-09-21 20:09:10,633 [WARN] ConditionMgr:438 - getConditionDescription Invalid condition id : LAN8742 Phy interface Condition cause : null
2023-09-21 20:09:10,635 [WARN] PackLoader:240 - Cannot read IP mode file for STMicroelectronics.X-CUBE-AZRTOS-L4.2.0.0
2023-09-21 20:09:10,638 [WARN] ConditionMgr:1039 - genDependencies : Invalid condition id : LAN8742 Phy interface Condition cause : null
2023-09-21 20:09:10,639 [WARN] ConditionMgr:1039 - genDependencies : Invalid condition id : LAN8742 Phy interface Condition cause : null
2023-09-21 20:09:10,641 [WARN] ConditionMgr:1039 - genDependencies : Invalid condition id : LAN8742 Phy interface Condition cause : null
2023-09-21 20:09:10,676 [WARN] PackLoader:240 - Cannot read IP mode file for STMicroelectronics.X-CUBE-SFXS2LP1.4.0.0
2023-09-21 20:09:10,748 [WARN] PackLoader:240 - Cannot read IP mode file for STMicroelectronics.X-CUBE-AZRTOS-H7.3.0.0
2023-09-21 20:09:10,782 [WARN] PackLoader:240 - Cannot read IP mode file for STMicroelectronics.X-CUBE-ISPU.1.1.0
2023-09-21 20:09:10,815 [WARN] PackLoader:240 - Cannot read IP mode file for RoweBots.I-CUBE-UNISONRTOS.5.5.0-4
2023-09-21 20:09:10,871 [WARN] ConditionMgr:438 - getConditionDescription Invalid condition id : UX DEVICE CLASS RTOS Condition cause : null
2023-09-21 20:09:10,872 [WARN] ConditionMgr:438 - getConditionDescription Invalid condition id : UX DEVICE CLASS RTOS Condition cause : null
2023-09-21 20:09:10,878 [WARN] PackLoader:240 - Cannot read IP mode file for STMicroelectronics.X-CUBE-AZRTOS-WB.2.0.0
2023-09-21 20:09:10,879 [WARN] ConditionMgr:1039 - genDependencies : Invalid condition id : UX DEVICE CLASS RTOS Condition cause : null
2023-09-21 20:09:10,879 [WARN] ConditionMgr:1039 - genDependencies : Invalid condition id : UX DEVICE CLASS RTOS Condition cause : null
2023-09-21 20:09:10,880 [WARN] ConditionMgr:1039 - genDependencies : Invalid condition id : UX DEVICE CLASS RTOS Condition cause : null
2023-09-21 20:09:10,880 [WARN] ConditionMgr:1039 - genDependencies : Invalid condition id : UX DEVICE CLASS RTOS Condition cause : null
2023-09-21 20:09:10,881 [WARN] ConditionMgr:1039 - genDependencies : Invalid condition id : UX DEVICE CLASS RTOS Condition cause : null
2023-09-21 20:09:10,907 [WARN] PackLoader:240 - Cannot read IP mode file for STMicroelectronics.X-CUBE-FREERTOS.1.0.1
2023-09-21 20:09:10,976 [WARN] PackLoader:240 - Cannot read IP mode file for STMicroelectronics.X-CUBE-AZRTOS-L5.1.1.0
2023-09-21 20:09:11,002 [WARN] PackLoader:240 - Cannot read IP mode file for STMicroelectronics.X-CUBE-AI.8.0.1
2023-09-21 20:09:11,050 [WARN] PackLoader:240 - Cannot read IP mode file for STMicroelectronics.X-CUBE-SUBG2.5.0.0
2023-09-21 20:09:11,108 [WARN] PackLoader:240 - Cannot read IP mode file for STMicroelectronics.X-CUBE-TOF1.3.3.1
2023-09-21 20:09:11,197 [WARN] PackLoader:240 - Cannot read IP mode file for STMicroelectronics.X-CUBE-AZRTOS-G4.2.0.0
2023-09-21 20:09:11,241 [WARN] PackLoader:240 - Cannot read IP mode file for STMicroelectronics.X-CUBE-TOF1.3.3.0
2023-09-21 20:09:11,281 [WARN] PackLoader:240 - Cannot read IP mode file for STMicroelectronics.FP-ATR-ASTRA1.1.1.1
2023-09-21 20:09:11,323 [WARN] PackLoader:240 - Cannot read IP mode file for STMicroelectronics.X-CUBE-AZRTOS-G4.1.0.0
2023-09-21 20:09:11,499 [WARN] PackLoader:240 - Cannot read IP mode file for STMicroelectronics.X-CUBE-AZRTOS-L4.1.0.0
2023-09-21 20:09:11,535 [WARN] PackLoader:240 - Cannot read IP mode file for STMicroelectronics.X-CUBE-FREERTOS.1.1.0
2023-09-21 20:09:11,596 [WARN] PackLoader:240 - Cannot read IP mode file for STMicroelectronics.X-CUBE-AZRTOS-WL.1.0.0
2023-09-21 20:09:11,629 [WARN] PackLoader:240 - Cannot read IP mode file for portGmbH.I-Cube-SoM-uGOAL.1.1.0
2023-09-21 20:09:11,659 [WARN] PackLoader:240 - Cannot read IP mode file for STMicroelectronics.X-CUBE-ALS.1.0.1
2023-09-21 20:09:11,720 [WARN] PackLoader:240 - Cannot read IP mode file for STMicroelectronics.X-CUBE-AZRTOS-WB.1.1.0
2023-09-21 20:09:11,751 [WARN] PackLoader:240 - Cannot read IP mode file for STMicroelectronics.FP-ATR-ASTRA1.2.0.0
2023-09-21 20:09:11,755 [INFO] ThirdParty:978 - Integrity check success = true
2023-09-21 20:09:11,755 [INFO] IntegrityCheckThread:100 - exiting critical section [integrity check]
2023-09-21 20:09:11,755 [INFO] IntegrityCheckThread:103 - End integrity checks thread
2023-09-21 20:09:14,394 [INFO] ApiDb:240 - Found 323 in-development CPN: [B-G473E-ZEST1S, B-WB1M-WPAN1, B-WL5M-SUBG1, NUCLEO-C031C6, NUCLEO-H503RB, NUCLEO-H563ZI, NUCLEO-U545RE-Q, NUCLEO-U5A5ZJ-Q, NUCLEO-WBA52CG, STEVAL-PROTEUS1, STEVAL-SMARTAG2, STEVAL-STWINBX1, STM320518-EVAL, STM32C0116-DK, STM32C011D6Y3TR, STM32C011D6Y6TR, STM32C011F4P3, STM32C011F4P6, STM32C011F4U3, STM32C011F4U6TR, STM32C011F6P3, STM32C011F6P6, STM32C011F6U3, STM32C011F6U6TR, STM32C011J4M3, STM32C011J4M6, STM32C011J6M3, STM32C011J6M6, STM32C0316-DK, STM32C031C4T3, STM32C031C4T6, STM32C031C4U3, STM32C031C4U6, STM32C031C6T3, STM32C031C6T6, STM32C031C6U3, STM32C031C6U6, STM32C031F4P3, STM32C031F4P6, STM32C031F6P3, STM32C031F6P6, STM32C031G4U3, STM32C031G4U6, STM32C031G6U3, STM32C031G6U6, STM32C031K4T3, STM32C031K4T6, STM32C031K4U3, STM32C031K4U6, STM32C031K6T3, STM32C031K6T6, STM32C031K6U3, STM32C031K6U6, STM32G071K8TXN, STM32G071K8UXN, STM32G081GBU6N, STM32G081KBT6N, STM32G081KBUXN, STM32G0B1CCT6N, STM32G0B1KCT6, STM32G0B1NEY6TR, STM32G0B1RCT6N, STM32G0C1CCT6, STM32G0C1CCT6N, STM32G0C1CCU6N, STM32G0C1CET6N, STM32G0C1CEU6N, STM32G0C1KCT6, STM32G0C1NEY6TR, STM32G0C1RCI6N, STM32G0C1RCT6N, STM32G0C1REI6N, STM32G0C1RET6N, STM32G0C1VCI6, STM32G0C1VEI6, STM32G471CCT6, STM32G471CCU6, STM32G471CET3, STM32G471CET6, STM32G471CEU3, STM32G471CEU6, STM32G471MCT6, STM32G471MET3, STM32G471MET6, STM32G471MEY6TR, STM32G471QCT6, STM32G471QET3, STM32G471RCT6, STM32G471RET3, STM32G471RET6, STM32G471VCH6, STM32G471VCI6, STM32G471VCT6, STM32G471VEH3, STM32G471VEH6, STM32G471VEI3, STM32G471VEI6, STM32G471VET3, STM32G471VET6, STM32G474CCT6, STM32H503CBT6, STM32H503CBU6, STM32H503EBY6TR, STM32H503KBU6, STM32H503RBT6, STM32H562AGI6, STM32H562AII6, STM32H562IGK6, STM32H562IGT6, STM32H562IIK6, STM32H562IIT6, STM32H562RGT6, STM32H562RGV6, STM32H562RIT6, STM32H562RIV6, STM32H562VGT6, STM32H562VIT6, STM32H562ZGT6, STM32H562ZIT6, STM32H563AGI6, STM32H563AII3Q, STM32H563AII6, STM32H563IGK6, STM32H563IGT6, STM32H563IIK3Q, STM32H563IIK6, STM32H563IIT3Q, STM32H563IIT6, STM32H563MIY3QTR, STM32H563RGT6, STM32H563RGV6, STM32H563RIT6, STM32H563RIV6, STM32H563VGT6, STM32H563VIT3Q, STM32H563VIT6, STM32H563ZGT6, STM32H563ZIT3Q, STM32H563ZIT6, STM32H573AII3Q, STM32H573AII6, STM32H573I-DK, STM32H573IIK3Q, STM32H573IIK6, STM32H573IIT3Q, STM32H573IIT6, STM32H573MIY3QTR, STM32H573RIT6, STM32H573RIV6, STM32H573VIT3Q, STM32H573VIT6, STM32H573ZIT3Q, STM32H573ZIT6, STM32L4R5QGI6STR, STM32MP131AAE3, STM32MP131AAF3, STM32MP131AAG3, STM32MP131CAE3, STM32MP131CAF3, STM32MP131CAG3, STM32MP131DAE7, STM32MP131DAF7, STM32MP131DAG7, STM32MP131FAE7, STM32MP131FAF7, STM32MP131FAG7, STM32MP133AAE3, STM32MP133AAF3, STM32MP133AAG3, STM32MP133CAE3, STM32MP133CAF3, STM32MP133CAG3, STM32MP133DAE7, STM32MP133DAF7, STM32MP133DAG7, STM32MP133FAE7, STM32MP133FAF7, STM32MP133FAG7, STM32MP135AAE3, STM32MP135AAF3, STM32MP135AAG3, STM32MP135CAE3, STM32MP135CAF3, STM32MP135CAG3, STM32MP135DAE7, STM32MP135DAF7, STM32MP135DAG7, STM32MP135F-DK, STM32MP135FAE7, STM32MP135FAF7, STM32MP135FAF7T, STM32MP135FAF7U, STM32MP135FAG7, STM32U535CBT6, STM32U535CBT6Q, STM32U535CBU6, STM32U535CBU6Q, STM32U535CCT6, STM32U535CCT6Q, STM32U535CCU6, STM32U535CCU6Q, STM32U535CET6, STM32U535CET6Q, STM32U535CEU6, STM32U535CEU6Q, STM32U535JEY6QTR, STM32U535NCY6QTR, STM32U535NEY6QTR, STM32U535RBI6, STM32U535RBI6Q, STM32U535RBT6, STM32U535RBT6Q, STM32U535RCI6, STM32U535RCI6Q, STM32U535RCT6, STM32U535RCT6Q, STM32U535REI6, STM32U535REI6Q, STM32U535RET6, STM32U535RET6Q, STM32U535VCI6, STM32U535VCI6Q, STM32U535VCT6, STM32U535VCT6Q, STM32U535VEI6, STM32U535VEI6Q, STM32U535VET6, STM32U535VET6Q, STM32U545CET6, STM32U545CET6Q, STM32U545CEU6, STM32U545CEU6Q, STM32U545JEY6QTR, STM32U545NEY6QTR, STM32U545REI6, STM32U545REI6Q, STM32U545RET6, STM32U545RET6Q, STM32U545VEI6, STM32U545VEI6Q, STM32U545VET6, STM32U545VET6Q, STM32U595AIH6, STM32U595AIH6Q, STM32U595AJH6, STM32U595AJH6Q, STM32U595QII6, STM32U595QII6Q, STM32U595QJI6, STM32U595QJI6Q, STM32U595RIT6, STM32U595RIT6Q, STM32U595RJT6, STM32U595RJT6Q, STM32U595VIT6, STM32U595VIT6Q, STM32U595VJT6, STM32U595VJT6Q, STM32U595ZIT6, STM32U595ZIT6Q, STM32U595ZIY6QTR, STM32U595ZJT6, STM32U595ZJT6Q, STM32U595ZJY6QTR, STM32U599BJY6QTR, STM32U599NIH6Q, STM32U599NJH6Q, STM32U599VIT6Q, STM32U599VJT6, STM32U599VJT6Q, STM32U599ZIT6Q, STM32U599ZIY6QTR, STM32U599ZJT6Q, STM32U599ZJY6QTR, STM32U5A5AJH6, STM32U5A5AJH6Q, STM32U5A5QJI6, STM32U5A5QJI6Q, STM32U5A5RJT6, STM32U5A5RJT6Q, STM32U5A5VJT6, STM32U5A5VJT6Q, STM32U5A5ZJT6, STM32U5A5ZJT6Q, STM32U5A5ZJY6QTR, STM32U5A9BJY6QTR, STM32U5A9J-DK, STM32U5A9NJH6Q, STM32U5A9VJT6Q, STM32U5A9ZJT6Q, STM32U5A9ZJY6QTR, STM32U5F7VIT6, STM32U5F7VIT6Q, STM32U5F7VJT6, STM32U5F7VJT6Q, STM32U5F9BJY6QTR, STM32U5F9NJH6Q, STM32U5F9VIT6Q, STM32U5F9VJT6Q, STM32U5F9ZIJ6QTR, STM32U5F9ZIT6Q, STM32U5F9ZJJ6QTR, STM32U5F9ZJT6Q, STM32U5G7VJT6, STM32U5G7VJT6Q, STM32U5G9BJY6QTR, STM32U5G9J-DK1, STM32U5G9J-DK2, STM32U5G9NJH6Q, STM32U5G9VJT6Q, STM32U5G9ZJJ6QTR, STM32U5G9ZJT6Q, STM32WB1MMCH6, STM32WBA52CEU6, STM32WBA52CEU6T, STM32WBA52CGU6, STM32WBA52CGU6T, STM32WBA52KEU6, STM32WBA52KEU6T, STM32WBA52KGU6, STM32WBA52KGU6T, STM32WL5MOCH6, STM32WL5MOCH6TR]
2023-09-21 20:09:14,404 [INFO] DbMcus:217 - Found 3848 MCUs, 3848 are supported
2023-09-21 20:09:14,405 [INFO] ApiDb:423 - Load user favorites file C:\Users\ACER/.stm32cubeide/favorites.mcus.txt: 0 item(s)
2023-09-21 20:09:14,405 [INFO] ApiDb:427 - User favorites MCUs=[]
2023-09-21 20:09:14,405 [INFO] DbMcus:223 - Set 0 / 0 favorites MCUs
2023-09-21 20:09:14,680 [INFO] ApiDb:423 - Load user favorites file C:\Users\ACER/.stm32cubeide/favorites.boards.txt: 0 item(s)
2023-09-21 20:09:14,680 [INFO] ApiDb:427 - User favorites Boards=[]
2023-09-21 20:09:14,680 [INFO] DbBoards:190 - Set 0 / 0 favorites Boards
2023-09-21 20:09:14,680 [INFO] McuFinderGlobals:76 - Set McuFinderConnectedMode to true
2023-09-21 20:09:14,689 [INFO] MultiScanPanel:200 - Auto-refresh data requested => check proxy status ongoing
2023-09-21 20:09:14,693 [INFO] FinderPluginLoader:95 - Searching for filters in installed packs
2023-09-21 20:09:17,076 [INFO] LoadUrlFilesThread:185 - End of LoadServerUrlFiles without Thread
2023-09-21 20:09:17,100 [INFO] DetailPanel:341 - Set advertising image to C:/Users/ACER/STM32Cube/Repository/\en.prom-stm32h5-mcu-finder.jpg
2023-09-21 20:09:48,480 [INFO] MultiScanPanel:200 - Auto-refresh data requested => check proxy status ongoing
2023-09-21 20:09:48,848 [INFO] LoadUrlFilesThread:185 - End of LoadServerUrlFiles without Thread
2023-09-21 20:09:48,848 [INFO] DetailPanel:341 - Set advertising image to C:/Users/ACER/STM32Cube/Repository/\en.prom-stm32h5-mcu-finder.jpg
2023-09-21 20:09:48,873 [INFO] DbBoards:634 - Loading board mini-images...
2023-09-21 20:09:53,705 [INFO] DbBoards:657 - Loaded 190 board mini-images
2023-09-21 20:10:31,630 [INFO] MainUpdater:2868 - connection check result : 10
2023-09-21 20:10:31,631 [INFO] MainUpdater:2868 - connection check result : 10
2023-09-21 20:10:31,672 [INFO] MicroXplorer:468 - Change Database Path : 
2023-09-21 20:10:31,672 [INFO] MicroXplorer:498 - Change Database Version : DB.6.0.90
2023-09-21 20:10:31,679 [WARN] ThirdParty:871 - waiting for thirdparty lock release [close project]
2023-09-21 20:10:31,680 [INFO] ThirdParty:873 - entering critical section [close project]
2023-09-21 20:10:31,681 [INFO] ThirdParty:883 - exiting critical section [close project]
2023-09-21 20:10:31,685 [INFO] PinOutPanel:1499 - setPackage(No Configuration,No Configuration)
2023-09-21 20:10:31,710 [INFO] UtilMem:75 - Begin LoadConfig() Used Memory: 907006920 Bytes (1073741824)
2023-09-21 20:10:31,714 [INFO] MicroXplorer:468 - Change Database Path : 
2023-09-21 20:10:31,714 [INFO] MicroXplorer:498 - Change Database Version : DB.6.0.90
2023-09-21 20:10:31,714 [INFO] OpenFileManager:308 - Change cursor
2023-09-21 20:10:31,961 [INFO] Mcu:1946 - Initializing MCU STM32F411VETx STM32F411VETx STM32F411VET6
2023-09-21 20:10:34,619 [INFO] Context:659 - Trying to add GPIOservice into a context  which must be forbidden
2023-09-21 20:10:35,244 [INFO] ImportTextPane:194 - (OptionalMessage_ERROR) Unable to find key (Mcu.ThirdPartyNb) in loaded IOC file
2023-09-21 20:10:35,244 [INFO] ImportTextPane:194 - (OptionalMessage_ERROR) Unable to find key (Mcu.PinsNb) in loaded IOC file
2023-09-21 20:10:35,245 [INFO] ImportTextPane:194 - (OptionalMessage_ERROR) Unable to find key (Mcu.IPNb) in loaded IOC file
2023-09-21 20:10:35,615 [INFO] RtosManager:555 - Registered RTOS mode: class=CMSIS, group=RTOS, mode=CMSIS_V1, owner=FREERTOS
2023-09-21 20:10:35,615 [INFO] RtosManager:555 - Registered RTOS mode: class=CMSIS, group=RTOS2, mode=CMSIS_V2, owner=FREERTOS
2023-09-21 20:10:35,615 [INFO] RtosManager:555 - Registered RTOS mode: class=RTOS, group=Core, mode=CMSIS_V1, owner=FREERTOS
2023-09-21 20:10:35,615 [INFO] RtosManager:555 - Registered RTOS mode: class=RTOS, group=Core, mode=CMSIS_V2, owner=FREERTOS
2023-09-21 20:10:35,616 [WARN] ModelIntegratedComponent:184 - Missing modes for component STMicroelectronics:FreeRTOS:0.0.1:STMicroelectronics:RTOS:FreeRTOS:Core:::10.2.0:
2023-09-21 20:10:35,624 [WARN] ModelIntegratedComponent:182 - Modes not found for component STMicroelectronics:USB_HOST:1.0.0:STMicroelectronics:USB::USB Host:Audio HS::1.0:USB_HOST_1_0_RESTRICTED_HS
2023-09-21 20:10:35,625 [WARN] ModelIntegratedComponent:188 - Modes not found for component STMicroelectronics:USB_HOST:1.0.0:STMicroelectronics:USB::USB Host:Audio HS::1.0:USB_HOST_1_0_RESTRICTED_HS
2023-09-21 20:10:35,625 [WARN] ModelIntegratedComponent:182 - Modes not found for component STMicroelectronics:USB_HOST:1.0.0:STMicroelectronics:USB::USB Host:CDC HS::1.0:USB_HOST_1_0_RESTRICTED_HS
2023-09-21 20:10:35,625 [WARN] ModelIntegratedComponent:188 - Modes not found for component STMicroelectronics:USB_HOST:1.0.0:STMicroelectronics:USB::USB Host:CDC HS::1.0:USB_HOST_1_0_RESTRICTED_HS
2023-09-21 20:10:35,625 [WARN] ModelIntegratedComponent:182 - Modes not found for component STMicroelectronics:USB_HOST:1.0.0:STMicroelectronics:USB::USB Host:MSC HS::1.0:USB_HOST_1_0_RESTRICTED_HS
2023-09-21 20:10:35,625 [WARN] ModelIntegratedComponent:188 - Modes not found for component STMicroelectronics:USB_HOST:1.0.0:STMicroelectronics:USB::USB Host:MSC HS::1.0:USB_HOST_1_0_RESTRICTED_HS
2023-09-21 20:10:35,625 [WARN] ModelIntegratedComponent:182 - Modes not found for component STMicroelectronics:USB_HOST:1.0.0:STMicroelectronics:USB::USB Host:HID HS::1.0:USB_HOST_1_0_RESTRICTED_HS
2023-09-21 20:10:35,625 [WARN] ModelIntegratedComponent:188 - Modes not found for component STMicroelectronics:USB_HOST:1.0.0:STMicroelectronics:USB::USB Host:HID HS::1.0:USB_HOST_1_0_RESTRICTED_HS
2023-09-21 20:10:35,625 [WARN] ModelIntegratedComponent:182 - Modes not found for component STMicroelectronics:USB_HOST:1.0.0:STMicroelectronics:USB::USB Host:MTP HS::1.0:USB_HOST_1_0_RESTRICTED_HS
2023-09-21 20:10:35,626 [WARN] ModelIntegratedComponent:188 - Modes not found for component STMicroelectronics:USB_HOST:1.0.0:STMicroelectronics:USB::USB Host:MTP HS::1.0:USB_HOST_1_0_RESTRICTED_HS
2023-09-21 20:10:35,641 [WARN] ModelIntegratedComponent:63 - No mode defined for component null
2023-09-21 20:10:35,641 [WARN] ModelIntegratedComponent:63 - No mode defined for component null
2023-09-21 20:10:35,641 [WARN] ModelIntegratedComponent:63 - No mode defined for component null
2023-09-21 20:10:35,641 [WARN] ModelIntegratedComponent:63 - No mode defined for component null
2023-09-21 20:10:35,641 [WARN] ModelIntegratedComponent:63 - No mode defined for component null
2023-09-21 20:10:35,641 [WARN] ModelIntegratedComponent:63 - No mode defined for component null
2023-09-21 20:10:35,641 [WARN] ModelIntegratedComponent:63 - No mode defined for component null
2023-09-21 20:10:35,641 [WARN] ModelIntegratedComponent:63 - No mode defined for component null
2023-09-21 20:10:35,641 [WARN] ModelIntegratedComponent:63 - No mode defined for component null
2023-09-21 20:10:35,641 [WARN] ModelIntegratedComponent:63 - No mode defined for component null
2023-09-21 20:10:35,641 [WARN] ModelIntegratedComponent:63 - No mode defined for component null
2023-09-21 20:10:35,641 [WARN] ModelIntegratedComponent:63 - No mode defined for component null
2023-09-21 20:10:35,641 [WARN] ModelIntegratedComponent:63 - No mode defined for component null
2023-09-21 20:10:35,641 [WARN] ModelIntegratedComponent:63 - No mode defined for component null
2023-09-21 20:10:35,641 [WARN] ModelIntegratedComponent:63 - No mode defined for component null
2023-09-21 20:10:35,641 [WARN] ModelIntegratedComponent:63 - No mode defined for component null
2023-09-21 20:10:35,641 [WARN] ModelIntegratedComponent:63 - No mode defined for component null
2023-09-21 20:10:35,641 [WARN] ModelIntegratedComponent:63 - No mode defined for component null
2023-09-21 20:10:35,641 [WARN] ModelIntegratedComponent:63 - No mode defined for component null
2023-09-21 20:10:35,642 [WARN] ModelIntegratedComponent:63 - No mode defined for component null
2023-09-21 20:10:35,642 [WARN] ModelIntegratedComponent:63 - No mode defined for component null
2023-09-21 20:10:35,642 [WARN] ModelIntegratedComponent:63 - No mode defined for component null
2023-09-21 20:10:35,642 [WARN] ModelIntegratedComponent:63 - No mode defined for component null
2023-09-21 20:10:35,642 [WARN] ModelIntegratedComponent:63 - No mode defined for component null
2023-09-21 20:10:35,642 [WARN] ModelIntegratedComponent:63 - No mode defined for component null
2023-09-21 20:10:35,642 [WARN] ModelIntegratedComponent:63 - No mode defined for component null
2023-09-21 20:10:35,642 [WARN] ModelIntegratedComponent:63 - No mode defined for component null
2023-09-21 20:10:35,642 [WARN] ModelIntegratedComponent:63 - No mode defined for component null
2023-09-21 20:10:35,642 [WARN] ModelIntegratedComponent:63 - No mode defined for component null
2023-09-21 20:10:35,642 [WARN] ModelIntegratedComponent:63 - No mode defined for component null
2023-09-21 20:10:35,642 [WARN] ModelIntegratedComponent:63 - No mode defined for component null
2023-09-21 20:10:35,642 [WARN] ModelIntegratedComponent:63 - No mode defined for component null
2023-09-21 20:10:35,643 [WARN] ModelIntegratedComponent:63 - No mode defined for component null
2023-09-21 20:10:35,656 [WARN] ModelIntegratedComponent:182 - Modes not found for component STMicroelectronics:USB_DEVICE:1.0.0:STMicroelectronics:USB::USB Device:Audio HS::1.0:USB_DEVICE_1_0_RESTRICTED_HS
2023-09-21 20:10:35,657 [WARN] ModelIntegratedComponent:188 - Modes not found for component STMicroelectronics:USB_DEVICE:1.0.0:STMicroelectronics:USB::USB Device:Audio HS::1.0:USB_DEVICE_1_0_RESTRICTED_HS
2023-09-21 20:10:35,657 [WARN] ModelIntegratedComponent:182 - Modes not found for component STMicroelectronics:USB_DEVICE:1.0.0:STMicroelectronics:USB::USB Device:CDC HS::1.0:USB_DEVICE_1_0_RESTRICTED_HS
2023-09-21 20:10:35,657 [WARN] ModelIntegratedComponent:188 - Modes not found for component STMicroelectronics:USB_DEVICE:1.0.0:STMicroelectronics:USB::USB Device:CDC HS::1.0:USB_DEVICE_1_0_RESTRICTED_HS
2023-09-21 20:10:35,657 [WARN] ModelIntegratedComponent:182 - Modes not found for component STMicroelectronics:USB_DEVICE:1.0.0:STMicroelectronics:USB::USB Device:DFU HS::1.0:USB_DEVICE_1_0_RESTRICTED_HS
2023-09-21 20:10:35,657 [WARN] ModelIntegratedComponent:188 - Modes not found for component STMicroelectronics:USB_DEVICE:1.0.0:STMicroelectronics:USB::USB Device:DFU HS::1.0:USB_DEVICE_1_0_RESTRICTED_HS
2023-09-21 20:10:35,657 [WARN] ModelIntegratedComponent:182 - Modes not found for component STMicroelectronics:USB_DEVICE:1.0.0:STMicroelectronics:USB::USB Device:HID HS::1.0:USB_DEVICE_1_0_RESTRICTED_HS
2023-09-21 20:10:35,657 [WARN] ModelIntegratedComponent:188 - Modes not found for component STMicroelectronics:USB_DEVICE:1.0.0:STMicroelectronics:USB::USB Device:HID HS::1.0:USB_DEVICE_1_0_RESTRICTED_HS
2023-09-21 20:10:35,657 [WARN] ModelIntegratedComponent:182 - Modes not found for component STMicroelectronics:USB_DEVICE:1.0.0:STMicroelectronics:USB::USB Device:Custom HID HS::1.0:USB_DEVICE_1_0_RESTRICTED_HS
2023-09-21 20:10:35,658 [WARN] ModelIntegratedComponent:188 - Modes not found for component STMicroelectronics:USB_DEVICE:1.0.0:STMicroelectronics:USB::USB Device:Custom HID HS::1.0:USB_DEVICE_1_0_RESTRICTED_HS
2023-09-21 20:10:35,658 [WARN] ModelIntegratedComponent:182 - Modes not found for component STMicroelectronics:USB_DEVICE:1.0.0:STMicroelectronics:USB::USB Device:MSC HS::1.0:USB_DEVICE_1_0_RESTRICTED_HS
2023-09-21 20:10:35,658 [WARN] ModelIntegratedComponent:188 - Modes not found for component STMicroelectronics:USB_DEVICE:1.0.0:STMicroelectronics:USB::USB Device:MSC HS::1.0:USB_DEVICE_1_0_RESTRICTED_HS
2023-09-21 20:10:35,685 [INFO] ThirdPartyModel:298 - Start build external matchings
2023-09-21 20:10:37,013 [INFO] ThirdPartyModel:316 - End build external matchings
2023-09-21 20:10:37,411 [INFO] UtilMem:75 - End LoadConfig() Used Memory: 894829256 Bytes (1073741824)
2023-09-21 20:10:37,454 [WARN] ThirdParty:833 - waiting for thirdparty lock release [change project]
2023-09-21 20:10:37,454 [INFO] ThirdParty:835 - entering critical section [change project]
2023-09-21 20:10:37,455 [INFO] ThirdParty:1030 - CMSIS Pack Vendor :STMicroelectronics X-CUBE-ISPU 1.1.0
2023-09-21 20:10:37,455 [INFO] ThirdParty:1030 - CMSIS Pack Vendor :STMicroelectronics USBPD 4.1
2023-09-21 20:10:37,455 [INFO] ThirdParty:1030 - CMSIS Pack Vendor :RoweBots I-CUBE-UNISONRTOS 5.5.0-4
2023-09-21 20:10:37,455 [INFO] ThirdParty:1030 - CMSIS Pack Vendor :STMicroelectronics X-CUBE-GNSS1 6.0.0
2023-09-21 20:10:37,455 [INFO] ThirdParty:1030 - CMSIS Pack Vendor :STMicroelectronics USB_HOST 2.0.0
2023-09-21 20:10:37,455 [INFO] ThirdParty:1030 - CMSIS Pack Vendor :STMicroelectronics X-CUBE-AZRTOS-F4 1.1.0
2023-09-21 20:10:37,455 [INFO] ThirdParty:1030 - CMSIS Pack Vendor :STMicroelectronics LIBJPEG 8.0.0
2023-09-21 20:10:37,455 [INFO] ThirdParty:1030 - CMSIS Pack Vendor :STMicroelectronics X-CUBE-SMBUS 2.1.0
2023-09-21 20:10:37,455 [INFO] ThirdParty:1030 - CMSIS Pack Vendor :STMicroelectronics USB_DEVICE 3.0.0
2023-09-21 20:10:37,455 [INFO] ThirdParty:1030 - CMSIS Pack Vendor :STMicroelectronics X-CUBE-AZRTOS-WB 2.0.0
2023-09-21 20:10:37,455 [INFO] ThirdParty:1030 - CMSIS Pack Vendor :STMicroelectronics X-CUBE-FREERTOS 1.0.1
2023-09-21 20:10:37,455 [INFO] ThirdParty:1030 - CMSIS Pack Vendor :STMicroelectronics X-CUBE-TOUCHGFX 4.21.0
2023-09-21 20:10:37,455 [INFO] ThirdParty:1030 - CMSIS Pack Vendor :STMicroelectronics X-CUBE-AZRTOS-F7 1.1.0
2023-09-21 20:10:37,455 [INFO] ThirdParty:1030 - CMSIS Pack Vendor :STMicroelectronics X-CUBE-TOUCHGFX 4.21.4
2023-09-21 20:10:37,455 [INFO] ThirdParty:1030 - CMSIS Pack Vendor :STMicroelectronics X-CUBE-AZRTOS-L5 2.0.0
2023-09-21 20:10:37,455 [INFO] ThirdParty:1030 - CMSIS Pack Vendor :STMicroelectronics X-CUBE-MEMS1 9.4.0
2023-09-21 20:10:37,455 [INFO] ThirdParty:1030 - CMSIS Pack Vendor :STMicroelectronics USB_DEVICE 2.0.0
2023-09-21 20:10:37,456 [INFO] ThirdParty:1030 - CMSIS Pack Vendor :STMicroelectronics X-CUBE-AI 7.3.0
2023-09-21 20:10:37,456 [INFO] ThirdParty:1030 - CMSIS Pack Vendor :STMicroelectronics X-CUBE-MEMS1 9.6.0
2023-09-21 20:10:37,456 [INFO] ThirdParty:1030 - CMSIS Pack Vendor :STMicroelectronics FP-SNS-MOTENV1 4.3.2
2023-09-21 20:10:37,456 [INFO] ThirdParty:1030 - CMSIS Pack Vendor :STMicroelectronics FP-SNS-MOTENV1 4.3.1
2023-09-21 20:10:37,456 [INFO] ThirdParty:1030 - CMSIS Pack Vendor :STMicroelectronics FP-SNS-FLIGHT1 5.0.1
2023-09-21 20:10:37,456 [INFO] ThirdParty:1030 - CMSIS Pack Vendor :STMicroelectronics X-CUBE-ALGOBUILD 1.3.0
2023-09-21 20:10:37,456 [INFO] ThirdParty:1030 - CMSIS Pack Vendor :STMicroelectronics X-CUBE-BLE1 6.2.4
2023-09-21 20:10:37,456 [INFO] ThirdParty:1030 - CMSIS Pack Vendor :STMicroelectronics X-CUBE-AZRTOS-L5 1.1.0
2023-09-21 20:10:37,456 [INFO] ThirdParty:1030 - CMSIS Pack Vendor :STMicroelectronics FreeRTOS 0.0.1
2023-09-21 20:10:37,456 [INFO] ThirdParty:1030 - CMSIS Pack Vendor :STMicroelectronics X-CUBE-AZRTOS-G0 1.1.0
2023-09-21 20:10:37,456 [INFO] ThirdParty:1030 - CMSIS Pack Vendor :emotas I-CUBE-CANOPEN 1.1.3
2023-09-21 20:10:37,456 [INFO] ThirdParty:1030 - CMSIS Pack Vendor :STMicroelectronics X-CUBE-BLEMGR 2.0.0
2023-09-21 20:10:37,456 [INFO] ThirdParty:1030 - CMSIS Pack Vendor :STMicroelectronics X-CUBE-AI 8.0.1
2023-09-21 20:10:37,456 [INFO] ThirdParty:1030 - CMSIS Pack Vendor :STMicroelectronics X-CUBE-NFC4 3.0.0
2023-09-21 20:10:37,456 [INFO] ThirdParty:1030 - CMSIS Pack Vendor :STMicroelectronics X-CUBE-SUBG2 5.0.0
2023-09-21 20:10:37,456 [INFO] ThirdParty:1030 - CMSIS Pack Vendor :STMicroelectronics STM32_WPAN 1.0.0
2023-09-21 20:10:37,456 [INFO] ThirdParty:1030 - CMSIS Pack Vendor :STMicroelectronics lwIP 2.0.3
2023-09-21 20:10:37,456 [INFO] ThirdParty:1030 - CMSIS Pack Vendor :STMicroelectronics FP-SNS-FLIGHT1 5.0.2
2023-09-21 20:10:37,456 [INFO] ThirdParty:1030 - CMSIS Pack Vendor :STMicroelectronics X-CUBE-NFC4 2.0.5
2023-09-21 20:10:37,457 [INFO] ThirdParty:1030 - CMSIS Pack Vendor :STMicroelectronics USB_HOST 1.0.0
2023-09-21 20:10:37,457 [INFO] ThirdParty:1030 - CMSIS Pack Vendor :STMicroelectronics X-CUBE-TOF1 3.3.1
2023-09-21 20:10:37,457 [INFO] ThirdParty:1030 - CMSIS Pack Vendor :STMicroelectronics X-CUBE-AZRTOS-G4 2.0.0
2023-09-21 20:10:37,457 [INFO] ThirdParty:1030 - CMSIS Pack Vendor :STMicroelectronics PDM2PCM 3.1.0
2023-09-21 20:10:37,457 [INFO] ThirdParty:1030 - CMSIS Pack Vendor :STMicroelectronics X-CUBE-AZRTOS-H7 3.1.0
2023-09-21 20:10:37,457 [INFO] ThirdParty:1030 - CMSIS Pack Vendor :STMicroelectronics X-CUBE-TOF1 3.3.0
2023-09-21 20:10:37,457 [INFO] ThirdParty:1030 - CMSIS Pack Vendor :STMicroelectronics FP-ATR-ASTRA1 1.1.1
2023-09-21 20:10:37,457 [INFO] ThirdParty:1030 - CMSIS Pack Vendor :STMicroelectronics PDM2PCM 3.3.0
2023-09-21 20:10:37,457 [INFO] ThirdParty:1030 - CMSIS Pack Vendor :STMicroelectronics X-CUBE-DISPLAY 3.0.0
2023-09-21 20:10:37,457 [INFO] ThirdParty:1030 - CMSIS Pack Vendor :STMicroelectronics X-CUBE-BLEMGR 1.3.0
2023-09-21 20:10:37,457 [INFO] ThirdParty:1030 - CMSIS Pack Vendor :STMicroelectronics X-CUBE-BLE1 7.0.0
2023-09-21 20:10:37,457 [INFO] ThirdParty:1030 - CMSIS Pack Vendor :STMicroelectronics FP-ATR-SIGFOX1 3.2.0
2023-09-21 20:10:37,457 [INFO] ThirdParty:1030 - CMSIS Pack Vendor :STMicroelectronics X-CUBE-AZRTOS-G4 1.0.0
2023-09-21 20:10:37,458 [INFO] ThirdParty:1030 - CMSIS Pack Vendor :wolfSSL I-CUBE-wolfSSL 5.5.4
2023-09-21 20:10:37,458 [INFO] ThirdParty:1030 - CMSIS Pack Vendor :STMicroelectronics X-CUBE-AZRTOS-L4 1.0.0
2023-09-21 20:10:37,458 [INFO] ThirdParty:1030 - CMSIS Pack Vendor :STMicroelectronics HAL Drivers 0.0.0
2023-09-21 20:10:37,458 [INFO] ThirdParty:1030 - CMSIS Pack Vendor :STMicroelectronics MBEDTLS 2.16.2
2023-09-21 20:10:37,458 [INFO] ThirdParty:1030 - CMSIS Pack Vendor :STMicroelectronics X-CUBE-FREERTOS 1.1.0
2023-09-21 20:10:37,458 [INFO] ThirdParty:1030 - CMSIS Pack Vendor :STMicroelectronics X-CUBE-TOUCHGFX 4.22.0
2023-09-21 20:10:37,458 [INFO] ThirdParty:1030 - CMSIS Pack Vendor :STMicroelectronics X-CUBE-NFC7 1.0.1
2023-09-21 20:10:37,458 [INFO] ThirdParty:1030 - CMSIS Pack Vendor :STMicroelectronics MBEDTLS 2.14.1
2023-09-21 20:10:37,458 [INFO] ThirdParty:1030 - CMSIS Pack Vendor :STMicroelectronics X-CUBE-NFC7 1.0.0
2023-09-21 20:10:37,458 [INFO] ThirdParty:1030 - CMSIS Pack Vendor :STMicroelectronics X-CUBE-AZRTOS-WL 1.0.0
2023-09-21 20:10:37,458 [INFO] ThirdParty:1030 - CMSIS Pack Vendor :STMicroelectronics X-CUBE-NFC6 3.0.0
2023-09-21 20:10:37,458 [INFO] ThirdParty:1030 - CMSIS Pack Vendor :STMicroelectronics X-CUBE-EEPRMA1 4.1.0
2023-09-21 20:10:37,458 [INFO] ThirdParty:1030 - CMSIS Pack Vendor :portGmbH I-Cube-SoM-uGOAL 1.1.0
2023-09-21 20:10:37,459 [INFO] ThirdParty:1030 - CMSIS Pack Vendor :STMicroelectronics X-CUBE-ALS 1.0.1
2023-09-21 20:10:37,459 [INFO] ThirdParty:1030 - CMSIS Pack Vendor :STMicroelectronics ThreadX 1.0.0
2023-09-21 20:10:37,459 [INFO] ThirdParty:1030 - CMSIS Pack Vendor :STMicroelectronics FP-SNS-SMARTAG2 1.2.0
2023-09-21 20:10:37,459 [INFO] ThirdParty:1030 - CMSIS Pack Vendor :STMicroelectronics X-CUBE-AZRTOS-WB 1.1.0
2023-09-21 20:10:37,459 [INFO] ThirdParty:1030 - CMSIS Pack Vendor :STMicroelectronics X-CUBE-AZRTOS-WL 2.0.0
2023-09-21 20:10:37,459 [INFO] ThirdParty:1030 - CMSIS Pack Vendor :SEGGER I-CUBE-embOS 1.3.1
2023-09-21 20:10:37,459 [INFO] ThirdParty:1030 - CMSIS Pack Vendor :STMicroelectronics USB_DEVICE 1.0.0
2023-09-21 20:10:37,459 [INFO] ThirdParty:1030 - CMSIS Pack Vendor :STMicroelectronics X-CUBE-AI 8.1.0
2023-09-21 20:10:37,459 [INFO] ThirdParty:1030 - CMSIS Pack Vendor :SEGGER I-CUBE-embOS 1.3.0
2023-09-21 20:10:37,459 [INFO] ThirdParty:1030 - CMSIS Pack Vendor :STMicroelectronics X-CUBE-AZRTOS-L4 2.0.0
2023-09-21 20:10:37,459 [INFO] ThirdParty:1030 - CMSIS Pack Vendor :STMicroelectronics ThreadX 0.0.2
2023-09-21 20:10:37,459 [INFO] ThirdParty:1030 - CMSIS Pack Vendor :WES I-CUBE-Cesium 1.3.0
2023-09-21 20:10:37,459 [INFO] ThirdParty:1030 - CMSIS Pack Vendor :STMicroelectronics FP-ATR-ASTRA1 2.0.0
2023-09-21 20:10:37,459 [INFO] ThirdParty:1030 - CMSIS Pack Vendor :STMicroelectronics lwIP 2.1.2
2023-09-21 20:10:37,459 [INFO] ThirdParty:1030 - CMSIS Pack Vendor :STMicroelectronics X-CUBE-SFXS2LP1 4.0.0
2023-09-21 20:10:37,459 [INFO] ThirdParty:1030 - CMSIS Pack Vendor :STMicroelectronics X-CUBE-BLE2 3.3.0
2023-09-21 20:10:37,459 [INFO] ThirdParty:1030 - CMSIS Pack Vendor :STMicroelectronics X-CUBE-DISPLAY 2.2.0
2023-09-21 20:10:37,459 [INFO] ThirdParty:1030 - CMSIS Pack Vendor :STMicroelectronics X-CUBE-TOF1 3.2.0
2023-09-21 20:10:37,459 [INFO] ThirdParty:1030 - CMSIS Pack Vendor :STMicroelectronics PDM2PCM 3.2.0
2023-09-21 20:10:37,459 [INFO] ThirdParty:1030 - CMSIS Pack Vendor :STMicroelectronics X-CUBE-AZRTOS-H7 3.0.0
2023-09-21 20:10:37,460 [INFO] ThirdParty:841 - exiting critical section [change project]
2023-09-21 20:10:38,171 [INFO] PinOutPanel:1499 - setPackage(No Configuration,No Configuration)
2023-09-21 20:10:38,174 [INFO] PinOutPanel:1499 - setPackage(STM32F411VETx,LQFP100)
2023-09-21 20:10:39,187 [INFO] UtilMem:75 - Before build in PCC Used Memory: 882008488 Bytes (1073741824)
2023-09-21 20:10:40,574 [INFO] UtilMem:75 - After build in PCC Used Memory: 766845440 Bytes (1073741824)
2023-09-21 20:10:40,624 [INFO] IPUIPlugin:80 - create IPUIPlugin
2023-09-21 20:10:40,624 [INFO] IPUIPlugin:80 - create IPUIPlugin
2023-09-21 20:10:40,625 [INFO] IPUIPlugin:80 - create IPUIPlugin
2023-09-21 20:10:40,625 [INFO] IPUIPlugin:80 - create IPUIPlugin
2023-09-21 20:10:40,625 [INFO] IPUIPlugin:80 - create IPUIPlugin
2023-09-21 20:10:40,625 [INFO] IPUIPlugin:80 - create IPUIPlugin
2023-09-21 20:10:40,626 [INFO] IPUIPlugin:80 - create IPUIPlugin
2023-09-21 20:10:40,626 [INFO] IPUIPlugin:80 - create IPUIPlugin
2023-09-21 20:10:40,627 [INFO] IPUIPlugin:80 - create IPUIPlugin
2023-09-21 20:10:40,627 [INFO] IPUIPlugin:80 - create IPUIPlugin
2023-09-21 20:10:40,628 [INFO] IPUIPlugin:80 - create IPUIPlugin
2023-09-21 20:10:40,628 [INFO] IPUIPlugin:80 - create IPUIPlugin
2023-09-21 20:10:40,628 [INFO] IPUIPlugin:80 - create IPUIPlugin
2023-09-21 20:10:40,628 [INFO] IPUIPlugin:80 - create IPUIPlugin
2023-09-21 20:10:40,628 [INFO] IPUIPlugin:80 - create IPUIPlugin
2023-09-21 20:10:40,628 [INFO] IPUIPlugin:80 - create IPUIPlugin
2023-09-21 20:10:40,629 [INFO] IPUIPlugin:80 - create IPUIPlugin
2023-09-21 20:10:40,629 [INFO] IPUIPlugin:80 - create IPUIPlugin
2023-09-21 20:10:40,630 [INFO] IPUIPlugin:80 - create IPUIPlugin
2023-09-21 20:10:40,630 [INFO] IPUIPlugin:80 - create IPUIPlugin
2023-09-21 20:10:40,631 [INFO] IPUIPlugin:80 - create IPUIPlugin
2023-09-21 20:10:40,631 [INFO] IPUIPlugin:80 - create IPUIPlugin
2023-09-21 20:10:40,632 [INFO] IPUIPlugin:80 - create IPUIPlugin
2023-09-21 20:10:40,632 [INFO] IPUIPlugin:80 - create IPUIPlugin
2023-09-21 20:10:40,633 [INFO] IPUIPlugin:80 - create IPUIPlugin
2023-09-21 20:10:40,633 [INFO] IPUIPlugin:80 - create IPUIPlugin
2023-09-21 20:10:40,634 [INFO] IPUIPlugin:80 - create IPUIPlugin
2023-09-21 20:10:40,634 [INFO] IPUIPlugin:80 - create IPUIPlugin
2023-09-21 20:10:40,635 [INFO] IPUIPlugin:80 - create IPUIPlugin
2023-09-21 20:10:40,635 [INFO] IPUIPlugin:80 - create IPUIPlugin
2023-09-21 20:10:40,635 [INFO] IPUIPlugin:80 - create IPUIPlugin
2023-09-21 20:10:40,636 [INFO] IPUIPlugin:80 - create IPUIPlugin
2023-09-21 20:10:40,636 [INFO] IPUIPlugin:80 - create IPUIPlugin
2023-09-21 20:10:40,637 [INFO] IPUIPlugin:80 - create IPUIPlugin
2023-09-21 20:10:40,637 [INFO] IPUIPlugin:80 - create IPUIPlugin
2023-09-21 20:10:40,637 [INFO] IPUIPlugin:80 - create IPUIPlugin
2023-09-21 20:10:40,638 [INFO] IPUIPlugin:80 - create IPUIPlugin
2023-09-21 20:10:40,638 [INFO] IPUIPlugin:80 - create IPUIPlugin
2023-09-21 20:10:40,639 [INFO] IPUIPlugin:80 - create IPUIPlugin
2023-09-21 20:10:40,639 [INFO] IPUIPlugin:80 - create IPUIPlugin
2023-09-21 20:10:40,640 [INFO] IPUIPlugin:80 - create IPUIPlugin
2023-09-21 20:10:40,640 [INFO] IPUIPlugin:80 - create IPUIPlugin
2023-09-21 20:10:40,641 [INFO] IPUIPlugin:80 - create IPUIPlugin
2023-09-21 20:10:40,851 [INFO] ApiDbMcu:507 - Load IP Config File for PDM2PCM
2023-09-21 20:10:41,194 [INFO] CADModel:165 - CPN selected for project levelSTM32F411VET6
2023-09-21 20:10:41,194 [INFO] CADModel:114 - Register for checkConnection events
2023-09-21 20:10:41,252 [INFO] OpenFileManager:328 - Restore cursor
2023-09-21 20:10:44,389 [INFO] UtilMem:75 - End SaveConfig() Used Memory: 841372648 Bytes (1073741824)
2023-09-21 20:10:44,563 [INFO] UtilMem:75 - End SaveConfig() Used Memory: 860699136 Bytes (1073741824)
2023-09-21 20:10:45,552 [INFO] BlockDiagram:2759 - set Specific Code input for plugin: NVIC
2023-09-21 20:10:45,554 [INFO] BlockDiagram:2759 - set Specific Code input for plugin: RCC
2023-09-21 20:10:45,556 [INFO] CodeGenerator:799 - code generatio: config db path: C:\ST\STM32CubeIDE_1.13.0\STM32CubeIDE\plugins\com.st.stm32cube.common.mx_6.9.0.202307051724\\db\
2023-09-21 20:10:46,400 [INFO] CodeEngine:255 - oldGeneratedFile, C:\Users\ACER\STM32CubeIDE\workspace_1.13.0\usss\MXTmpFiles\license.tmp_save
2023-09-21 20:10:47,200 [INFO] CodeEngine:279 - Generated code: C:\Users\ACER\STM32CubeIDE\workspace_1.13.0\usss\MXTmpFiles\license.tmp
2023-09-21 20:10:47,255 [INFO] CodeEngine:255 - oldGeneratedFile, C:\Users\ACER\STM32CubeIDE\workspace_1.13.0\usss\Core\Src\stm32f4xx_it.c_save
2023-09-21 20:10:47,666 [INFO] CodeEngine:279 - Generated code: C:\Users\ACER\STM32CubeIDE\workspace_1.13.0\usss\Core\Src\stm32f4xx_it.c
2023-09-21 20:10:47,687 [INFO] CodeEngine:255 - oldGeneratedFile, C:\Users\ACER\STM32CubeIDE\workspace_1.13.0\usss\Core\Inc\stm32f4xx_it.h_save
2023-09-21 20:10:47,906 [INFO] CodeEngine:279 - Generated code: C:\Users\ACER\STM32CubeIDE\workspace_1.13.0\usss\Core\Inc\stm32f4xx_it.h
2023-09-21 20:10:48,090 [INFO] CodeEngine:255 - oldGeneratedFile, C:\Users\ACER\STM32CubeIDE\workspace_1.13.0\usss\Core\Src\stm32f4xx_hal_msp.c_save
2023-09-21 20:10:48,526 [INFO] CodeEngine:279 - Generated code: C:\Users\ACER\STM32CubeIDE\workspace_1.13.0\usss\Core\Src\stm32f4xx_hal_msp.c
2023-09-21 20:10:48,551 [INFO] CodeEngine:255 - oldGeneratedFile, C:\Users\ACER\STM32CubeIDE\workspace_1.13.0\usss\MXTmpFiles\system.tmp_save
2023-09-21 20:10:48,715 [INFO] CodeEngine:279 - Generated code: C:\Users\ACER\STM32CubeIDE\workspace_1.13.0\usss\MXTmpFiles\system.tmp
2023-09-21 20:10:48,752 [INFO] CodeEngine:311 - oldGeneratedFile, C:\Users\ACER\STM32CubeIDE\workspace_1.13.0\usss\Core\Inc\stm32f4xx_hal_conf.h_save
2023-09-21 20:10:49,025 [INFO] CodeEngine:335 - Generated code: C:\Users\ACER\STM32CubeIDE\workspace_1.13.0\usss\Core\Inc\stm32f4xx_hal_conf.h
2023-09-21 20:10:49,181 [INFO] CodeEngine:255 - oldGeneratedFile, C:\Users\ACER\STM32CubeIDE\workspace_1.13.0\usss\Core\Inc\main.h_save
2023-09-21 20:10:49,515 [INFO] CodeEngine:279 - Generated code: C:\Users\ACER\STM32CubeIDE\workspace_1.13.0\usss\Core\Inc\main.h
2023-09-21 20:10:49,538 [INFO] CodeEngine:255 - oldGeneratedFile, C:\Users\ACER\STM32CubeIDE\workspace_1.13.0\usss\Core\Src\main.c_save
2023-09-21 20:10:49,829 [INFO] CodeEngine:279 - Generated code: C:\Users\ACER\STM32CubeIDE\workspace_1.13.0\usss\Core\Src\main.c
2023-09-21 20:10:51,115 [INFO] ProjectBuilder:3064 - Time for Copy HAL[1] : 315mS.
2023-09-21 20:10:51,129 [INFO] ProjectBuilder:4404 - Project Generator version: 4.1.0
2023-09-21 20:10:51,712 [INFO] ConfigFileManager:1457 - The Die is : DIE431
2023-09-21 20:10:51,744 [INFO] ApiDbMcu:507 - Load IP Config File for FATFS
2023-09-21 20:10:51,761 [INFO] ApiDbMcu:507 - Load IP Config File for FREERTOS
2023-09-21 20:10:51,775 [INFO] ApiDbMcu:507 - Load IP Config File for LIBJPEG
2023-09-21 20:10:51,791 [INFO] ApiDbMcu:507 - Load IP Config File for MBEDTLS
2023-09-21 20:10:51,810 [INFO] ApiDbMcu:507 - Load IP Config File for USB_DEVICE
2023-09-21 20:10:51,823 [INFO] ApiDbMcu:507 - Load IP Config File for USB_HOST
2023-09-21 20:10:54,216 [INFO] LogOutputStream:77 - [STDOUT_REDIRECT] 
2023-09-21 20:11:03,697 [INFO] ProjectBuilder:4626 - Time for Generating toolchain IDE Files: 12567mS.
2023-09-21 20:11:03,698 [INFO] ProjectBuilder:2935 - Time for Copy CMSIS : 1mS.
2023-09-21 20:11:03,700 [INFO] ProjectBuilder:2935 - Time for Copy CMSIS : 0mS.
2023-09-21 20:11:05,476 [INFO] McuFinderGlobals:76 - Set McuFinderConnectedMode to true
2023-09-21 20:11:05,488 [INFO] ApiDb:448 - Save user favorites file C:\Users\ACER/.stm32cubeide/favorites.mcus.txt: 0 item(s)
2023-09-21 20:11:05,489 [INFO] ApiDb:452 - User favorites MCUs=[]
2023-09-21 20:11:05,492 [INFO] ApiDb:448 - Save user favorites file C:\Users\ACER/.stm32cubeide/favorites.boards.txt: 0 item(s)
2023-09-21 20:11:05,492 [INFO] ApiDb:452 - User favorites Boards=[]
2023-09-21 20:11:18,060 [INFO] NvicIntPanel:101 - NVIC parent = com.st.microxplorer.plugins.ip.nvic.MultiNvicIntPanel[,0,0,0x0,invalid,layout=javax.swing.BoxLayout,alignmentX=0.0,alignmentY=0.0,border=,flags=9,maximumSize=,minimumSize=,preferredSize=]
2023-09-21 20:11:23,958 [INFO] NvicIntPanel:101 - NVIC parent = com.st.microxplorer.plugins.ip.nvic.MultiNvicIntPanel[,0,0,0x0,invalid,layout=javax.swing.BoxLayout,alignmentX=0.0,alignmentY=0.0,border=,flags=9,maximumSize=,minimumSize=,preferredSize=]
2023-09-21 20:11:24,122 [INFO] NvicIntPanel:101 - NVIC parent = com.st.microxplorer.plugins.ip.nvic.MultiNvicIntPanel[,0,0,0x0,invalid,layout=javax.swing.BoxLayout,alignmentX=0.0,alignmentY=0.0,border=,flags=9,maximumSize=,minimumSize=,preferredSize=]
2023-09-21 20:11:24,294 [INFO] NvicIntPanel:101 - NVIC parent = com.st.microxplorer.plugins.ip.nvic.MultiNvicIntPanel[,0,0,0x0,invalid,layout=javax.swing.BoxLayout,alignmentX=0.0,alignmentY=0.0,border=,flags=9,maximumSize=,minimumSize=,preferredSize=]
2023-09-21 20:11:26,431 [INFO] NvicIntPanel:101 - NVIC parent = com.st.microxplorer.plugins.ip.nvic.MultiNvicIntPanel[,0,0,0x0,invalid,layout=javax.swing.BoxLayout,alignmentX=0.0,alignmentY=0.0,border=,flags=9,maximumSize=,minimumSize=,preferredSize=]
2023-09-21 20:11:26,615 [INFO] NvicIntPanel:101 - NVIC parent = com.st.microxplorer.plugins.ip.nvic.MultiNvicIntPanel[,0,0,0x0,invalid,layout=javax.swing.BoxLayout,alignmentX=0.0,alignmentY=0.0,border=,flags=9,maximumSize=,minimumSize=,preferredSize=]
2023-09-21 20:11:26,795 [INFO] NvicIntPanel:101 - NVIC parent = com.st.microxplorer.plugins.ip.nvic.MultiNvicIntPanel[,0,0,0x0,invalid,layout=javax.swing.BoxLayout,alignmentX=0.0,alignmentY=0.0,border=,flags=9,maximumSize=,minimumSize=,preferredSize=]
2023-09-21 20:11:41,542 [INFO] UtilMem:75 - End SaveConfig() Used Memory: 737338392 Bytes (1073741824)
2023-09-21 20:11:42,768 [INFO] UtilMem:75 - End SaveConfig() Used Memory: 760201992 Bytes (1073741824)
2023-09-21 20:11:45,314 [INFO] UtilMem:75 - End SaveConfig() Used Memory: 835076736 Bytes (1073741824)
2023-09-21 20:11:45,786 [INFO] BlockDiagram:2759 - set Specific Code input for plugin: NVIC
2023-09-21 20:11:45,786 [INFO] BlockDiagram:2759 - set Specific Code input for plugin: USART
2023-09-21 20:11:45,787 [INFO] BlockDiagram:2759 - set Specific Code input for plugin: GPIO
2023-09-21 20:11:45,787 [INFO] BlockDiagram:2759 - set Specific Code input for plugin: RCC
2023-09-21 20:11:45,788 [INFO] CodeGenerator:799 - code generatio: config db path: C:\ST\STM32CubeIDE_1.13.0\STM32CubeIDE\plugins\com.st.stm32cube.common.mx_6.9.0.202307051724\\db\
2023-09-21 20:11:46,084 [INFO] CodeEngine:255 - oldGeneratedFile, C:\Users\ACER\STM32CubeIDE\workspace_1.13.0\usss\MXTmpFiles\license.tmp_save
2023-09-21 20:11:46,362 [INFO] CodeEngine:279 - Generated code: C:\Users\ACER\STM32CubeIDE\workspace_1.13.0\usss\MXTmpFiles\license.tmp
2023-09-21 20:11:46,443 [INFO] CodeEngine:255 - oldGeneratedFile, C:\Users\ACER\STM32CubeIDE\workspace_1.13.0\usss\MXTmpFiles\gpio.tmp_save
2023-09-21 20:11:46,690 [INFO] CodeEngine:279 - Generated code: C:\Users\ACER\STM32CubeIDE\workspace_1.13.0\usss\MXTmpFiles\gpio.tmp
2023-09-21 20:11:46,819 [INFO] CodeEngine:255 - oldGeneratedFile, C:\Users\ACER\STM32CubeIDE\workspace_1.13.0\usss\Core\Src\stm32f4xx_it.c_save
2023-09-21 20:11:47,223 [INFO] CodeEngine:279 - Generated code: C:\Users\ACER\STM32CubeIDE\workspace_1.13.0\usss\Core\Src\stm32f4xx_it.c
2023-09-21 20:11:47,244 [INFO] CodeEngine:255 - oldGeneratedFile, C:\Users\ACER\STM32CubeIDE\workspace_1.13.0\usss\Core\Inc\stm32f4xx_it.h_save
2023-09-21 20:11:47,369 [INFO] CodeEngine:279 - Generated code: C:\Users\ACER\STM32CubeIDE\workspace_1.13.0\usss\Core\Inc\stm32f4xx_it.h
2023-09-21 20:11:47,398 [INFO] CodeEngine:255 - oldGeneratedFile, C:\Users\ACER\STM32CubeIDE\workspace_1.13.0\usss\Core\Src\stm32f4xx_hal_msp.c_save
2023-09-21 20:11:47,589 [INFO] CodeEngine:279 - Generated code: C:\Users\ACER\STM32CubeIDE\workspace_1.13.0\usss\Core\Src\stm32f4xx_hal_msp.c
2023-09-21 20:11:47,593 [INFO] CodeEngine:255 - oldGeneratedFile, C:\Users\ACER\STM32CubeIDE\workspace_1.13.0\usss\MXTmpFiles\system.tmp_save
2023-09-21 20:11:47,678 [INFO] CodeEngine:279 - Generated code: C:\Users\ACER\STM32CubeIDE\workspace_1.13.0\usss\MXTmpFiles\system.tmp
2023-09-21 20:11:47,701 [INFO] CodeEngine:311 - oldGeneratedFile, C:\Users\ACER\STM32CubeIDE\workspace_1.13.0\usss\Core\Inc\stm32f4xx_hal_conf.h_save
2023-09-21 20:11:47,927 [INFO] CodeEngine:335 - Generated code: C:\Users\ACER\STM32CubeIDE\workspace_1.13.0\usss\Core\Inc\stm32f4xx_hal_conf.h
2023-09-21 20:11:48,030 [INFO] CodeEngine:255 - oldGeneratedFile, C:\Users\ACER\STM32CubeIDE\workspace_1.13.0\usss\Core\Inc\main.h_save
2023-09-21 20:11:48,155 [INFO] CodeEngine:279 - Generated code: C:\Users\ACER\STM32CubeIDE\workspace_1.13.0\usss\Core\Inc\main.h
2023-09-21 20:11:48,180 [INFO] CodeEngine:255 - oldGeneratedFile, C:\Users\ACER\STM32CubeIDE\workspace_1.13.0\usss\Core\Src\main.c_save
2023-09-21 20:11:48,374 [INFO] CodeEngine:279 - Generated code: C:\Users\ACER\STM32CubeIDE\workspace_1.13.0\usss\Core\Src\main.c
2023-09-21 20:11:49,154 [INFO] ProjectBuilder:3064 - Time for Copy HAL[1] : 256mS.
2023-09-21 20:11:49,160 [INFO] ProjectBuilder:4404 - Project Generator version: 4.1.0
2023-09-21 20:11:49,574 [INFO] ConfigFileManager:1457 - The Die is : DIE431
2023-09-21 20:11:53,364 [INFO] ProjectBuilder:4626 - Time for Generating toolchain IDE Files: 4203mS.
2023-09-21 20:11:53,365 [INFO] ProjectBuilder:2935 - Time for Copy CMSIS : 1mS.
2023-09-21 20:11:53,370 [INFO] ProjectBuilder:2935 - Time for Copy CMSIS : 0mS.
2023-09-21 22:37:42,013 [ERROR] LogOutputStream:75 - [STDERR_REDIRECT] 
