2024-01-21 16:19:47,023 [INFO] Activator:176 - 


2024-01-21 16:19:47,031 [INFO] Activator:177 - !SESSION log4j initialized
2024-01-21 16:19:57,954 [INFO] LogOutputStream:77 - [STDOUT_REDIRECT] 
2024-01-21 16:20:29,705 [INFO] ApplicationProperties:184 - Using Application install path: C:\ST\STM32CubeIDE_1.13.0\STM32CubeIDE\plugins\com.st.stm32cube.common.mx_6.9.0.202307051724
2024-01-21 16:20:29,732 [INFO] DbMcusXml:78 - Set database path to: C:\ST\STM32CubeIDE_1.13.0\STM32CubeIDE\plugins\com.st.stm32cube.common.mx_6.9.0.202307051724\\db\/mcu/
2024-01-21 16:20:29,733 [INFO] ApiDb:274 - Set plugin database path to: C:\ST\STM32CubeIDE_1.13.0\STM32CubeIDE\plugins\com.st.stm32cube.common.mx_6.9.0.202307051724\\db\/plugins/boardmanager/
2024-01-21 16:20:29,733 [WARN] ApiDb:259 - Overriding images path with different value:  => C:\ST\STM32CubeIDE_1.13.0\STM32CubeIDE\plugins\com.st.stm32cube.common.mx_6.9.0.202307051724\\db\/plugins/mcufinder/images/
2024-01-21 16:20:29,749 [INFO] ApiDb:250 - Set database path to: C:\Users\ACER\.stmcufinder\plugins\mcufinder//mcu/
2024-01-21 16:20:29,751 [INFO] DbMcusAds:125 - Set database path to: C:\Users\ACER\.stmcufinder\plugins\mcufinder//mcu/
2024-01-21 16:20:29,787 [INFO] CrossReferenceDbSqlite:203 - Set database path to: C:\Users\ACER\.stmcufinder\plugins\mcufinder//mcu/cs/
2024-01-21 16:20:29,948 [INFO] RulesReader:64 - Compatibility file has been processed (293 Rules)
2024-01-21 16:20:30,044 [INFO] DbMcusXml:78 - Set database path to: C:\ST\STM32CubeIDE_1.13.0\STM32CubeIDE\plugins\com.st.stm32cube.common.mx_6.9.0.202307051724\\db\/mcu/
2024-01-21 16:20:30,044 [INFO] ApiDb:274 - Set plugin database path to: C:\ST\STM32CubeIDE_1.13.0\STM32CubeIDE\plugins\com.st.stm32cube.common.mx_6.9.0.202307051724\\db\/plugins/boardmanager/
2024-01-21 16:20:30,044 [INFO] ApiDb:261 - Set plugin images path to: C:\ST\STM32CubeIDE_1.13.0\STM32CubeIDE\plugins\com.st.stm32cube.common.mx_6.9.0.202307051724\\db\/plugins/mcufinder/images/
2024-01-21 16:20:30,044 [WARN] DbFile:41 - Overriding database path with different value: C:\Users\ACER\.stmcufinder\plugins\mcufinder/ => C:\Users\ACER\.stmcufinder\plugins\mcufinder
2024-01-21 16:20:30,044 [INFO] ApiDb:250 - Set database path to: C:\Users\ACER\.stmcufinder\plugins\mcufinder//mcu/
2024-01-21 16:20:30,044 [WARN] DbFile:41 - Overriding database path with different value: C:\Users\ACER\.stmcufinder\plugins\mcufinder/ => C:\Users\ACER\.stmcufinder\plugins\mcufinder
2024-01-21 16:20:30,044 [INFO] DbMcusAds:125 - Set database path to: C:\Users\ACER\.stmcufinder\plugins\mcufinder//mcu/
2024-01-21 16:20:30,045 [WARN] DbFile:41 - Overriding database path with different value: C:\Users\ACER\.stmcufinder\plugins\mcufinder/ => C:\Users\ACER\.stmcufinder\plugins\mcufinder
2024-01-21 16:20:30,045 [WARN] DbFile:41 - Overriding database path with different value: C:\Users\ACER\.stmcufinder\plugins\mcufinder/ => C:\Users\ACER\.stmcufinder\plugins\mcufinder
2024-01-21 16:20:30,045 [INFO] CrossReferenceDbSqlite:203 - Set database path to: C:\Users\ACER\.stmcufinder\plugins\mcufinder//mcu/cs/
2024-01-21 16:20:30,137 [INFO] MainPanel:262 - HeapMemory: 268435456
2024-01-21 16:20:30,269 [INFO] DbMcusXml:78 - Set database path to: C:\ST\STM32CubeIDE_1.13.0\STM32CubeIDE\plugins\com.st.stm32cube.common.mx_6.9.0.202307051724\\db\/mcu/
2024-01-21 16:20:30,269 [INFO] ApiDb:274 - Set plugin database path to: C:\ST\STM32CubeIDE_1.13.0\STM32CubeIDE\plugins\com.st.stm32cube.common.mx_6.9.0.202307051724\\db\/plugins/boardmanager/
2024-01-21 16:20:30,269 [INFO] ApiDb:261 - Set plugin images path to: C:\ST\STM32CubeIDE_1.13.0\STM32CubeIDE\plugins\com.st.stm32cube.common.mx_6.9.0.202307051724\\db\/plugins/mcufinder/images/
2024-01-21 16:20:30,270 [WARN] DbFile:41 - Overriding database path with different value: C:\Users\ACER\.stmcufinder\plugins\mcufinder/ => C:\Users\ACER\.stmcufinder\plugins\mcufinder
2024-01-21 16:20:30,270 [INFO] ApiDb:250 - Set database path to: C:\Users\ACER\.stmcufinder\plugins\mcufinder//mcu/
2024-01-21 16:20:30,270 [WARN] DbFile:41 - Overriding database path with different value: C:\Users\ACER\.stmcufinder\plugins\mcufinder/ => C:\Users\ACER\.stmcufinder\plugins\mcufinder
2024-01-21 16:20:30,271 [INFO] DbMcusAds:125 - Set database path to: C:\Users\ACER\.stmcufinder\plugins\mcufinder//mcu/
2024-01-21 16:20:30,271 [WARN] DbFile:41 - Overriding database path with different value: C:\Users\ACER\.stmcufinder\plugins\mcufinder/ => C:\Users\ACER\.stmcufinder\plugins\mcufinder
2024-01-21 16:20:30,271 [WARN] DbFile:41 - Overriding database path with different value: C:\Users\ACER\.stmcufinder\plugins\mcufinder/ => C:\Users\ACER\.stmcufinder\plugins\mcufinder
2024-01-21 16:20:30,271 [INFO] CrossReferenceDbSqlite:203 - Set database path to: C:\Users\ACER\.stmcufinder\plugins\mcufinder//mcu/cs/
2024-01-21 16:20:30,291 [INFO] ApplicationProperties:184 - Using Application install path: C:\ST\STM32CubeIDE_1.13.0\STM32CubeIDE\plugins\com.st.stm32cube.common.mx_6.9.0.202307051724
2024-01-21 16:20:30,293 [INFO] PluginManage:196 - Search for loadable plugins [exclusion list=, ]
2024-01-21 16:20:30,294 [INFO] PluginManage:310 - Check plugin analytics
2024-01-21 16:20:35,546 [INFO] AnalyticsPlugin:253 - Accepted Software Licenses: 
2024-01-21 16:20:35,546 [INFO] AnalyticsPlugin:255 - Accepted CMSIS Pack Licenses: 
2024-01-21 16:20:35,547 [INFO] AnalyticsPlugin:257 - Accepted Firmware Licenses: FW.WB.1.17.0
2024-01-21 16:20:35,549 [INFO] PluginManage:359 - Loaded plugin analytics (category:tool,tabindex:-1)
2024-01-21 16:20:35,550 [INFO] PluginManage:310 - Check plugin cadmodel
2024-01-21 16:20:35,566 [INFO] CADModel:105 - Init CAD model plugin
2024-01-21 16:20:35,566 [INFO] PluginManage:359 - Loaded plugin cadmodel (category:power,tabindex:5)
2024-01-21 16:20:35,567 [INFO] PluginManage:310 - Check plugin clock
2024-01-21 16:20:35,598 [INFO] PluginManage:359 - Loaded plugin clock (category:base,tabindex:2)
2024-01-21 16:20:35,598 [INFO] PluginManage:310 - Check plugin ddr
2024-01-21 16:20:35,606 [INFO] PluginManage:359 - Loaded plugin ddr (category:tool,tabindex:6)
2024-01-21 16:20:35,606 [INFO] PluginManage:310 - Check plugin filemanager
2024-01-21 16:20:35,758 [INFO] PluginManage:359 - Loaded plugin filemanager (category:base,tabindex:10)
2024-01-21 16:20:35,758 [INFO] PluginManage:310 - Check plugin ipmanager
2024-01-21 16:20:35,767 [INFO] PluginManage:359 - Loaded plugin ipmanager (category:base,tabindex:5)
2024-01-21 16:20:35,767 [INFO] PluginManage:310 - Check plugin lpbam
2024-01-21 16:20:35,784 [INFO] PluginManage:359 - Loaded plugin lpbam (category:base,tabindex:0)
2024-01-21 16:20:35,784 [INFO] PluginManage:310 - Check plugin memorymap
2024-01-21 16:20:35,809 [INFO] PluginManage:359 - Loaded plugin memorymap (category:base,tabindex:4)
2024-01-21 16:20:35,809 [INFO] PluginManage:310 - Check plugin pinoutandconfiguration
2024-01-21 16:20:35,830 [INFO] PluginManage:359 - Loaded plugin pinoutandconfiguration (category:base,tabindex:1)
2024-01-21 16:20:35,830 [INFO] PluginManage:310 - Check plugin pinoutconfig
2024-01-21 16:20:35,989 [WARN] SupportedApi:132 - Cannot load RTOS API schema: s4s-elt-must-match.1: The content of 'definitions' must match (annotation?, (simpleType | complexType)?, (unique | key | keyref)*)). A problem was found starting at: attribute.
2024-01-21 16:20:36,155 [INFO] PluginManage:359 - Loaded plugin pinoutconfig (category:base,tabindex:0)
2024-01-21 16:20:36,155 [INFO] PluginManage:310 - Check plugin power
2024-01-21 16:20:36,177 [INFO] PluginManage:359 - Loaded plugin power (category:power,tabindex:4)
2024-01-21 16:20:36,177 [INFO] PluginManage:310 - Check plugin projectmanager
2024-01-21 16:20:36,190 [INFO] PluginManage:359 - Loaded plugin projectmanager (category:projectmanager,tabindex:3)
2024-01-21 16:20:36,191 [INFO] PluginManage:310 - Check plugin thirdparty
2024-01-21 16:20:36,479 [INFO] PluginManage:359 - Loaded plugin thirdparty (category:base,tabindex:-1)
2024-01-21 16:20:36,479 [WARN] IntegrityCheckThread:84 - waiting for thirdparty lock release [integrity check]
2024-01-21 16:20:36,479 [INFO] PluginManage:310 - Check plugin tools
2024-01-21 16:20:36,479 [INFO] IntegrityCheckThread:86 - entering critical section [integrity check]
2024-01-21 16:20:36,480 [INFO] ThirdPartyUpdaterWithRetryManager:70 - Updater plugin not ready yet. [1/15]
2024-01-21 16:20:36,512 [INFO] PluginManage:359 - Loaded plugin tools (category:base,tabindex:7)
2024-01-21 16:20:36,512 [INFO] PluginManage:310 - Check plugin tutovideos
2024-01-21 16:20:36,743 [INFO] PluginManage:359 - Loaded plugin tutovideos (category:base,tabindex:-1)
2024-01-21 16:20:36,743 [INFO] PluginManage:310 - Check plugin updater
2024-01-21 16:20:36,757 [INFO] PluginManage:359 - Loaded plugin updater (category:base,tabindex:12)
2024-01-21 16:20:36,757 [INFO] PluginManage:310 - Check plugin userauth
2024-01-21 16:20:36,764 [INFO] UserAuth:113 - Init User Auth plugin
2024-01-21 16:20:36,764 [INFO] PluginManage:359 - Loaded plugin userauth (category:base,tabindex:14)
2024-01-21 16:20:36,765 [INFO] PluginManage:283 - PluginManage : Loaded plugins [17]
2024-01-21 16:20:37,000 [INFO] PinOutPanel:1499 - setPackage(No Configuration,No Configuration)
2024-01-21 16:20:37,122 [INFO] CADModel:165 - CPN selected for project level
2024-01-21 16:20:37,123 [INFO] CADModel:114 - Register for checkConnection events
2024-01-21 16:20:37,152 [INFO] IPUIPlugin:80 - create IPUIPlugin
2024-01-21 16:20:37,152 [INFO] PluginManager:220 - loadIPPluginJar : add adc
2024-01-21 16:20:37,184 [INFO] IPUIPlugin:80 - create IPUIPlugin
2024-01-21 16:20:37,184 [INFO] PluginManager:220 - loadIPPluginJar : add aes
2024-01-21 16:20:37,222 [INFO] IPUIPlugin:80 - create IPUIPlugin
2024-01-21 16:20:37,222 [INFO] PluginManager:220 - loadIPPluginJar : add can
2024-01-21 16:20:37,245 [INFO] IPUIPlugin:80 - create IPUIPlugin
2024-01-21 16:20:37,246 [INFO] PluginManager:220 - loadIPPluginJar : add comp
2024-01-21 16:20:37,279 [INFO] IPUIPlugin:80 - create IPUIPlugin
2024-01-21 16:20:37,279 [INFO] PluginManager:220 - loadIPPluginJar : add cryp
2024-01-21 16:20:37,308 [INFO] IPUIPlugin:80 - create IPUIPlugin
2024-01-21 16:20:37,308 [INFO] PluginManager:220 - loadIPPluginJar : add dfsdm
2024-01-21 16:20:37,320 [INFO] IPUIPlugin:80 - create IPUIPlugin
2024-01-21 16:20:37,321 [INFO] PluginManager:220 - loadIPPluginJar : add dma
2024-01-21 16:20:37,358 [INFO] IPUIPlugin:80 - create IPUIPlugin
2024-01-21 16:20:37,358 [INFO] PluginManager:220 - loadIPPluginJar : add dma3
2024-01-21 16:20:37,376 [INFO] IPUIPlugin:80 - create IPUIPlugin
2024-01-21 16:20:37,376 [INFO] PluginManager:220 - loadIPPluginJar : add fatfs
2024-01-21 16:20:37,417 [INFO] IPUIPlugin:80 - create IPUIPlugin
2024-01-21 16:20:37,417 [INFO] PluginManager:220 - loadIPPluginJar : add fmc
2024-01-21 16:20:37,432 [INFO] IPUIPlugin:80 - create IPUIPlugin
2024-01-21 16:20:37,433 [INFO] PluginManager:220 - loadIPPluginJar : add freertos
2024-01-21 16:20:37,450 [INFO] IPUIPlugin:80 - create IPUIPlugin
2024-01-21 16:20:37,450 [INFO] PluginManager:220 - loadIPPluginJar : add genericplugin
2024-01-21 16:20:37,535 [INFO] IPUIPlugin:80 - create IPUIPlugin
2024-01-21 16:20:37,535 [INFO] PluginManager:220 - loadIPPluginJar : add gfxmmu
2024-01-21 16:20:37,660 [INFO] IPUIPlugin:80 - create IPUIPlugin
2024-01-21 16:20:37,660 [INFO] PluginManager:220 - loadIPPluginJar : add gic
2024-01-21 16:20:37,688 [INFO] IPUIPlugin:80 - create IPUIPlugin
2024-01-21 16:20:37,688 [INFO] PluginManager:220 - loadIPPluginJar : add gpio
2024-01-21 16:20:37,766 [INFO] IPUIPlugin:80 - create IPUIPlugin
2024-01-21 16:20:37,766 [INFO] PluginManager:220 - loadIPPluginJar : add gtzc
2024-01-21 16:20:37,799 [INFO] IPUIPlugin:80 - create IPUIPlugin
2024-01-21 16:20:37,800 [INFO] PluginManager:220 - loadIPPluginJar : add hash
2024-01-21 16:20:37,846 [INFO] IPUIPlugin:80 - create IPUIPlugin
2024-01-21 16:20:37,847 [INFO] PluginManager:220 - loadIPPluginJar : add i2c
2024-01-21 16:20:37,884 [INFO] IPUIPlugin:80 - create IPUIPlugin
2024-01-21 16:20:37,884 [INFO] PluginManager:220 - loadIPPluginJar : add i2s
2024-01-21 16:20:37,924 [INFO] IPUIPlugin:80 - create IPUIPlugin
2024-01-21 16:20:37,924 [INFO] PluginManager:220 - loadIPPluginJar : add i3c
2024-01-21 16:20:38,030 [INFO] IPUIPlugin:80 - create IPUIPlugin
2024-01-21 16:20:38,030 [INFO] PluginManager:220 - loadIPPluginJar : add ipddr
2024-01-21 16:20:38,135 [INFO] IPUIPlugin:80 - create IPUIPlugin
2024-01-21 16:20:38,135 [INFO] PluginManager:220 - loadIPPluginJar : add linkedlist
2024-01-21 16:20:38,168 [INFO] IPUIPlugin:80 - create IPUIPlugin
2024-01-21 16:20:38,168 [INFO] PluginManager:220 - loadIPPluginJar : add lorawan
2024-01-21 16:20:38,201 [INFO] IPUIPlugin:80 - create IPUIPlugin
2024-01-21 16:20:38,201 [INFO] PluginManager:220 - loadIPPluginJar : add ltdc
2024-01-21 16:20:38,216 [INFO] IPUIPlugin:80 - create IPUIPlugin
2024-01-21 16:20:38,216 [INFO] PluginManager:220 - loadIPPluginJar : add mdma
2024-01-21 16:20:38,229 [INFO] IPUIPlugin:80 - create IPUIPlugin
2024-01-21 16:20:38,229 [INFO] PluginManager:220 - loadIPPluginJar : add nvic
2024-01-21 16:20:38,261 [INFO] IPUIPlugin:80 - create IPUIPlugin
2024-01-21 16:20:38,261 [INFO] PluginManager:220 - loadIPPluginJar : add opamp
2024-01-21 16:20:38,313 [INFO] IPUIPlugin:80 - create IPUIPlugin
2024-01-21 16:20:38,313 [INFO] PluginManager:220 - loadIPPluginJar : add openamp
2024-01-21 16:20:38,351 [INFO] IPUIPlugin:80 - create IPUIPlugin
2024-01-21 16:20:38,351 [INFO] PluginManager:220 - loadIPPluginJar : add pdm2pcm
2024-01-21 16:20:38,366 [INFO] IPUIPlugin:80 - create IPUIPlugin
2024-01-21 16:20:38,369 [INFO] PluginManager:220 - loadIPPluginJar : add plateformsettings
2024-01-21 16:20:38,388 [INFO] IPUIPlugin:80 - create IPUIPlugin
2024-01-21 16:20:38,388 [INFO] PluginManager:220 - loadIPPluginJar : add quadspi
2024-01-21 16:20:38,401 [INFO] IPUIPlugin:80 - create IPUIPlugin
2024-01-21 16:20:38,401 [INFO] PluginManager:220 - loadIPPluginJar : add resmgrutility
2024-01-21 16:20:38,449 [INFO] IPUIPlugin:80 - create IPUIPlugin
2024-01-21 16:20:38,449 [INFO] PluginManager:220 - loadIPPluginJar : add sai
2024-01-21 16:20:38,489 [INFO] IPUIPlugin:80 - create IPUIPlugin
2024-01-21 16:20:38,489 [INFO] PluginManager:220 - loadIPPluginJar : add spi
2024-01-21 16:20:38,555 [INFO] IPUIPlugin:80 - create IPUIPlugin
2024-01-21 16:20:38,555 [INFO] PluginManager:220 - loadIPPluginJar : add stm32_wpan
2024-01-21 16:20:38,589 [INFO] IPUIPlugin:80 - create IPUIPlugin
2024-01-21 16:20:38,589 [INFO] PluginManager:220 - loadIPPluginJar : add tim
2024-01-21 16:20:38,639 [INFO] IPUIPlugin:80 - create IPUIPlugin
2024-01-21 16:20:38,640 [INFO] PluginManager:220 - loadIPPluginJar : add touchsensing
2024-01-21 16:20:38,659 [INFO] IPUIPlugin:80 - create IPUIPlugin
2024-01-21 16:20:38,659 [INFO] PluginManager:220 - loadIPPluginJar : add tracer_emb
2024-01-21 16:20:38,679 [INFO] IPUIPlugin:80 - create IPUIPlugin
2024-01-21 16:20:38,679 [INFO] PluginManager:220 - loadIPPluginJar : add ts
2024-01-21 16:20:38,698 [INFO] IPUIPlugin:80 - create IPUIPlugin
2024-01-21 16:20:38,698 [INFO] PluginManager:220 - loadIPPluginJar : add tsc
2024-01-21 16:20:38,718 [INFO] IPUIPlugin:80 - create IPUIPlugin
2024-01-21 16:20:38,718 [INFO] PluginManager:220 - loadIPPluginJar : add ucpd
2024-01-21 16:20:38,756 [INFO] IPUIPlugin:80 - create IPUIPlugin
2024-01-21 16:20:38,756 [INFO] PluginManager:220 - loadIPPluginJar : add usart
2024-01-21 16:20:38,796 [INFO] IPUIPlugin:80 - create IPUIPlugin
2024-01-21 16:20:38,796 [INFO] PluginManager:220 - loadIPPluginJar : add usbx
2024-01-21 16:20:38,921 [INFO] CADModel:165 - CPN selected for project level
2024-01-21 16:20:38,921 [INFO] CADModel:114 - Register for checkConnection events
2024-01-21 16:20:38,922 [FATAL] Updater:308 - Updater called before beeing initialized
2024-01-21 16:20:38,922 [ERROR] CADModel:125 - Updater not yet initialized, retry later 
2024-01-21 16:20:39,130 [INFO] CADModel:165 - CPN selected for project level
2024-01-21 16:20:39,130 [INFO] CADModel:114 - Register for checkConnection events
2024-01-21 16:20:39,130 [FATAL] Updater:308 - Updater called before beeing initialized
2024-01-21 16:20:39,130 [ERROR] CADModel:125 - Updater not yet initialized, retry later 
2024-01-21 16:20:39,134 [FATAL] Updater:308 - Updater called before beeing initialized
2024-01-21 16:20:39,246 [FATAL] Updater:308 - Updater called before beeing initialized
2024-01-21 16:20:39,257 [INFO] DbMcusAds:53 - JSON generation date=Wed Nov 29 17:52:27 ICT 2023 (1701255147349)
2024-01-21 16:20:39,257 [FATAL] Updater:308 - Updater called before beeing initialized
2024-01-21 16:20:39,335 [WARN] DetailPanel:346 - Failed to get advertising image, set to default
2024-01-21 16:20:39,419 [FATAL] Updater:308 - Updater called before beeing initialized
2024-01-21 16:20:39,421 [FATAL] Updater:308 - Updater called before beeing initialized
2024-01-21 16:20:39,421 [FATAL] Updater:308 - Updater called before beeing initialized
2024-01-21 16:20:39,421 [WARN] DetailPanel:346 - Failed to get advertising image, set to default
2024-01-21 16:20:39,422 [FATAL] Updater:308 - Updater called before beeing initialized
2024-01-21 16:20:39,483 [INFO] ThirdPartyUpdaterWithRetryManager:70 - Updater plugin not ready yet. [2/15]
2024-01-21 16:20:39,488 [ERROR] Updater:1120 - MainUpdater not yet initialized. External WinMGr cannot be set.
2024-01-21 16:20:39,498 [INFO] Updater:1056 - Updater Version found : 6.9.0
2024-01-21 16:20:39,524 [INFO] ApplicationProperties:184 - Using Application install path: C:\ST\STM32CubeIDE_1.13.0\STM32CubeIDE\plugins\com.st.stm32cube.common.mx_6.9.0.202307051724
2024-01-21 16:20:39,726 [INFO] MainUpdater:2868 - connection check result : 10
2024-01-21 16:20:39,727 [INFO] MainUpdater:285 - Updater Check For Update Now.
2024-01-21 16:20:39,727 [INFO] MicroXplorer:498 - Change Database Version : DB.6.0.90
2024-01-21 16:20:39,745 [INFO] McuFinderGlobals:63 - Set McuFinder mode to 2 (CubeIDE integrated)
2024-01-21 16:20:39,745 [INFO] UserAuth:179 - activating auth plugin
2024-01-21 16:20:39,748 [INFO] UserAuth:393 - Internet connection configuration mode: 1
2024-01-21 16:20:39,789 [INFO] JxBrowserEngine:151 - Initiate JxBrowser Engine with user profile folder
2024-01-21 16:20:39,971 [INFO] CheckServerUpdateThread:120 - End of CheckServer Thread
2024-01-21 16:20:42,316 [INFO] WebApp:157 - Instantiating new browser for Auth
2024-01-21 16:20:42,716 [WARN] PackLoader:240 - Cannot read IP mode file for STMicroelectronics.X-CUBE-SMBUS.2.1.0
2024-01-21 16:20:42,734 [WARN] PackLoader:240 - Cannot read IP mode file for STMicroelectronics.X-CUBE-TOUCHGFX.4.23.0
2024-01-21 16:20:42,787 [WARN] PackLoader:240 - Cannot read IP mode file for STMicroelectronics.X-CUBE-AZRTOS-F7.1.1.0
2024-01-21 16:20:42,820 [WARN] PackLoader:240 - Cannot read IP mode file for STMicroelectronics.FP-SNS-MOTENV1.4.3.2
2024-01-21 16:20:42,845 [ERROR] RealEvaluatedCondition:428 - Found unsupported composite condition: GROUP='STM32_MetaDataManager' CLASS='Data Exchange'
2024-01-21 16:20:42,846 [ERROR] RealEvaluatedCondition:428 - Found unsupported composite condition: CLASS='Data Exchange' GROUP='STM32_MetaDataManager'
2024-01-21 16:20:42,848 [WARN] PackLoader:240 - Cannot read IP mode file for STMicroelectronics.FP-SNS-MOTENV1.4.3.1
2024-01-21 16:20:42,869 [WARN] PackLoader:240 - Cannot read IP mode file for STMicroelectronics.FP-SNS-FLIGHT1.5.0.1
2024-01-21 16:20:42,896 [WARN] PackLoader:240 - Cannot read IP mode file for STMicroelectronics.X-CUBE-BLE1.6.2.4
2024-01-21 16:20:42,917 [WARN] PackLoader:240 - Cannot read IP mode file for STMicroelectronics.FP-SNS-FLIGHT1.5.0.2
2024-01-21 16:20:42,948 [WARN] PackLoader:240 - Cannot read IP mode file for STMicroelectronics.X-CUBE-DISPLAY.3.0.0
2024-01-21 16:20:42,977 [WARN] PackLoader:240 - Cannot read IP mode file for STMicroelectronics.X-CUBE-BLE1.7.0.0
2024-01-21 16:20:42,999 [WARN] PackLoader:240 - Cannot read IP mode file for STMicroelectronics.X-CUBE-TOUCHGFX.4.22.0
2024-01-21 16:20:43,017 [WARN] PackLoader:240 - Cannot read IP mode file for STMicroelectronics.X-CUBE-TOUCHGFX.4.22.1
2024-01-21 16:20:43,034 [WARN] PackLoader:240 - Cannot read IP mode file for STMicroelectronics.FP-SNS-SMARTAG2.1.2.0
2024-01-21 16:20:43,064 [INFO] LogOutputStream:77 - [STDOUT_REDIRECT] 1 : Invalid condition id : UX_CORESTACK_Condition cause : null
2024-01-21 16:20:43,065 [INFO] LogOutputStream:77 - [STDOUT_REDIRECT] 1 : Invalid condition id : UX_CORESTACK_Condition cause : null
2024-01-21 16:20:43,066 [INFO] LogOutputStream:77 - [STDOUT_REDIRECT] 1 : Invalid condition id : UX_CORESTACK_Condition cause : null
2024-01-21 16:20:43,067 [INFO] LogOutputStream:77 - [STDOUT_REDIRECT] 1 : Invalid condition id : UX_CORESTACK_Condition cause : null
2024-01-21 16:20:43,069 [INFO] LogOutputStream:77 - [STDOUT_REDIRECT] 1 : Invalid condition id : UX_CORESTACK_Condition cause : null
2024-01-21 16:20:43,075 [WARN] PackLoader:240 - Cannot read IP mode file for STMicroelectronics.X-CUBE-AZRTOS-WL.2.0.0
2024-01-21 16:20:43,098 [WARN] PackLoader:240 - Cannot read IP mode file for WES.I-CUBE-Cesium.1.3.0
2024-01-21 16:20:43,115 [WARN] PackLoader:240 - Cannot read IP mode file for STMicroelectronics.X-CUBE-BLE2.3.3.0
2024-01-21 16:20:43,129 [WARN] PackLoader:240 - Cannot read IP mode file for STMicroelectronics.X-CUBE-DISPLAY.2.2.0
2024-01-21 16:20:43,154 [WARN] PackLoader:240 - Cannot read IP mode file for STMicroelectronics.X-CUBE-TOF1.3.2.0
2024-01-21 16:20:43,183 [WARN] PackLoader:240 - Cannot read IP mode file for STMicroelectronics.X-CUBE-TOUCHGFX.4.21.0
2024-01-21 16:20:43,200 [WARN] PackLoader:240 - Cannot read IP mode file for STMicroelectronics.X-CUBE-TOUCHGFX.4.21.4
2024-01-21 16:20:43,221 [INFO] WebApp:753 - Register for checkConnection events
2024-01-21 16:20:43,221 [INFO] WebApp:390 - Apply proxy settings
2024-01-21 16:20:43,222 [INFO] WebApp:475 - Chromium requires no authentication
2024-01-21 16:20:43,237 [INFO] WebApp:418 - Direct internet connection detected
2024-01-21 16:20:43,282 [WARN] PackLoader:240 - Cannot read IP mode file for STMicroelectronics.X-CUBE-MEMS1.9.4.0
2024-01-21 16:20:43,432 [WARN] PackLoader:240 - Cannot read IP mode file for STMicroelectronics.X-CUBE-AI.7.3.0
2024-01-21 16:20:43,453 [WARN] PackLoader:240 - Cannot read IP mode file for STMicroelectronics.X-CUBE-ALGOBUILD.1.3.0
2024-01-21 16:20:43,491 [WARN] PackLoader:240 - Cannot read IP mode file for STMicroelectronics.X-CUBE-AZRTOS-G0.1.1.0
2024-01-21 16:20:43,510 [WARN] PackLoader:240 - Cannot read IP mode file for STMicroelectronics.X-CUBE-NFC4.3.0.0
2024-01-21 16:20:43,529 [WARN] PackLoader:240 - Cannot read IP mode file for STMicroelectronics.X-CUBE-BLEMGR.3.0.0
2024-01-21 16:20:43,549 [WARN] PackLoader:240 - Cannot read IP mode file for STMicroelectronics.X-CUBE-BLEMGR.1.3.0
2024-01-21 16:20:43,566 [WARN] PackLoader:240 - Cannot read IP mode file for STMicroelectronics.FP-ATR-SIGFOX1.3.2.0
2024-01-21 16:20:43,573 [INFO] WebApp:188 - Starting web application
2024-01-21 16:20:43,574 [INFO] WebApp:520 - Web application path used C:\ST\STM32CubeIDE_1.13.0\STM32CubeIDE\plugins\com.st.stm32cube.common.mx_6.9.0.202307051724\db\plugins\mcufinder\reactClient1\index.html
2024-01-21 16:20:43,638 [WARN] PackLoader:240 - Cannot read IP mode file for SEGGER.I-CUBE-embOS.1.3.1
2024-01-21 16:20:43,783 [WARN] PackLoader:240 - Cannot read IP mode file for SEGGER.I-CUBE-embOS.1.3.0
2024-01-21 16:20:43,872 [WARN] PackLoader:240 - Cannot read IP mode file for STMicroelectronics.X-CUBE-GNSS1.6.0.0
2024-01-21 16:20:43,919 [WARN] PackLoader:240 - Cannot read IP mode file for STMicroelectronics.X-CUBE-AZRTOS-F4.1.1.0
2024-01-21 16:20:43,965 [WARN] PackLoader:240 - Cannot read IP mode file for STMicroelectronics.X-CUBE-AZRTOS-L5.2.0.0
2024-01-21 16:20:44,042 [WARN] PackLoader:240 - Cannot read IP mode file for STMicroelectronics.X-CUBE-MEMS1.9.6.0
2024-01-21 16:20:44,239 [WARN] PackLoader:240 - Cannot read IP mode file for STMicroelectronics.X-CUBE-EEPRMA1.4.2.0
2024-01-21 16:20:44,255 [WARN] PackLoader:240 - Cannot read IP mode file for ITTIA_DB.I-CUBE-ITTIADB.8.8.0
2024-01-21 16:20:44,272 [WARN] PackLoader:240 - Cannot read IP mode file for emotas.I-CUBE-CANOPEN.1.1.3
2024-01-21 16:20:44,290 [WARN] PackLoader:240 - Cannot read IP mode file for STMicroelectronics.X-CUBE-BLEMGR.2.0.0
2024-01-21 16:20:44,307 [WARN] PackLoader:240 - Cannot read IP mode file for STMicroelectronics.X-CUBE-NFC4.2.0.5
2024-01-21 16:20:44,349 [WARN] ConditionMgr:438 - getConditionDescription Invalid condition id : UX DEVICE CLASS RTOS Condition cause : null
2024-01-21 16:20:44,349 [WARN] ConditionMgr:438 - getConditionDescription Invalid condition id : UX DEVICE CLASS RTOS Condition cause : null
2024-01-21 16:20:44,354 [WARN] PackLoader:240 - Cannot read IP mode file for STMicroelectronics.X-CUBE-AZRTOS-H7.3.1.0
2024-01-21 16:20:44,355 [WARN] ConditionMgr:1039 - genDependencies : Invalid condition id : UX DEVICE CLASS RTOS Condition cause : null
2024-01-21 16:20:44,356 [WARN] ConditionMgr:1039 - genDependencies : Invalid condition id : UX DEVICE CLASS RTOS Condition cause : null
2024-01-21 16:20:44,357 [WARN] ConditionMgr:1039 - genDependencies : Invalid condition id : UX DEVICE CLASS RTOS Condition cause : null
2024-01-21 16:20:44,357 [WARN] ConditionMgr:1039 - genDependencies : Invalid condition id : UX DEVICE CLASS RTOS Condition cause : null
2024-01-21 16:20:44,358 [WARN] ConditionMgr:1039 - genDependencies : Invalid condition id : UX DEVICE CLASS RTOS Condition cause : null
2024-01-21 16:20:44,373 [WARN] PackLoader:240 - Cannot read IP mode file for wolfSSL.I-CUBE-wolfSSL.5.5.4
2024-01-21 16:20:44,388 [WARN] PackLoader:240 - Cannot read IP mode file for STMicroelectronics.X-CUBE-NFC7.1.0.1
2024-01-21 16:20:44,404 [WARN] PackLoader:240 - Cannot read IP mode file for STMicroelectronics.X-CUBE-NFC7.1.0.0
2024-01-21 16:20:44,435 [WARN] PackLoader:240 - Cannot read IP mode file for STMicroelectronics.X-CUBE-NFC6.3.0.0
2024-01-21 16:20:44,465 [WARN] PackLoader:240 - Cannot read IP mode file for STMicroelectronics.X-CUBE-EEPRMA1.4.1.0
2024-01-21 16:20:44,492 [WARN] PackLoader:240 - Cannot read IP mode file for STMicroelectronics.X-CUBE-AI.8.1.0
2024-01-21 16:20:44,560 [WARN] ConditionMgr:438 - getConditionDescription Invalid condition id : LAN8742 Phy interface Condition cause : null
2024-01-21 16:20:44,561 [WARN] PackLoader:240 - Cannot read IP mode file for STMicroelectronics.X-CUBE-AZRTOS-L4.2.0.0
2024-01-21 16:20:44,563 [WARN] ConditionMgr:1039 - genDependencies : Invalid condition id : LAN8742 Phy interface Condition cause : null
2024-01-21 16:20:44,564 [WARN] ConditionMgr:1039 - genDependencies : Invalid condition id : LAN8742 Phy interface Condition cause : null
2024-01-21 16:20:44,565 [WARN] ConditionMgr:1039 - genDependencies : Invalid condition id : LAN8742 Phy interface Condition cause : null
2024-01-21 16:20:44,598 [WARN] PackLoader:240 - Cannot read IP mode file for STMicroelectronics.X-CUBE-SFXS2LP1.4.0.0
2024-01-21 16:20:44,673 [WARN] PackLoader:240 - Cannot read IP mode file for STMicroelectronics.X-CUBE-AZRTOS-H7.3.0.0
2024-01-21 16:20:44,701 [WARN] PackLoader:240 - Cannot read IP mode file for STMicroelectronics.X-CUBE-ISPU.1.1.0
2024-01-21 16:20:44,723 [WARN] PackLoader:240 - Cannot read IP mode file for RoweBots.I-CUBE-UNISONRTOS.5.5.0-4
2024-01-21 16:20:44,764 [WARN] ConditionMgr:438 - getConditionDescription Invalid condition id : UX DEVICE CLASS RTOS Condition cause : null
2024-01-21 16:20:44,764 [WARN] ConditionMgr:438 - getConditionDescription Invalid condition id : UX DEVICE CLASS RTOS Condition cause : null
2024-01-21 16:20:44,768 [WARN] PackLoader:240 - Cannot read IP mode file for STMicroelectronics.X-CUBE-AZRTOS-WB.2.0.0
2024-01-21 16:20:44,769 [WARN] ConditionMgr:1039 - genDependencies : Invalid condition id : UX DEVICE CLASS RTOS Condition cause : null
2024-01-21 16:20:44,769 [WARN] ConditionMgr:1039 - genDependencies : Invalid condition id : UX DEVICE CLASS RTOS Condition cause : null
2024-01-21 16:20:44,769 [WARN] ConditionMgr:1039 - genDependencies : Invalid condition id : UX DEVICE CLASS RTOS Condition cause : null
2024-01-21 16:20:44,770 [WARN] ConditionMgr:1039 - genDependencies : Invalid condition id : UX DEVICE CLASS RTOS Condition cause : null
2024-01-21 16:20:44,770 [WARN] ConditionMgr:1039 - genDependencies : Invalid condition id : UX DEVICE CLASS RTOS Condition cause : null
2024-01-21 16:20:44,796 [WARN] PackLoader:240 - Cannot read IP mode file for STMicroelectronics.X-CUBE-FREERTOS.1.0.1
2024-01-21 16:20:44,837 [WARN] PackLoader:240 - Cannot read IP mode file for STMicroelectronics.X-CUBE-AZRTOS-L5.1.1.0
2024-01-21 16:20:44,858 [WARN] PackLoader:240 - Cannot read IP mode file for STMicroelectronics.X-CUBE-AI.8.0.1
2024-01-21 16:20:44,883 [WARN] PackLoader:240 - Cannot read IP mode file for STMicroelectronics.X-CUBE-SUBG2.5.0.0
2024-01-21 16:20:44,912 [WARN] PackLoader:240 - Cannot read IP mode file for STMicroelectronics.X-CUBE-TOF1.3.3.1
2024-01-21 16:20:44,958 [WARN] PackLoader:240 - Cannot read IP mode file for STMicroelectronics.X-CUBE-AZRTOS-G4.2.0.0
2024-01-21 16:20:44,985 [WARN] PackLoader:240 - Cannot read IP mode file for STMicroelectronics.X-CUBE-TOF1.3.3.0
2024-01-21 16:20:45,008 [WARN] PackLoader:240 - Cannot read IP mode file for STMicroelectronics.FP-ATR-ASTRA1.1.1.1
2024-01-21 16:20:45,052 [WARN] PackLoader:240 - Cannot read IP mode file for Infineon.AIROC-Wi-Fi-Bluetooth-STM32.1.5.1
2024-01-21 16:20:45,069 [WARN] PackLoader:240 - Cannot read IP mode file for STMicroelectronics.FP-SNS-MOTENVWB1.1.3.0
2024-01-21 16:20:45,083 [WARN] PackLoader:240 - Cannot read IP mode file for STMicroelectronics.FP-SNS-MOTENVWB1.1.3.1
2024-01-21 16:20:45,123 [WARN] PackLoader:240 - Cannot read IP mode file for STMicroelectronics.X-CUBE-AZRTOS-G4.1.0.0
2024-01-21 16:20:45,166 [WARN] PackLoader:240 - Cannot read IP mode file for STMicroelectronics.X-CUBE-AZRTOS-L4.1.0.0
2024-01-21 16:20:45,182 [WARN] PackLoader:240 - Cannot read IP mode file for STMicroelectronics.X-CUBE-ISPU.2.0.0
2024-01-21 16:20:45,251 [WARN] PackLoader:240 - Cannot read IP mode file for STMicroelectronics.X-CUBE-MEMS1.10.0.0
2024-01-21 16:20:45,399 [WARN] PackLoader:240 - Cannot read IP mode file for STMicroelectronics.X-CUBE-FREERTOS.1.1.0
2024-01-21 16:20:45,435 [WARN] PackLoader:240 - Cannot read IP mode file for STMicroelectronics.X-CUBE-AZRTOS-WL.1.0.0
2024-01-21 16:20:45,459 [WARN] PackLoader:240 - Cannot read IP mode file for portGmbH.I-Cube-SoM-uGOAL.1.1.0
2024-01-21 16:20:45,482 [WARN] PackLoader:240 - Cannot read IP mode file for STMicroelectronics.X-CUBE-ALS.1.0.1
2024-01-21 16:20:45,523 [WARN] PackLoader:240 - Cannot read IP mode file for STMicroelectronics.X-CUBE-AZRTOS-WB.1.1.0
2024-01-21 16:20:45,555 [WARN] PackLoader:240 - Cannot read IP mode file for STMicroelectronics.FP-ATR-ASTRA1.2.0.0
2024-01-21 16:20:45,594 [WARN] PackLoader:240 - Cannot read IP mode file for STMicroelectronics.X-CUBE-TOF1.3.4.0
2024-01-21 16:20:45,661 [WARN] PackLoader:240 - Cannot read IP mode file for STMicroelectronics.X-CUBE-AZRTOS-H7.3.2.0
2024-01-21 16:20:45,664 [INFO] ThirdParty:978 - Integrity check success = true
2024-01-21 16:20:45,664 [INFO] IntegrityCheckThread:100 - exiting critical section [integrity check]
2024-01-21 16:20:45,664 [INFO] IntegrityCheckThread:103 - End integrity checks thread
2024-01-21 16:21:05,034 [ERROR] LogOutputStream:75 - [STDERR_REDIRECT] SLF4J: Failed to load class "org.slf4j.impl.StaticLoggerBinder".
2024-01-21 16:21:05,034 [ERROR] LogOutputStream:75 - [STDERR_REDIRECT] SLF4J: Defaulting to no-operation (NOP) logger implementation
2024-01-21 16:21:05,035 [ERROR] LogOutputStream:75 - [STDERR_REDIRECT] SLF4J: See http://www.slf4j.org/codes.html#StaticLoggerBinder for further details.
2024-01-21 18:51:47,329 [ERROR] LogOutputStream:75 - [STDERR_REDIRECT] 
