2023-11-29 12:38:49,339 [INFO] Activator:176 - 


2023-11-29 12:38:49,346 [INFO] Activator:177 - !SESSION log4j initialized
2023-11-29 12:38:59,330 [INFO] LogOutputStream:77 - [STDOUT_REDIRECT] 
2023-11-29 12:39:28,301 [INFO] ApplicationProperties:184 - Using Application install path: C:\ST\STM32CubeIDE_1.13.0\STM32CubeIDE\plugins\com.st.stm32cube.common.mx_6.9.0.202307051724
2023-11-29 12:39:28,341 [INFO] DbMcusXml:78 - Set database path to: C:\ST\STM32CubeIDE_1.13.0\STM32CubeIDE\plugins\com.st.stm32cube.common.mx_6.9.0.202307051724\\db\/mcu/
2023-11-29 12:39:28,342 [INFO] ApiDb:274 - Set plugin database path to: C:\ST\STM32CubeIDE_1.13.0\STM32CubeIDE\plugins\com.st.stm32cube.common.mx_6.9.0.202307051724\\db\/plugins/boardmanager/
2023-11-29 12:39:28,343 [WARN] ApiDb:259 - Overriding images path with different value:  => C:\ST\STM32CubeIDE_1.13.0\STM32CubeIDE\plugins\com.st.stm32cube.common.mx_6.9.0.202307051724\\db\/plugins/mcufinder/images/
2023-11-29 12:39:28,377 [INFO] ApiDb:250 - Set database path to: C:\Users\ACER\.stmcufinder\plugins\mcufinder//mcu/
2023-11-29 12:39:28,380 [INFO] DbMcusAds:125 - Set database path to: C:\Users\ACER\.stmcufinder\plugins\mcufinder//mcu/
2023-11-29 12:39:28,402 [INFO] CrossReferenceDbSqlite:203 - Set database path to: C:\Users\ACER\.stmcufinder\plugins\mcufinder//mcu/cs/
2023-11-29 12:39:28,636 [INFO] RulesReader:64 - Compatibility file has been processed (293 Rules)
2023-11-29 12:39:28,825 [INFO] DbMcusXml:78 - Set database path to: C:\ST\STM32CubeIDE_1.13.0\STM32CubeIDE\plugins\com.st.stm32cube.common.mx_6.9.0.202307051724\\db\/mcu/
2023-11-29 12:39:28,825 [INFO] ApiDb:274 - Set plugin database path to: C:\ST\STM32CubeIDE_1.13.0\STM32CubeIDE\plugins\com.st.stm32cube.common.mx_6.9.0.202307051724\\db\/plugins/boardmanager/
2023-11-29 12:39:28,825 [INFO] ApiDb:261 - Set plugin images path to: C:\ST\STM32CubeIDE_1.13.0\STM32CubeIDE\plugins\com.st.stm32cube.common.mx_6.9.0.202307051724\\db\/plugins/mcufinder/images/
2023-11-29 12:39:28,826 [WARN] DbFile:41 - Overriding database path with different value: C:\Users\ACER\.stmcufinder\plugins\mcufinder/ => C:\Users\ACER\.stmcufinder\plugins\mcufinder
2023-11-29 12:39:28,827 [INFO] ApiDb:250 - Set database path to: C:\Users\ACER\.stmcufinder\plugins\mcufinder//mcu/
2023-11-29 12:39:28,827 [WARN] DbFile:41 - Overriding database path with different value: C:\Users\ACER\.stmcufinder\plugins\mcufinder/ => C:\Users\ACER\.stmcufinder\plugins\mcufinder
2023-11-29 12:39:28,828 [INFO] DbMcusAds:125 - Set database path to: C:\Users\ACER\.stmcufinder\plugins\mcufinder//mcu/
2023-11-29 12:39:28,828 [WARN] DbFile:41 - Overriding database path with different value: C:\Users\ACER\.stmcufinder\plugins\mcufinder/ => C:\Users\ACER\.stmcufinder\plugins\mcufinder
2023-11-29 12:39:28,828 [WARN] DbFile:41 - Overriding database path with different value: C:\Users\ACER\.stmcufinder\plugins\mcufinder/ => C:\Users\ACER\.stmcufinder\plugins\mcufinder
2023-11-29 12:39:28,828 [INFO] CrossReferenceDbSqlite:203 - Set database path to: C:\Users\ACER\.stmcufinder\plugins\mcufinder//mcu/cs/
2023-11-29 12:39:29,009 [INFO] MainPanel:262 - HeapMemory: 268435456
2023-11-29 12:39:29,233 [INFO] DbMcusXml:78 - Set database path to: C:\ST\STM32CubeIDE_1.13.0\STM32CubeIDE\plugins\com.st.stm32cube.common.mx_6.9.0.202307051724\\db\/mcu/
2023-11-29 12:39:29,234 [INFO] ApiDb:274 - Set plugin database path to: C:\ST\STM32CubeIDE_1.13.0\STM32CubeIDE\plugins\com.st.stm32cube.common.mx_6.9.0.202307051724\\db\/plugins/boardmanager/
2023-11-29 12:39:29,234 [INFO] ApiDb:261 - Set plugin images path to: C:\ST\STM32CubeIDE_1.13.0\STM32CubeIDE\plugins\com.st.stm32cube.common.mx_6.9.0.202307051724\\db\/plugins/mcufinder/images/
2023-11-29 12:39:29,236 [WARN] DbFile:41 - Overriding database path with different value: C:\Users\ACER\.stmcufinder\plugins\mcufinder/ => C:\Users\ACER\.stmcufinder\plugins\mcufinder
2023-11-29 12:39:29,236 [INFO] ApiDb:250 - Set database path to: C:\Users\ACER\.stmcufinder\plugins\mcufinder//mcu/
2023-11-29 12:39:29,237 [WARN] DbFile:41 - Overriding database path with different value: C:\Users\ACER\.stmcufinder\plugins\mcufinder/ => C:\Users\ACER\.stmcufinder\plugins\mcufinder
2023-11-29 12:39:29,237 [INFO] DbMcusAds:125 - Set database path to: C:\Users\ACER\.stmcufinder\plugins\mcufinder//mcu/
2023-11-29 12:39:29,237 [WARN] DbFile:41 - Overriding database path with different value: C:\Users\ACER\.stmcufinder\plugins\mcufinder/ => C:\Users\ACER\.stmcufinder\plugins\mcufinder
2023-11-29 12:39:29,238 [WARN] DbFile:41 - Overriding database path with different value: C:\Users\ACER\.stmcufinder\plugins\mcufinder/ => C:\Users\ACER\.stmcufinder\plugins\mcufinder
2023-11-29 12:39:29,238 [INFO] CrossReferenceDbSqlite:203 - Set database path to: C:\Users\ACER\.stmcufinder\plugins\mcufinder//mcu/cs/
2023-11-29 12:39:29,288 [INFO] ApplicationProperties:184 - Using Application install path: C:\ST\STM32CubeIDE_1.13.0\STM32CubeIDE\plugins\com.st.stm32cube.common.mx_6.9.0.202307051724
2023-11-29 12:39:29,291 [INFO] PluginManage:196 - Search for loadable plugins [exclusion list=, ]
2023-11-29 12:39:29,297 [INFO] PluginManage:310 - Check plugin analytics
2023-11-29 12:39:34,705 [INFO] AnalyticsPlugin:253 - Accepted Software Licenses: 
2023-11-29 12:39:34,706 [INFO] AnalyticsPlugin:255 - Accepted CMSIS Pack Licenses: 
2023-11-29 12:39:34,706 [INFO] AnalyticsPlugin:257 - Accepted Firmware Licenses: FW.WB.1.17.0
2023-11-29 12:39:34,712 [INFO] PluginManage:359 - Loaded plugin analytics (category:tool,tabindex:-1)
2023-11-29 12:39:34,713 [INFO] PluginManage:310 - Check plugin cadmodel
2023-11-29 12:39:34,737 [INFO] CADModel:105 - Init CAD model plugin
2023-11-29 12:39:34,737 [INFO] PluginManage:359 - Loaded plugin cadmodel (category:power,tabindex:5)
2023-11-29 12:39:34,738 [INFO] PluginManage:310 - Check plugin clock
2023-11-29 12:39:34,773 [INFO] PluginManage:359 - Loaded plugin clock (category:base,tabindex:2)
2023-11-29 12:39:34,773 [INFO] PluginManage:310 - Check plugin ddr
2023-11-29 12:39:34,778 [INFO] PluginManage:359 - Loaded plugin ddr (category:tool,tabindex:6)
2023-11-29 12:39:34,779 [INFO] PluginManage:310 - Check plugin filemanager
2023-11-29 12:39:35,028 [INFO] PluginManage:359 - Loaded plugin filemanager (category:base,tabindex:10)
2023-11-29 12:39:35,029 [INFO] PluginManage:310 - Check plugin ipmanager
2023-11-29 12:39:35,048 [INFO] PluginManage:359 - Loaded plugin ipmanager (category:base,tabindex:5)
2023-11-29 12:39:35,048 [INFO] PluginManage:310 - Check plugin lpbam
2023-11-29 12:39:35,086 [INFO] PluginManage:359 - Loaded plugin lpbam (category:base,tabindex:0)
2023-11-29 12:39:35,086 [INFO] PluginManage:310 - Check plugin memorymap
2023-11-29 12:39:35,121 [INFO] PluginManage:359 - Loaded plugin memorymap (category:base,tabindex:4)
2023-11-29 12:39:35,122 [INFO] PluginManage:310 - Check plugin pinoutandconfiguration
2023-11-29 12:39:35,146 [INFO] PluginManage:359 - Loaded plugin pinoutandconfiguration (category:base,tabindex:1)
2023-11-29 12:39:35,147 [INFO] PluginManage:310 - Check plugin pinoutconfig
2023-11-29 12:39:35,382 [WARN] SupportedApi:132 - Cannot load RTOS API schema: s4s-elt-must-match.1: The content of 'definitions' must match (annotation?, (simpleType | complexType)?, (unique | key | keyref)*)). A problem was found starting at: attribute.
2023-11-29 12:39:35,650 [INFO] PluginManage:359 - Loaded plugin pinoutconfig (category:base,tabindex:0)
2023-11-29 12:39:35,651 [INFO] PluginManage:310 - Check plugin power
2023-11-29 12:39:35,687 [INFO] PluginManage:359 - Loaded plugin power (category:power,tabindex:4)
2023-11-29 12:39:35,688 [INFO] PluginManage:310 - Check plugin projectmanager
2023-11-29 12:39:35,723 [INFO] PluginManage:359 - Loaded plugin projectmanager (category:projectmanager,tabindex:3)
2023-11-29 12:39:35,724 [INFO] PluginManage:310 - Check plugin thirdparty
2023-11-29 12:39:36,243 [WARN] IntegrityCheckThread:84 - waiting for thirdparty lock release [integrity check]
2023-11-29 12:39:36,244 [INFO] IntegrityCheckThread:86 - entering critical section [integrity check]
2023-11-29 12:39:36,244 [INFO] PluginManage:359 - Loaded plugin thirdparty (category:base,tabindex:-1)
2023-11-29 12:39:36,244 [INFO] PluginManage:310 - Check plugin tools
2023-11-29 12:39:36,245 [INFO] ThirdPartyUpdaterWithRetryManager:70 - Updater plugin not ready yet. [1/15]
2023-11-29 12:39:36,308 [INFO] PluginManage:359 - Loaded plugin tools (category:base,tabindex:7)
2023-11-29 12:39:36,309 [INFO] PluginManage:310 - Check plugin tutovideos
2023-11-29 12:39:36,792 [INFO] PluginManage:359 - Loaded plugin tutovideos (category:base,tabindex:-1)
2023-11-29 12:39:36,792 [INFO] PluginManage:310 - Check plugin updater
2023-11-29 12:39:36,815 [INFO] PluginManage:359 - Loaded plugin updater (category:base,tabindex:12)
2023-11-29 12:39:36,815 [INFO] PluginManage:310 - Check plugin userauth
2023-11-29 12:39:36,829 [INFO] UserAuth:113 - Init User Auth plugin
2023-11-29 12:39:36,829 [INFO] PluginManage:359 - Loaded plugin userauth (category:base,tabindex:14)
2023-11-29 12:39:36,831 [INFO] PluginManage:283 - PluginManage : Loaded plugins [17]
2023-11-29 12:39:37,367 [INFO] PinOutPanel:1499 - setPackage(No Configuration,No Configuration)
2023-11-29 12:39:37,628 [INFO] CADModel:165 - CPN selected for project level
2023-11-29 12:39:37,628 [INFO] CADModel:114 - Register for checkConnection events
2023-11-29 12:39:37,669 [INFO] IPUIPlugin:80 - create IPUIPlugin
2023-11-29 12:39:37,670 [INFO] PluginManager:220 - loadIPPluginJar : add adc
2023-11-29 12:39:37,736 [INFO] IPUIPlugin:80 - create IPUIPlugin
2023-11-29 12:39:37,736 [INFO] PluginManager:220 - loadIPPluginJar : add aes
2023-11-29 12:39:37,821 [INFO] IPUIPlugin:80 - create IPUIPlugin
2023-11-29 12:39:37,821 [INFO] PluginManager:220 - loadIPPluginJar : add can
2023-11-29 12:39:37,873 [INFO] IPUIPlugin:80 - create IPUIPlugin
2023-11-29 12:39:37,873 [INFO] PluginManager:220 - loadIPPluginJar : add comp
2023-11-29 12:39:37,932 [INFO] IPUIPlugin:80 - create IPUIPlugin
2023-11-29 12:39:37,933 [INFO] PluginManager:220 - loadIPPluginJar : add cryp
2023-11-29 12:39:37,991 [INFO] IPUIPlugin:80 - create IPUIPlugin
2023-11-29 12:39:37,991 [INFO] PluginManager:220 - loadIPPluginJar : add dfsdm
2023-11-29 12:39:38,018 [INFO] IPUIPlugin:80 - create IPUIPlugin
2023-11-29 12:39:38,019 [INFO] PluginManager:220 - loadIPPluginJar : add dma
2023-11-29 12:39:38,100 [INFO] IPUIPlugin:80 - create IPUIPlugin
2023-11-29 12:39:38,101 [INFO] PluginManager:220 - loadIPPluginJar : add dma3
2023-11-29 12:39:38,147 [INFO] IPUIPlugin:80 - create IPUIPlugin
2023-11-29 12:39:38,148 [INFO] PluginManager:220 - loadIPPluginJar : add fatfs
2023-11-29 12:39:38,261 [INFO] IPUIPlugin:80 - create IPUIPlugin
2023-11-29 12:39:38,261 [INFO] PluginManager:220 - loadIPPluginJar : add fmc
2023-11-29 12:39:38,300 [INFO] IPUIPlugin:80 - create IPUIPlugin
2023-11-29 12:39:38,301 [INFO] PluginManager:220 - loadIPPluginJar : add freertos
2023-11-29 12:39:38,345 [INFO] IPUIPlugin:80 - create IPUIPlugin
2023-11-29 12:39:38,345 [INFO] PluginManager:220 - loadIPPluginJar : add genericplugin
2023-11-29 12:39:38,623 [INFO] IPUIPlugin:80 - create IPUIPlugin
2023-11-29 12:39:38,623 [INFO] PluginManager:220 - loadIPPluginJar : add gfxmmu
2023-11-29 12:39:38,912 [INFO] IPUIPlugin:80 - create IPUIPlugin
2023-11-29 12:39:38,912 [INFO] PluginManager:220 - loadIPPluginJar : add gic
2023-11-29 12:39:38,946 [INFO] IPUIPlugin:80 - create IPUIPlugin
2023-11-29 12:39:38,946 [INFO] PluginManager:220 - loadIPPluginJar : add gpio
2023-11-29 12:39:39,159 [INFO] IPUIPlugin:80 - create IPUIPlugin
2023-11-29 12:39:39,159 [INFO] PluginManager:220 - loadIPPluginJar : add gtzc
2023-11-29 12:39:39,234 [INFO] IPUIPlugin:80 - create IPUIPlugin
2023-11-29 12:39:39,234 [INFO] PluginManager:220 - loadIPPluginJar : add hash
2023-11-29 12:39:39,249 [INFO] ThirdPartyUpdaterWithRetryManager:70 - Updater plugin not ready yet. [2/15]
2023-11-29 12:39:39,305 [INFO] IPUIPlugin:80 - create IPUIPlugin
2023-11-29 12:39:39,305 [INFO] PluginManager:220 - loadIPPluginJar : add i2c
2023-11-29 12:39:39,378 [INFO] IPUIPlugin:80 - create IPUIPlugin
2023-11-29 12:39:39,378 [INFO] PluginManager:220 - loadIPPluginJar : add i2s
2023-11-29 12:39:39,457 [INFO] IPUIPlugin:80 - create IPUIPlugin
2023-11-29 12:39:39,457 [INFO] PluginManager:220 - loadIPPluginJar : add i3c
2023-11-29 12:39:39,660 [INFO] IPUIPlugin:80 - create IPUIPlugin
2023-11-29 12:39:39,661 [INFO] PluginManager:220 - loadIPPluginJar : add ipddr
2023-11-29 12:39:39,836 [INFO] IPUIPlugin:80 - create IPUIPlugin
2023-11-29 12:39:39,837 [INFO] PluginManager:220 - loadIPPluginJar : add linkedlist
2023-11-29 12:39:39,969 [INFO] IPUIPlugin:80 - create IPUIPlugin
2023-11-29 12:39:39,969 [INFO] PluginManager:220 - loadIPPluginJar : add lorawan
2023-11-29 12:39:40,085 [INFO] IPUIPlugin:80 - create IPUIPlugin
2023-11-29 12:39:40,085 [INFO] PluginManager:220 - loadIPPluginJar : add ltdc
2023-11-29 12:39:40,135 [INFO] IPUIPlugin:80 - create IPUIPlugin
2023-11-29 12:39:40,136 [INFO] PluginManager:220 - loadIPPluginJar : add mdma
2023-11-29 12:39:40,175 [INFO] IPUIPlugin:80 - create IPUIPlugin
2023-11-29 12:39:40,176 [INFO] PluginManager:220 - loadIPPluginJar : add nvic
2023-11-29 12:39:40,385 [INFO] IPUIPlugin:80 - create IPUIPlugin
2023-11-29 12:39:40,386 [INFO] PluginManager:220 - loadIPPluginJar : add opamp
2023-11-29 12:39:40,567 [INFO] IPUIPlugin:80 - create IPUIPlugin
2023-11-29 12:39:40,568 [INFO] PluginManager:220 - loadIPPluginJar : add openamp
2023-11-29 12:39:40,691 [INFO] IPUIPlugin:80 - create IPUIPlugin
2023-11-29 12:39:40,691 [INFO] PluginManager:220 - loadIPPluginJar : add pdm2pcm
2023-11-29 12:39:40,721 [INFO] IPUIPlugin:80 - create IPUIPlugin
2023-11-29 12:39:40,727 [INFO] PluginManager:220 - loadIPPluginJar : add plateformsettings
2023-11-29 12:39:40,780 [INFO] IPUIPlugin:80 - create IPUIPlugin
2023-11-29 12:39:40,780 [INFO] PluginManager:220 - loadIPPluginJar : add quadspi
2023-11-29 12:39:40,809 [INFO] IPUIPlugin:80 - create IPUIPlugin
2023-11-29 12:39:40,809 [INFO] PluginManager:220 - loadIPPluginJar : add resmgrutility
2023-11-29 12:39:40,925 [INFO] IPUIPlugin:80 - create IPUIPlugin
2023-11-29 12:39:40,926 [INFO] PluginManager:220 - loadIPPluginJar : add sai
2023-11-29 12:39:41,022 [INFO] IPUIPlugin:80 - create IPUIPlugin
2023-11-29 12:39:41,023 [INFO] PluginManager:220 - loadIPPluginJar : add spi
2023-11-29 12:39:41,182 [INFO] IPUIPlugin:80 - create IPUIPlugin
2023-11-29 12:39:41,182 [INFO] PluginManager:220 - loadIPPluginJar : add stm32_wpan
2023-11-29 12:39:41,252 [INFO] IPUIPlugin:80 - create IPUIPlugin
2023-11-29 12:39:41,252 [INFO] PluginManager:220 - loadIPPluginJar : add tim
2023-11-29 12:39:41,399 [INFO] IPUIPlugin:80 - create IPUIPlugin
2023-11-29 12:39:41,399 [INFO] PluginManager:220 - loadIPPluginJar : add touchsensing
2023-11-29 12:39:41,478 [INFO] IPUIPlugin:80 - create IPUIPlugin
2023-11-29 12:39:41,478 [INFO] PluginManager:220 - loadIPPluginJar : add tracer_emb
2023-11-29 12:39:41,568 [INFO] IPUIPlugin:80 - create IPUIPlugin
2023-11-29 12:39:41,569 [INFO] PluginManager:220 - loadIPPluginJar : add ts
2023-11-29 12:39:41,638 [INFO] IPUIPlugin:80 - create IPUIPlugin
2023-11-29 12:39:41,639 [INFO] PluginManager:220 - loadIPPluginJar : add tsc
2023-11-29 12:39:41,710 [INFO] IPUIPlugin:80 - create IPUIPlugin
2023-11-29 12:39:41,711 [INFO] PluginManager:220 - loadIPPluginJar : add ucpd
2023-11-29 12:39:41,875 [INFO] IPUIPlugin:80 - create IPUIPlugin
2023-11-29 12:39:41,876 [INFO] PluginManager:220 - loadIPPluginJar : add usart
2023-11-29 12:39:42,025 [INFO] IPUIPlugin:80 - create IPUIPlugin
2023-11-29 12:39:42,025 [INFO] PluginManager:220 - loadIPPluginJar : add usbx
2023-11-29 12:39:42,259 [INFO] ThirdPartyUpdaterWithRetryManager:70 - Updater plugin not ready yet. [3/15]
2023-11-29 12:39:42,295 [INFO] CADModel:165 - CPN selected for project level
2023-11-29 12:39:42,296 [INFO] CADModel:114 - Register for checkConnection events
2023-11-29 12:39:42,298 [FATAL] Updater:308 - Updater called before beeing initialized
2023-11-29 12:39:42,299 [ERROR] CADModel:125 - Updater not yet initialized, retry later 
2023-11-29 12:39:42,687 [INFO] CADModel:165 - CPN selected for project level
2023-11-29 12:39:42,687 [INFO] CADModel:114 - Register for checkConnection events
2023-11-29 12:39:42,688 [FATAL] Updater:308 - Updater called before beeing initialized
2023-11-29 12:39:42,688 [ERROR] CADModel:125 - Updater not yet initialized, retry later 
2023-11-29 12:39:42,696 [FATAL] Updater:308 - Updater called before beeing initialized
2023-11-29 12:39:42,992 [FATAL] Updater:308 - Updater called before beeing initialized
2023-11-29 12:39:43,017 [INFO] DbMcusAds:53 - JSON generation date=Tue Mar 07 15:50:55 ICT 2023 (1678179055335)
2023-11-29 12:39:43,018 [FATAL] Updater:308 - Updater called before beeing initialized
2023-11-29 12:39:43,225 [WARN] DetailPanel:346 - Failed to get advertising image, set to default
2023-11-29 12:39:43,461 [FATAL] Updater:308 - Updater called before beeing initialized
2023-11-29 12:39:43,466 [FATAL] Updater:308 - Updater called before beeing initialized
2023-11-29 12:39:43,466 [FATAL] Updater:308 - Updater called before beeing initialized
2023-11-29 12:39:43,467 [WARN] DetailPanel:346 - Failed to get advertising image, set to default
2023-11-29 12:39:43,469 [FATAL] Updater:308 - Updater called before beeing initialized
2023-11-29 12:39:43,652 [ERROR] Updater:1120 - MainUpdater not yet initialized. External WinMGr cannot be set.
2023-11-29 12:39:43,675 [INFO] Updater:1056 - Updater Version found : 6.9.0
2023-11-29 12:39:43,719 [INFO] ApplicationProperties:184 - Using Application install path: C:\ST\STM32CubeIDE_1.13.0\STM32CubeIDE\plugins\com.st.stm32cube.common.mx_6.9.0.202307051724
2023-11-29 12:39:44,263 [INFO] MainUpdater:2868 - connection check result : 10
2023-11-29 12:39:44,264 [INFO] MainUpdater:3562 - Updater definition file requires update
2023-11-29 12:39:44,266 [INFO] MainUpdater:285 - Updater Check For Update Now.
2023-11-29 12:39:44,266 [INFO] MicroXplorer:498 - Change Database Version : DB.6.0.90
2023-11-29 12:39:44,357 [INFO] McuFinderGlobals:63 - Set McuFinder mode to 2 (CubeIDE integrated)
2023-11-29 12:39:44,358 [INFO] UserAuth:179 - activating auth plugin
2023-11-29 12:39:44,368 [INFO] UserAuth:393 - Internet connection configuration mode: 1
2023-11-29 12:39:44,417 [INFO] JxBrowserEngine:151 - Initiate JxBrowser Engine with user profile folder
2023-11-29 12:39:44,425 [INFO] ServerAccessManage:473 - Download File updaters.zip
2023-11-29 12:39:44,720 [INFO] FileExtend:240 - Unzip File : updaters.zip
2023-11-29 12:39:44,720 [INFO] FileExtend:255 - Standard Zip Deflate
2023-11-29 12:39:45,268 [WARN] MainUpdater:1189 - Updater busy. Cannot search thirdparties
2023-11-29 12:39:45,269 [INFO] ThirdPartyUpdaterWithRetryManager:96 - Updater plugin is busy. [1/15]
2023-11-29 12:39:46,063 [INFO] ServerAccessManage:473 - Download File PacksControlFlags.xml
2023-11-29 12:39:46,332 [INFO] ServerAccessManage:473 - Download File cubemx.pidx
2023-11-29 12:39:46,731 [INFO] LoadServerUpdatesThread:373 - End of LoadServerUpdate Thread
2023-11-29 12:39:47,140 [INFO] CheckServerUpdateThread:120 - End of CheckServer Thread
2023-11-29 12:39:48,853 [WARN] PackLoader:240 - Cannot read IP mode file for STMicroelectronics.X-CUBE-SMBUS.2.1.0
2023-11-29 12:39:49,010 [WARN] PackLoader:240 - Cannot read IP mode file for STMicroelectronics.X-CUBE-AZRTOS-F7.1.1.0
2023-11-29 12:39:49,072 [WARN] PackLoader:240 - Cannot read IP mode file for STMicroelectronics.FP-SNS-MOTENV1.4.3.2
2023-11-29 12:39:49,107 [ERROR] RealEvaluatedCondition:428 - Found unsupported composite condition: CLASS='Data Exchange' GROUP='STM32_MetaDataManager'
2023-11-29 12:39:49,108 [ERROR] RealEvaluatedCondition:428 - Found unsupported composite condition: CLASS='Data Exchange' GROUP='STM32_MetaDataManager'
2023-11-29 12:39:49,113 [WARN] PackLoader:240 - Cannot read IP mode file for STMicroelectronics.FP-SNS-MOTENV1.4.3.1
2023-11-29 12:39:49,155 [WARN] PackLoader:240 - Cannot read IP mode file for STMicroelectronics.FP-SNS-FLIGHT1.5.0.1
2023-11-29 12:39:49,191 [WARN] PackLoader:240 - Cannot read IP mode file for STMicroelectronics.X-CUBE-BLE1.6.2.4
2023-11-29 12:39:49,216 [WARN] PackLoader:240 - Cannot read IP mode file for STMicroelectronics.FP-SNS-FLIGHT1.5.0.2
2023-11-29 12:39:49,258 [WARN] PackLoader:240 - Cannot read IP mode file for STMicroelectronics.X-CUBE-DISPLAY.3.0.0
2023-11-29 12:39:49,306 [WARN] PackLoader:240 - Cannot read IP mode file for STMicroelectronics.X-CUBE-BLE1.7.0.0
2023-11-29 12:39:49,338 [WARN] PackLoader:240 - Cannot read IP mode file for STMicroelectronics.X-CUBE-TOUCHGFX.4.22.0
2023-11-29 12:39:49,361 [WARN] PackLoader:240 - Cannot read IP mode file for STMicroelectronics.X-CUBE-TOUCHGFX.4.22.1
2023-11-29 12:39:49,388 [WARN] PackLoader:240 - Cannot read IP mode file for STMicroelectronics.FP-SNS-SMARTAG2.1.2.0
2023-11-29 12:39:49,432 [INFO] LogOutputStream:77 - [STDOUT_REDIRECT] 1 : Invalid condition id : UX_CORESTACK_Condition cause : null
2023-11-29 12:39:49,433 [INFO] LogOutputStream:77 - [STDOUT_REDIRECT] 1 : Invalid condition id : UX_CORESTACK_Condition cause : null
2023-11-29 12:39:49,437 [INFO] LogOutputStream:77 - [STDOUT_REDIRECT] 1 : Invalid condition id : UX_CORESTACK_Condition cause : null
2023-11-29 12:39:49,441 [INFO] LogOutputStream:77 - [STDOUT_REDIRECT] 1 : Invalid condition id : UX_CORESTACK_Condition cause : null
2023-11-29 12:39:49,445 [INFO] LogOutputStream:77 - [STDOUT_REDIRECT] 1 : Invalid condition id : UX_CORESTACK_Condition cause : null
2023-11-29 12:39:49,462 [WARN] PackLoader:240 - Cannot read IP mode file for STMicroelectronics.X-CUBE-AZRTOS-WL.2.0.0
2023-11-29 12:39:49,506 [WARN] PackLoader:240 - Cannot read IP mode file for WES.I-CUBE-Cesium.1.3.0
2023-11-29 12:39:49,534 [WARN] PackLoader:240 - Cannot read IP mode file for STMicroelectronics.X-CUBE-BLE2.3.3.0
2023-11-29 12:39:49,568 [WARN] PackLoader:240 - Cannot read IP mode file for STMicroelectronics.X-CUBE-DISPLAY.2.2.0
2023-11-29 12:39:49,638 [WARN] PackLoader:240 - Cannot read IP mode file for STMicroelectronics.X-CUBE-TOF1.3.2.0
2023-11-29 12:39:49,693 [WARN] PackLoader:240 - Cannot read IP mode file for STMicroelectronics.X-CUBE-TOUCHGFX.4.21.0
2023-11-29 12:39:49,712 [WARN] PackLoader:240 - Cannot read IP mode file for STMicroelectronics.X-CUBE-TOUCHGFX.4.21.4
2023-11-29 12:39:49,916 [WARN] PackLoader:240 - Cannot read IP mode file for STMicroelectronics.X-CUBE-MEMS1.9.4.0
2023-11-29 12:39:50,440 [WARN] PackLoader:240 - Cannot read IP mode file for STMicroelectronics.X-CUBE-AI.7.3.0
2023-11-29 12:39:50,468 [WARN] PackLoader:240 - Cannot read IP mode file for STMicroelectronics.X-CUBE-ALGOBUILD.1.3.0
2023-11-29 12:39:50,538 [WARN] PackLoader:240 - Cannot read IP mode file for STMicroelectronics.X-CUBE-AZRTOS-G0.1.1.0
2023-11-29 12:39:50,587 [WARN] PackLoader:240 - Cannot read IP mode file for STMicroelectronics.X-CUBE-NFC4.3.0.0
2023-11-29 12:39:50,627 [WARN] PackLoader:240 - Cannot read IP mode file for STMicroelectronics.X-CUBE-BLEMGR.3.0.0
2023-11-29 12:39:50,712 [WARN] PackLoader:240 - Cannot read IP mode file for STMicroelectronics.X-CUBE-BLEMGR.1.3.0
2023-11-29 12:39:50,745 [WARN] PackLoader:240 - Cannot read IP mode file for STMicroelectronics.FP-ATR-SIGFOX1.3.2.0
2023-11-29 12:39:50,932 [WARN] PackLoader:240 - Cannot read IP mode file for SEGGER.I-CUBE-embOS.1.3.1
2023-11-29 12:39:51,241 [WARN] PackLoader:240 - Cannot read IP mode file for SEGGER.I-CUBE-embOS.1.3.0
2023-11-29 12:39:51,460 [WARN] PackLoader:240 - Cannot read IP mode file for STMicroelectronics.X-CUBE-GNSS1.6.0.0
2023-11-29 12:39:51,534 [INFO] WebApp:157 - Instantiating new browser for Auth
2023-11-29 12:39:51,555 [WARN] PackLoader:240 - Cannot read IP mode file for STMicroelectronics.X-CUBE-AZRTOS-F4.1.1.0
2023-11-29 12:39:51,711 [WARN] PackLoader:240 - Cannot read IP mode file for STMicroelectronics.X-CUBE-AZRTOS-L5.2.0.0
2023-11-29 12:39:51,870 [WARN] PackLoader:240 - Cannot read IP mode file for STMicroelectronics.X-CUBE-MEMS1.9.6.0
2023-11-29 12:39:52,215 [WARN] PackLoader:240 - Cannot read IP mode file for STMicroelectronics.X-CUBE-EEPRMA1.4.2.0
2023-11-29 12:39:52,239 [WARN] PackLoader:240 - Cannot read IP mode file for ITTIA_DB.I-CUBE-ITTIADB.8.8.0
2023-11-29 12:39:52,266 [WARN] PackLoader:240 - Cannot read IP mode file for emotas.I-CUBE-CANOPEN.1.1.3
2023-11-29 12:39:52,299 [WARN] PackLoader:240 - Cannot read IP mode file for STMicroelectronics.X-CUBE-BLEMGR.2.0.0
2023-11-29 12:39:52,323 [WARN] PackLoader:240 - Cannot read IP mode file for STMicroelectronics.X-CUBE-NFC4.2.0.5
2023-11-29 12:39:52,375 [WARN] ConditionMgr:438 - getConditionDescription Invalid condition id : UX DEVICE CLASS RTOS Condition cause : null
2023-11-29 12:39:52,375 [WARN] ConditionMgr:438 - getConditionDescription Invalid condition id : UX DEVICE CLASS RTOS Condition cause : null
2023-11-29 12:39:52,380 [WARN] PackLoader:240 - Cannot read IP mode file for STMicroelectronics.X-CUBE-AZRTOS-H7.3.1.0
2023-11-29 12:39:52,383 [WARN] ConditionMgr:1039 - genDependencies : Invalid condition id : UX DEVICE CLASS RTOS Condition cause : null
2023-11-29 12:39:52,384 [WARN] ConditionMgr:1039 - genDependencies : Invalid condition id : UX DEVICE CLASS RTOS Condition cause : null
2023-11-29 12:39:52,385 [WARN] ConditionMgr:1039 - genDependencies : Invalid condition id : UX DEVICE CLASS RTOS Condition cause : null
2023-11-29 12:39:52,386 [WARN] ConditionMgr:1039 - genDependencies : Invalid condition id : UX DEVICE CLASS RTOS Condition cause : null
2023-11-29 12:39:52,387 [WARN] ConditionMgr:1039 - genDependencies : Invalid condition id : UX DEVICE CLASS RTOS Condition cause : null
2023-11-29 12:39:52,412 [WARN] PackLoader:240 - Cannot read IP mode file for wolfSSL.I-CUBE-wolfSSL.5.5.4
2023-11-29 12:39:52,437 [WARN] PackLoader:240 - Cannot read IP mode file for STMicroelectronics.X-CUBE-NFC7.1.0.1
2023-11-29 12:39:52,462 [WARN] PackLoader:240 - Cannot read IP mode file for STMicroelectronics.X-CUBE-NFC7.1.0.0
2023-11-29 12:39:52,504 [WARN] PackLoader:240 - Cannot read IP mode file for STMicroelectronics.X-CUBE-NFC6.3.0.0
2023-11-29 12:39:52,535 [WARN] PackLoader:240 - Cannot read IP mode file for STMicroelectronics.X-CUBE-EEPRMA1.4.1.0
2023-11-29 12:39:52,577 [WARN] PackLoader:240 - Cannot read IP mode file for STMicroelectronics.X-CUBE-AI.8.1.0
2023-11-29 12:39:52,654 [WARN] ConditionMgr:438 - getConditionDescription Invalid condition id : LAN8742 Phy interface Condition cause : null
2023-11-29 12:39:52,655 [WARN] PackLoader:240 - Cannot read IP mode file for STMicroelectronics.X-CUBE-AZRTOS-L4.2.0.0
2023-11-29 12:39:52,657 [WARN] ConditionMgr:1039 - genDependencies : Invalid condition id : LAN8742 Phy interface Condition cause : null
2023-11-29 12:39:52,658 [WARN] ConditionMgr:1039 - genDependencies : Invalid condition id : LAN8742 Phy interface Condition cause : null
2023-11-29 12:39:52,659 [WARN] ConditionMgr:1039 - genDependencies : Invalid condition id : LAN8742 Phy interface Condition cause : null
2023-11-29 12:39:52,688 [WARN] PackLoader:240 - Cannot read IP mode file for STMicroelectronics.X-CUBE-SFXS2LP1.4.0.0
2023-11-29 12:39:52,772 [WARN] PackLoader:240 - Cannot read IP mode file for STMicroelectronics.X-CUBE-AZRTOS-H7.3.0.0
2023-11-29 12:39:52,794 [WARN] PackLoader:240 - Cannot read IP mode file for STMicroelectronics.X-CUBE-ISPU.1.1.0
2023-11-29 12:39:52,819 [WARN] PackLoader:240 - Cannot read IP mode file for RoweBots.I-CUBE-UNISONRTOS.5.5.0-4
2023-11-29 12:39:52,868 [WARN] ConditionMgr:438 - getConditionDescription Invalid condition id : UX DEVICE CLASS RTOS Condition cause : null
2023-11-29 12:39:52,868 [WARN] ConditionMgr:438 - getConditionDescription Invalid condition id : UX DEVICE CLASS RTOS Condition cause : null
2023-11-29 12:39:52,875 [WARN] PackLoader:240 - Cannot read IP mode file for STMicroelectronics.X-CUBE-AZRTOS-WB.2.0.0
2023-11-29 12:39:52,876 [WARN] ConditionMgr:1039 - genDependencies : Invalid condition id : UX DEVICE CLASS RTOS Condition cause : null
2023-11-29 12:39:52,876 [WARN] ConditionMgr:1039 - genDependencies : Invalid condition id : UX DEVICE CLASS RTOS Condition cause : null
2023-11-29 12:39:52,877 [WARN] ConditionMgr:1039 - genDependencies : Invalid condition id : UX DEVICE CLASS RTOS Condition cause : null
2023-11-29 12:39:52,878 [WARN] ConditionMgr:1039 - genDependencies : Invalid condition id : UX DEVICE CLASS RTOS Condition cause : null
2023-11-29 12:39:52,878 [WARN] ConditionMgr:1039 - genDependencies : Invalid condition id : UX DEVICE CLASS RTOS Condition cause : null
2023-11-29 12:39:52,900 [WARN] PackLoader:240 - Cannot read IP mode file for STMicroelectronics.X-CUBE-FREERTOS.1.0.1
2023-11-29 12:39:52,952 [WARN] PackLoader:240 - Cannot read IP mode file for STMicroelectronics.X-CUBE-AZRTOS-L5.1.1.0
2023-11-29 12:39:52,976 [WARN] PackLoader:240 - Cannot read IP mode file for STMicroelectronics.X-CUBE-AI.8.0.1
2023-11-29 12:39:53,005 [INFO] WebApp:753 - Register for checkConnection events
2023-11-29 12:39:53,005 [INFO] WebApp:390 - Apply proxy settings
2023-11-29 12:39:53,005 [INFO] WebApp:475 - Chromium requires no authentication
2023-11-29 12:39:53,011 [WARN] PackLoader:240 - Cannot read IP mode file for STMicroelectronics.X-CUBE-SUBG2.5.0.0
2023-11-29 12:39:53,029 [INFO] WebApp:418 - Direct internet connection detected
2023-11-29 12:39:53,052 [WARN] PackLoader:240 - Cannot read IP mode file for STMicroelectronics.X-CUBE-TOF1.3.3.1
2023-11-29 12:39:53,111 [WARN] PackLoader:240 - Cannot read IP mode file for STMicroelectronics.X-CUBE-AZRTOS-G4.2.0.0
2023-11-29 12:39:53,146 [WARN] PackLoader:240 - Cannot read IP mode file for STMicroelectronics.X-CUBE-TOF1.3.3.0
2023-11-29 12:39:53,177 [WARN] PackLoader:240 - Cannot read IP mode file for STMicroelectronics.FP-ATR-ASTRA1.1.1.1
2023-11-29 12:39:53,214 [WARN] PackLoader:240 - Cannot read IP mode file for Infineon.AIROC-Wi-Fi-Bluetooth-STM32.1.5.1
2023-11-29 12:39:53,238 [WARN] PackLoader:240 - Cannot read IP mode file for STMicroelectronics.FP-SNS-MOTENVWB1.1.3.0
2023-11-29 12:39:53,281 [WARN] PackLoader:240 - Cannot read IP mode file for STMicroelectronics.X-CUBE-AZRTOS-G4.1.0.0
2023-11-29 12:39:53,323 [WARN] PackLoader:240 - Cannot read IP mode file for STMicroelectronics.X-CUBE-AZRTOS-L4.1.0.0
2023-11-29 12:39:53,430 [WARN] PackLoader:240 - Cannot read IP mode file for STMicroelectronics.X-CUBE-MEMS1.10.0.0
2023-11-29 12:39:53,493 [INFO] WebApp:188 - Starting web application
2023-11-29 12:39:53,493 [INFO] WebApp:520 - Web application path used C:\ST\STM32CubeIDE_1.13.0\STM32CubeIDE\plugins\com.st.stm32cube.common.mx_6.9.0.202307051724\db\plugins\mcufinder\reactClient1\index.html
2023-11-29 12:39:53,671 [WARN] PackLoader:240 - Cannot read IP mode file for STMicroelectronics.X-CUBE-FREERTOS.1.1.0
2023-11-29 12:39:53,713 [WARN] PackLoader:240 - Cannot read IP mode file for STMicroelectronics.X-CUBE-AZRTOS-WL.1.0.0
2023-11-29 12:39:53,741 [WARN] PackLoader:240 - Cannot read IP mode file for portGmbH.I-Cube-SoM-uGOAL.1.1.0
2023-11-29 12:39:53,761 [WARN] PackLoader:240 - Cannot read IP mode file for STMicroelectronics.X-CUBE-ALS.1.0.1
2023-11-29 12:39:53,815 [WARN] PackLoader:240 - Cannot read IP mode file for STMicroelectronics.X-CUBE-AZRTOS-WB.1.1.0
2023-11-29 12:39:53,853 [WARN] PackLoader:240 - Cannot read IP mode file for STMicroelectronics.FP-ATR-ASTRA1.2.0.0
2023-11-29 12:39:53,901 [WARN] PackLoader:240 - Cannot read IP mode file for STMicroelectronics.X-CUBE-TOF1.3.4.0
2023-11-29 12:39:53,924 [INFO] ThirdParty:978 - Integrity check success = true
2023-11-29 12:39:53,925 [INFO] IntegrityCheckThread:100 - exiting critical section [integrity check]
2023-11-29 12:39:53,926 [INFO] IntegrityCheckThread:103 - End integrity checks thread
2023-11-29 12:40:15,490 [ERROR] LogOutputStream:75 - [STDERR_REDIRECT] SLF4J: Failed to load class "org.slf4j.impl.StaticLoggerBinder".
2023-11-29 12:40:15,491 [ERROR] LogOutputStream:75 - [STDERR_REDIRECT] SLF4J: Defaulting to no-operation (NOP) logger implementation
2023-11-29 12:40:15,496 [ERROR] LogOutputStream:75 - [STDERR_REDIRECT] SLF4J: See http://www.slf4j.org/codes.html#StaticLoggerBinder for further details.
2023-11-29 12:45:18,912 [ERROR] LogOutputStream:75 - [STDERR_REDIRECT] 
