2023-12-19 16:29:35,010 [INFO] Activator:176 - 


2023-12-19 16:29:35,026 [INFO] Activator:177 - !SESSION log4j initialized
2023-12-19 16:29:43,894 [INFO] LogOutputStream:77 - [STDOUT_REDIRECT] 
2023-12-19 16:30:03,586 [INFO] ApplicationProperties:184 - Using Application install path: C:\ST\STM32CubeIDE_1.13.0\STM32CubeIDE\plugins\com.st.stm32cube.common.mx_6.9.0.202307051724
2023-12-19 16:30:03,626 [INFO] DbMcusXml:78 - Set database path to: C:\ST\STM32CubeIDE_1.13.0\STM32CubeIDE\plugins\com.st.stm32cube.common.mx_6.9.0.202307051724\\db\/mcu/
2023-12-19 16:30:03,627 [INFO] ApiDb:274 - Set plugin database path to: C:\ST\STM32CubeIDE_1.13.0\STM32CubeIDE\plugins\com.st.stm32cube.common.mx_6.9.0.202307051724\\db\/plugins/boardmanager/
2023-12-19 16:30:03,628 [WARN] ApiDb:259 - Overriding images path with different value:  => C:\ST\STM32CubeIDE_1.13.0\STM32CubeIDE\plugins\com.st.stm32cube.common.mx_6.9.0.202307051724\\db\/plugins/mcufinder/images/
2023-12-19 16:30:03,659 [INFO] ApiDb:250 - Set database path to: C:\Users\ACER\.stmcufinder\plugins\mcufinder//mcu/
2023-12-19 16:30:03,660 [INFO] DbMcusAds:125 - Set database path to: C:\Users\ACER\.stmcufinder\plugins\mcufinder//mcu/
2023-12-19 16:30:03,705 [INFO] CrossReferenceDbSqlite:203 - Set database path to: C:\Users\ACER\.stmcufinder\plugins\mcufinder//mcu/cs/
2023-12-19 16:30:03,888 [INFO] RulesReader:64 - Compatibility file has been processed (293 Rules)
2023-12-19 16:30:04,011 [INFO] DbMcusXml:78 - Set database path to: C:\ST\STM32CubeIDE_1.13.0\STM32CubeIDE\plugins\com.st.stm32cube.common.mx_6.9.0.202307051724\\db\/mcu/
2023-12-19 16:30:04,011 [INFO] ApiDb:274 - Set plugin database path to: C:\ST\STM32CubeIDE_1.13.0\STM32CubeIDE\plugins\com.st.stm32cube.common.mx_6.9.0.202307051724\\db\/plugins/boardmanager/
2023-12-19 16:30:04,011 [INFO] ApiDb:261 - Set plugin images path to: C:\ST\STM32CubeIDE_1.13.0\STM32CubeIDE\plugins\com.st.stm32cube.common.mx_6.9.0.202307051724\\db\/plugins/mcufinder/images/
2023-12-19 16:30:04,011 [WARN] DbFile:41 - Overriding database path with different value: C:\Users\ACER\.stmcufinder\plugins\mcufinder/ => C:\Users\ACER\.stmcufinder\plugins\mcufinder
2023-12-19 16:30:04,012 [INFO] ApiDb:250 - Set database path to: C:\Users\ACER\.stmcufinder\plugins\mcufinder//mcu/
2023-12-19 16:30:04,012 [WARN] DbFile:41 - Overriding database path with different value: C:\Users\ACER\.stmcufinder\plugins\mcufinder/ => C:\Users\ACER\.stmcufinder\plugins\mcufinder
2023-12-19 16:30:04,012 [INFO] DbMcusAds:125 - Set database path to: C:\Users\ACER\.stmcufinder\plugins\mcufinder//mcu/
2023-12-19 16:30:04,012 [WARN] DbFile:41 - Overriding database path with different value: C:\Users\ACER\.stmcufinder\plugins\mcufinder/ => C:\Users\ACER\.stmcufinder\plugins\mcufinder
2023-12-19 16:30:04,012 [WARN] DbFile:41 - Overriding database path with different value: C:\Users\ACER\.stmcufinder\plugins\mcufinder/ => C:\Users\ACER\.stmcufinder\plugins\mcufinder
2023-12-19 16:30:04,012 [INFO] CrossReferenceDbSqlite:203 - Set database path to: C:\Users\ACER\.stmcufinder\plugins\mcufinder//mcu/cs/
2023-12-19 16:30:04,117 [INFO] MainPanel:262 - HeapMemory: 268435456
2023-12-19 16:30:04,256 [INFO] DbMcusXml:78 - Set database path to: C:\ST\STM32CubeIDE_1.13.0\STM32CubeIDE\plugins\com.st.stm32cube.common.mx_6.9.0.202307051724\\db\/mcu/
2023-12-19 16:30:04,256 [INFO] ApiDb:274 - Set plugin database path to: C:\ST\STM32CubeIDE_1.13.0\STM32CubeIDE\plugins\com.st.stm32cube.common.mx_6.9.0.202307051724\\db\/plugins/boardmanager/
2023-12-19 16:30:04,256 [INFO] ApiDb:261 - Set plugin images path to: C:\ST\STM32CubeIDE_1.13.0\STM32CubeIDE\plugins\com.st.stm32cube.common.mx_6.9.0.202307051724\\db\/plugins/mcufinder/images/
2023-12-19 16:30:04,257 [WARN] DbFile:41 - Overriding database path with different value: C:\Users\ACER\.stmcufinder\plugins\mcufinder/ => C:\Users\ACER\.stmcufinder\plugins\mcufinder
2023-12-19 16:30:04,257 [INFO] ApiDb:250 - Set database path to: C:\Users\ACER\.stmcufinder\plugins\mcufinder//mcu/
2023-12-19 16:30:04,257 [WARN] DbFile:41 - Overriding database path with different value: C:\Users\ACER\.stmcufinder\plugins\mcufinder/ => C:\Users\ACER\.stmcufinder\plugins\mcufinder
2023-12-19 16:30:04,257 [INFO] DbMcusAds:125 - Set database path to: C:\Users\ACER\.stmcufinder\plugins\mcufinder//mcu/
2023-12-19 16:30:04,257 [WARN] DbFile:41 - Overriding database path with different value: C:\Users\ACER\.stmcufinder\plugins\mcufinder/ => C:\Users\ACER\.stmcufinder\plugins\mcufinder
2023-12-19 16:30:04,257 [WARN] DbFile:41 - Overriding database path with different value: C:\Users\ACER\.stmcufinder\plugins\mcufinder/ => C:\Users\ACER\.stmcufinder\plugins\mcufinder
2023-12-19 16:30:04,258 [INFO] CrossReferenceDbSqlite:203 - Set database path to: C:\Users\ACER\.stmcufinder\plugins\mcufinder//mcu/cs/
2023-12-19 16:30:04,286 [INFO] ApplicationProperties:184 - Using Application install path: C:\ST\STM32CubeIDE_1.13.0\STM32CubeIDE\plugins\com.st.stm32cube.common.mx_6.9.0.202307051724
2023-12-19 16:30:04,287 [INFO] PluginManage:196 - Search for loadable plugins [exclusion list=, ]
2023-12-19 16:30:04,290 [INFO] PluginManage:310 - Check plugin analytics
2023-12-19 16:30:04,527 [INFO] AnalyticsPlugin:253 - Accepted Software Licenses: 
2023-12-19 16:30:04,527 [INFO] AnalyticsPlugin:255 - Accepted CMSIS Pack Licenses: 
2023-12-19 16:30:04,527 [INFO] AnalyticsPlugin:257 - Accepted Firmware Licenses: FW.WB.1.17.0
2023-12-19 16:30:04,530 [INFO] PluginManage:359 - Loaded plugin analytics (category:tool,tabindex:-1)
2023-12-19 16:30:04,532 [INFO] PluginManage:310 - Check plugin cadmodel
2023-12-19 16:30:04,552 [INFO] CADModel:105 - Init CAD model plugin
2023-12-19 16:30:04,552 [INFO] PluginManage:359 - Loaded plugin cadmodel (category:power,tabindex:5)
2023-12-19 16:30:04,552 [INFO] PluginManage:310 - Check plugin clock
2023-12-19 16:30:04,572 [INFO] PluginManage:359 - Loaded plugin clock (category:base,tabindex:2)
2023-12-19 16:30:04,572 [INFO] PluginManage:310 - Check plugin ddr
2023-12-19 16:30:04,574 [INFO] PluginManage:359 - Loaded plugin ddr (category:tool,tabindex:6)
2023-12-19 16:30:04,574 [INFO] PluginManage:310 - Check plugin filemanager
2023-12-19 16:30:04,746 [INFO] PluginManage:359 - Loaded plugin filemanager (category:base,tabindex:10)
2023-12-19 16:30:04,746 [INFO] PluginManage:310 - Check plugin ipmanager
2023-12-19 16:30:04,766 [INFO] PluginManage:359 - Loaded plugin ipmanager (category:base,tabindex:5)
2023-12-19 16:30:04,766 [INFO] PluginManage:310 - Check plugin lpbam
2023-12-19 16:30:04,793 [INFO] PluginManage:359 - Loaded plugin lpbam (category:base,tabindex:0)
2023-12-19 16:30:04,793 [INFO] PluginManage:310 - Check plugin memorymap
2023-12-19 16:30:04,828 [INFO] PluginManage:359 - Loaded plugin memorymap (category:base,tabindex:4)
2023-12-19 16:30:04,828 [INFO] PluginManage:310 - Check plugin pinoutandconfiguration
2023-12-19 16:30:04,851 [INFO] PluginManage:359 - Loaded plugin pinoutandconfiguration (category:base,tabindex:1)
2023-12-19 16:30:04,852 [INFO] PluginManage:310 - Check plugin pinoutconfig
2023-12-19 16:30:04,977 [WARN] SupportedApi:132 - Cannot load RTOS API schema: s4s-elt-must-match.1: The content of 'definitions' must match (annotation?, (simpleType | complexType)?, (unique | key | keyref)*)). A problem was found starting at: attribute.
2023-12-19 16:30:05,147 [INFO] PluginManage:359 - Loaded plugin pinoutconfig (category:base,tabindex:0)
2023-12-19 16:30:05,148 [INFO] PluginManage:310 - Check plugin power
2023-12-19 16:30:05,178 [INFO] PluginManage:359 - Loaded plugin power (category:power,tabindex:4)
2023-12-19 16:30:05,178 [INFO] PluginManage:310 - Check plugin projectmanager
2023-12-19 16:30:05,194 [INFO] PluginManage:359 - Loaded plugin projectmanager (category:projectmanager,tabindex:3)
2023-12-19 16:30:05,194 [INFO] PluginManage:310 - Check plugin thirdparty
2023-12-19 16:30:05,525 [INFO] PluginManage:359 - Loaded plugin thirdparty (category:base,tabindex:-1)
2023-12-19 16:30:05,525 [WARN] IntegrityCheckThread:84 - waiting for thirdparty lock release [integrity check]
2023-12-19 16:30:05,525 [INFO] PluginManage:310 - Check plugin tools
2023-12-19 16:30:05,525 [INFO] IntegrityCheckThread:86 - entering critical section [integrity check]
2023-12-19 16:30:05,526 [INFO] ThirdPartyUpdaterWithRetryManager:70 - Updater plugin not ready yet. [1/15]
2023-12-19 16:30:05,567 [INFO] PluginManage:359 - Loaded plugin tools (category:base,tabindex:7)
2023-12-19 16:30:05,567 [INFO] PluginManage:310 - Check plugin tutovideos
2023-12-19 16:30:05,809 [INFO] PluginManage:359 - Loaded plugin tutovideos (category:base,tabindex:-1)
2023-12-19 16:30:05,810 [INFO] PluginManage:310 - Check plugin updater
2023-12-19 16:30:05,829 [INFO] PluginManage:359 - Loaded plugin updater (category:base,tabindex:12)
2023-12-19 16:30:05,829 [INFO] PluginManage:310 - Check plugin userauth
2023-12-19 16:30:05,837 [INFO] UserAuth:113 - Init User Auth plugin
2023-12-19 16:30:05,837 [INFO] PluginManage:359 - Loaded plugin userauth (category:base,tabindex:14)
2023-12-19 16:30:05,838 [INFO] PluginManage:283 - PluginManage : Loaded plugins [17]
2023-12-19 16:30:06,126 [INFO] PinOutPanel:1499 - setPackage(No Configuration,No Configuration)
2023-12-19 16:30:06,257 [INFO] CADModel:165 - CPN selected for project level
2023-12-19 16:30:06,257 [INFO] CADModel:114 - Register for checkConnection events
2023-12-19 16:30:06,290 [INFO] IPUIPlugin:80 - create IPUIPlugin
2023-12-19 16:30:06,290 [INFO] PluginManager:220 - loadIPPluginJar : add adc
2023-12-19 16:30:06,323 [INFO] IPUIPlugin:80 - create IPUIPlugin
2023-12-19 16:30:06,324 [INFO] PluginManager:220 - loadIPPluginJar : add aes
2023-12-19 16:30:06,363 [INFO] IPUIPlugin:80 - create IPUIPlugin
2023-12-19 16:30:06,363 [INFO] PluginManager:220 - loadIPPluginJar : add can
2023-12-19 16:30:06,390 [INFO] IPUIPlugin:80 - create IPUIPlugin
2023-12-19 16:30:06,391 [INFO] PluginManager:220 - loadIPPluginJar : add comp
2023-12-19 16:30:06,457 [INFO] IPUIPlugin:80 - create IPUIPlugin
2023-12-19 16:30:06,457 [INFO] PluginManager:220 - loadIPPluginJar : add cryp
2023-12-19 16:30:06,525 [INFO] IPUIPlugin:80 - create IPUIPlugin
2023-12-19 16:30:06,525 [INFO] PluginManager:220 - loadIPPluginJar : add dfsdm
2023-12-19 16:30:06,556 [INFO] IPUIPlugin:80 - create IPUIPlugin
2023-12-19 16:30:06,558 [INFO] PluginManager:220 - loadIPPluginJar : add dma
2023-12-19 16:30:06,645 [INFO] IPUIPlugin:80 - create IPUIPlugin
2023-12-19 16:30:06,645 [INFO] PluginManager:220 - loadIPPluginJar : add dma3
2023-12-19 16:30:06,701 [INFO] IPUIPlugin:80 - create IPUIPlugin
2023-12-19 16:30:06,701 [INFO] PluginManager:220 - loadIPPluginJar : add fatfs
2023-12-19 16:30:06,801 [INFO] IPUIPlugin:80 - create IPUIPlugin
2023-12-19 16:30:06,802 [INFO] PluginManager:220 - loadIPPluginJar : add fmc
2023-12-19 16:30:06,836 [INFO] IPUIPlugin:80 - create IPUIPlugin
2023-12-19 16:30:06,836 [INFO] PluginManager:220 - loadIPPluginJar : add freertos
2023-12-19 16:30:06,882 [INFO] IPUIPlugin:80 - create IPUIPlugin
2023-12-19 16:30:06,882 [INFO] PluginManager:220 - loadIPPluginJar : add genericplugin
2023-12-19 16:30:07,004 [INFO] IPUIPlugin:80 - create IPUIPlugin
2023-12-19 16:30:07,005 [INFO] PluginManager:220 - loadIPPluginJar : add gfxmmu
2023-12-19 16:30:07,146 [INFO] IPUIPlugin:80 - create IPUIPlugin
2023-12-19 16:30:07,146 [INFO] PluginManager:220 - loadIPPluginJar : add gic
2023-12-19 16:30:07,184 [INFO] IPUIPlugin:80 - create IPUIPlugin
2023-12-19 16:30:07,184 [INFO] PluginManager:220 - loadIPPluginJar : add gpio
2023-12-19 16:30:07,341 [INFO] IPUIPlugin:80 - create IPUIPlugin
2023-12-19 16:30:07,341 [INFO] PluginManager:220 - loadIPPluginJar : add gtzc
2023-12-19 16:30:07,384 [INFO] IPUIPlugin:80 - create IPUIPlugin
2023-12-19 16:30:07,384 [INFO] PluginManager:220 - loadIPPluginJar : add hash
2023-12-19 16:30:07,452 [INFO] IPUIPlugin:80 - create IPUIPlugin
2023-12-19 16:30:07,452 [INFO] PluginManager:220 - loadIPPluginJar : add i2c
2023-12-19 16:30:07,520 [INFO] IPUIPlugin:80 - create IPUIPlugin
2023-12-19 16:30:07,520 [INFO] PluginManager:220 - loadIPPluginJar : add i2s
2023-12-19 16:30:07,578 [INFO] IPUIPlugin:80 - create IPUIPlugin
2023-12-19 16:30:07,578 [INFO] PluginManager:220 - loadIPPluginJar : add i3c
2023-12-19 16:30:07,706 [INFO] IPUIPlugin:80 - create IPUIPlugin
2023-12-19 16:30:07,706 [INFO] PluginManager:220 - loadIPPluginJar : add ipddr
2023-12-19 16:30:07,805 [INFO] IPUIPlugin:80 - create IPUIPlugin
2023-12-19 16:30:07,805 [INFO] PluginManager:220 - loadIPPluginJar : add linkedlist
2023-12-19 16:30:07,841 [INFO] IPUIPlugin:80 - create IPUIPlugin
2023-12-19 16:30:07,841 [INFO] PluginManager:220 - loadIPPluginJar : add lorawan
2023-12-19 16:30:07,879 [INFO] IPUIPlugin:80 - create IPUIPlugin
2023-12-19 16:30:07,879 [INFO] PluginManager:220 - loadIPPluginJar : add ltdc
2023-12-19 16:30:07,893 [INFO] IPUIPlugin:80 - create IPUIPlugin
2023-12-19 16:30:07,894 [INFO] PluginManager:220 - loadIPPluginJar : add mdma
2023-12-19 16:30:07,906 [INFO] IPUIPlugin:80 - create IPUIPlugin
2023-12-19 16:30:07,907 [INFO] PluginManager:220 - loadIPPluginJar : add nvic
2023-12-19 16:30:07,949 [INFO] IPUIPlugin:80 - create IPUIPlugin
2023-12-19 16:30:07,949 [INFO] PluginManager:220 - loadIPPluginJar : add opamp
2023-12-19 16:30:08,005 [INFO] IPUIPlugin:80 - create IPUIPlugin
2023-12-19 16:30:08,006 [INFO] PluginManager:220 - loadIPPluginJar : add openamp
2023-12-19 16:30:08,050 [INFO] IPUIPlugin:80 - create IPUIPlugin
2023-12-19 16:30:08,050 [INFO] PluginManager:220 - loadIPPluginJar : add pdm2pcm
2023-12-19 16:30:08,064 [INFO] IPUIPlugin:80 - create IPUIPlugin
2023-12-19 16:30:08,066 [INFO] PluginManager:220 - loadIPPluginJar : add plateformsettings
2023-12-19 16:30:08,086 [INFO] IPUIPlugin:80 - create IPUIPlugin
2023-12-19 16:30:08,086 [INFO] PluginManager:220 - loadIPPluginJar : add quadspi
2023-12-19 16:30:08,099 [INFO] IPUIPlugin:80 - create IPUIPlugin
2023-12-19 16:30:08,099 [INFO] PluginManager:220 - loadIPPluginJar : add resmgrutility
2023-12-19 16:30:08,143 [INFO] IPUIPlugin:80 - create IPUIPlugin
2023-12-19 16:30:08,143 [INFO] PluginManager:220 - loadIPPluginJar : add sai
2023-12-19 16:30:08,177 [INFO] IPUIPlugin:80 - create IPUIPlugin
2023-12-19 16:30:08,177 [INFO] PluginManager:220 - loadIPPluginJar : add spi
2023-12-19 16:30:08,232 [INFO] IPUIPlugin:80 - create IPUIPlugin
2023-12-19 16:30:08,232 [INFO] PluginManager:220 - loadIPPluginJar : add stm32_wpan
2023-12-19 16:30:08,253 [INFO] IPUIPlugin:80 - create IPUIPlugin
2023-12-19 16:30:08,253 [INFO] PluginManager:220 - loadIPPluginJar : add tim
2023-12-19 16:30:08,307 [INFO] IPUIPlugin:80 - create IPUIPlugin
2023-12-19 16:30:08,307 [INFO] PluginManager:220 - loadIPPluginJar : add touchsensing
2023-12-19 16:30:08,331 [INFO] IPUIPlugin:80 - create IPUIPlugin
2023-12-19 16:30:08,331 [INFO] PluginManager:220 - loadIPPluginJar : add tracer_emb
2023-12-19 16:30:08,354 [INFO] IPUIPlugin:80 - create IPUIPlugin
2023-12-19 16:30:08,355 [INFO] PluginManager:220 - loadIPPluginJar : add ts
2023-12-19 16:30:08,376 [INFO] IPUIPlugin:80 - create IPUIPlugin
2023-12-19 16:30:08,376 [INFO] PluginManager:220 - loadIPPluginJar : add tsc
2023-12-19 16:30:08,401 [INFO] IPUIPlugin:80 - create IPUIPlugin
2023-12-19 16:30:08,401 [INFO] PluginManager:220 - loadIPPluginJar : add ucpd
2023-12-19 16:30:08,450 [INFO] IPUIPlugin:80 - create IPUIPlugin
2023-12-19 16:30:08,450 [INFO] PluginManager:220 - loadIPPluginJar : add usart
2023-12-19 16:30:08,495 [INFO] IPUIPlugin:80 - create IPUIPlugin
2023-12-19 16:30:08,496 [INFO] PluginManager:220 - loadIPPluginJar : add usbx
2023-12-19 16:30:08,527 [INFO] ThirdPartyUpdaterWithRetryManager:70 - Updater plugin not ready yet. [2/15]
2023-12-19 16:30:08,639 [INFO] CADModel:165 - CPN selected for project level
2023-12-19 16:30:08,640 [INFO] CADModel:114 - Register for checkConnection events
2023-12-19 16:30:08,640 [FATAL] Updater:308 - Updater called before beeing initialized
2023-12-19 16:30:08,640 [ERROR] CADModel:125 - Updater not yet initialized, retry later 
2023-12-19 16:30:08,856 [INFO] CADModel:165 - CPN selected for project level
2023-12-19 16:30:08,856 [INFO] CADModel:114 - Register for checkConnection events
2023-12-19 16:30:08,856 [FATAL] Updater:308 - Updater called before beeing initialized
2023-12-19 16:30:08,856 [ERROR] CADModel:125 - Updater not yet initialized, retry later 
2023-12-19 16:30:08,860 [FATAL] Updater:308 - Updater called before beeing initialized
2023-12-19 16:30:09,016 [FATAL] Updater:308 - Updater called before beeing initialized
2023-12-19 16:30:09,028 [INFO] DbMcusAds:53 - JSON generation date=Tue Mar 07 15:50:55 ICT 2023 (1678179055335)
2023-12-19 16:30:09,028 [FATAL] Updater:308 - Updater called before beeing initialized
2023-12-19 16:30:09,131 [WARN] DetailPanel:346 - Failed to get advertising image, set to default
2023-12-19 16:30:09,289 [FATAL] Updater:308 - Updater called before beeing initialized
2023-12-19 16:30:09,291 [FATAL] Updater:308 - Updater called before beeing initialized
2023-12-19 16:30:09,292 [FATAL] Updater:308 - Updater called before beeing initialized
2023-12-19 16:30:09,292 [WARN] DetailPanel:346 - Failed to get advertising image, set to default
2023-12-19 16:30:09,293 [FATAL] Updater:308 - Updater called before beeing initialized
2023-12-19 16:30:09,359 [ERROR] Updater:1120 - MainUpdater not yet initialized. External WinMGr cannot be set.
2023-12-19 16:30:09,368 [INFO] Updater:1056 - Updater Version found : 6.9.0
2023-12-19 16:30:09,384 [INFO] ApplicationProperties:184 - Using Application install path: C:\ST\STM32CubeIDE_1.13.0\STM32CubeIDE\plugins\com.st.stm32cube.common.mx_6.9.0.202307051724
2023-12-19 16:30:09,713 [INFO] MainUpdater:2868 - connection check result : 10
2023-12-19 16:30:09,715 [INFO] MainUpdater:285 - Updater Check For Update Now.
2023-12-19 16:30:09,715 [INFO] MicroXplorer:498 - Change Database Version : DB.6.0.90
2023-12-19 16:30:09,749 [INFO] McuFinderGlobals:63 - Set McuFinder mode to 2 (CubeIDE integrated)
2023-12-19 16:30:09,750 [INFO] UserAuth:179 - activating auth plugin
2023-12-19 16:30:09,754 [INFO] UserAuth:393 - Internet connection configuration mode: 1
2023-12-19 16:30:09,800 [INFO] JxBrowserEngine:151 - Initiate JxBrowser Engine with user profile folder
2023-12-19 16:30:10,016 [INFO] CheckServerUpdateThread:120 - End of CheckServer Thread
2023-12-19 16:30:12,179 [WARN] PackLoader:240 - Cannot read IP mode file for STMicroelectronics.X-CUBE-SMBUS.2.1.0
2023-12-19 16:30:12,222 [WARN] PackLoader:240 - Cannot read IP mode file for STMicroelectronics.X-CUBE-TOUCHGFX.4.23.0
2023-12-19 16:30:12,351 [WARN] PackLoader:240 - Cannot read IP mode file for STMicroelectronics.X-CUBE-AZRTOS-F7.1.1.0
2023-12-19 16:30:12,409 [WARN] PackLoader:240 - Cannot read IP mode file for STMicroelectronics.FP-SNS-MOTENV1.4.3.2
2023-12-19 16:30:12,457 [ERROR] RealEvaluatedCondition:428 - Found unsupported composite condition: GROUP='STM32_MetaDataManager' CLASS='Data Exchange'
2023-12-19 16:30:12,458 [ERROR] RealEvaluatedCondition:428 - Found unsupported composite condition: CLASS='Data Exchange' GROUP='STM32_MetaDataManager'
2023-12-19 16:30:12,461 [WARN] PackLoader:240 - Cannot read IP mode file for STMicroelectronics.FP-SNS-MOTENV1.4.3.1
2023-12-19 16:30:12,504 [WARN] PackLoader:240 - Cannot read IP mode file for STMicroelectronics.FP-SNS-FLIGHT1.5.0.1
2023-12-19 16:30:12,564 [WARN] PackLoader:240 - Cannot read IP mode file for STMicroelectronics.X-CUBE-BLE1.6.2.4
2023-12-19 16:30:12,600 [WARN] PackLoader:240 - Cannot read IP mode file for STMicroelectronics.FP-SNS-FLIGHT1.5.0.2
2023-12-19 16:30:12,647 [WARN] PackLoader:240 - Cannot read IP mode file for STMicroelectronics.X-CUBE-DISPLAY.3.0.0
2023-12-19 16:30:12,689 [WARN] PackLoader:240 - Cannot read IP mode file for STMicroelectronics.X-CUBE-BLE1.7.0.0
2023-12-19 16:30:12,716 [WARN] PackLoader:240 - Cannot read IP mode file for STMicroelectronics.X-CUBE-TOUCHGFX.4.22.0
2023-12-19 16:30:12,745 [WARN] PackLoader:240 - Cannot read IP mode file for STMicroelectronics.X-CUBE-TOUCHGFX.4.22.1
2023-12-19 16:30:12,780 [WARN] PackLoader:240 - Cannot read IP mode file for STMicroelectronics.FP-SNS-SMARTAG2.1.2.0
2023-12-19 16:30:12,853 [INFO] LogOutputStream:77 - [STDOUT_REDIRECT] 1 : Invalid condition id : UX_CORESTACK_Condition cause : null
2023-12-19 16:30:12,854 [INFO] LogOutputStream:77 - [STDOUT_REDIRECT] 1 : Invalid condition id : UX_CORESTACK_Condition cause : null
2023-12-19 16:30:12,856 [INFO] LogOutputStream:77 - [STDOUT_REDIRECT] 1 : Invalid condition id : UX_CORESTACK_Condition cause : null
2023-12-19 16:30:12,859 [INFO] LogOutputStream:77 - [STDOUT_REDIRECT] 1 : Invalid condition id : UX_CORESTACK_Condition cause : null
2023-12-19 16:30:12,862 [INFO] LogOutputStream:77 - [STDOUT_REDIRECT] 1 : Invalid condition id : UX_CORESTACK_Condition cause : null
2023-12-19 16:30:12,885 [WARN] PackLoader:240 - Cannot read IP mode file for STMicroelectronics.X-CUBE-AZRTOS-WL.2.0.0
2023-12-19 16:30:12,925 [WARN] PackLoader:240 - Cannot read IP mode file for WES.I-CUBE-Cesium.1.3.0
2023-12-19 16:30:12,960 [WARN] PackLoader:240 - Cannot read IP mode file for STMicroelectronics.X-CUBE-BLE2.3.3.0
2023-12-19 16:30:13,053 [WARN] PackLoader:240 - Cannot read IP mode file for STMicroelectronics.X-CUBE-DISPLAY.2.2.0
2023-12-19 16:30:13,128 [WARN] PackLoader:240 - Cannot read IP mode file for STMicroelectronics.X-CUBE-TOF1.3.2.0
2023-12-19 16:30:13,170 [WARN] PackLoader:240 - Cannot read IP mode file for STMicroelectronics.X-CUBE-TOUCHGFX.4.21.0
2023-12-19 16:30:13,244 [WARN] PackLoader:240 - Cannot read IP mode file for STMicroelectronics.X-CUBE-TOUCHGFX.4.21.4
2023-12-19 16:30:13,515 [WARN] PackLoader:240 - Cannot read IP mode file for STMicroelectronics.X-CUBE-MEMS1.9.4.0
2023-12-19 16:30:14,306 [WARN] PackLoader:240 - Cannot read IP mode file for STMicroelectronics.X-CUBE-AI.7.3.0
2023-12-19 16:30:14,545 [WARN] PackLoader:240 - Cannot read IP mode file for STMicroelectronics.X-CUBE-ALGOBUILD.1.3.0
2023-12-19 16:30:14,692 [WARN] PackLoader:240 - Cannot read IP mode file for STMicroelectronics.X-CUBE-AZRTOS-G0.1.1.0
2023-12-19 16:30:14,770 [WARN] PackLoader:240 - Cannot read IP mode file for STMicroelectronics.X-CUBE-NFC4.3.0.0
2023-12-19 16:30:14,825 [WARN] PackLoader:240 - Cannot read IP mode file for STMicroelectronics.X-CUBE-BLEMGR.3.0.0
2023-12-19 16:30:14,863 [WARN] PackLoader:240 - Cannot read IP mode file for STMicroelectronics.X-CUBE-BLEMGR.1.3.0
2023-12-19 16:30:14,889 [WARN] PackLoader:240 - Cannot read IP mode file for STMicroelectronics.FP-ATR-SIGFOX1.3.2.0
2023-12-19 16:30:14,938 [INFO] WebApp:157 - Instantiating new browser for Auth
2023-12-19 16:30:15,019 [WARN] PackLoader:240 - Cannot read IP mode file for SEGGER.I-CUBE-embOS.1.3.1
2023-12-19 16:30:15,332 [WARN] PackLoader:240 - Cannot read IP mode file for SEGGER.I-CUBE-embOS.1.3.0
2023-12-19 16:30:15,493 [WARN] PackLoader:240 - Cannot read IP mode file for STMicroelectronics.X-CUBE-GNSS1.6.0.0
2023-12-19 16:30:15,556 [WARN] PackLoader:240 - Cannot read IP mode file for STMicroelectronics.X-CUBE-AZRTOS-F4.1.1.0
2023-12-19 16:30:15,616 [WARN] PackLoader:240 - Cannot read IP mode file for STMicroelectronics.X-CUBE-AZRTOS-L5.2.0.0
2023-12-19 16:30:15,765 [WARN] PackLoader:240 - Cannot read IP mode file for STMicroelectronics.X-CUBE-MEMS1.9.6.0
2023-12-19 16:30:16,102 [WARN] PackLoader:240 - Cannot read IP mode file for STMicroelectronics.X-CUBE-EEPRMA1.4.2.0
2023-12-19 16:30:16,148 [WARN] PackLoader:240 - Cannot read IP mode file for ITTIA_DB.I-CUBE-ITTIADB.8.8.0
2023-12-19 16:30:16,186 [WARN] PackLoader:240 - Cannot read IP mode file for emotas.I-CUBE-CANOPEN.1.1.3
2023-12-19 16:30:16,227 [WARN] PackLoader:240 - Cannot read IP mode file for STMicroelectronics.X-CUBE-BLEMGR.2.0.0
2023-12-19 16:30:16,271 [WARN] PackLoader:240 - Cannot read IP mode file for STMicroelectronics.X-CUBE-NFC4.2.0.5
2023-12-19 16:30:16,354 [WARN] ConditionMgr:438 - getConditionDescription Invalid condition id : UX DEVICE CLASS RTOS Condition cause : null
2023-12-19 16:30:16,354 [WARN] ConditionMgr:438 - getConditionDescription Invalid condition id : UX DEVICE CLASS RTOS Condition cause : null
2023-12-19 16:30:16,365 [WARN] PackLoader:240 - Cannot read IP mode file for STMicroelectronics.X-CUBE-AZRTOS-H7.3.1.0
2023-12-19 16:30:16,367 [WARN] ConditionMgr:1039 - genDependencies : Invalid condition id : UX DEVICE CLASS RTOS Condition cause : null
2023-12-19 16:30:16,368 [WARN] ConditionMgr:1039 - genDependencies : Invalid condition id : UX DEVICE CLASS RTOS Condition cause : null
2023-12-19 16:30:16,369 [WARN] ConditionMgr:1039 - genDependencies : Invalid condition id : UX DEVICE CLASS RTOS Condition cause : null
2023-12-19 16:30:16,370 [WARN] ConditionMgr:1039 - genDependencies : Invalid condition id : UX DEVICE CLASS RTOS Condition cause : null
2023-12-19 16:30:16,370 [WARN] ConditionMgr:1039 - genDependencies : Invalid condition id : UX DEVICE CLASS RTOS Condition cause : null
2023-12-19 16:30:16,418 [WARN] PackLoader:240 - Cannot read IP mode file for wolfSSL.I-CUBE-wolfSSL.5.5.4
2023-12-19 16:30:16,477 [WARN] PackLoader:240 - Cannot read IP mode file for STMicroelectronics.X-CUBE-NFC7.1.0.1
2023-12-19 16:30:16,532 [WARN] PackLoader:240 - Cannot read IP mode file for STMicroelectronics.X-CUBE-NFC7.1.0.0
2023-12-19 16:30:16,647 [WARN] PackLoader:240 - Cannot read IP mode file for STMicroelectronics.X-CUBE-NFC6.3.0.0
2023-12-19 16:30:16,676 [WARN] PackLoader:240 - Cannot read IP mode file for STMicroelectronics.X-CUBE-EEPRMA1.4.1.0
2023-12-19 16:30:16,703 [WARN] PackLoader:240 - Cannot read IP mode file for STMicroelectronics.X-CUBE-AI.8.1.0
2023-12-19 16:30:16,766 [WARN] ConditionMgr:438 - getConditionDescription Invalid condition id : LAN8742 Phy interface Condition cause : null
2023-12-19 16:30:16,767 [WARN] PackLoader:240 - Cannot read IP mode file for STMicroelectronics.X-CUBE-AZRTOS-L4.2.0.0
2023-12-19 16:30:16,772 [WARN] ConditionMgr:1039 - genDependencies : Invalid condition id : LAN8742 Phy interface Condition cause : null
2023-12-19 16:30:16,772 [WARN] ConditionMgr:1039 - genDependencies : Invalid condition id : LAN8742 Phy interface Condition cause : null
2023-12-19 16:30:16,774 [WARN] ConditionMgr:1039 - genDependencies : Invalid condition id : LAN8742 Phy interface Condition cause : null
2023-12-19 16:30:16,808 [WARN] PackLoader:240 - Cannot read IP mode file for STMicroelectronics.X-CUBE-SFXS2LP1.4.0.0
2023-12-19 16:30:16,862 [INFO] WebApp:753 - Register for checkConnection events
2023-12-19 16:30:16,862 [INFO] WebApp:390 - Apply proxy settings
2023-12-19 16:30:16,863 [INFO] WebApp:475 - Chromium requires no authentication
2023-12-19 16:30:16,875 [WARN] PackLoader:240 - Cannot read IP mode file for STMicroelectronics.X-CUBE-AZRTOS-H7.3.0.0
2023-12-19 16:30:16,884 [INFO] WebApp:418 - Direct internet connection detected
2023-12-19 16:30:16,901 [WARN] PackLoader:240 - Cannot read IP mode file for STMicroelectronics.X-CUBE-ISPU.1.1.0
2023-12-19 16:30:16,927 [WARN] PackLoader:240 - Cannot read IP mode file for RoweBots.I-CUBE-UNISONRTOS.5.5.0-4
2023-12-19 16:30:16,971 [WARN] ConditionMgr:438 - getConditionDescription Invalid condition id : UX DEVICE CLASS RTOS Condition cause : null
2023-12-19 16:30:16,972 [WARN] ConditionMgr:438 - getConditionDescription Invalid condition id : UX DEVICE CLASS RTOS Condition cause : null
2023-12-19 16:30:16,975 [WARN] PackLoader:240 - Cannot read IP mode file for STMicroelectronics.X-CUBE-AZRTOS-WB.2.0.0
2023-12-19 16:30:16,976 [WARN] ConditionMgr:1039 - genDependencies : Invalid condition id : UX DEVICE CLASS RTOS Condition cause : null
2023-12-19 16:30:16,977 [WARN] ConditionMgr:1039 - genDependencies : Invalid condition id : UX DEVICE CLASS RTOS Condition cause : null
2023-12-19 16:30:16,978 [WARN] ConditionMgr:1039 - genDependencies : Invalid condition id : UX DEVICE CLASS RTOS Condition cause : null
2023-12-19 16:30:16,979 [WARN] ConditionMgr:1039 - genDependencies : Invalid condition id : UX DEVICE CLASS RTOS Condition cause : null
2023-12-19 16:30:16,979 [WARN] ConditionMgr:1039 - genDependencies : Invalid condition id : UX DEVICE CLASS RTOS Condition cause : null
2023-12-19 16:30:17,000 [WARN] PackLoader:240 - Cannot read IP mode file for STMicroelectronics.X-CUBE-FREERTOS.1.0.1
2023-12-19 16:30:17,060 [WARN] PackLoader:240 - Cannot read IP mode file for STMicroelectronics.X-CUBE-AZRTOS-L5.1.1.0
2023-12-19 16:30:17,087 [WARN] PackLoader:240 - Cannot read IP mode file for STMicroelectronics.X-CUBE-AI.8.0.1
2023-12-19 16:30:17,132 [WARN] PackLoader:240 - Cannot read IP mode file for STMicroelectronics.X-CUBE-SUBG2.5.0.0
2023-12-19 16:30:17,182 [WARN] PackLoader:240 - Cannot read IP mode file for STMicroelectronics.X-CUBE-TOF1.3.3.1
2023-12-19 16:30:17,253 [WARN] PackLoader:240 - Cannot read IP mode file for STMicroelectronics.X-CUBE-AZRTOS-G4.2.0.0
2023-12-19 16:30:17,294 [WARN] PackLoader:240 - Cannot read IP mode file for STMicroelectronics.X-CUBE-TOF1.3.3.0
2023-12-19 16:30:17,373 [WARN] PackLoader:240 - Cannot read IP mode file for STMicroelectronics.FP-ATR-ASTRA1.1.1.1
2023-12-19 16:30:17,414 [INFO] WebApp:188 - Starting web application
2023-12-19 16:30:17,415 [INFO] WebApp:520 - Web application path used C:\ST\STM32CubeIDE_1.13.0\STM32CubeIDE\plugins\com.st.stm32cube.common.mx_6.9.0.202307051724\db\plugins\mcufinder\reactClient1\index.html
2023-12-19 16:30:17,427 [WARN] PackLoader:240 - Cannot read IP mode file for Infineon.AIROC-Wi-Fi-Bluetooth-STM32.1.5.1
2023-12-19 16:30:17,471 [WARN] PackLoader:240 - Cannot read IP mode file for STMicroelectronics.FP-SNS-MOTENVWB1.1.3.0
2023-12-19 16:30:17,495 [WARN] PackLoader:240 - Cannot read IP mode file for STMicroelectronics.FP-SNS-MOTENVWB1.1.3.1
2023-12-19 16:30:17,558 [WARN] PackLoader:240 - Cannot read IP mode file for STMicroelectronics.X-CUBE-AZRTOS-G4.1.0.0
2023-12-19 16:30:17,635 [WARN] PackLoader:240 - Cannot read IP mode file for STMicroelectronics.X-CUBE-AZRTOS-L4.1.0.0
2023-12-19 16:30:17,670 [WARN] PackLoader:240 - Cannot read IP mode file for STMicroelectronics.X-CUBE-ISPU.2.0.0
2023-12-19 16:30:17,770 [WARN] PackLoader:240 - Cannot read IP mode file for STMicroelectronics.X-CUBE-MEMS1.10.0.0
2023-12-19 16:30:18,169 [WARN] PackLoader:240 - Cannot read IP mode file for STMicroelectronics.X-CUBE-FREERTOS.1.1.0
2023-12-19 16:30:18,219 [WARN] PackLoader:240 - Cannot read IP mode file for STMicroelectronics.X-CUBE-AZRTOS-WL.1.0.0
2023-12-19 16:30:18,244 [WARN] PackLoader:240 - Cannot read IP mode file for portGmbH.I-Cube-SoM-uGOAL.1.1.0
2023-12-19 16:30:18,271 [WARN] PackLoader:240 - Cannot read IP mode file for STMicroelectronics.X-CUBE-ALS.1.0.1
2023-12-19 16:30:18,322 [WARN] PackLoader:240 - Cannot read IP mode file for STMicroelectronics.X-CUBE-AZRTOS-WB.1.1.0
2023-12-19 16:30:18,350 [WARN] PackLoader:240 - Cannot read IP mode file for STMicroelectronics.FP-ATR-ASTRA1.2.0.0
2023-12-19 16:30:18,379 [WARN] PackLoader:240 - Cannot read IP mode file for STMicroelectronics.X-CUBE-TOF1.3.4.0
2023-12-19 16:30:18,451 [WARN] PackLoader:240 - Cannot read IP mode file for STMicroelectronics.X-CUBE-AZRTOS-H7.3.2.0
2023-12-19 16:30:18,454 [INFO] ThirdParty:978 - Integrity check success = true
2023-12-19 16:30:18,454 [INFO] IntegrityCheckThread:100 - exiting critical section [integrity check]
2023-12-19 16:30:18,455 [INFO] IntegrityCheckThread:103 - End integrity checks thread
2023-12-19 16:30:39,020 [ERROR] LogOutputStream:75 - [STDERR_REDIRECT] SLF4J: Failed to load class "org.slf4j.impl.StaticLoggerBinder".
2023-12-19 16:30:39,022 [ERROR] LogOutputStream:75 - [STDERR_REDIRECT] SLF4J: Defaulting to no-operation (NOP) logger implementation
2023-12-19 16:30:39,023 [ERROR] LogOutputStream:75 - [STDERR_REDIRECT] SLF4J: See http://www.slf4j.org/codes.html#StaticLoggerBinder for further details.
2023-12-19 16:30:52,874 [INFO] McuFinderGlobals:63 - Set McuFinder mode to 2 (CubeIDE integrated)
2023-12-19 16:30:52,903 [INFO] MainUpdater:2868 - connection check result : 10
2023-12-19 16:30:52,927 [INFO] McuFinderGlobals:76 - Set McuFinderConnectedMode to true
2023-12-19 16:30:54,554 [INFO] ServerAccessManage:473 - Download File mcusAds.json._tmp_
2023-12-19 16:30:54,669 [INFO] LoadUrlFilesThread:156 - End of LoadUrlFiles Thread
2023-12-19 16:30:55,021 [INFO] ServerAccessManage:473 - Download File cube-finder-db.zip
2023-12-19 16:32:55,016 [INFO] FileExtend:240 - Unzip File : cube-finder-db.zip
2023-12-19 16:32:55,017 [INFO] FileExtend:255 - Standard Zip Deflate
2023-12-19 16:32:56,173 [INFO] LoadUrlFilesThread:156 - End of LoadUrlFiles Thread
2023-12-19 16:32:58,335 [INFO] ServerAccessManage:473 - Download File crdb.zip
2023-12-19 16:33:09,256 [INFO] FileExtend:240 - Unzip File : crdb.zip
2023-12-19 16:33:09,257 [INFO] FileExtend:255 - Standard Zip Deflate
2023-12-19 16:33:09,407 [INFO] LoadUrlFilesThread:156 - End of LoadUrlFiles Thread
2023-12-19 16:33:09,652 [INFO] ServerAccessManage:473 - Download File tutoVideoDB.zip
2023-12-19 16:33:09,734 [INFO] FileExtend:240 - Unzip File : tutoVideoDB.zip
2023-12-19 16:33:09,734 [INFO] FileExtend:255 - Standard Zip Deflate
2023-12-19 16:33:09,851 [INFO] LoadUrlFilesThread:156 - End of LoadUrlFiles Thread
2023-12-19 16:33:09,854 [WARN] DbFile:41 - Overriding database path with different value: C:\Users\ACER\.stmcufinder\plugins\mcufinder/ => C:\Users\ACER\.stmcufinder\plugins\mcufinder
2023-12-19 16:33:10,000 [INFO] ServerAccessManage:473 - Download File api_config.json
2023-12-19 16:33:10,113 [INFO] LoadUrlFilesThread:156 - End of LoadUrlFiles Thread
2023-12-19 16:33:10,114 [INFO] DbMcusAds:53 - JSON generation date=Wed Nov 29 17:52:27 ICT 2023 (1701255147349)
2023-12-19 16:33:16,837 [INFO] ServerAccessManage:473 - Download File 
2023-12-19 16:33:17,231 [INFO] LoadUrlFilesThread:185 - End of LoadServerUrlFiles without Thread
2023-12-19 16:33:17,232 [INFO] TargetSelectorAdapter:259 - Refresh data is successful
2023-12-19 16:33:17,513 [INFO] ApiDb:581 - Connected to CubeFinder SQLite database (C:\Users\ACER\.stmcufinder\plugins\mcufinder\mcu\cube-finder-db.db)
2023-12-19 16:33:17,689 [INFO] ApiDb:668 - CubeFinder database Data Model version=2.1
2023-12-19 16:33:17,689 [INFO] ApiDb:669 - CubeFinder database Configuration version=3.0.39
2023-12-19 16:33:17,691 [INFO] ApiDb:670 - CubeFinder database generation date=2023-11-06 (1699269565)
2023-12-19 16:33:17,691 [INFO] ApiDb:671 - CubeFinder database FW Pack versions=[FP-ATR-ASTRA1_V2.0.0, FP-SNS-FLIGHT1_V5.0.1, FP-SNS-FLIGHT1_V5.0.2, FP-SNS-MOTENV1_V4.3.1, FP-SNS-MOTENV1_V4.3.2, FP-SNS-MOTENVWB1_V1.3.0, FP-SNS-SMARTAG2_V1.2.0, STM32Cube_FW_C0_V1.1.0, STM32Cube_FW_F4_V1.28.0, STM32Cube_FW_F7_V1.17.0, STM32Cube_FW_G0_V1.6.1, STM32Cube_FW_G4_V1.5.1, STM32Cube_FW_H5_V0.5.1, STM32Cube_FW_H5_V1.1.1, STM32Cube_FW_H5_V1.2.0RC2, STM32Cube_FW_H7_V1.11.0, STM32Cube_FW_L0_V1.12.2, STM32Cube_FW_L5_V1.5.0, STM32Cube_FW_U5_V1.3.0RC4, STM32Cube_FW_U5_V1.4.0, STM32Cube_FW_WBA_V1.0.0RC1, STM32Cube_FW_WBA_V1.1.0RC1, STM32Cube_FW_WBA_V1.2.0, STM32Cube_FW_WBA_V1.2.0RC2, STM32Cube_FW_WB_V1.15.0RC1, STM32Cube_FW_WB_V1.16.0, STM32Cube_FW_WB_V1.16.0RC2, STM32Cube_FW_WB_V1.18.0, STM32Cube_FW_WL_V1.3.0, X-CUBE-ALGOBUILD_V1.3.0, X-CUBE-ALS_V1.0.1, X-CUBE-AZRTOS-F4_V1.1.0, X-CUBE-AZRTOS-F7_V1.1.0, X-CUBE-AZRTOS-G0_V1.1.0, X-CUBE-AZRTOS-G4_V2.0.0, X-CUBE-AZRTOS-H7_V3.1.0, X-CUBE-AZRTOS-L4_V1.0.0, X-CUBE-AZRTOS-L4_V2.0.0, X-CUBE-AZRTOS-L5_V1.1.0, X-CUBE-AZRTOS-WB_V2.0.0, X-CUBE-AZRTOS-WL_V2.0.0, X-CUBE-BLE1_V7.0.0, X-CUBE-BLE2_V3.3.0, X-CUBE-BLEMGR_V2.0.0, X-CUBE-EEPRMA1_V4.1.0, X-CUBE-EEPRMA1_V4.2.0, X-CUBE-FREERTOS_V1.1.0, X-CUBE-GNSS1_V6.0.0, X-CUBE-MEMS1_V10.0.0, X-CUBE-MEMS1_V9.1.0, X-CUBE-MEMS1_V9.4.0, X-CUBE-MEMS1_V9.6.0, X-CUBE-NFC4_V3.0.0, X-CUBE-NFC7_V1.0.1, X-CUBE-SFXS2LP1_V4.0.0, X-CUBE-SUBG2_V5.0.0, X-CUBE-TOF1_V3.3.1]
2023-12-19 16:33:21,777 [INFO] ApiDb:240 - Found 323 in-development CPN: [B-G473E-ZEST1S, B-WB1M-WPAN1, B-WL5M-SUBG1, NUCLEO-C031C6, NUCLEO-H503RB, NUCLEO-H563ZI, NUCLEO-U545RE-Q, NUCLEO-U5A5ZJ-Q, NUCLEO-WBA52CG, STEVAL-PROTEUS1, STEVAL-SMARTAG2, STEVAL-STWINBX1, STM320518-EVAL, STM32C0116-DK, STM32C011D6Y3TR, STM32C011D6Y6TR, STM32C011F4P3, STM32C011F4P6, STM32C011F4U3, STM32C011F4U6TR, STM32C011F6P3, STM32C011F6P6, STM32C011F6U3, STM32C011F6U6TR, STM32C011J4M3, STM32C011J4M6, STM32C011J6M3, STM32C011J6M6, STM32C0316-DK, STM32C031C4T3, STM32C031C4T6, STM32C031C4U3, STM32C031C4U6, STM32C031C6T3, STM32C031C6T6, STM32C031C6U3, STM32C031C6U6, STM32C031F4P3, STM32C031F4P6, STM32C031F6P3, STM32C031F6P6, STM32C031G4U3, STM32C031G4U6, STM32C031G6U3, STM32C031G6U6, STM32C031K4T3, STM32C031K4T6, STM32C031K4U3, STM32C031K4U6, STM32C031K6T3, STM32C031K6T6, STM32C031K6U3, STM32C031K6U6, STM32G071K8TXN, STM32G071K8UXN, STM32G081GBU6N, STM32G081KBT6N, STM32G081KBUXN, STM32G0B1CCT6N, STM32G0B1KCT6, STM32G0B1NEY6TR, STM32G0B1RCT6N, STM32G0C1CCT6, STM32G0C1CCT6N, STM32G0C1CCU6N, STM32G0C1CET6N, STM32G0C1CEU6N, STM32G0C1KCT6, STM32G0C1NEY6TR, STM32G0C1RCI6N, STM32G0C1RCT6N, STM32G0C1REI6N, STM32G0C1RET6N, STM32G0C1VCI6, STM32G0C1VEI6, STM32G471CCT6, STM32G471CCU6, STM32G471CET3, STM32G471CET6, STM32G471CEU3, STM32G471CEU6, STM32G471MCT6, STM32G471MET3, STM32G471MET6, STM32G471MEY6TR, STM32G471QCT6, STM32G471QET3, STM32G471RCT6, STM32G471RET3, STM32G471RET6, STM32G471VCH6, STM32G471VCI6, STM32G471VCT6, STM32G471VEH3, STM32G471VEH6, STM32G471VEI3, STM32G471VEI6, STM32G471VET3, STM32G471VET6, STM32G474CCT6, STM32H503CBT6, STM32H503CBU6, STM32H503EBY6TR, STM32H503KBU6, STM32H503RBT6, STM32H562AGI6, STM32H562AII6, STM32H562IGK6, STM32H562IGT6, STM32H562IIK6, STM32H562IIT6, STM32H562RGT6, STM32H562RGV6, STM32H562RIT6, STM32H562RIV6, STM32H562VGT6, STM32H562VIT6, STM32H562ZGT6, STM32H562ZIT6, STM32H563AGI6, STM32H563AII3Q, STM32H563AII6, STM32H563IGK6, STM32H563IGT6, STM32H563IIK3Q, STM32H563IIK6, STM32H563IIT3Q, STM32H563IIT6, STM32H563MIY3QTR, STM32H563RGT6, STM32H563RGV6, STM32H563RIT6, STM32H563RIV6, STM32H563VGT6, STM32H563VIT3Q, STM32H563VIT6, STM32H563ZGT6, STM32H563ZIT3Q, STM32H563ZIT6, STM32H573AII3Q, STM32H573AII6, STM32H573I-DK, STM32H573IIK3Q, STM32H573IIK6, STM32H573IIT3Q, STM32H573IIT6, STM32H573MIY3QTR, STM32H573RIT6, STM32H573RIV6, STM32H573VIT3Q, STM32H573VIT6, STM32H573ZIT3Q, STM32H573ZIT6, STM32L4R5QGI6STR, STM32MP131AAE3, STM32MP131AAF3, STM32MP131AAG3, STM32MP131CAE3, STM32MP131CAF3, STM32MP131CAG3, STM32MP131DAE7, STM32MP131DAF7, STM32MP131DAG7, STM32MP131FAE7, STM32MP131FAF7, STM32MP131FAG7, STM32MP133AAE3, STM32MP133AAF3, STM32MP133AAG3, STM32MP133CAE3, STM32MP133CAF3, STM32MP133CAG3, STM32MP133DAE7, STM32MP133DAF7, STM32MP133DAG7, STM32MP133FAE7, STM32MP133FAF7, STM32MP133FAG7, STM32MP135AAE3, STM32MP135AAF3, STM32MP135AAG3, STM32MP135CAE3, STM32MP135CAF3, STM32MP135CAG3, STM32MP135DAE7, STM32MP135DAF7, STM32MP135DAG7, STM32MP135F-DK, STM32MP135FAE7, STM32MP135FAF7, STM32MP135FAF7T, STM32MP135FAF7U, STM32MP135FAG7, STM32U535CBT6, STM32U535CBT6Q, STM32U535CBU6, STM32U535CBU6Q, STM32U535CCT6, STM32U535CCT6Q, STM32U535CCU6, STM32U535CCU6Q, STM32U535CET6, STM32U535CET6Q, STM32U535CEU6, STM32U535CEU6Q, STM32U535JEY6QTR, STM32U535NCY6QTR, STM32U535NEY6QTR, STM32U535RBI6, STM32U535RBI6Q, STM32U535RBT6, STM32U535RBT6Q, STM32U535RCI6, STM32U535RCI6Q, STM32U535RCT6, STM32U535RCT6Q, STM32U535REI6, STM32U535REI6Q, STM32U535RET6, STM32U535RET6Q, STM32U535VCI6, STM32U535VCI6Q, STM32U535VCT6, STM32U535VCT6Q, STM32U535VEI6, STM32U535VEI6Q, STM32U535VET6, STM32U535VET6Q, STM32U545CET6, STM32U545CET6Q, STM32U545CEU6, STM32U545CEU6Q, STM32U545JEY6QTR, STM32U545NEY6QTR, STM32U545REI6, STM32U545REI6Q, STM32U545RET6, STM32U545RET6Q, STM32U545VEI6, STM32U545VEI6Q, STM32U545VET6, STM32U545VET6Q, STM32U595AIH6, STM32U595AIH6Q, STM32U595AJH6, STM32U595AJH6Q, STM32U595QII6, STM32U595QII6Q, STM32U595QJI6, STM32U595QJI6Q, STM32U595RIT6, STM32U595RIT6Q, STM32U595RJT6, STM32U595RJT6Q, STM32U595VIT6, STM32U595VIT6Q, STM32U595VJT6, STM32U595VJT6Q, STM32U595ZIT6, STM32U595ZIT6Q, STM32U595ZIY6QTR, STM32U595ZJT6, STM32U595ZJT6Q, STM32U595ZJY6QTR, STM32U599BJY6QTR, STM32U599NIH6Q, STM32U599NJH6Q, STM32U599VIT6Q, STM32U599VJT6, STM32U599VJT6Q, STM32U599ZIT6Q, STM32U599ZIY6QTR, STM32U599ZJT6Q, STM32U599ZJY6QTR, STM32U5A5AJH6, STM32U5A5AJH6Q, STM32U5A5QJI6, STM32U5A5QJI6Q, STM32U5A5RJT6, STM32U5A5RJT6Q, STM32U5A5VJT6, STM32U5A5VJT6Q, STM32U5A5ZJT6, STM32U5A5ZJT6Q, STM32U5A5ZJY6QTR, STM32U5A9BJY6QTR, STM32U5A9J-DK, STM32U5A9NJH6Q, STM32U5A9VJT6Q, STM32U5A9ZJT6Q, STM32U5A9ZJY6QTR, STM32U5F7VIT6, STM32U5F7VIT6Q, STM32U5F7VJT6, STM32U5F7VJT6Q, STM32U5F9BJY6QTR, STM32U5F9NJH6Q, STM32U5F9VIT6Q, STM32U5F9VJT6Q, STM32U5F9ZIJ6QTR, STM32U5F9ZIT6Q, STM32U5F9ZJJ6QTR, STM32U5F9ZJT6Q, STM32U5G7VJT6, STM32U5G7VJT6Q, STM32U5G9BJY6QTR, STM32U5G9J-DK1, STM32U5G9J-DK2, STM32U5G9NJH6Q, STM32U5G9VJT6Q, STM32U5G9ZJJ6QTR, STM32U5G9ZJT6Q, STM32WB1MMCH6, STM32WBA52CEU6, STM32WBA52CEU6T, STM32WBA52CGU6, STM32WBA52CGU6T, STM32WBA52KEU6, STM32WBA52KEU6T, STM32WBA52KGU6, STM32WBA52KGU6T, STM32WL5MOCH6, STM32WL5MOCH6TR]
2023-12-19 16:33:21,802 [INFO] DbMcus:217 - Found 3882 MCUs, 3882 are supported
2023-12-19 16:33:21,814 [INFO] ApiDb:423 - Load user favorites file C:\Users\ACER/.stm32cubeide/favorites.mcus.txt: 0 item(s)
2023-12-19 16:33:21,815 [INFO] ApiDb:427 - User favorites MCUs=[]
2023-12-19 16:33:21,815 [INFO] DbMcus:223 - Set 0 / 0 favorites MCUs
2023-12-19 16:33:22,277 [INFO] ApiDb:668 - CubeFinder database Data Model version=2.1
2023-12-19 16:33:22,278 [INFO] ApiDb:669 - CubeFinder database Configuration version=3.0.39
2023-12-19 16:33:22,278 [INFO] ApiDb:670 - CubeFinder database generation date=2023-11-06 (1699269565)
2023-12-19 16:33:22,278 [INFO] ApiDb:671 - CubeFinder database FW Pack versions=[FP-ATR-ASTRA1_V2.0.0, FP-SNS-FLIGHT1_V5.0.1, FP-SNS-FLIGHT1_V5.0.2, FP-SNS-MOTENV1_V4.3.1, FP-SNS-MOTENV1_V4.3.2, FP-SNS-MOTENVWB1_V1.3.0, FP-SNS-SMARTAG2_V1.2.0, STM32Cube_FW_C0_V1.1.0, STM32Cube_FW_F4_V1.28.0, STM32Cube_FW_F7_V1.17.0, STM32Cube_FW_G0_V1.6.1, STM32Cube_FW_G4_V1.5.1, STM32Cube_FW_H5_V0.5.1, STM32Cube_FW_H5_V1.1.1, STM32Cube_FW_H5_V1.2.0RC2, STM32Cube_FW_H7_V1.11.0, STM32Cube_FW_L0_V1.12.2, STM32Cube_FW_L5_V1.5.0, STM32Cube_FW_U5_V1.3.0RC4, STM32Cube_FW_U5_V1.4.0, STM32Cube_FW_WBA_V1.0.0RC1, STM32Cube_FW_WBA_V1.1.0RC1, STM32Cube_FW_WBA_V1.2.0, STM32Cube_FW_WBA_V1.2.0RC2, STM32Cube_FW_WB_V1.15.0RC1, STM32Cube_FW_WB_V1.16.0, STM32Cube_FW_WB_V1.16.0RC2, STM32Cube_FW_WB_V1.18.0, STM32Cube_FW_WL_V1.3.0, X-CUBE-ALGOBUILD_V1.3.0, X-CUBE-ALS_V1.0.1, X-CUBE-AZRTOS-F4_V1.1.0, X-CUBE-AZRTOS-F7_V1.1.0, X-CUBE-AZRTOS-G0_V1.1.0, X-CUBE-AZRTOS-G4_V2.0.0, X-CUBE-AZRTOS-H7_V3.1.0, X-CUBE-AZRTOS-L4_V1.0.0, X-CUBE-AZRTOS-L4_V2.0.0, X-CUBE-AZRTOS-L5_V1.1.0, X-CUBE-AZRTOS-WB_V2.0.0, X-CUBE-AZRTOS-WL_V2.0.0, X-CUBE-BLE1_V7.0.0, X-CUBE-BLE2_V3.3.0, X-CUBE-BLEMGR_V2.0.0, X-CUBE-EEPRMA1_V4.1.0, X-CUBE-EEPRMA1_V4.2.0, X-CUBE-FREERTOS_V1.1.0, X-CUBE-GNSS1_V6.0.0, X-CUBE-MEMS1_V10.0.0, X-CUBE-MEMS1_V9.1.0, X-CUBE-MEMS1_V9.4.0, X-CUBE-MEMS1_V9.6.0, X-CUBE-NFC4_V3.0.0, X-CUBE-NFC7_V1.0.1, X-CUBE-SFXS2LP1_V4.0.0, X-CUBE-SUBG2_V5.0.0, X-CUBE-TOF1_V3.3.1]
2023-12-19 16:33:22,374 [INFO] DbBoardsSqlite:226 - include board P-NUCLEO-WB55-NUCLEO as a kit item of type 'Nucleo-64'
2023-12-19 16:33:22,374 [INFO] DbBoardsSqlite:226 - include board P-NUCLEO-WB55-USBDONGLE as a kit item of type 'Nucleo USB Dongle'
2023-12-19 16:33:22,375 [INFO] DbBoardsSqlite:226 - include board STEVAL-IDP005V1 as a kit item of type 'Evaluation Board'
2023-12-19 16:33:22,375 [INFO] DbBoardsSqlite:226 - include board STEVAL-IDP005V2 as a kit item of type 'Evaluation Board'
2023-12-19 16:33:22,457 [INFO] ApiDb:240 - Found 323 in-development CPN: [B-G473E-ZEST1S, B-WB1M-WPAN1, B-WL5M-SUBG1, NUCLEO-C031C6, NUCLEO-H503RB, NUCLEO-H563ZI, NUCLEO-U545RE-Q, NUCLEO-U5A5ZJ-Q, NUCLEO-WBA52CG, STEVAL-PROTEUS1, STEVAL-SMARTAG2, STEVAL-STWINBX1, STM320518-EVAL, STM32C0116-DK, STM32C011D6Y3TR, STM32C011D6Y6TR, STM32C011F4P3, STM32C011F4P6, STM32C011F4U3, STM32C011F4U6TR, STM32C011F6P3, STM32C011F6P6, STM32C011F6U3, STM32C011F6U6TR, STM32C011J4M3, STM32C011J4M6, STM32C011J6M3, STM32C011J6M6, STM32C0316-DK, STM32C031C4T3, STM32C031C4T6, STM32C031C4U3, STM32C031C4U6, STM32C031C6T3, STM32C031C6T6, STM32C031C6U3, STM32C031C6U6, STM32C031F4P3, STM32C031F4P6, STM32C031F6P3, STM32C031F6P6, STM32C031G4U3, STM32C031G4U6, STM32C031G6U3, STM32C031G6U6, STM32C031K4T3, STM32C031K4T6, STM32C031K4U3, STM32C031K4U6, STM32C031K6T3, STM32C031K6T6, STM32C031K6U3, STM32C031K6U6, STM32G071K8TXN, STM32G071K8UXN, STM32G081GBU6N, STM32G081KBT6N, STM32G081KBUXN, STM32G0B1CCT6N, STM32G0B1KCT6, STM32G0B1NEY6TR, STM32G0B1RCT6N, STM32G0C1CCT6, STM32G0C1CCT6N, STM32G0C1CCU6N, STM32G0C1CET6N, STM32G0C1CEU6N, STM32G0C1KCT6, STM32G0C1NEY6TR, STM32G0C1RCI6N, STM32G0C1RCT6N, STM32G0C1REI6N, STM32G0C1RET6N, STM32G0C1VCI6, STM32G0C1VEI6, STM32G471CCT6, STM32G471CCU6, STM32G471CET3, STM32G471CET6, STM32G471CEU3, STM32G471CEU6, STM32G471MCT6, STM32G471MET3, STM32G471MET6, STM32G471MEY6TR, STM32G471QCT6, STM32G471QET3, STM32G471RCT6, STM32G471RET3, STM32G471RET6, STM32G471VCH6, STM32G471VCI6, STM32G471VCT6, STM32G471VEH3, STM32G471VEH6, STM32G471VEI3, STM32G471VEI6, STM32G471VET3, STM32G471VET6, STM32G474CCT6, STM32H503CBT6, STM32H503CBU6, STM32H503EBY6TR, STM32H503KBU6, STM32H503RBT6, STM32H562AGI6, STM32H562AII6, STM32H562IGK6, STM32H562IGT6, STM32H562IIK6, STM32H562IIT6, STM32H562RGT6, STM32H562RGV6, STM32H562RIT6, STM32H562RIV6, STM32H562VGT6, STM32H562VIT6, STM32H562ZGT6, STM32H562ZIT6, STM32H563AGI6, STM32H563AII3Q, STM32H563AII6, STM32H563IGK6, STM32H563IGT6, STM32H563IIK3Q, STM32H563IIK6, STM32H563IIT3Q, STM32H563IIT6, STM32H563MIY3QTR, STM32H563RGT6, STM32H563RGV6, STM32H563RIT6, STM32H563RIV6, STM32H563VGT6, STM32H563VIT3Q, STM32H563VIT6, STM32H563ZGT6, STM32H563ZIT3Q, STM32H563ZIT6, STM32H573AII3Q, STM32H573AII6, STM32H573I-DK, STM32H573IIK3Q, STM32H573IIK6, STM32H573IIT3Q, STM32H573IIT6, STM32H573MIY3QTR, STM32H573RIT6, STM32H573RIV6, STM32H573VIT3Q, STM32H573VIT6, STM32H573ZIT3Q, STM32H573ZIT6, STM32L4R5QGI6STR, STM32MP131AAE3, STM32MP131AAF3, STM32MP131AAG3, STM32MP131CAE3, STM32MP131CAF3, STM32MP131CAG3, STM32MP131DAE7, STM32MP131DAF7, STM32MP131DAG7, STM32MP131FAE7, STM32MP131FAF7, STM32MP131FAG7, STM32MP133AAE3, STM32MP133AAF3, STM32MP133AAG3, STM32MP133CAE3, STM32MP133CAF3, STM32MP133CAG3, STM32MP133DAE7, STM32MP133DAF7, STM32MP133DAG7, STM32MP133FAE7, STM32MP133FAF7, STM32MP133FAG7, STM32MP135AAE3, STM32MP135AAF3, STM32MP135AAG3, STM32MP135CAE3, STM32MP135CAF3, STM32MP135CAG3, STM32MP135DAE7, STM32MP135DAF7, STM32MP135DAG7, STM32MP135F-DK, STM32MP135FAE7, STM32MP135FAF7, STM32MP135FAF7T, STM32MP135FAF7U, STM32MP135FAG7, STM32U535CBT6, STM32U535CBT6Q, STM32U535CBU6, STM32U535CBU6Q, STM32U535CCT6, STM32U535CCT6Q, STM32U535CCU6, STM32U535CCU6Q, STM32U535CET6, STM32U535CET6Q, STM32U535CEU6, STM32U535CEU6Q, STM32U535JEY6QTR, STM32U535NCY6QTR, STM32U535NEY6QTR, STM32U535RBI6, STM32U535RBI6Q, STM32U535RBT6, STM32U535RBT6Q, STM32U535RCI6, STM32U535RCI6Q, STM32U535RCT6, STM32U535RCT6Q, STM32U535REI6, STM32U535REI6Q, STM32U535RET6, STM32U535RET6Q, STM32U535VCI6, STM32U535VCI6Q, STM32U535VCT6, STM32U535VCT6Q, STM32U535VEI6, STM32U535VEI6Q, STM32U535VET6, STM32U535VET6Q, STM32U545CET6, STM32U545CET6Q, STM32U545CEU6, STM32U545CEU6Q, STM32U545JEY6QTR, STM32U545NEY6QTR, STM32U545REI6, STM32U545REI6Q, STM32U545RET6, STM32U545RET6Q, STM32U545VEI6, STM32U545VEI6Q, STM32U545VET6, STM32U545VET6Q, STM32U595AIH6, STM32U595AIH6Q, STM32U595AJH6, STM32U595AJH6Q, STM32U595QII6, STM32U595QII6Q, STM32U595QJI6, STM32U595QJI6Q, STM32U595RIT6, STM32U595RIT6Q, STM32U595RJT6, STM32U595RJT6Q, STM32U595VIT6, STM32U595VIT6Q, STM32U595VJT6, STM32U595VJT6Q, STM32U595ZIT6, STM32U595ZIT6Q, STM32U595ZIY6QTR, STM32U595ZJT6, STM32U595ZJT6Q, STM32U595ZJY6QTR, STM32U599BJY6QTR, STM32U599NIH6Q, STM32U599NJH6Q, STM32U599VIT6Q, STM32U599VJT6, STM32U599VJT6Q, STM32U599ZIT6Q, STM32U599ZIY6QTR, STM32U599ZJT6Q, STM32U599ZJY6QTR, STM32U5A5AJH6, STM32U5A5AJH6Q, STM32U5A5QJI6, STM32U5A5QJI6Q, STM32U5A5RJT6, STM32U5A5RJT6Q, STM32U5A5VJT6, STM32U5A5VJT6Q, STM32U5A5ZJT6, STM32U5A5ZJT6Q, STM32U5A5ZJY6QTR, STM32U5A9BJY6QTR, STM32U5A9J-DK, STM32U5A9NJH6Q, STM32U5A9VJT6Q, STM32U5A9ZJT6Q, STM32U5A9ZJY6QTR, STM32U5F7VIT6, STM32U5F7VIT6Q, STM32U5F7VJT6, STM32U5F7VJT6Q, STM32U5F9BJY6QTR, STM32U5F9NJH6Q, STM32U5F9VIT6Q, STM32U5F9VJT6Q, STM32U5F9ZIJ6QTR, STM32U5F9ZIT6Q, STM32U5F9ZJJ6QTR, STM32U5F9ZJT6Q, STM32U5G7VJT6, STM32U5G7VJT6Q, STM32U5G9BJY6QTR, STM32U5G9J-DK1, STM32U5G9J-DK2, STM32U5G9NJH6Q, STM32U5G9VJT6Q, STM32U5G9ZJJ6QTR, STM32U5G9ZJT6Q, STM32WB1MMCH6, STM32WBA52CEU6, STM32WBA52CEU6T, STM32WBA52CGU6, STM32WBA52CGU6T, STM32WBA52KEU6, STM32WBA52KEU6T, STM32WBA52KGU6, STM32WBA52KGU6T, STM32WL5MOCH6, STM32WL5MOCH6TR]
2023-12-19 16:33:22,696 [INFO] BoardInfo:880 - No configuration file found for board P-NUCLEO-WB55
2023-12-19 16:33:22,696 [INFO] DbBoards:157 - Kit is not supported: P-NUCLEO-WB55
2023-12-19 16:33:22,717 [INFO] BoardInfo:880 - No configuration file found for board STEVAL-BFA001V1B
2023-12-19 16:33:22,717 [INFO] DbBoards:157 - Kit is not supported: STEVAL-BFA001V1B
2023-12-19 16:33:22,718 [INFO] BoardInfo:880 - No configuration file found for board STEVAL-BFA001V2B
2023-12-19 16:33:22,718 [INFO] DbBoards:157 - Kit is not supported: STEVAL-BFA001V2B
2023-12-19 16:33:22,722 [INFO] BoardInfo:880 - No configuration file found for board STEVAL-MKBOXPRO
2023-12-19 16:33:22,722 [INFO] DbBoards:157 - Board is not supported: STEVAL-MKBOXPRO
2023-12-19 16:33:22,971 [INFO] DbBoards:161 - Found 191 boards, 187 are supported
2023-12-19 16:33:22,985 [INFO] ApiDb:423 - Load user favorites file C:\Users\ACER/.stm32cubeide/favorites.boards.txt: 0 item(s)
2023-12-19 16:33:22,985 [INFO] ApiDb:427 - User favorites Boards=[]
2023-12-19 16:33:22,985 [INFO] DbBoards:190 - Set 0 / 0 favorites Boards
2023-12-19 16:33:22,990 [INFO] ApiDb:668 - CubeFinder database Data Model version=2.1
2023-12-19 16:33:22,990 [INFO] ApiDb:669 - CubeFinder database Configuration version=3.0.39
2023-12-19 16:33:22,990 [INFO] ApiDb:670 - CubeFinder database generation date=2023-11-06 (1699269565)
2023-12-19 16:33:22,990 [INFO] ApiDb:671 - CubeFinder database FW Pack versions=[FP-ATR-ASTRA1_V2.0.0, FP-SNS-FLIGHT1_V5.0.1, FP-SNS-FLIGHT1_V5.0.2, FP-SNS-MOTENV1_V4.3.1, FP-SNS-MOTENV1_V4.3.2, FP-SNS-MOTENVWB1_V1.3.0, FP-SNS-SMARTAG2_V1.2.0, STM32Cube_FW_C0_V1.1.0, STM32Cube_FW_F4_V1.28.0, STM32Cube_FW_F7_V1.17.0, STM32Cube_FW_G0_V1.6.1, STM32Cube_FW_G4_V1.5.1, STM32Cube_FW_H5_V0.5.1, STM32Cube_FW_H5_V1.1.1, STM32Cube_FW_H5_V1.2.0RC2, STM32Cube_FW_H7_V1.11.0, STM32Cube_FW_L0_V1.12.2, STM32Cube_FW_L5_V1.5.0, STM32Cube_FW_U5_V1.3.0RC4, STM32Cube_FW_U5_V1.4.0, STM32Cube_FW_WBA_V1.0.0RC1, STM32Cube_FW_WBA_V1.1.0RC1, STM32Cube_FW_WBA_V1.2.0, STM32Cube_FW_WBA_V1.2.0RC2, STM32Cube_FW_WB_V1.15.0RC1, STM32Cube_FW_WB_V1.16.0, STM32Cube_FW_WB_V1.16.0RC2, STM32Cube_FW_WB_V1.18.0, STM32Cube_FW_WL_V1.3.0, X-CUBE-ALGOBUILD_V1.3.0, X-CUBE-ALS_V1.0.1, X-CUBE-AZRTOS-F4_V1.1.0, X-CUBE-AZRTOS-F7_V1.1.0, X-CUBE-AZRTOS-G0_V1.1.0, X-CUBE-AZRTOS-G4_V2.0.0, X-CUBE-AZRTOS-H7_V3.1.0, X-CUBE-AZRTOS-L4_V1.0.0, X-CUBE-AZRTOS-L4_V2.0.0, X-CUBE-AZRTOS-L5_V1.1.0, X-CUBE-AZRTOS-WB_V2.0.0, X-CUBE-AZRTOS-WL_V2.0.0, X-CUBE-BLE1_V7.0.0, X-CUBE-BLE2_V3.3.0, X-CUBE-BLEMGR_V2.0.0, X-CUBE-EEPRMA1_V4.1.0, X-CUBE-EEPRMA1_V4.2.0, X-CUBE-FREERTOS_V1.1.0, X-CUBE-GNSS1_V6.0.0, X-CUBE-MEMS1_V10.0.0, X-CUBE-MEMS1_V9.1.0, X-CUBE-MEMS1_V9.4.0, X-CUBE-MEMS1_V9.6.0, X-CUBE-NFC4_V3.0.0, X-CUBE-NFC7_V1.0.1, X-CUBE-SFXS2LP1_V4.0.0, X-CUBE-SUBG2_V5.0.0, X-CUBE-TOF1_V3.3.1]
2023-12-19 16:33:24,545 [ERROR] DbExamplesSqlite:437 - Missing JSON key: board_cpn
2023-12-19 16:33:24,546 [ERROR] DbExamplesSqlite:437 - Missing JSON key: board_cpn
2023-12-19 16:33:24,546 [ERROR] DbExamplesSqlite:437 - Missing JSON key: board_cpn
2023-12-19 16:33:24,546 [ERROR] DbExamplesSqlite:437 - Missing JSON key: board_cpn
2023-12-19 16:33:24,614 [INFO] DbExamplesSqlite:395 - Ignored 55 examples not supported by CubeIDE
2023-12-19 16:33:24,615 [INFO] DbExamplesSqlite:396 - Found 7548 examples active
2023-12-19 16:33:24,615 [INFO] DbExamplesSqlite:397 - Found 848 examples obsolete
2023-12-19 16:33:24,615 [INFO] DbExamplesSqlite:398 - Found 0 examples under development
2023-12-19 16:33:24,615 [INFO] DbExamplesSqlite:399 - Found 8 examples not building
2023-12-19 16:33:24,617 [INFO] DbExamples:125 - Found 7501 examples
2023-12-19 16:33:24,811 [ERROR] DbExamples:208 - Found 247 examples with invalid data (board or MCU)
2023-12-19 16:33:24,812 [INFO] DbExamples:222 - Found 93 boards with related examples
2023-12-19 16:33:24,814 [INFO] DbExamples:235 - Found 79 MCUs with related examples
2023-12-19 16:33:24,844 [INFO] ApiDb:414 - User favorites file not found: C:\Users\ACER/.stm32cubeide/favorites.examples.txt
2023-12-19 16:33:24,844 [INFO] DbExamples:250 - Set 0 / 0 favorites Examples
2023-12-19 16:33:25,368 [INFO] McuFinderGlobals:76 - Set McuFinderConnectedMode to true
2023-12-19 16:33:25,395 [INFO] MultiScanPanel:200 - Auto-refresh data requested => check proxy status ongoing
2023-12-19 16:33:25,402 [INFO] FinderPluginLoader:95 - Searching for filters in installed packs
2023-12-19 16:33:28,388 [INFO] LoadUrlFilesThread:185 - End of LoadServerUrlFiles without Thread
2023-12-19 16:33:28,428 [INFO] DetailPanel:341 - Set advertising image to C:/Users/ACER/STM32Cube/Repository/\en.prom-stm32wl3-mcu-finder.jpg
2023-12-19 16:34:23,730 [INFO] MultiScanPanel:200 - Auto-refresh data requested => check proxy status ongoing
2023-12-19 16:34:23,951 [INFO] LoadUrlFilesThread:185 - End of LoadServerUrlFiles without Thread
2023-12-19 16:34:23,951 [INFO] DetailPanel:341 - Set advertising image to C:/Users/ACER/STM32Cube/Repository/\en.prom-stm32wl3-mcu-finder.jpg
2023-12-19 16:34:23,972 [INFO] DbBoards:634 - Loading board mini-images...
2023-12-19 16:34:26,070 [INFO] DbBoards:657 - Loaded 191 board mini-images
2023-12-19 16:34:50,008 [INFO] MainUpdater:2868 - connection check result : 10
2023-12-19 16:34:50,009 [INFO] MainUpdater:2868 - connection check result : 10
2023-12-19 16:34:50,058 [INFO] MicroXplorer:468 - Change Database Path : 
2023-12-19 16:34:50,059 [INFO] MicroXplorer:498 - Change Database Version : DB.6.0.90
2023-12-19 16:34:50,066 [WARN] ThirdParty:871 - waiting for thirdparty lock release [close project]
2023-12-19 16:34:50,067 [INFO] ThirdParty:873 - entering critical section [close project]
2023-12-19 16:34:50,068 [INFO] ThirdParty:883 - exiting critical section [close project]
2023-12-19 16:34:50,073 [INFO] PinOutPanel:1499 - setPackage(No Configuration,No Configuration)
2023-12-19 16:34:50,083 [INFO] UtilMem:75 - Begin LoadConfig() Used Memory: 899131448 Bytes (1073741824)
2023-12-19 16:34:50,086 [INFO] MicroXplorer:468 - Change Database Path : 
2023-12-19 16:34:50,086 [INFO] MicroXplorer:498 - Change Database Version : DB.6.0.90
2023-12-19 16:34:50,086 [INFO] OpenFileManager:308 - Change cursor
2023-12-19 16:34:50,181 [INFO] Mcu:1946 - Initializing MCU STM32F103C8Tx STM32F103C8Tx STM32F103C8T6
2023-12-19 16:34:52,513 [INFO] Context:659 - Trying to add GPIOservice into a context  which must be forbidden
2023-12-19 16:34:52,934 [INFO] ImportTextPane:194 - (OptionalMessage_ERROR) Unable to find key (Mcu.ThirdPartyNb) in loaded IOC file
2023-12-19 16:34:52,934 [INFO] ImportTextPane:194 - (OptionalMessage_ERROR) Unable to find key (Mcu.PinsNb) in loaded IOC file
2023-12-19 16:34:52,935 [INFO] ImportTextPane:194 - (OptionalMessage_ERROR) Unable to find key (Mcu.IPNb) in loaded IOC file
2023-12-19 16:34:53,507 [INFO] RtosManager:555 - Registered RTOS mode: class=CMSIS, group=RTOS, mode=CMSIS_V1, owner=FREERTOS
2023-12-19 16:34:53,507 [INFO] RtosManager:555 - Registered RTOS mode: class=CMSIS, group=RTOS2, mode=CMSIS_V2, owner=FREERTOS
2023-12-19 16:34:53,508 [INFO] RtosManager:555 - Registered RTOS mode: class=RTOS, group=Core, mode=CMSIS_V1, owner=FREERTOS
2023-12-19 16:34:53,508 [INFO] RtosManager:555 - Registered RTOS mode: class=RTOS, group=Core, mode=CMSIS_V2, owner=FREERTOS
2023-12-19 16:34:53,508 [WARN] ModelIntegratedComponent:184 - Missing modes for component STMicroelectronics:FreeRTOS:0.0.1:STMicroelectronics:RTOS:FreeRTOS:Core:::10.2.0:
2023-12-19 16:34:53,540 [WARN] ModelIntegratedComponent:63 - No mode defined for component null
2023-12-19 16:34:53,541 [WARN] ModelIntegratedComponent:63 - No mode defined for component null
2023-12-19 16:34:53,541 [WARN] ModelIntegratedComponent:63 - No mode defined for component null
2023-12-19 16:34:53,541 [WARN] ModelIntegratedComponent:63 - No mode defined for component null
2023-12-19 16:34:53,541 [WARN] ModelIntegratedComponent:63 - No mode defined for component null
2023-12-19 16:34:53,541 [WARN] ModelIntegratedComponent:63 - No mode defined for component null
2023-12-19 16:34:53,541 [WARN] ModelIntegratedComponent:63 - No mode defined for component null
2023-12-19 16:34:53,541 [WARN] ModelIntegratedComponent:63 - No mode defined for component null
2023-12-19 16:34:53,542 [WARN] ModelIntegratedComponent:63 - No mode defined for component null
2023-12-19 16:34:53,542 [WARN] ModelIntegratedComponent:63 - No mode defined for component null
2023-12-19 16:34:53,542 [WARN] ModelIntegratedComponent:63 - No mode defined for component null
2023-12-19 16:34:53,542 [WARN] ModelIntegratedComponent:63 - No mode defined for component null
2023-12-19 16:34:53,542 [WARN] ModelIntegratedComponent:63 - No mode defined for component null
2023-12-19 16:34:53,542 [WARN] ModelIntegratedComponent:63 - No mode defined for component null
2023-12-19 16:34:53,543 [WARN] ModelIntegratedComponent:63 - No mode defined for component null
2023-12-19 16:34:53,543 [WARN] ModelIntegratedComponent:63 - No mode defined for component null
2023-12-19 16:34:53,543 [WARN] ModelIntegratedComponent:63 - No mode defined for component null
2023-12-19 16:34:53,543 [WARN] ModelIntegratedComponent:63 - No mode defined for component null
2023-12-19 16:34:53,543 [WARN] ModelIntegratedComponent:63 - No mode defined for component null
2023-12-19 16:34:53,543 [WARN] ModelIntegratedComponent:63 - No mode defined for component null
2023-12-19 16:34:53,543 [WARN] ModelIntegratedComponent:63 - No mode defined for component null
2023-12-19 16:34:53,543 [WARN] ModelIntegratedComponent:63 - No mode defined for component null
2023-12-19 16:34:53,544 [WARN] ModelIntegratedComponent:63 - No mode defined for component null
2023-12-19 16:34:53,544 [WARN] ModelIntegratedComponent:63 - No mode defined for component null
2023-12-19 16:34:53,544 [WARN] ModelIntegratedComponent:63 - No mode defined for component null
2023-12-19 16:34:53,544 [WARN] ModelIntegratedComponent:63 - No mode defined for component null
2023-12-19 16:34:53,544 [WARN] ModelIntegratedComponent:63 - No mode defined for component null
2023-12-19 16:34:53,544 [WARN] ModelIntegratedComponent:63 - No mode defined for component null
2023-12-19 16:34:53,544 [WARN] ModelIntegratedComponent:63 - No mode defined for component null
2023-12-19 16:34:53,544 [WARN] ModelIntegratedComponent:63 - No mode defined for component null
2023-12-19 16:34:53,544 [WARN] ModelIntegratedComponent:63 - No mode defined for component null
2023-12-19 16:34:53,545 [WARN] ModelIntegratedComponent:63 - No mode defined for component null
2023-12-19 16:34:53,545 [WARN] ModelIntegratedComponent:63 - No mode defined for component null
2023-12-19 16:34:53,841 [INFO] ThirdPartyModel:298 - Start build external matchings
2023-12-19 16:34:56,222 [INFO] ThirdPartyModel:316 - End build external matchings
2023-12-19 16:34:56,630 [INFO] UtilMem:75 - End LoadConfig() Used Memory: 824941872 Bytes (1073741824)
2023-12-19 16:34:56,696 [WARN] ThirdParty:833 - waiting for thirdparty lock release [change project]
2023-12-19 16:34:56,696 [INFO] ThirdParty:835 - entering critical section [change project]
2023-12-19 16:34:56,697 [INFO] ThirdParty:1030 - CMSIS Pack Vendor :STMicroelectronics X-CUBE-ISPU 1.1.0
2023-12-19 16:34:56,697 [INFO] ThirdParty:1030 - CMSIS Pack Vendor :STMicroelectronics USBPD 4.1
2023-12-19 16:34:56,697 [INFO] ThirdParty:1030 - CMSIS Pack Vendor :RoweBots I-CUBE-UNISONRTOS 5.5.0-4
2023-12-19 16:34:56,697 [INFO] ThirdParty:1030 - CMSIS Pack Vendor :STMicroelectronics X-CUBE-GNSS1 6.0.0
2023-12-19 16:34:56,697 [INFO] ThirdParty:1030 - CMSIS Pack Vendor :STMicroelectronics USB_HOST 2.0.0
2023-12-19 16:34:56,697 [INFO] ThirdParty:1030 - CMSIS Pack Vendor :STMicroelectronics X-CUBE-AZRTOS-F4 1.1.0
2023-12-19 16:34:56,698 [INFO] ThirdParty:1030 - CMSIS Pack Vendor :STMicroelectronics LIBJPEG 8.0.0
2023-12-19 16:34:56,698 [INFO] ThirdParty:1030 - CMSIS Pack Vendor :STMicroelectronics X-CUBE-SMBUS 2.1.0
2023-12-19 16:34:56,698 [INFO] ThirdParty:1030 - CMSIS Pack Vendor :STMicroelectronics USB_DEVICE 3.0.0
2023-12-19 16:34:56,698 [INFO] ThirdParty:1030 - CMSIS Pack Vendor :STMicroelectronics X-CUBE-AZRTOS-WB 2.0.0
2023-12-19 16:34:56,698 [INFO] ThirdParty:1030 - CMSIS Pack Vendor :STMicroelectronics X-CUBE-FREERTOS 1.0.1
2023-12-19 16:34:56,698 [INFO] ThirdParty:1030 - CMSIS Pack Vendor :STMicroelectronics X-CUBE-TOUCHGFX 4.21.0
2023-12-19 16:34:56,698 [INFO] ThirdParty:1030 - CMSIS Pack Vendor :STMicroelectronics X-CUBE-TOUCHGFX 4.23.0
2023-12-19 16:34:56,698 [INFO] ThirdParty:1030 - CMSIS Pack Vendor :STMicroelectronics X-CUBE-AZRTOS-F7 1.1.0
2023-12-19 16:34:56,699 [INFO] ThirdParty:1030 - CMSIS Pack Vendor :STMicroelectronics X-CUBE-TOUCHGFX 4.21.4
2023-12-19 16:34:56,699 [INFO] ThirdParty:1030 - CMSIS Pack Vendor :STMicroelectronics X-CUBE-AZRTOS-L5 2.0.0
2023-12-19 16:34:56,699 [INFO] ThirdParty:1030 - CMSIS Pack Vendor :STMicroelectronics X-CUBE-MEMS1 9.4.0
2023-12-19 16:34:56,699 [INFO] ThirdParty:1030 - CMSIS Pack Vendor :STMicroelectronics USB_DEVICE 2.0.0
2023-12-19 16:34:56,699 [INFO] ThirdParty:1030 - CMSIS Pack Vendor :STMicroelectronics X-CUBE-AI 7.3.0
2023-12-19 16:34:56,699 [INFO] ThirdParty:1030 - CMSIS Pack Vendor :STMicroelectronics X-CUBE-MEMS1 9.6.0
2023-12-19 16:34:56,699 [INFO] ThirdParty:1030 - CMSIS Pack Vendor :STMicroelectronics X-CUBE-EEPRMA1 4.2.0
2023-12-19 16:34:56,699 [INFO] ThirdParty:1030 - CMSIS Pack Vendor :ITTIA_DB I-CUBE-ITTIADB 8.8.0
2023-12-19 16:34:56,700 [INFO] ThirdParty:1030 - CMSIS Pack Vendor :STMicroelectronics FP-SNS-MOTENV1 4.3.2
2023-12-19 16:34:56,700 [INFO] ThirdParty:1030 - CMSIS Pack Vendor :STMicroelectronics FP-SNS-MOTENV1 4.3.1
2023-12-19 16:34:56,700 [INFO] ThirdParty:1030 - CMSIS Pack Vendor :STMicroelectronics FP-SNS-FLIGHT1 5.0.1
2023-12-19 16:34:56,700 [INFO] ThirdParty:1030 - CMSIS Pack Vendor :STMicroelectronics X-CUBE-ALGOBUILD 1.3.0
2023-12-19 16:34:56,700 [INFO] ThirdParty:1030 - CMSIS Pack Vendor :STMicroelectronics X-CUBE-BLE1 6.2.4
2023-12-19 16:34:56,700 [INFO] ThirdParty:1030 - CMSIS Pack Vendor :STMicroelectronics X-CUBE-AZRTOS-L5 1.1.0
2023-12-19 16:34:56,700 [INFO] ThirdParty:1030 - CMSIS Pack Vendor :STMicroelectronics FreeRTOS 0.0.1
2023-12-19 16:34:56,700 [INFO] ThirdParty:1030 - CMSIS Pack Vendor :STMicroelectronics X-CUBE-AZRTOS-G0 1.1.0
2023-12-19 16:34:56,700 [INFO] ThirdParty:1030 - CMSIS Pack Vendor :emotas I-CUBE-CANOPEN 1.1.3
2023-12-19 16:34:56,700 [INFO] ThirdParty:1030 - CMSIS Pack Vendor :STMicroelectronics X-CUBE-BLEMGR 2.0.0
2023-12-19 16:34:56,700 [INFO] ThirdParty:1030 - CMSIS Pack Vendor :STMicroelectronics X-CUBE-AI 8.0.1
2023-12-19 16:34:56,701 [INFO] ThirdParty:1030 - CMSIS Pack Vendor :STMicroelectronics X-CUBE-NFC4 3.0.0
2023-12-19 16:34:56,701 [INFO] ThirdParty:1030 - CMSIS Pack Vendor :STMicroelectronics X-CUBE-SUBG2 5.0.0
2023-12-19 16:34:56,701 [INFO] ThirdParty:1030 - CMSIS Pack Vendor :STMicroelectronics STM32_WPAN 1.0.0
2023-12-19 16:34:56,701 [INFO] ThirdParty:1030 - CMSIS Pack Vendor :STMicroelectronics lwIP 2.0.3
2023-12-19 16:34:56,701 [INFO] ThirdParty:1030 - CMSIS Pack Vendor :STMicroelectronics FP-SNS-FLIGHT1 5.0.2
2023-12-19 16:34:56,701 [INFO] ThirdParty:1030 - CMSIS Pack Vendor :STMicroelectronics X-CUBE-NFC4 2.0.5
2023-12-19 16:34:56,701 [INFO] ThirdParty:1030 - CMSIS Pack Vendor :STMicroelectronics USB_HOST 1.0.0
2023-12-19 16:34:56,701 [INFO] ThirdParty:1030 - CMSIS Pack Vendor :STMicroelectronics X-CUBE-TOF1 3.3.1
2023-12-19 16:34:56,702 [INFO] ThirdParty:1030 - CMSIS Pack Vendor :STMicroelectronics X-CUBE-AZRTOS-G4 2.0.0
2023-12-19 16:34:56,702 [INFO] ThirdParty:1030 - CMSIS Pack Vendor :STMicroelectronics PDM2PCM 3.1.0
2023-12-19 16:34:56,702 [INFO] ThirdParty:1030 - CMSIS Pack Vendor :STMicroelectronics X-CUBE-AZRTOS-H7 3.1.0
2023-12-19 16:34:56,702 [INFO] ThirdParty:1030 - CMSIS Pack Vendor :STMicroelectronics X-CUBE-TOF1 3.3.0
2023-12-19 16:34:56,702 [INFO] ThirdParty:1030 - CMSIS Pack Vendor :STMicroelectronics FP-ATR-ASTRA1 1.1.1
2023-12-19 16:34:56,702 [INFO] ThirdParty:1030 - CMSIS Pack Vendor :Infineon AIROC-Wi-Fi-Bluetooth-STM32 1.5.1
2023-12-19 16:34:56,702 [INFO] ThirdParty:1030 - CMSIS Pack Vendor :STMicroelectronics X-CUBE-BLEMGR 3.0.0
2023-12-19 16:34:56,702 [INFO] ThirdParty:1030 - CMSIS Pack Vendor :STMicroelectronics PDM2PCM 3.3.0
2023-12-19 16:34:56,702 [INFO] ThirdParty:1030 - CMSIS Pack Vendor :STMicroelectronics X-CUBE-DISPLAY 3.0.0
2023-12-19 16:34:56,703 [INFO] ThirdParty:1030 - CMSIS Pack Vendor :STMicroelectronics X-CUBE-BLEMGR 1.3.0
2023-12-19 16:34:56,703 [INFO] ThirdParty:1030 - CMSIS Pack Vendor :STMicroelectronics FP-SNS-MOTENVWB1 1.3.0
2023-12-19 16:34:56,703 [INFO] ThirdParty:1030 - CMSIS Pack Vendor :STMicroelectronics FP-SNS-MOTENVWB1 1.3.1
2023-12-19 16:34:56,703 [INFO] ThirdParty:1030 - CMSIS Pack Vendor :STMicroelectronics X-CUBE-BLE1 7.0.0
2023-12-19 16:34:56,703 [INFO] ThirdParty:1030 - CMSIS Pack Vendor :STMicroelectronics FP-ATR-SIGFOX1 3.2.0
2023-12-19 16:34:56,703 [INFO] ThirdParty:1030 - CMSIS Pack Vendor :STMicroelectronics X-CUBE-AZRTOS-G4 1.0.0
2023-12-19 16:34:56,703 [INFO] ThirdParty:1030 - CMSIS Pack Vendor :wolfSSL I-CUBE-wolfSSL 5.5.4
2023-12-19 16:34:56,703 [INFO] ThirdParty:1030 - CMSIS Pack Vendor :STMicroelectronics X-CUBE-AZRTOS-L4 1.0.0
2023-12-19 16:34:56,704 [INFO] ThirdParty:1030 - CMSIS Pack Vendor :STMicroelectronics X-CUBE-ISPU 2.0.0
2023-12-19 16:34:56,704 [INFO] ThirdParty:1030 - CMSIS Pack Vendor :STMicroelectronics HAL Drivers 0.0.0
2023-12-19 16:34:56,704 [INFO] ThirdParty:1030 - CMSIS Pack Vendor :STMicroelectronics MBEDTLS 2.16.2
2023-12-19 16:34:56,704 [INFO] ThirdParty:1030 - CMSIS Pack Vendor :STMicroelectronics X-CUBE-MEMS1 10.0.0
2023-12-19 16:34:56,704 [INFO] ThirdParty:1030 - CMSIS Pack Vendor :STMicroelectronics X-CUBE-FREERTOS 1.1.0
2023-12-19 16:34:56,704 [INFO] ThirdParty:1030 - CMSIS Pack Vendor :STMicroelectronics X-CUBE-TOUCHGFX 4.22.0
2023-12-19 16:34:56,704 [INFO] ThirdParty:1030 - CMSIS Pack Vendor :STMicroelectronics X-CUBE-NFC7 1.0.1
2023-12-19 16:34:56,704 [INFO] ThirdParty:1030 - CMSIS Pack Vendor :STMicroelectronics MBEDTLS 2.14.1
2023-12-19 16:34:56,704 [INFO] ThirdParty:1030 - CMSIS Pack Vendor :STMicroelectronics X-CUBE-NFC7 1.0.0
2023-12-19 16:34:56,705 [INFO] ThirdParty:1030 - CMSIS Pack Vendor :STMicroelectronics X-CUBE-TOUCHGFX 4.22.1
2023-12-19 16:34:56,705 [INFO] ThirdParty:1030 - CMSIS Pack Vendor :STMicroelectronics X-CUBE-AZRTOS-WL 1.0.0
2023-12-19 16:34:56,706 [INFO] ThirdParty:1030 - CMSIS Pack Vendor :STMicroelectronics X-CUBE-NFC6 3.0.0
2023-12-19 16:34:56,706 [INFO] ThirdParty:1030 - CMSIS Pack Vendor :STMicroelectronics X-CUBE-EEPRMA1 4.1.0
2023-12-19 16:34:56,706 [INFO] ThirdParty:1030 - CMSIS Pack Vendor :portGmbH I-Cube-SoM-uGOAL 1.1.0
2023-12-19 16:34:56,706 [INFO] ThirdParty:1030 - CMSIS Pack Vendor :STMicroelectronics X-CUBE-ALS 1.0.1
2023-12-19 16:34:56,706 [INFO] ThirdParty:1030 - CMSIS Pack Vendor :STMicroelectronics ThreadX 1.0.0
2023-12-19 16:34:56,706 [INFO] ThirdParty:1030 - CMSIS Pack Vendor :STMicroelectronics FP-SNS-SMARTAG2 1.2.0
2023-12-19 16:34:56,706 [INFO] ThirdParty:1030 - CMSIS Pack Vendor :STMicroelectronics X-CUBE-AZRTOS-WB 1.1.0
2023-12-19 16:34:56,707 [INFO] ThirdParty:1030 - CMSIS Pack Vendor :STMicroelectronics X-CUBE-AZRTOS-WL 2.0.0
2023-12-19 16:34:56,707 [INFO] ThirdParty:1030 - CMSIS Pack Vendor :SEGGER I-CUBE-embOS 1.3.1
2023-12-19 16:34:56,707 [INFO] ThirdParty:1030 - CMSIS Pack Vendor :STMicroelectronics USB_DEVICE 1.0.0
2023-12-19 16:34:56,707 [INFO] ThirdParty:1030 - CMSIS Pack Vendor :STMicroelectronics X-CUBE-AI 8.1.0
2023-12-19 16:34:56,707 [INFO] ThirdParty:1030 - CMSIS Pack Vendor :SEGGER I-CUBE-embOS 1.3.0
2023-12-19 16:34:56,707 [INFO] ThirdParty:1030 - CMSIS Pack Vendor :STMicroelectronics X-CUBE-AZRTOS-L4 2.0.0
2023-12-19 16:34:56,707 [INFO] ThirdParty:1030 - CMSIS Pack Vendor :STMicroelectronics ThreadX 0.0.2
2023-12-19 16:34:56,708 [INFO] ThirdParty:1030 - CMSIS Pack Vendor :WES I-CUBE-Cesium 1.3.0
2023-12-19 16:34:56,708 [INFO] ThirdParty:1030 - CMSIS Pack Vendor :STMicroelectronics FP-ATR-ASTRA1 2.0.0
2023-12-19 16:34:56,708 [INFO] ThirdParty:1030 - CMSIS Pack Vendor :STMicroelectronics lwIP 2.1.2
2023-12-19 16:34:56,708 [INFO] ThirdParty:1030 - CMSIS Pack Vendor :STMicroelectronics X-CUBE-SFXS2LP1 4.0.0
2023-12-19 16:34:56,708 [INFO] ThirdParty:1030 - CMSIS Pack Vendor :STMicroelectronics X-CUBE-BLE2 3.3.0
2023-12-19 16:34:56,708 [INFO] ThirdParty:1030 - CMSIS Pack Vendor :STMicroelectronics X-CUBE-TOF1 3.4.0
2023-12-19 16:34:56,708 [INFO] ThirdParty:1030 - CMSIS Pack Vendor :STMicroelectronics X-CUBE-DISPLAY 2.2.0
2023-12-19 16:34:56,708 [INFO] ThirdParty:1030 - CMSIS Pack Vendor :STMicroelectronics X-CUBE-TOF1 3.2.0
2023-12-19 16:34:56,709 [INFO] ThirdParty:1030 - CMSIS Pack Vendor :STMicroelectronics X-CUBE-AZRTOS-H7 3.2.0
2023-12-19 16:34:56,709 [INFO] ThirdParty:1030 - CMSIS Pack Vendor :STMicroelectronics PDM2PCM 3.2.0
2023-12-19 16:34:56,709 [INFO] ThirdParty:1030 - CMSIS Pack Vendor :STMicroelectronics X-CUBE-AZRTOS-H7 3.0.0
2023-12-19 16:34:56,709 [INFO] ThirdParty:841 - exiting critical section [change project]
2023-12-19 16:34:57,285 [INFO] PinOutPanel:1499 - setPackage(No Configuration,No Configuration)
2023-12-19 16:34:57,287 [INFO] PinOutPanel:1499 - setPackage(STM32F103C8Tx,LQFP48)
2023-12-19 16:34:58,099 [INFO] UtilMem:75 - Before build in PCC Used Memory: 938999440 Bytes (1073741824)
2023-12-19 16:34:59,316 [INFO] UtilMem:75 - After build in PCC Used Memory: 861594520 Bytes (1073741824)
2023-12-19 16:34:59,359 [INFO] IPUIPlugin:80 - create IPUIPlugin
2023-12-19 16:34:59,359 [INFO] IPUIPlugin:80 - create IPUIPlugin
2023-12-19 16:34:59,359 [INFO] IPUIPlugin:80 - create IPUIPlugin
2023-12-19 16:34:59,359 [INFO] IPUIPlugin:80 - create IPUIPlugin
2023-12-19 16:34:59,360 [INFO] IPUIPlugin:80 - create IPUIPlugin
2023-12-19 16:34:59,360 [INFO] IPUIPlugin:80 - create IPUIPlugin
2023-12-19 16:34:59,360 [INFO] IPUIPlugin:80 - create IPUIPlugin
2023-12-19 16:34:59,360 [INFO] IPUIPlugin:80 - create IPUIPlugin
2023-12-19 16:34:59,360 [INFO] IPUIPlugin:80 - create IPUIPlugin
2023-12-19 16:34:59,361 [INFO] IPUIPlugin:80 - create IPUIPlugin
2023-12-19 16:34:59,361 [INFO] IPUIPlugin:80 - create IPUIPlugin
2023-12-19 16:34:59,361 [INFO] IPUIPlugin:80 - create IPUIPlugin
2023-12-19 16:34:59,362 [INFO] IPUIPlugin:80 - create IPUIPlugin
2023-12-19 16:34:59,362 [INFO] IPUIPlugin:80 - create IPUIPlugin
2023-12-19 16:34:59,363 [INFO] IPUIPlugin:80 - create IPUIPlugin
2023-12-19 16:34:59,363 [INFO] IPUIPlugin:80 - create IPUIPlugin
2023-12-19 16:34:59,364 [INFO] IPUIPlugin:80 - create IPUIPlugin
2023-12-19 16:34:59,364 [INFO] IPUIPlugin:80 - create IPUIPlugin
2023-12-19 16:34:59,365 [INFO] IPUIPlugin:80 - create IPUIPlugin
2023-12-19 16:34:59,365 [INFO] IPUIPlugin:80 - create IPUIPlugin
2023-12-19 16:34:59,366 [INFO] IPUIPlugin:80 - create IPUIPlugin
2023-12-19 16:34:59,366 [INFO] IPUIPlugin:80 - create IPUIPlugin
2023-12-19 16:34:59,366 [INFO] IPUIPlugin:80 - create IPUIPlugin
2023-12-19 16:34:59,367 [INFO] IPUIPlugin:80 - create IPUIPlugin
2023-12-19 16:34:59,367 [INFO] IPUIPlugin:80 - create IPUIPlugin
2023-12-19 16:34:59,367 [INFO] IPUIPlugin:80 - create IPUIPlugin
2023-12-19 16:34:59,368 [INFO] IPUIPlugin:80 - create IPUIPlugin
2023-12-19 16:34:59,662 [INFO] CADModel:165 - CPN selected for project levelSTM32F103C8T6
2023-12-19 16:34:59,662 [INFO] CADModel:114 - Register for checkConnection events
2023-12-19 16:34:59,714 [INFO] OpenFileManager:328 - Restore cursor
2023-12-19 16:35:02,880 [INFO] UtilMem:75 - End SaveConfig() Used Memory: 829939584 Bytes (1073741824)
2023-12-19 16:35:03,028 [INFO] UtilMem:75 - End SaveConfig() Used Memory: 843698920 Bytes (1073741824)
2023-12-19 16:35:03,919 [INFO] BlockDiagram:2759 - set Specific Code input for plugin: NVIC
2023-12-19 16:35:03,920 [INFO] BlockDiagram:2759 - set Specific Code input for plugin: RCC
2023-12-19 16:35:03,922 [INFO] CodeGenerator:799 - code generatio: config db path: C:\ST\STM32CubeIDE_1.13.0\STM32CubeIDE\plugins\com.st.stm32cube.common.mx_6.9.0.202307051724\\db\
2023-12-19 16:35:04,666 [INFO] CodeEngine:255 - oldGeneratedFile, C:\Users\ACER\STM32CubeIDE\workspace_1.13.0\lcd\MXTmpFiles\license.tmp_save
2023-12-19 16:35:05,345 [INFO] CodeEngine:279 - Generated code: C:\Users\ACER\STM32CubeIDE\workspace_1.13.0\lcd\MXTmpFiles\license.tmp
2023-12-19 16:35:05,383 [INFO] CodeEngine:255 - oldGeneratedFile, C:\Users\ACER\STM32CubeIDE\workspace_1.13.0\lcd\Core\Src\stm32f1xx_it.c_save
2023-12-19 16:35:05,787 [INFO] CodeEngine:279 - Generated code: C:\Users\ACER\STM32CubeIDE\workspace_1.13.0\lcd\Core\Src\stm32f1xx_it.c
2023-12-19 16:35:05,807 [INFO] CodeEngine:255 - oldGeneratedFile, C:\Users\ACER\STM32CubeIDE\workspace_1.13.0\lcd\Core\Inc\stm32f1xx_it.h_save
2023-12-19 16:35:06,040 [INFO] CodeEngine:279 - Generated code: C:\Users\ACER\STM32CubeIDE\workspace_1.13.0\lcd\Core\Inc\stm32f1xx_it.h
2023-12-19 16:35:06,274 [INFO] CodeEngine:255 - oldGeneratedFile, C:\Users\ACER\STM32CubeIDE\workspace_1.13.0\lcd\Core\Src\stm32f1xx_hal_msp.c_save
2023-12-19 16:35:06,529 [INFO] CodeEngine:279 - Generated code: C:\Users\ACER\STM32CubeIDE\workspace_1.13.0\lcd\Core\Src\stm32f1xx_hal_msp.c
2023-12-19 16:35:06,543 [INFO] CodeEngine:255 - oldGeneratedFile, C:\Users\ACER\STM32CubeIDE\workspace_1.13.0\lcd\MXTmpFiles\system.tmp_save
2023-12-19 16:35:06,731 [INFO] CodeEngine:279 - Generated code: C:\Users\ACER\STM32CubeIDE\workspace_1.13.0\lcd\MXTmpFiles\system.tmp
2023-12-19 16:35:06,770 [INFO] CodeEngine:311 - oldGeneratedFile, C:\Users\ACER\STM32CubeIDE\workspace_1.13.0\lcd\Core\Inc\stm32f1xx_hal_conf.h_save
2023-12-19 16:35:07,108 [INFO] CodeEngine:335 - Generated code: C:\Users\ACER\STM32CubeIDE\workspace_1.13.0\lcd\Core\Inc\stm32f1xx_hal_conf.h
2023-12-19 16:35:07,223 [INFO] CodeEngine:255 - oldGeneratedFile, C:\Users\ACER\STM32CubeIDE\workspace_1.13.0\lcd\Core\Inc\main.h_save
2023-12-19 16:35:07,534 [INFO] CodeEngine:279 - Generated code: C:\Users\ACER\STM32CubeIDE\workspace_1.13.0\lcd\Core\Inc\main.h
2023-12-19 16:35:07,561 [INFO] CodeEngine:255 - oldGeneratedFile, C:\Users\ACER\STM32CubeIDE\workspace_1.13.0\lcd\Core\Src\main.c_save
2023-12-19 16:35:07,884 [INFO] CodeEngine:279 - Generated code: C:\Users\ACER\STM32CubeIDE\workspace_1.13.0\lcd\Core\Src\main.c
2023-12-19 16:35:09,000 [INFO] ProjectBuilder:3064 - Time for Copy HAL[1] : 238mS.
2023-12-19 16:35:09,008 [INFO] ProjectBuilder:4404 - Project Generator version: 4.1.0
2023-12-19 16:35:10,069 [INFO] ConfigFileManager:1457 - The Die is : DIE410
2023-12-19 16:35:10,117 [INFO] ApiDbMcu:507 - Load IP Config File for FATFS
2023-12-19 16:35:10,195 [INFO] ApiDbMcu:507 - Load IP Config File for FREERTOS
2023-12-19 16:35:10,253 [INFO] ApiDbMcu:507 - Load IP Config File for USB_DEVICE
2023-12-19 16:35:11,839 [INFO] LogOutputStream:77 - [STDOUT_REDIRECT] 
2023-12-19 16:35:18,100 [INFO] ProjectBuilder:4626 - Time for Generating toolchain IDE Files: 9090mS.
2023-12-19 16:35:18,102 [INFO] ProjectBuilder:2935 - Time for Copy CMSIS : 0mS.
2023-12-19 16:35:18,106 [INFO] ProjectBuilder:2935 - Time for Copy CMSIS : 0mS.
2023-12-19 16:35:20,352 [INFO] McuFinderGlobals:76 - Set McuFinderConnectedMode to true
2023-12-19 16:35:20,358 [INFO] ApiDb:448 - Save user favorites file C:\Users\ACER/.stm32cubeide/favorites.mcus.txt: 0 item(s)
2023-12-19 16:35:20,358 [INFO] ApiDb:452 - User favorites MCUs=[]
2023-12-19 16:35:20,361 [INFO] ApiDb:448 - Save user favorites file C:\Users\ACER/.stm32cubeide/favorites.boards.txt: 0 item(s)
2023-12-19 16:35:20,361 [INFO] ApiDb:452 - User favorites Boards=[]
2023-12-19 16:46:13,143 [INFO] NvicIntPanel:101 - NVIC parent = com.st.microxplorer.plugins.ip.nvic.MultiNvicIntPanel[,0,0,0x0,invalid,layout=javax.swing.BoxLayout,alignmentX=0.0,alignmentY=0.0,border=,flags=9,maximumSize=,minimumSize=,preferredSize=]
2023-12-19 16:46:29,875 [INFO] Gpio:273 - dependency for GPIO []
2023-12-19 16:46:40,410 [INFO] Gpio:273 - dependency for GPIO []
2023-12-19 16:46:40,486 [INFO] Gpio:273 - dependency for GPIO []
2023-12-19 16:47:34,994 [INFO] UtilMem:75 - End SaveConfig() Used Memory: 902123688 Bytes (1073741824)
2023-12-19 16:47:36,468 [INFO] UtilMem:75 - End SaveConfig() Used Memory: 621036816 Bytes (1073741824)
2023-12-19 16:47:38,025 [INFO] UtilMem:75 - End SaveConfig() Used Memory: 684434544 Bytes (1073741824)
2023-12-19 16:47:38,397 [INFO] BlockDiagram:2759 - set Specific Code input for plugin: NVIC
2023-12-19 16:47:38,398 [INFO] BlockDiagram:2759 - set Specific Code input for plugin: GPIO
2023-12-19 16:47:38,398 [INFO] BlockDiagram:2759 - set Specific Code input for plugin: RCC
2023-12-19 16:47:38,399 [INFO] CodeGenerator:799 - code generatio: config db path: C:\ST\STM32CubeIDE_1.13.0\STM32CubeIDE\plugins\com.st.stm32cube.common.mx_6.9.0.202307051724\\db\
2023-12-19 16:47:38,592 [INFO] CodeEngine:255 - oldGeneratedFile, C:\Users\ACER\STM32CubeIDE\workspace_1.13.0\lcd\MXTmpFiles\license.tmp_save
2023-12-19 16:47:38,822 [INFO] CodeEngine:279 - Generated code: C:\Users\ACER\STM32CubeIDE\workspace_1.13.0\lcd\MXTmpFiles\license.tmp
2023-12-19 16:47:38,954 [INFO] CodeEngine:255 - oldGeneratedFile, C:\Users\ACER\STM32CubeIDE\workspace_1.13.0\lcd\MXTmpFiles\gpio.tmp_save
2023-12-19 16:47:39,151 [INFO] CodeEngine:279 - Generated code: C:\Users\ACER\STM32CubeIDE\workspace_1.13.0\lcd\MXTmpFiles\gpio.tmp
2023-12-19 16:47:39,185 [INFO] CodeEngine:255 - oldGeneratedFile, C:\Users\ACER\STM32CubeIDE\workspace_1.13.0\lcd\Core\Src\stm32f1xx_it.c_save
2023-12-19 16:47:39,437 [INFO] CodeEngine:279 - Generated code: C:\Users\ACER\STM32CubeIDE\workspace_1.13.0\lcd\Core\Src\stm32f1xx_it.c
2023-12-19 16:47:39,458 [INFO] CodeEngine:255 - oldGeneratedFile, C:\Users\ACER\STM32CubeIDE\workspace_1.13.0\lcd\Core\Inc\stm32f1xx_it.h_save
2023-12-19 16:47:39,586 [INFO] CodeEngine:279 - Generated code: C:\Users\ACER\STM32CubeIDE\workspace_1.13.0\lcd\Core\Inc\stm32f1xx_it.h
2023-12-19 16:47:39,643 [INFO] CodeEngine:255 - oldGeneratedFile, C:\Users\ACER\STM32CubeIDE\workspace_1.13.0\lcd\Core\Src\stm32f1xx_hal_msp.c_save
2023-12-19 16:47:39,831 [INFO] CodeEngine:279 - Generated code: C:\Users\ACER\STM32CubeIDE\workspace_1.13.0\lcd\Core\Src\stm32f1xx_hal_msp.c
2023-12-19 16:47:39,836 [INFO] CodeEngine:255 - oldGeneratedFile, C:\Users\ACER\STM32CubeIDE\workspace_1.13.0\lcd\MXTmpFiles\system.tmp_save
2023-12-19 16:47:39,935 [INFO] CodeEngine:279 - Generated code: C:\Users\ACER\STM32CubeIDE\workspace_1.13.0\lcd\MXTmpFiles\system.tmp
2023-12-19 16:47:39,958 [INFO] CodeEngine:311 - oldGeneratedFile, C:\Users\ACER\STM32CubeIDE\workspace_1.13.0\lcd\Core\Inc\stm32f1xx_hal_conf.h_save
2023-12-19 16:47:40,192 [INFO] CodeEngine:335 - Generated code: C:\Users\ACER\STM32CubeIDE\workspace_1.13.0\lcd\Core\Inc\stm32f1xx_hal_conf.h
2023-12-19 16:47:40,274 [INFO] CodeEngine:255 - oldGeneratedFile, C:\Users\ACER\STM32CubeIDE\workspace_1.13.0\lcd\Core\Inc\main.h_save
2023-12-19 16:47:40,417 [INFO] CodeEngine:279 - Generated code: C:\Users\ACER\STM32CubeIDE\workspace_1.13.0\lcd\Core\Inc\main.h
2023-12-19 16:47:40,441 [INFO] CodeEngine:255 - oldGeneratedFile, C:\Users\ACER\STM32CubeIDE\workspace_1.13.0\lcd\Core\Src\main.c_save
2023-12-19 16:47:40,590 [INFO] CodeEngine:279 - Generated code: C:\Users\ACER\STM32CubeIDE\workspace_1.13.0\lcd\Core\Src\main.c
2023-12-19 16:47:41,007 [INFO] ProjectBuilder:3064 - Time for Copy HAL[1] : 143mS.
2023-12-19 16:47:41,010 [INFO] ProjectBuilder:4404 - Project Generator version: 4.1.0
2023-12-19 16:47:41,495 [INFO] ConfigFileManager:1457 - The Die is : DIE410
2023-12-19 16:47:46,806 [INFO] ProjectBuilder:4626 - Time for Generating toolchain IDE Files: 5795mS.
2023-12-19 16:47:46,807 [INFO] ProjectBuilder:2935 - Time for Copy CMSIS : 1mS.
2023-12-19 16:47:46,811 [INFO] ProjectBuilder:2935 - Time for Copy CMSIS : 0mS.
