2023-11-23 03:01:20,048 [ERROR] LogOutputStream:75 - [STDERR_REDIRECT] 
2023-11-23 11:37:43,227 [INFO] Activator:176 - 


2023-11-23 11:37:43,230 [INFO] Activator:177 - !SESSION log4j initialized
2023-11-23 11:37:51,730 [INFO] LogOutputStream:77 - [STDOUT_REDIRECT] 
2023-11-23 11:38:12,720 [INFO] ApplicationProperties:184 - Using Application install path: C:\ST\STM32CubeIDE_1.13.0\STM32CubeIDE\plugins\com.st.stm32cube.common.mx_6.9.0.202307051724
2023-11-23 11:38:12,750 [INFO] DbMcusXml:78 - Set database path to: C:\ST\STM32CubeIDE_1.13.0\STM32CubeIDE\plugins\com.st.stm32cube.common.mx_6.9.0.202307051724\\db\/mcu/
2023-11-23 11:38:12,750 [INFO] ApiDb:274 - Set plugin database path to: C:\ST\STM32CubeIDE_1.13.0\STM32CubeIDE\plugins\com.st.stm32cube.common.mx_6.9.0.202307051724\\db\/plugins/boardmanager/
2023-11-23 11:38:12,750 [WARN] ApiDb:259 - Overriding images path with different value:  => C:\ST\STM32CubeIDE_1.13.0\STM32CubeIDE\plugins\com.st.stm32cube.common.mx_6.9.0.202307051724\\db\/plugins/mcufinder/images/
2023-11-23 11:38:12,771 [INFO] ApiDb:250 - Set database path to: C:\Users\ACER\.stmcufinder\plugins\mcufinder//mcu/
2023-11-23 11:38:12,771 [INFO] DbMcusAds:125 - Set database path to: C:\Users\ACER\.stmcufinder\plugins\mcufinder//mcu/
2023-11-23 11:38:12,803 [INFO] CrossReferenceDbSqlite:203 - Set database path to: C:\Users\ACER\.stmcufinder\plugins\mcufinder//mcu/cs/
2023-11-23 11:38:12,940 [INFO] RulesReader:64 - Compatibility file has been processed (293 Rules)
2023-11-23 11:38:13,060 [INFO] DbMcusXml:78 - Set database path to: C:\ST\STM32CubeIDE_1.13.0\STM32CubeIDE\plugins\com.st.stm32cube.common.mx_6.9.0.202307051724\\db\/mcu/
2023-11-23 11:38:13,060 [INFO] ApiDb:274 - Set plugin database path to: C:\ST\STM32CubeIDE_1.13.0\STM32CubeIDE\plugins\com.st.stm32cube.common.mx_6.9.0.202307051724\\db\/plugins/boardmanager/
2023-11-23 11:38:13,060 [INFO] ApiDb:261 - Set plugin images path to: C:\ST\STM32CubeIDE_1.13.0\STM32CubeIDE\plugins\com.st.stm32cube.common.mx_6.9.0.202307051724\\db\/plugins/mcufinder/images/
2023-11-23 11:38:13,060 [WARN] DbFile:41 - Overriding database path with different value: C:\Users\ACER\.stmcufinder\plugins\mcufinder/ => C:\Users\ACER\.stmcufinder\plugins\mcufinder
2023-11-23 11:38:13,060 [INFO] ApiDb:250 - Set database path to: C:\Users\ACER\.stmcufinder\plugins\mcufinder//mcu/
2023-11-23 11:38:13,060 [WARN] DbFile:41 - Overriding database path with different value: C:\Users\ACER\.stmcufinder\plugins\mcufinder/ => C:\Users\ACER\.stmcufinder\plugins\mcufinder
2023-11-23 11:38:13,060 [INFO] DbMcusAds:125 - Set database path to: C:\Users\ACER\.stmcufinder\plugins\mcufinder//mcu/
2023-11-23 11:38:13,060 [WARN] DbFile:41 - Overriding database path with different value: C:\Users\ACER\.stmcufinder\plugins\mcufinder/ => C:\Users\ACER\.stmcufinder\plugins\mcufinder
2023-11-23 11:38:13,060 [WARN] DbFile:41 - Overriding database path with different value: C:\Users\ACER\.stmcufinder\plugins\mcufinder/ => C:\Users\ACER\.stmcufinder\plugins\mcufinder
2023-11-23 11:38:13,060 [INFO] CrossReferenceDbSqlite:203 - Set database path to: C:\Users\ACER\.stmcufinder\plugins\mcufinder//mcu/cs/
2023-11-23 11:38:13,180 [INFO] MainPanel:262 - HeapMemory: 268435456
2023-11-23 11:38:13,310 [INFO] DbMcusXml:78 - Set database path to: C:\ST\STM32CubeIDE_1.13.0\STM32CubeIDE\plugins\com.st.stm32cube.common.mx_6.9.0.202307051724\\db\/mcu/
2023-11-23 11:38:13,310 [INFO] ApiDb:274 - Set plugin database path to: C:\ST\STM32CubeIDE_1.13.0\STM32CubeIDE\plugins\com.st.stm32cube.common.mx_6.9.0.202307051724\\db\/plugins/boardmanager/
2023-11-23 11:38:13,310 [INFO] ApiDb:261 - Set plugin images path to: C:\ST\STM32CubeIDE_1.13.0\STM32CubeIDE\plugins\com.st.stm32cube.common.mx_6.9.0.202307051724\\db\/plugins/mcufinder/images/
2023-11-23 11:38:13,310 [WARN] DbFile:41 - Overriding database path with different value: C:\Users\ACER\.stmcufinder\plugins\mcufinder/ => C:\Users\ACER\.stmcufinder\plugins\mcufinder
2023-11-23 11:38:13,310 [INFO] ApiDb:250 - Set database path to: C:\Users\ACER\.stmcufinder\plugins\mcufinder//mcu/
2023-11-23 11:38:13,310 [WARN] DbFile:41 - Overriding database path with different value: C:\Users\ACER\.stmcufinder\plugins\mcufinder/ => C:\Users\ACER\.stmcufinder\plugins\mcufinder
2023-11-23 11:38:13,315 [INFO] DbMcusAds:125 - Set database path to: C:\Users\ACER\.stmcufinder\plugins\mcufinder//mcu/
2023-11-23 11:38:13,315 [WARN] DbFile:41 - Overriding database path with different value: C:\Users\ACER\.stmcufinder\plugins\mcufinder/ => C:\Users\ACER\.stmcufinder\plugins\mcufinder
2023-11-23 11:38:13,315 [WARN] DbFile:41 - Overriding database path with different value: C:\Users\ACER\.stmcufinder\plugins\mcufinder/ => C:\Users\ACER\.stmcufinder\plugins\mcufinder
2023-11-23 11:38:13,315 [INFO] CrossReferenceDbSqlite:203 - Set database path to: C:\Users\ACER\.stmcufinder\plugins\mcufinder//mcu/cs/
2023-11-23 11:38:13,338 [INFO] ApplicationProperties:184 - Using Application install path: C:\ST\STM32CubeIDE_1.13.0\STM32CubeIDE\plugins\com.st.stm32cube.common.mx_6.9.0.202307051724
2023-11-23 11:38:13,340 [INFO] PluginManage:196 - Search for loadable plugins [exclusion list=, ]
2023-11-23 11:38:13,340 [INFO] PluginManage:310 - Check plugin analytics
2023-11-23 11:38:18,520 [INFO] AnalyticsPlugin:253 - Accepted Software Licenses: 
2023-11-23 11:38:18,525 [INFO] AnalyticsPlugin:255 - Accepted CMSIS Pack Licenses: 
2023-11-23 11:38:18,525 [INFO] AnalyticsPlugin:257 - Accepted Firmware Licenses: FW.WB.1.17.0
2023-11-23 11:38:18,525 [INFO] PluginManage:359 - Loaded plugin analytics (category:tool,tabindex:-1)
2023-11-23 11:38:18,525 [INFO] PluginManage:310 - Check plugin cadmodel
2023-11-23 11:38:18,541 [INFO] CADModel:105 - Init CAD model plugin
2023-11-23 11:38:18,541 [INFO] PluginManage:359 - Loaded plugin cadmodel (category:power,tabindex:5)
2023-11-23 11:38:18,541 [INFO] PluginManage:310 - Check plugin clock
2023-11-23 11:38:18,565 [INFO] PluginManage:359 - Loaded plugin clock (category:base,tabindex:2)
2023-11-23 11:38:18,565 [INFO] PluginManage:310 - Check plugin ddr
2023-11-23 11:38:18,568 [INFO] PluginManage:359 - Loaded plugin ddr (category:tool,tabindex:6)
2023-11-23 11:38:18,568 [INFO] PluginManage:310 - Check plugin filemanager
2023-11-23 11:38:18,725 [INFO] PluginManage:359 - Loaded plugin filemanager (category:base,tabindex:10)
2023-11-23 11:38:18,725 [INFO] PluginManage:310 - Check plugin ipmanager
2023-11-23 11:38:18,733 [INFO] PluginManage:359 - Loaded plugin ipmanager (category:base,tabindex:5)
2023-11-23 11:38:18,734 [INFO] PluginManage:310 - Check plugin lpbam
2023-11-23 11:38:18,750 [INFO] PluginManage:359 - Loaded plugin lpbam (category:base,tabindex:0)
2023-11-23 11:38:18,750 [INFO] PluginManage:310 - Check plugin memorymap
2023-11-23 11:38:18,773 [INFO] PluginManage:359 - Loaded plugin memorymap (category:base,tabindex:4)
2023-11-23 11:38:18,773 [INFO] PluginManage:310 - Check plugin pinoutandconfiguration
2023-11-23 11:38:18,788 [INFO] PluginManage:359 - Loaded plugin pinoutandconfiguration (category:base,tabindex:1)
2023-11-23 11:38:18,788 [INFO] PluginManage:310 - Check plugin pinoutconfig
2023-11-23 11:38:18,897 [WARN] SupportedApi:132 - Cannot load RTOS API schema: s4s-elt-must-match.1: The content of 'definitions' must match (annotation?, (simpleType | complexType)?, (unique | key | keyref)*)). A problem was found starting at: attribute.
2023-11-23 11:38:19,047 [INFO] PluginManage:359 - Loaded plugin pinoutconfig (category:base,tabindex:0)
2023-11-23 11:38:19,048 [INFO] PluginManage:310 - Check plugin power
2023-11-23 11:38:19,068 [INFO] PluginManage:359 - Loaded plugin power (category:power,tabindex:4)
2023-11-23 11:38:19,068 [INFO] PluginManage:310 - Check plugin projectmanager
2023-11-23 11:38:19,086 [INFO] PluginManage:359 - Loaded plugin projectmanager (category:projectmanager,tabindex:3)
2023-11-23 11:38:19,086 [INFO] PluginManage:310 - Check plugin thirdparty
2023-11-23 11:38:19,357 [INFO] PluginManage:359 - Loaded plugin thirdparty (category:base,tabindex:-1)
2023-11-23 11:38:19,357 [WARN] IntegrityCheckThread:84 - waiting for thirdparty lock release [integrity check]
2023-11-23 11:38:19,357 [INFO] PluginManage:310 - Check plugin tools
2023-11-23 11:38:19,357 [INFO] IntegrityCheckThread:86 - entering critical section [integrity check]
2023-11-23 11:38:19,358 [INFO] ThirdPartyUpdaterWithRetryManager:70 - Updater plugin not ready yet. [1/15]
2023-11-23 11:38:19,390 [INFO] PluginManage:359 - Loaded plugin tools (category:base,tabindex:7)
2023-11-23 11:38:19,391 [INFO] PluginManage:310 - Check plugin tutovideos
2023-11-23 11:38:19,610 [INFO] PluginManage:359 - Loaded plugin tutovideos (category:base,tabindex:-1)
2023-11-23 11:38:19,610 [INFO] PluginManage:310 - Check plugin updater
2023-11-23 11:38:19,620 [INFO] PluginManage:359 - Loaded plugin updater (category:base,tabindex:12)
2023-11-23 11:38:19,620 [INFO] PluginManage:310 - Check plugin userauth
2023-11-23 11:38:19,630 [INFO] UserAuth:113 - Init User Auth plugin
2023-11-23 11:38:19,630 [INFO] PluginManage:359 - Loaded plugin userauth (category:base,tabindex:14)
2023-11-23 11:38:19,630 [INFO] PluginManage:283 - PluginManage : Loaded plugins [17]
2023-11-23 11:38:19,869 [INFO] PinOutPanel:1499 - setPackage(No Configuration,No Configuration)
2023-11-23 11:38:19,980 [INFO] CADModel:165 - CPN selected for project level
2023-11-23 11:38:19,980 [INFO] CADModel:114 - Register for checkConnection events
2023-11-23 11:38:20,020 [INFO] IPUIPlugin:80 - create IPUIPlugin
2023-11-23 11:38:20,020 [INFO] PluginManager:220 - loadIPPluginJar : add adc
2023-11-23 11:38:20,050 [INFO] IPUIPlugin:80 - create IPUIPlugin
2023-11-23 11:38:20,050 [INFO] PluginManager:220 - loadIPPluginJar : add aes
2023-11-23 11:38:20,080 [INFO] IPUIPlugin:80 - create IPUIPlugin
2023-11-23 11:38:20,080 [INFO] PluginManager:220 - loadIPPluginJar : add can
2023-11-23 11:38:20,105 [INFO] IPUIPlugin:80 - create IPUIPlugin
2023-11-23 11:38:20,105 [INFO] PluginManager:220 - loadIPPluginJar : add comp
2023-11-23 11:38:20,140 [INFO] IPUIPlugin:80 - create IPUIPlugin
2023-11-23 11:38:20,140 [INFO] PluginManager:220 - loadIPPluginJar : add cryp
2023-11-23 11:38:20,170 [INFO] IPUIPlugin:80 - create IPUIPlugin
2023-11-23 11:38:20,170 [INFO] PluginManager:220 - loadIPPluginJar : add dfsdm
2023-11-23 11:38:20,180 [INFO] IPUIPlugin:80 - create IPUIPlugin
2023-11-23 11:38:20,185 [INFO] PluginManager:220 - loadIPPluginJar : add dma
2023-11-23 11:38:20,219 [INFO] IPUIPlugin:80 - create IPUIPlugin
2023-11-23 11:38:20,219 [INFO] PluginManager:220 - loadIPPluginJar : add dma3
2023-11-23 11:38:20,240 [INFO] IPUIPlugin:80 - create IPUIPlugin
2023-11-23 11:38:20,240 [INFO] PluginManager:220 - loadIPPluginJar : add fatfs
2023-11-23 11:38:20,280 [INFO] IPUIPlugin:80 - create IPUIPlugin
2023-11-23 11:38:20,280 [INFO] PluginManager:220 - loadIPPluginJar : add fmc
2023-11-23 11:38:20,296 [INFO] IPUIPlugin:80 - create IPUIPlugin
2023-11-23 11:38:20,296 [INFO] PluginManager:220 - loadIPPluginJar : add freertos
2023-11-23 11:38:20,311 [INFO] IPUIPlugin:80 - create IPUIPlugin
2023-11-23 11:38:20,311 [INFO] PluginManager:220 - loadIPPluginJar : add genericplugin
2023-11-23 11:38:20,400 [INFO] IPUIPlugin:80 - create IPUIPlugin
2023-11-23 11:38:20,400 [INFO] PluginManager:220 - loadIPPluginJar : add gfxmmu
2023-11-23 11:38:20,525 [INFO] IPUIPlugin:80 - create IPUIPlugin
2023-11-23 11:38:20,525 [INFO] PluginManager:220 - loadIPPluginJar : add gic
2023-11-23 11:38:20,547 [INFO] IPUIPlugin:80 - create IPUIPlugin
2023-11-23 11:38:20,547 [INFO] PluginManager:220 - loadIPPluginJar : add gpio
2023-11-23 11:38:20,630 [INFO] IPUIPlugin:80 - create IPUIPlugin
2023-11-23 11:38:20,630 [INFO] PluginManager:220 - loadIPPluginJar : add gtzc
2023-11-23 11:38:20,665 [INFO] IPUIPlugin:80 - create IPUIPlugin
2023-11-23 11:38:20,665 [INFO] PluginManager:220 - loadIPPluginJar : add hash
2023-11-23 11:38:20,710 [INFO] IPUIPlugin:80 - create IPUIPlugin
2023-11-23 11:38:20,710 [INFO] PluginManager:220 - loadIPPluginJar : add i2c
2023-11-23 11:38:20,744 [INFO] IPUIPlugin:80 - create IPUIPlugin
2023-11-23 11:38:20,744 [INFO] PluginManager:220 - loadIPPluginJar : add i2s
2023-11-23 11:38:20,780 [INFO] IPUIPlugin:80 - create IPUIPlugin
2023-11-23 11:38:20,780 [INFO] PluginManager:220 - loadIPPluginJar : add i3c
2023-11-23 11:38:20,890 [INFO] IPUIPlugin:80 - create IPUIPlugin
2023-11-23 11:38:20,890 [INFO] PluginManager:220 - loadIPPluginJar : add ipddr
2023-11-23 11:38:20,980 [INFO] IPUIPlugin:80 - create IPUIPlugin
2023-11-23 11:38:20,980 [INFO] PluginManager:220 - loadIPPluginJar : add linkedlist
2023-11-23 11:38:21,012 [INFO] IPUIPlugin:80 - create IPUIPlugin
2023-11-23 11:38:21,012 [INFO] PluginManager:220 - loadIPPluginJar : add lorawan
2023-11-23 11:38:21,043 [INFO] IPUIPlugin:80 - create IPUIPlugin
2023-11-23 11:38:21,043 [INFO] PluginManager:220 - loadIPPluginJar : add ltdc
2023-11-23 11:38:21,050 [INFO] IPUIPlugin:80 - create IPUIPlugin
2023-11-23 11:38:21,059 [INFO] PluginManager:220 - loadIPPluginJar : add mdma
2023-11-23 11:38:21,070 [INFO] IPUIPlugin:80 - create IPUIPlugin
2023-11-23 11:38:21,070 [INFO] PluginManager:220 - loadIPPluginJar : add nvic
2023-11-23 11:38:21,100 [INFO] IPUIPlugin:80 - create IPUIPlugin
2023-11-23 11:38:21,100 [INFO] PluginManager:220 - loadIPPluginJar : add opamp
2023-11-23 11:38:21,155 [INFO] IPUIPlugin:80 - create IPUIPlugin
2023-11-23 11:38:21,155 [INFO] PluginManager:220 - loadIPPluginJar : add openamp
2023-11-23 11:38:21,195 [INFO] IPUIPlugin:80 - create IPUIPlugin
2023-11-23 11:38:21,195 [INFO] PluginManager:220 - loadIPPluginJar : add pdm2pcm
2023-11-23 11:38:21,210 [INFO] IPUIPlugin:80 - create IPUIPlugin
2023-11-23 11:38:21,210 [INFO] PluginManager:220 - loadIPPluginJar : add plateformsettings
2023-11-23 11:38:21,230 [INFO] IPUIPlugin:80 - create IPUIPlugin
2023-11-23 11:38:21,230 [INFO] PluginManager:220 - loadIPPluginJar : add quadspi
2023-11-23 11:38:21,240 [INFO] IPUIPlugin:80 - create IPUIPlugin
2023-11-23 11:38:21,240 [INFO] PluginManager:220 - loadIPPluginJar : add resmgrutility
2023-11-23 11:38:21,281 [INFO] IPUIPlugin:80 - create IPUIPlugin
2023-11-23 11:38:21,281 [INFO] PluginManager:220 - loadIPPluginJar : add sai
2023-11-23 11:38:21,313 [INFO] IPUIPlugin:80 - create IPUIPlugin
2023-11-23 11:38:21,313 [INFO] PluginManager:220 - loadIPPluginJar : add spi
2023-11-23 11:38:21,370 [INFO] IPUIPlugin:80 - create IPUIPlugin
2023-11-23 11:38:21,370 [INFO] PluginManager:220 - loadIPPluginJar : add stm32_wpan
2023-11-23 11:38:21,392 [INFO] IPUIPlugin:80 - create IPUIPlugin
2023-11-23 11:38:21,392 [INFO] PluginManager:220 - loadIPPluginJar : add tim
2023-11-23 11:38:21,440 [INFO] IPUIPlugin:80 - create IPUIPlugin
2023-11-23 11:38:21,440 [INFO] PluginManager:220 - loadIPPluginJar : add touchsensing
2023-11-23 11:38:21,460 [INFO] IPUIPlugin:80 - create IPUIPlugin
2023-11-23 11:38:21,460 [INFO] PluginManager:220 - loadIPPluginJar : add tracer_emb
2023-11-23 11:38:21,480 [INFO] IPUIPlugin:80 - create IPUIPlugin
2023-11-23 11:38:21,480 [INFO] PluginManager:220 - loadIPPluginJar : add ts
2023-11-23 11:38:21,503 [INFO] IPUIPlugin:80 - create IPUIPlugin
2023-11-23 11:38:21,503 [INFO] PluginManager:220 - loadIPPluginJar : add tsc
2023-11-23 11:38:21,520 [INFO] IPUIPlugin:80 - create IPUIPlugin
2023-11-23 11:38:21,520 [INFO] PluginManager:220 - loadIPPluginJar : add ucpd
2023-11-23 11:38:21,560 [INFO] IPUIPlugin:80 - create IPUIPlugin
2023-11-23 11:38:21,560 [INFO] PluginManager:220 - loadIPPluginJar : add usart
2023-11-23 11:38:21,605 [INFO] IPUIPlugin:80 - create IPUIPlugin
2023-11-23 11:38:21,605 [INFO] PluginManager:220 - loadIPPluginJar : add usbx
2023-11-23 11:38:21,732 [INFO] CADModel:165 - CPN selected for project level
2023-11-23 11:38:21,732 [INFO] CADModel:114 - Register for checkConnection events
2023-11-23 11:38:21,732 [FATAL] Updater:308 - Updater called before beeing initialized
2023-11-23 11:38:21,732 [ERROR] CADModel:125 - Updater not yet initialized, retry later 
2023-11-23 11:38:21,925 [INFO] CADModel:165 - CPN selected for project level
2023-11-23 11:38:21,925 [INFO] CADModel:114 - Register for checkConnection events
2023-11-23 11:38:21,925 [FATAL] Updater:308 - Updater called before beeing initialized
2023-11-23 11:38:21,925 [ERROR] CADModel:125 - Updater not yet initialized, retry later 
2023-11-23 11:38:21,930 [FATAL] Updater:308 - Updater called before beeing initialized
2023-11-23 11:38:22,050 [FATAL] Updater:308 - Updater called before beeing initialized
2023-11-23 11:38:22,060 [INFO] DbMcusAds:53 - JSON generation date=Tue Mar 07 15:50:55 ICT 2023 (1678179055335)
2023-11-23 11:38:22,060 [FATAL] Updater:308 - Updater called before beeing initialized
2023-11-23 11:38:22,135 [WARN] DetailPanel:346 - Failed to get advertising image, set to default
2023-11-23 11:38:22,215 [FATAL] Updater:308 - Updater called before beeing initialized
2023-11-23 11:38:22,215 [FATAL] Updater:308 - Updater called before beeing initialized
2023-11-23 11:38:22,215 [FATAL] Updater:308 - Updater called before beeing initialized
2023-11-23 11:38:22,215 [WARN] DetailPanel:346 - Failed to get advertising image, set to default
2023-11-23 11:38:22,215 [FATAL] Updater:308 - Updater called before beeing initialized
2023-11-23 11:38:22,290 [ERROR] Updater:1120 - MainUpdater not yet initialized. External WinMGr cannot be set.
2023-11-23 11:38:22,305 [INFO] Updater:1056 - Updater Version found : 6.9.0
2023-11-23 11:38:22,330 [INFO] ApplicationProperties:184 - Using Application install path: C:\ST\STM32CubeIDE_1.13.0\STM32CubeIDE\plugins\com.st.stm32cube.common.mx_6.9.0.202307051724
2023-11-23 11:38:22,359 [INFO] ThirdPartyUpdaterWithRetryManager:70 - Updater plugin not ready yet. [2/15]
2023-11-23 11:38:22,634 [INFO] MainUpdater:2868 - connection check result : 10
2023-11-23 11:38:22,634 [INFO] MainUpdater:285 - Updater Check For Update Now.
2023-11-23 11:38:22,634 [INFO] MicroXplorer:498 - Change Database Version : DB.6.0.90
2023-11-23 11:38:22,663 [INFO] McuFinderGlobals:63 - Set McuFinder mode to 2 (CubeIDE integrated)
2023-11-23 11:38:22,663 [INFO] UserAuth:179 - activating auth plugin
2023-11-23 11:38:22,672 [INFO] UserAuth:393 - Internet connection configuration mode: 1
2023-11-23 11:38:22,710 [INFO] JxBrowserEngine:151 - Initiate JxBrowser Engine with user profile folder
2023-11-23 11:38:22,929 [INFO] CheckServerUpdateThread:120 - End of CheckServer Thread
2023-11-23 11:38:25,267 [INFO] WebApp:157 - Instantiating new browser for Auth
2023-11-23 11:38:25,724 [WARN] PackLoader:240 - Cannot read IP mode file for STMicroelectronics.X-CUBE-SMBUS.2.1.0
2023-11-23 11:38:25,814 [WARN] PackLoader:240 - Cannot read IP mode file for STMicroelectronics.X-CUBE-AZRTOS-F7.1.1.0
2023-11-23 11:38:25,850 [WARN] PackLoader:240 - Cannot read IP mode file for STMicroelectronics.FP-SNS-MOTENV1.4.3.2
2023-11-23 11:38:25,871 [ERROR] RealEvaluatedCondition:428 - Found unsupported composite condition: GROUP='STM32_MetaDataManager' CLASS='Data Exchange'
2023-11-23 11:38:25,871 [ERROR] RealEvaluatedCondition:428 - Found unsupported composite condition: GROUP='STM32_MetaDataManager' CLASS='Data Exchange'
2023-11-23 11:38:25,879 [WARN] PackLoader:240 - Cannot read IP mode file for STMicroelectronics.FP-SNS-MOTENV1.4.3.1
2023-11-23 11:38:25,910 [WARN] PackLoader:240 - Cannot read IP mode file for STMicroelectronics.FP-SNS-FLIGHT1.5.0.1
2023-11-23 11:38:25,962 [WARN] PackLoader:240 - Cannot read IP mode file for STMicroelectronics.X-CUBE-BLE1.6.2.4
2023-11-23 11:38:25,987 [WARN] PackLoader:240 - Cannot read IP mode file for STMicroelectronics.FP-SNS-FLIGHT1.5.0.2
2023-11-23 11:38:26,030 [WARN] PackLoader:240 - Cannot read IP mode file for STMicroelectronics.X-CUBE-DISPLAY.3.0.0
2023-11-23 11:38:26,068 [WARN] PackLoader:240 - Cannot read IP mode file for STMicroelectronics.X-CUBE-BLE1.7.0.0
2023-11-23 11:38:26,096 [WARN] PackLoader:240 - Cannot read IP mode file for STMicroelectronics.X-CUBE-TOUCHGFX.4.22.0
2023-11-23 11:38:26,113 [WARN] PackLoader:240 - Cannot read IP mode file for STMicroelectronics.X-CUBE-TOUCHGFX.4.22.1
2023-11-23 11:38:26,133 [WARN] PackLoader:240 - Cannot read IP mode file for STMicroelectronics.FP-SNS-SMARTAG2.1.2.0
2023-11-23 11:38:26,169 [INFO] LogOutputStream:77 - [STDOUT_REDIRECT] 1 : Invalid condition id : UX_CORESTACK_Condition cause : null
2023-11-23 11:38:26,170 [INFO] LogOutputStream:77 - [STDOUT_REDIRECT] 1 : Invalid condition id : UX_CORESTACK_Condition cause : null
2023-11-23 11:38:26,172 [INFO] LogOutputStream:77 - [STDOUT_REDIRECT] 1 : Invalid condition id : UX_CORESTACK_Condition cause : null
2023-11-23 11:38:26,175 [INFO] LogOutputStream:77 - [STDOUT_REDIRECT] 1 : Invalid condition id : UX_CORESTACK_Condition cause : null
2023-11-23 11:38:26,177 [INFO] LogOutputStream:77 - [STDOUT_REDIRECT] 1 : Invalid condition id : UX_CORESTACK_Condition cause : null
2023-11-23 11:38:26,182 [WARN] PackLoader:240 - Cannot read IP mode file for STMicroelectronics.X-CUBE-AZRTOS-WL.2.0.0
2023-11-23 11:38:26,212 [WARN] PackLoader:240 - Cannot read IP mode file for WES.I-CUBE-Cesium.1.3.0
2023-11-23 11:38:26,232 [WARN] PackLoader:240 - Cannot read IP mode file for STMicroelectronics.X-CUBE-BLE2.3.3.0
2023-11-23 11:38:26,253 [WARN] PackLoader:240 - Cannot read IP mode file for STMicroelectronics.X-CUBE-DISPLAY.2.2.0
2023-11-23 11:38:26,290 [WARN] PackLoader:240 - Cannot read IP mode file for STMicroelectronics.X-CUBE-TOF1.3.2.0
2023-11-23 11:38:26,319 [WARN] PackLoader:240 - Cannot read IP mode file for STMicroelectronics.X-CUBE-TOUCHGFX.4.21.0
2023-11-23 11:38:26,336 [WARN] PackLoader:240 - Cannot read IP mode file for STMicroelectronics.X-CUBE-TOUCHGFX.4.21.4
2023-11-23 11:38:26,397 [INFO] WebApp:753 - Register for checkConnection events
2023-11-23 11:38:26,397 [INFO] WebApp:390 - Apply proxy settings
2023-11-23 11:38:26,398 [INFO] WebApp:475 - Chromium requires no authentication
2023-11-23 11:38:26,436 [INFO] WebApp:418 - Direct internet connection detected
2023-11-23 11:38:26,454 [WARN] PackLoader:240 - Cannot read IP mode file for STMicroelectronics.X-CUBE-MEMS1.9.4.0
2023-11-23 11:38:26,810 [WARN] PackLoader:240 - Cannot read IP mode file for STMicroelectronics.X-CUBE-AI.7.3.0
2023-11-23 11:38:26,840 [WARN] PackLoader:240 - Cannot read IP mode file for STMicroelectronics.X-CUBE-ALGOBUILD.1.3.0
2023-11-23 11:38:26,942 [WARN] PackLoader:240 - Cannot read IP mode file for STMicroelectronics.X-CUBE-AZRTOS-G0.1.1.0
2023-11-23 11:38:26,965 [INFO] WebApp:188 - Starting web application
2023-11-23 11:38:26,965 [INFO] WebApp:520 - Web application path used C:\ST\STM32CubeIDE_1.13.0\STM32CubeIDE\plugins\com.st.stm32cube.common.mx_6.9.0.202307051724\db\plugins\mcufinder\reactClient1\index.html
2023-11-23 11:38:26,992 [WARN] PackLoader:240 - Cannot read IP mode file for STMicroelectronics.X-CUBE-NFC4.3.0.0
2023-11-23 11:38:27,034 [WARN] PackLoader:240 - Cannot read IP mode file for STMicroelectronics.X-CUBE-BLEMGR.3.0.0
2023-11-23 11:38:27,073 [WARN] PackLoader:240 - Cannot read IP mode file for STMicroelectronics.X-CUBE-BLEMGR.1.3.0
2023-11-23 11:38:27,098 [WARN] PackLoader:240 - Cannot read IP mode file for STMicroelectronics.FP-ATR-SIGFOX1.3.2.0
2023-11-23 11:38:27,171 [WARN] PackLoader:240 - Cannot read IP mode file for SEGGER.I-CUBE-embOS.1.3.1
2023-11-23 11:38:27,305 [WARN] PackLoader:240 - Cannot read IP mode file for SEGGER.I-CUBE-embOS.1.3.0
2023-11-23 11:38:27,407 [WARN] PackLoader:240 - Cannot read IP mode file for STMicroelectronics.X-CUBE-GNSS1.6.0.0
2023-11-23 11:38:27,467 [WARN] PackLoader:240 - Cannot read IP mode file for STMicroelectronics.X-CUBE-AZRTOS-F4.1.1.0
2023-11-23 11:38:27,534 [WARN] PackLoader:240 - Cannot read IP mode file for STMicroelectronics.X-CUBE-AZRTOS-L5.2.0.0
2023-11-23 11:38:27,656 [WARN] PackLoader:240 - Cannot read IP mode file for STMicroelectronics.X-CUBE-MEMS1.9.6.0
2023-11-23 11:38:28,005 [WARN] PackLoader:240 - Cannot read IP mode file for STMicroelectronics.X-CUBE-EEPRMA1.4.2.0
2023-11-23 11:38:28,022 [WARN] PackLoader:240 - Cannot read IP mode file for ITTIA_DB.I-CUBE-ITTIADB.8.8.0
2023-11-23 11:38:28,044 [WARN] PackLoader:240 - Cannot read IP mode file for emotas.I-CUBE-CANOPEN.1.1.3
2023-11-23 11:38:28,065 [WARN] PackLoader:240 - Cannot read IP mode file for STMicroelectronics.X-CUBE-BLEMGR.2.0.0
2023-11-23 11:38:28,087 [WARN] PackLoader:240 - Cannot read IP mode file for STMicroelectronics.X-CUBE-NFC4.2.0.5
2023-11-23 11:38:28,133 [WARN] ConditionMgr:438 - getConditionDescription Invalid condition id : UX DEVICE CLASS RTOS Condition cause : null
2023-11-23 11:38:28,133 [WARN] ConditionMgr:438 - getConditionDescription Invalid condition id : UX DEVICE CLASS RTOS Condition cause : null
2023-11-23 11:38:28,139 [WARN] PackLoader:240 - Cannot read IP mode file for STMicroelectronics.X-CUBE-AZRTOS-H7.3.1.0
2023-11-23 11:38:28,141 [WARN] ConditionMgr:1039 - genDependencies : Invalid condition id : UX DEVICE CLASS RTOS Condition cause : null
2023-11-23 11:38:28,141 [WARN] ConditionMgr:1039 - genDependencies : Invalid condition id : UX DEVICE CLASS RTOS Condition cause : null
2023-11-23 11:38:28,142 [WARN] ConditionMgr:1039 - genDependencies : Invalid condition id : UX DEVICE CLASS RTOS Condition cause : null
2023-11-23 11:38:28,143 [WARN] ConditionMgr:1039 - genDependencies : Invalid condition id : UX DEVICE CLASS RTOS Condition cause : null
2023-11-23 11:38:28,143 [WARN] ConditionMgr:1039 - genDependencies : Invalid condition id : UX DEVICE CLASS RTOS Condition cause : null
2023-11-23 11:38:28,167 [WARN] PackLoader:240 - Cannot read IP mode file for wolfSSL.I-CUBE-wolfSSL.5.5.4
2023-11-23 11:38:28,187 [WARN] PackLoader:240 - Cannot read IP mode file for STMicroelectronics.X-CUBE-NFC7.1.0.1
2023-11-23 11:38:28,204 [WARN] PackLoader:240 - Cannot read IP mode file for STMicroelectronics.X-CUBE-NFC7.1.0.0
2023-11-23 11:38:28,227 [WARN] PackLoader:240 - Cannot read IP mode file for STMicroelectronics.X-CUBE-NFC6.3.0.0
2023-11-23 11:38:28,251 [WARN] PackLoader:240 - Cannot read IP mode file for STMicroelectronics.X-CUBE-EEPRMA1.4.1.0
2023-11-23 11:38:28,271 [WARN] PackLoader:240 - Cannot read IP mode file for STMicroelectronics.X-CUBE-AI.8.1.0
2023-11-23 11:38:28,336 [WARN] ConditionMgr:438 - getConditionDescription Invalid condition id : LAN8742 Phy interface Condition cause : null
2023-11-23 11:38:28,337 [WARN] PackLoader:240 - Cannot read IP mode file for STMicroelectronics.X-CUBE-AZRTOS-L4.2.0.0
2023-11-23 11:38:28,340 [WARN] ConditionMgr:1039 - genDependencies : Invalid condition id : LAN8742 Phy interface Condition cause : null
2023-11-23 11:38:28,341 [WARN] ConditionMgr:1039 - genDependencies : Invalid condition id : LAN8742 Phy interface Condition cause : null
2023-11-23 11:38:28,342 [WARN] ConditionMgr:1039 - genDependencies : Invalid condition id : LAN8742 Phy interface Condition cause : null
2023-11-23 11:38:28,429 [WARN] PackLoader:240 - Cannot read IP mode file for STMicroelectronics.X-CUBE-SFXS2LP1.4.0.0
2023-11-23 11:38:28,505 [WARN] PackLoader:240 - Cannot read IP mode file for STMicroelectronics.X-CUBE-AZRTOS-H7.3.0.0
2023-11-23 11:38:28,532 [WARN] PackLoader:240 - Cannot read IP mode file for STMicroelectronics.X-CUBE-ISPU.1.1.0
2023-11-23 11:38:28,557 [WARN] PackLoader:240 - Cannot read IP mode file for RoweBots.I-CUBE-UNISONRTOS.5.5.0-4
2023-11-23 11:38:28,596 [WARN] ConditionMgr:438 - getConditionDescription Invalid condition id : UX DEVICE CLASS RTOS Condition cause : null
2023-11-23 11:38:28,596 [WARN] ConditionMgr:438 - getConditionDescription Invalid condition id : UX DEVICE CLASS RTOS Condition cause : null
2023-11-23 11:38:28,599 [WARN] PackLoader:240 - Cannot read IP mode file for STMicroelectronics.X-CUBE-AZRTOS-WB.2.0.0
2023-11-23 11:38:28,600 [WARN] ConditionMgr:1039 - genDependencies : Invalid condition id : UX DEVICE CLASS RTOS Condition cause : null
2023-11-23 11:38:28,600 [WARN] ConditionMgr:1039 - genDependencies : Invalid condition id : UX DEVICE CLASS RTOS Condition cause : null
2023-11-23 11:38:28,600 [WARN] ConditionMgr:1039 - genDependencies : Invalid condition id : UX DEVICE CLASS RTOS Condition cause : null
2023-11-23 11:38:28,601 [WARN] ConditionMgr:1039 - genDependencies : Invalid condition id : UX DEVICE CLASS RTOS Condition cause : null
2023-11-23 11:38:28,601 [WARN] ConditionMgr:1039 - genDependencies : Invalid condition id : UX DEVICE CLASS RTOS Condition cause : null
2023-11-23 11:38:28,620 [WARN] PackLoader:240 - Cannot read IP mode file for STMicroelectronics.X-CUBE-FREERTOS.1.0.1
2023-11-23 11:38:28,657 [WARN] PackLoader:240 - Cannot read IP mode file for STMicroelectronics.X-CUBE-AZRTOS-L5.1.1.0
2023-11-23 11:38:28,672 [WARN] PackLoader:240 - Cannot read IP mode file for STMicroelectronics.X-CUBE-AI.8.0.1
2023-11-23 11:38:28,701 [WARN] PackLoader:240 - Cannot read IP mode file for STMicroelectronics.X-CUBE-SUBG2.5.0.0
2023-11-23 11:38:28,737 [WARN] PackLoader:240 - Cannot read IP mode file for STMicroelectronics.X-CUBE-TOF1.3.3.1
2023-11-23 11:38:28,785 [WARN] PackLoader:240 - Cannot read IP mode file for STMicroelectronics.X-CUBE-AZRTOS-G4.2.0.0
2023-11-23 11:38:28,812 [WARN] PackLoader:240 - Cannot read IP mode file for STMicroelectronics.X-CUBE-TOF1.3.3.0
2023-11-23 11:38:28,835 [WARN] PackLoader:240 - Cannot read IP mode file for STMicroelectronics.FP-ATR-ASTRA1.1.1.1
2023-11-23 11:38:28,866 [WARN] PackLoader:240 - Cannot read IP mode file for Infineon.AIROC-Wi-Fi-Bluetooth-STM32.1.5.1
2023-11-23 11:38:28,887 [WARN] PackLoader:240 - Cannot read IP mode file for STMicroelectronics.FP-SNS-MOTENVWB1.1.3.0
2023-11-23 11:38:28,923 [WARN] PackLoader:240 - Cannot read IP mode file for STMicroelectronics.X-CUBE-AZRTOS-G4.1.0.0
2023-11-23 11:38:28,960 [WARN] PackLoader:240 - Cannot read IP mode file for STMicroelectronics.X-CUBE-AZRTOS-L4.1.0.0
2023-11-23 11:38:29,039 [WARN] PackLoader:240 - Cannot read IP mode file for STMicroelectronics.X-CUBE-MEMS1.10.0.0
2023-11-23 11:38:29,258 [WARN] PackLoader:240 - Cannot read IP mode file for STMicroelectronics.X-CUBE-FREERTOS.1.1.0
2023-11-23 11:38:29,285 [WARN] PackLoader:240 - Cannot read IP mode file for STMicroelectronics.X-CUBE-AZRTOS-WL.1.0.0
2023-11-23 11:38:29,304 [WARN] PackLoader:240 - Cannot read IP mode file for portGmbH.I-Cube-SoM-uGOAL.1.1.0
2023-11-23 11:38:29,319 [WARN] PackLoader:240 - Cannot read IP mode file for STMicroelectronics.X-CUBE-ALS.1.0.1
2023-11-23 11:38:29,350 [WARN] PackLoader:240 - Cannot read IP mode file for STMicroelectronics.X-CUBE-AZRTOS-WB.1.1.0
2023-11-23 11:38:29,366 [WARN] PackLoader:240 - Cannot read IP mode file for STMicroelectronics.FP-ATR-ASTRA1.2.0.0
2023-11-23 11:38:29,393 [WARN] PackLoader:240 - Cannot read IP mode file for STMicroelectronics.X-CUBE-TOF1.3.4.0
2023-11-23 11:38:29,406 [INFO] ThirdParty:978 - Integrity check success = true
2023-11-23 11:38:29,406 [INFO] IntegrityCheckThread:100 - exiting critical section [integrity check]
2023-11-23 11:38:29,406 [INFO] IntegrityCheckThread:103 - End integrity checks thread
2023-11-23 11:38:48,359 [ERROR] LogOutputStream:75 - [STDERR_REDIRECT] SLF4J: Failed to load class "org.slf4j.impl.StaticLoggerBinder".
2023-11-23 11:38:48,360 [ERROR] LogOutputStream:75 - [STDERR_REDIRECT] SLF4J: Defaulting to no-operation (NOP) logger implementation
2023-11-23 11:38:48,361 [ERROR] LogOutputStream:75 - [STDERR_REDIRECT] SLF4J: See http://www.slf4j.org/codes.html#StaticLoggerBinder for further details.
2023-11-23 23:12:34,696 [ERROR] LogOutputStream:75 - [STDERR_REDIRECT] 
