2024-01-07 09:35:13,831 [ERROR] LogOutputStream:75 - [STDERR_REDIRECT] 
2024-01-07 11:55:34,304 [INFO] Activator:176 - 


2024-01-07 11:55:34,306 [INFO] Activator:177 - !SESSION log4j initialized
2024-01-07 11:55:42,345 [INFO] LogOutputStream:77 - [STDOUT_REDIRECT] 
2024-01-07 11:56:11,573 [INFO] ApplicationProperties:184 - Using Application install path: C:\ST\STM32CubeIDE_1.13.0\STM32CubeIDE\plugins\com.st.stm32cube.common.mx_6.9.0.202307051724
2024-01-07 11:56:11,599 [INFO] DbMcusXml:78 - Set database path to: C:\ST\STM32CubeIDE_1.13.0\STM32CubeIDE\plugins\com.st.stm32cube.common.mx_6.9.0.202307051724\\db\/mcu/
2024-01-07 11:56:11,599 [INFO] ApiDb:274 - Set plugin database path to: C:\ST\STM32CubeIDE_1.13.0\STM32CubeIDE\plugins\com.st.stm32cube.common.mx_6.9.0.202307051724\\db\/plugins/boardmanager/
2024-01-07 11:56:11,600 [WARN] ApiDb:259 - Overriding images path with different value:  => C:\ST\STM32CubeIDE_1.13.0\STM32CubeIDE\plugins\com.st.stm32cube.common.mx_6.9.0.202307051724\\db\/plugins/mcufinder/images/
2024-01-07 11:56:11,619 [INFO] ApiDb:250 - Set database path to: C:\Users\ACER\.stmcufinder\plugins\mcufinder//mcu/
2024-01-07 11:56:11,620 [INFO] DbMcusAds:125 - Set database path to: C:\Users\ACER\.stmcufinder\plugins\mcufinder//mcu/
2024-01-07 11:56:11,680 [INFO] CrossReferenceDbSqlite:203 - Set database path to: C:\Users\ACER\.stmcufinder\plugins\mcufinder//mcu/cs/
2024-01-07 11:56:11,848 [INFO] RulesReader:64 - Compatibility file has been processed (293 Rules)
2024-01-07 11:56:11,957 [INFO] DbMcusXml:78 - Set database path to: C:\ST\STM32CubeIDE_1.13.0\STM32CubeIDE\plugins\com.st.stm32cube.common.mx_6.9.0.202307051724\\db\/mcu/
2024-01-07 11:56:11,957 [INFO] ApiDb:274 - Set plugin database path to: C:\ST\STM32CubeIDE_1.13.0\STM32CubeIDE\plugins\com.st.stm32cube.common.mx_6.9.0.202307051724\\db\/plugins/boardmanager/
2024-01-07 11:56:11,957 [INFO] ApiDb:261 - Set plugin images path to: C:\ST\STM32CubeIDE_1.13.0\STM32CubeIDE\plugins\com.st.stm32cube.common.mx_6.9.0.202307051724\\db\/plugins/mcufinder/images/
2024-01-07 11:56:11,957 [WARN] DbFile:41 - Overriding database path with different value: C:\Users\ACER\.stmcufinder\plugins\mcufinder/ => C:\Users\ACER\.stmcufinder\plugins\mcufinder
2024-01-07 11:56:11,957 [INFO] ApiDb:250 - Set database path to: C:\Users\ACER\.stmcufinder\plugins\mcufinder//mcu/
2024-01-07 11:56:11,957 [WARN] DbFile:41 - Overriding database path with different value: C:\Users\ACER\.stmcufinder\plugins\mcufinder/ => C:\Users\ACER\.stmcufinder\plugins\mcufinder
2024-01-07 11:56:11,957 [INFO] DbMcusAds:125 - Set database path to: C:\Users\ACER\.stmcufinder\plugins\mcufinder//mcu/
2024-01-07 11:56:11,957 [WARN] DbFile:41 - Overriding database path with different value: C:\Users\ACER\.stmcufinder\plugins\mcufinder/ => C:\Users\ACER\.stmcufinder\plugins\mcufinder
2024-01-07 11:56:11,957 [WARN] DbFile:41 - Overriding database path with different value: C:\Users\ACER\.stmcufinder\plugins\mcufinder/ => C:\Users\ACER\.stmcufinder\plugins\mcufinder
2024-01-07 11:56:11,957 [INFO] CrossReferenceDbSqlite:203 - Set database path to: C:\Users\ACER\.stmcufinder\plugins\mcufinder//mcu/cs/
2024-01-07 11:56:12,083 [INFO] MainPanel:262 - HeapMemory: 268435456
2024-01-07 11:56:12,205 [INFO] DbMcusXml:78 - Set database path to: C:\ST\STM32CubeIDE_1.13.0\STM32CubeIDE\plugins\com.st.stm32cube.common.mx_6.9.0.202307051724\\db\/mcu/
2024-01-07 11:56:12,205 [INFO] ApiDb:274 - Set plugin database path to: C:\ST\STM32CubeIDE_1.13.0\STM32CubeIDE\plugins\com.st.stm32cube.common.mx_6.9.0.202307051724\\db\/plugins/boardmanager/
2024-01-07 11:56:12,205 [INFO] ApiDb:261 - Set plugin images path to: C:\ST\STM32CubeIDE_1.13.0\STM32CubeIDE\plugins\com.st.stm32cube.common.mx_6.9.0.202307051724\\db\/plugins/mcufinder/images/
2024-01-07 11:56:12,205 [WARN] DbFile:41 - Overriding database path with different value: C:\Users\ACER\.stmcufinder\plugins\mcufinder/ => C:\Users\ACER\.stmcufinder\plugins\mcufinder
2024-01-07 11:56:12,205 [INFO] ApiDb:250 - Set database path to: C:\Users\ACER\.stmcufinder\plugins\mcufinder//mcu/
2024-01-07 11:56:12,205 [WARN] DbFile:41 - Overriding database path with different value: C:\Users\ACER\.stmcufinder\plugins\mcufinder/ => C:\Users\ACER\.stmcufinder\plugins\mcufinder
2024-01-07 11:56:12,205 [INFO] DbMcusAds:125 - Set database path to: C:\Users\ACER\.stmcufinder\plugins\mcufinder//mcu/
2024-01-07 11:56:12,205 [WARN] DbFile:41 - Overriding database path with different value: C:\Users\ACER\.stmcufinder\plugins\mcufinder/ => C:\Users\ACER\.stmcufinder\plugins\mcufinder
2024-01-07 11:56:12,205 [WARN] DbFile:41 - Overriding database path with different value: C:\Users\ACER\.stmcufinder\plugins\mcufinder/ => C:\Users\ACER\.stmcufinder\plugins\mcufinder
2024-01-07 11:56:12,205 [INFO] CrossReferenceDbSqlite:203 - Set database path to: C:\Users\ACER\.stmcufinder\plugins\mcufinder//mcu/cs/
2024-01-07 11:56:12,236 [INFO] ApplicationProperties:184 - Using Application install path: C:\ST\STM32CubeIDE_1.13.0\STM32CubeIDE\plugins\com.st.stm32cube.common.mx_6.9.0.202307051724
2024-01-07 11:56:12,236 [INFO] PluginManage:196 - Search for loadable plugins [exclusion list=, ]
2024-01-07 11:56:12,236 [INFO] PluginManage:310 - Check plugin analytics
2024-01-07 11:56:21,981 [INFO] AnalyticsPlugin:253 - Accepted Software Licenses: 
2024-01-07 11:56:21,981 [INFO] AnalyticsPlugin:255 - Accepted CMSIS Pack Licenses: 
2024-01-07 11:56:21,981 [INFO] AnalyticsPlugin:257 - Accepted Firmware Licenses: FW.WB.1.17.0
2024-01-07 11:56:21,997 [INFO] PluginManage:359 - Loaded plugin analytics (category:tool,tabindex:-1)
2024-01-07 11:56:21,997 [INFO] PluginManage:310 - Check plugin cadmodel
2024-01-07 11:56:22,012 [INFO] CADModel:105 - Init CAD model plugin
2024-01-07 11:56:22,012 [INFO] PluginManage:359 - Loaded plugin cadmodel (category:power,tabindex:5)
2024-01-07 11:56:22,012 [INFO] PluginManage:310 - Check plugin clock
2024-01-07 11:56:22,028 [INFO] PluginManage:359 - Loaded plugin clock (category:base,tabindex:2)
2024-01-07 11:56:22,028 [INFO] PluginManage:310 - Check plugin ddr
2024-01-07 11:56:22,028 [INFO] PluginManage:359 - Loaded plugin ddr (category:tool,tabindex:6)
2024-01-07 11:56:22,028 [INFO] PluginManage:310 - Check plugin filemanager
2024-01-07 11:56:22,201 [INFO] PluginManage:359 - Loaded plugin filemanager (category:base,tabindex:10)
2024-01-07 11:56:22,201 [INFO] PluginManage:310 - Check plugin ipmanager
2024-01-07 11:56:22,216 [INFO] PluginManage:359 - Loaded plugin ipmanager (category:base,tabindex:5)
2024-01-07 11:56:22,216 [INFO] PluginManage:310 - Check plugin lpbam
2024-01-07 11:56:22,232 [INFO] PluginManage:359 - Loaded plugin lpbam (category:base,tabindex:0)
2024-01-07 11:56:22,232 [INFO] PluginManage:310 - Check plugin memorymap
2024-01-07 11:56:22,247 [INFO] PluginManage:359 - Loaded plugin memorymap (category:base,tabindex:4)
2024-01-07 11:56:22,247 [INFO] PluginManage:310 - Check plugin pinoutandconfiguration
2024-01-07 11:56:22,263 [INFO] PluginManage:359 - Loaded plugin pinoutandconfiguration (category:base,tabindex:1)
2024-01-07 11:56:22,263 [INFO] PluginManage:310 - Check plugin pinoutconfig
2024-01-07 11:56:22,388 [WARN] SupportedApi:132 - Cannot load RTOS API schema: s4s-elt-must-match.1: The content of 'definitions' must match (annotation?, (simpleType | complexType)?, (unique | key | keyref)*)). A problem was found starting at: attribute.
2024-01-07 11:56:22,560 [INFO] PluginManage:359 - Loaded plugin pinoutconfig (category:base,tabindex:0)
2024-01-07 11:56:22,560 [INFO] PluginManage:310 - Check plugin power
2024-01-07 11:56:22,607 [INFO] PluginManage:359 - Loaded plugin power (category:power,tabindex:4)
2024-01-07 11:56:22,607 [INFO] PluginManage:310 - Check plugin projectmanager
2024-01-07 11:56:22,622 [INFO] PluginManage:359 - Loaded plugin projectmanager (category:projectmanager,tabindex:3)
2024-01-07 11:56:22,622 [INFO] PluginManage:310 - Check plugin thirdparty
2024-01-07 11:56:22,919 [INFO] PluginManage:359 - Loaded plugin thirdparty (category:base,tabindex:-1)
2024-01-07 11:56:22,919 [WARN] IntegrityCheckThread:84 - waiting for thirdparty lock release [integrity check]
2024-01-07 11:56:22,919 [INFO] PluginManage:310 - Check plugin tools
2024-01-07 11:56:22,931 [INFO] IntegrityCheckThread:86 - entering critical section [integrity check]
2024-01-07 11:56:22,931 [INFO] ThirdPartyUpdaterWithRetryManager:70 - Updater plugin not ready yet. [1/15]
2024-01-07 11:56:22,963 [INFO] PluginManage:359 - Loaded plugin tools (category:base,tabindex:7)
2024-01-07 11:56:22,963 [INFO] PluginManage:310 - Check plugin tutovideos
2024-01-07 11:56:23,181 [INFO] PluginManage:359 - Loaded plugin tutovideos (category:base,tabindex:-1)
2024-01-07 11:56:23,181 [INFO] PluginManage:310 - Check plugin updater
2024-01-07 11:56:23,197 [INFO] PluginManage:359 - Loaded plugin updater (category:base,tabindex:12)
2024-01-07 11:56:23,197 [INFO] PluginManage:310 - Check plugin userauth
2024-01-07 11:56:23,197 [INFO] UserAuth:113 - Init User Auth plugin
2024-01-07 11:56:23,197 [INFO] PluginManage:359 - Loaded plugin userauth (category:base,tabindex:14)
2024-01-07 11:56:23,197 [INFO] PluginManage:283 - PluginManage : Loaded plugins [17]
2024-01-07 11:56:23,450 [INFO] PinOutPanel:1499 - setPackage(No Configuration,No Configuration)
2024-01-07 11:56:23,575 [INFO] CADModel:165 - CPN selected for project level
2024-01-07 11:56:23,575 [INFO] CADModel:114 - Register for checkConnection events
2024-01-07 11:56:23,590 [INFO] IPUIPlugin:80 - create IPUIPlugin
2024-01-07 11:56:23,590 [INFO] PluginManager:220 - loadIPPluginJar : add adc
2024-01-07 11:56:23,637 [INFO] IPUIPlugin:80 - create IPUIPlugin
2024-01-07 11:56:23,637 [INFO] PluginManager:220 - loadIPPluginJar : add aes
2024-01-07 11:56:23,668 [INFO] IPUIPlugin:80 - create IPUIPlugin
2024-01-07 11:56:23,668 [INFO] PluginManager:220 - loadIPPluginJar : add can
2024-01-07 11:56:23,699 [INFO] IPUIPlugin:80 - create IPUIPlugin
2024-01-07 11:56:23,699 [INFO] PluginManager:220 - loadIPPluginJar : add comp
2024-01-07 11:56:23,715 [INFO] IPUIPlugin:80 - create IPUIPlugin
2024-01-07 11:56:23,731 [INFO] PluginManager:220 - loadIPPluginJar : add cryp
2024-01-07 11:56:23,746 [INFO] IPUIPlugin:80 - create IPUIPlugin
2024-01-07 11:56:23,746 [INFO] PluginManager:220 - loadIPPluginJar : add dfsdm
2024-01-07 11:56:23,762 [INFO] IPUIPlugin:80 - create IPUIPlugin
2024-01-07 11:56:23,762 [INFO] PluginManager:220 - loadIPPluginJar : add dma
2024-01-07 11:56:23,809 [INFO] IPUIPlugin:80 - create IPUIPlugin
2024-01-07 11:56:23,809 [INFO] PluginManager:220 - loadIPPluginJar : add dma3
2024-01-07 11:56:23,825 [INFO] IPUIPlugin:80 - create IPUIPlugin
2024-01-07 11:56:23,825 [INFO] PluginManager:220 - loadIPPluginJar : add fatfs
2024-01-07 11:56:23,856 [INFO] IPUIPlugin:80 - create IPUIPlugin
2024-01-07 11:56:23,856 [INFO] PluginManager:220 - loadIPPluginJar : add fmc
2024-01-07 11:56:23,871 [INFO] IPUIPlugin:80 - create IPUIPlugin
2024-01-07 11:56:23,871 [INFO] PluginManager:220 - loadIPPluginJar : add freertos
2024-01-07 11:56:23,903 [INFO] IPUIPlugin:80 - create IPUIPlugin
2024-01-07 11:56:23,903 [INFO] PluginManager:220 - loadIPPluginJar : add genericplugin
2024-01-07 11:56:23,981 [INFO] IPUIPlugin:80 - create IPUIPlugin
2024-01-07 11:56:23,981 [INFO] PluginManager:220 - loadIPPluginJar : add gfxmmu
2024-01-07 11:56:24,090 [INFO] IPUIPlugin:80 - create IPUIPlugin
2024-01-07 11:56:24,090 [INFO] PluginManager:220 - loadIPPluginJar : add gic
2024-01-07 11:56:24,106 [INFO] IPUIPlugin:80 - create IPUIPlugin
2024-01-07 11:56:24,106 [INFO] PluginManager:220 - loadIPPluginJar : add gpio
2024-01-07 11:56:24,184 [INFO] IPUIPlugin:80 - create IPUIPlugin
2024-01-07 11:56:24,184 [INFO] PluginManager:220 - loadIPPluginJar : add gtzc
2024-01-07 11:56:24,231 [INFO] IPUIPlugin:80 - create IPUIPlugin
2024-01-07 11:56:24,231 [INFO] PluginManager:220 - loadIPPluginJar : add hash
2024-01-07 11:56:24,263 [INFO] IPUIPlugin:80 - create IPUIPlugin
2024-01-07 11:56:24,263 [INFO] PluginManager:220 - loadIPPluginJar : add i2c
2024-01-07 11:56:24,310 [INFO] IPUIPlugin:80 - create IPUIPlugin
2024-01-07 11:56:24,310 [INFO] PluginManager:220 - loadIPPluginJar : add i2s
2024-01-07 11:56:24,341 [INFO] IPUIPlugin:80 - create IPUIPlugin
2024-01-07 11:56:24,341 [INFO] PluginManager:220 - loadIPPluginJar : add i3c
2024-01-07 11:56:24,450 [INFO] IPUIPlugin:80 - create IPUIPlugin
2024-01-07 11:56:24,450 [INFO] PluginManager:220 - loadIPPluginJar : add ipddr
2024-01-07 11:56:24,544 [INFO] IPUIPlugin:80 - create IPUIPlugin
2024-01-07 11:56:24,544 [INFO] PluginManager:220 - loadIPPluginJar : add linkedlist
2024-01-07 11:56:24,560 [INFO] IPUIPlugin:80 - create IPUIPlugin
2024-01-07 11:56:24,575 [INFO] PluginManager:220 - loadIPPluginJar : add lorawan
2024-01-07 11:56:24,591 [INFO] IPUIPlugin:80 - create IPUIPlugin
2024-01-07 11:56:24,591 [INFO] PluginManager:220 - loadIPPluginJar : add ltdc
2024-01-07 11:56:24,606 [INFO] IPUIPlugin:80 - create IPUIPlugin
2024-01-07 11:56:24,606 [INFO] PluginManager:220 - loadIPPluginJar : add mdma
2024-01-07 11:56:24,622 [INFO] IPUIPlugin:80 - create IPUIPlugin
2024-01-07 11:56:24,622 [INFO] PluginManager:220 - loadIPPluginJar : add nvic
2024-01-07 11:56:24,653 [INFO] IPUIPlugin:80 - create IPUIPlugin
2024-01-07 11:56:24,653 [INFO] PluginManager:220 - loadIPPluginJar : add opamp
2024-01-07 11:56:24,700 [INFO] IPUIPlugin:80 - create IPUIPlugin
2024-01-07 11:56:24,700 [INFO] PluginManager:220 - loadIPPluginJar : add openamp
2024-01-07 11:56:24,747 [INFO] IPUIPlugin:80 - create IPUIPlugin
2024-01-07 11:56:24,747 [INFO] PluginManager:220 - loadIPPluginJar : add pdm2pcm
2024-01-07 11:56:24,763 [INFO] IPUIPlugin:80 - create IPUIPlugin
2024-01-07 11:56:24,763 [INFO] PluginManager:220 - loadIPPluginJar : add plateformsettings
2024-01-07 11:56:24,778 [INFO] IPUIPlugin:80 - create IPUIPlugin
2024-01-07 11:56:24,778 [INFO] PluginManager:220 - loadIPPluginJar : add quadspi
2024-01-07 11:56:24,794 [INFO] IPUIPlugin:80 - create IPUIPlugin
2024-01-07 11:56:24,794 [INFO] PluginManager:220 - loadIPPluginJar : add resmgrutility
2024-01-07 11:56:24,841 [INFO] IPUIPlugin:80 - create IPUIPlugin
2024-01-07 11:56:24,841 [INFO] PluginManager:220 - loadIPPluginJar : add sai
2024-01-07 11:56:24,872 [INFO] IPUIPlugin:80 - create IPUIPlugin
2024-01-07 11:56:24,872 [INFO] PluginManager:220 - loadIPPluginJar : add spi
2024-01-07 11:56:24,919 [INFO] IPUIPlugin:80 - create IPUIPlugin
2024-01-07 11:56:24,919 [INFO] PluginManager:220 - loadIPPluginJar : add stm32_wpan
2024-01-07 11:56:24,935 [INFO] IPUIPlugin:80 - create IPUIPlugin
2024-01-07 11:56:24,935 [INFO] PluginManager:220 - loadIPPluginJar : add tim
2024-01-07 11:56:24,982 [INFO] IPUIPlugin:80 - create IPUIPlugin
2024-01-07 11:56:24,982 [INFO] PluginManager:220 - loadIPPluginJar : add touchsensing
2024-01-07 11:56:25,013 [INFO] IPUIPlugin:80 - create IPUIPlugin
2024-01-07 11:56:25,013 [INFO] PluginManager:220 - loadIPPluginJar : add tracer_emb
2024-01-07 11:56:25,028 [INFO] IPUIPlugin:80 - create IPUIPlugin
2024-01-07 11:56:25,028 [INFO] PluginManager:220 - loadIPPluginJar : add ts
2024-01-07 11:56:25,044 [INFO] IPUIPlugin:80 - create IPUIPlugin
2024-01-07 11:56:25,044 [INFO] PluginManager:220 - loadIPPluginJar : add tsc
2024-01-07 11:56:25,075 [INFO] IPUIPlugin:80 - create IPUIPlugin
2024-01-07 11:56:25,075 [INFO] PluginManager:220 - loadIPPluginJar : add ucpd
2024-01-07 11:56:25,107 [INFO] IPUIPlugin:80 - create IPUIPlugin
2024-01-07 11:56:25,107 [INFO] PluginManager:220 - loadIPPluginJar : add usart
2024-01-07 11:56:25,153 [INFO] IPUIPlugin:80 - create IPUIPlugin
2024-01-07 11:56:25,153 [INFO] PluginManager:220 - loadIPPluginJar : add usbx
2024-01-07 11:56:25,276 [INFO] CADModel:165 - CPN selected for project level
2024-01-07 11:56:25,276 [INFO] CADModel:114 - Register for checkConnection events
2024-01-07 11:56:25,276 [FATAL] Updater:308 - Updater called before beeing initialized
2024-01-07 11:56:25,276 [ERROR] CADModel:125 - Updater not yet initialized, retry later 
2024-01-07 11:56:25,482 [INFO] CADModel:165 - CPN selected for project level
2024-01-07 11:56:25,482 [INFO] CADModel:114 - Register for checkConnection events
2024-01-07 11:56:25,482 [FATAL] Updater:308 - Updater called before beeing initialized
2024-01-07 11:56:25,482 [ERROR] CADModel:125 - Updater not yet initialized, retry later 
2024-01-07 11:56:25,482 [FATAL] Updater:308 - Updater called before beeing initialized
2024-01-07 11:56:25,606 [FATAL] Updater:308 - Updater called before beeing initialized
2024-01-07 11:56:25,606 [INFO] DbMcusAds:53 - JSON generation date=Wed Nov 29 17:52:27 ICT 2023 (1701255147349)
2024-01-07 11:56:25,606 [FATAL] Updater:308 - Updater called before beeing initialized
2024-01-07 11:56:25,684 [WARN] DetailPanel:346 - Failed to get advertising image, set to default
2024-01-07 11:56:25,778 [FATAL] Updater:308 - Updater called before beeing initialized
2024-01-07 11:56:25,778 [FATAL] Updater:308 - Updater called before beeing initialized
2024-01-07 11:56:25,778 [FATAL] Updater:308 - Updater called before beeing initialized
2024-01-07 11:56:25,778 [WARN] DetailPanel:346 - Failed to get advertising image, set to default
2024-01-07 11:56:25,778 [FATAL] Updater:308 - Updater called before beeing initialized
2024-01-07 11:56:25,845 [ERROR] Updater:1120 - MainUpdater not yet initialized. External WinMGr cannot be set.
2024-01-07 11:56:25,860 [INFO] Updater:1056 - Updater Version found : 6.9.0
2024-01-07 11:56:25,875 [INFO] ApplicationProperties:184 - Using Application install path: C:\ST\STM32CubeIDE_1.13.0\STM32CubeIDE\plugins\com.st.stm32cube.common.mx_6.9.0.202307051724
2024-01-07 11:56:25,938 [INFO] ThirdPartyUpdaterWithRetryManager:70 - Updater plugin not ready yet. [2/15]
2024-01-07 11:56:26,188 [INFO] MainUpdater:2868 - connection check result : 10
2024-01-07 11:56:26,188 [INFO] MainUpdater:285 - Updater Check For Update Now.
2024-01-07 11:56:26,188 [INFO] MicroXplorer:498 - Change Database Version : DB.6.0.90
2024-01-07 11:56:26,218 [INFO] McuFinderGlobals:63 - Set McuFinder mode to 2 (CubeIDE integrated)
2024-01-07 11:56:26,218 [INFO] UserAuth:179 - activating auth plugin
2024-01-07 11:56:26,224 [INFO] UserAuth:393 - Internet connection configuration mode: 1
2024-01-07 11:56:26,255 [INFO] JxBrowserEngine:151 - Initiate JxBrowser Engine with user profile folder
2024-01-07 11:56:26,436 [INFO] CheckServerUpdateThread:120 - End of CheckServer Thread
2024-01-07 11:56:28,731 [INFO] WebApp:157 - Instantiating new browser for Auth
2024-01-07 11:56:29,155 [WARN] PackLoader:240 - Cannot read IP mode file for STMicroelectronics.X-CUBE-SMBUS.2.1.0
2024-01-07 11:56:29,179 [WARN] PackLoader:240 - Cannot read IP mode file for STMicroelectronics.X-CUBE-TOUCHGFX.4.23.0
2024-01-07 11:56:29,242 [WARN] PackLoader:240 - Cannot read IP mode file for STMicroelectronics.X-CUBE-AZRTOS-F7.1.1.0
2024-01-07 11:56:29,268 [WARN] PackLoader:240 - Cannot read IP mode file for STMicroelectronics.FP-SNS-MOTENV1.4.3.2
2024-01-07 11:56:29,290 [ERROR] RealEvaluatedCondition:428 - Found unsupported composite condition: CLASS='Data Exchange' GROUP='STM32_MetaDataManager'
2024-01-07 11:56:29,290 [ERROR] RealEvaluatedCondition:428 - Found unsupported composite condition: GROUP='STM32_MetaDataManager' CLASS='Data Exchange'
2024-01-07 11:56:29,293 [WARN] PackLoader:240 - Cannot read IP mode file for STMicroelectronics.FP-SNS-MOTENV1.4.3.1
2024-01-07 11:56:29,316 [WARN] PackLoader:240 - Cannot read IP mode file for STMicroelectronics.FP-SNS-FLIGHT1.5.0.1
2024-01-07 11:56:29,340 [WARN] PackLoader:240 - Cannot read IP mode file for STMicroelectronics.X-CUBE-BLE1.6.2.4
2024-01-07 11:56:29,358 [WARN] PackLoader:240 - Cannot read IP mode file for STMicroelectronics.FP-SNS-FLIGHT1.5.0.2
2024-01-07 11:56:29,379 [WARN] PackLoader:240 - Cannot read IP mode file for STMicroelectronics.X-CUBE-DISPLAY.3.0.0
2024-01-07 11:56:29,403 [WARN] PackLoader:240 - Cannot read IP mode file for STMicroelectronics.X-CUBE-BLE1.7.0.0
2024-01-07 11:56:29,420 [WARN] PackLoader:240 - Cannot read IP mode file for STMicroelectronics.X-CUBE-TOUCHGFX.4.22.0
2024-01-07 11:56:29,434 [WARN] PackLoader:240 - Cannot read IP mode file for STMicroelectronics.X-CUBE-TOUCHGFX.4.22.1
2024-01-07 11:56:29,448 [WARN] PackLoader:240 - Cannot read IP mode file for STMicroelectronics.FP-SNS-SMARTAG2.1.2.0
2024-01-07 11:56:29,470 [INFO] LogOutputStream:77 - [STDOUT_REDIRECT] 1 : Invalid condition id : UX_CORESTACK_Condition cause : null
2024-01-07 11:56:29,471 [INFO] LogOutputStream:77 - [STDOUT_REDIRECT] 1 : Invalid condition id : UX_CORESTACK_Condition cause : null
2024-01-07 11:56:29,472 [INFO] LogOutputStream:77 - [STDOUT_REDIRECT] 1 : Invalid condition id : UX_CORESTACK_Condition cause : null
2024-01-07 11:56:29,473 [INFO] LogOutputStream:77 - [STDOUT_REDIRECT] 1 : Invalid condition id : UX_CORESTACK_Condition cause : null
2024-01-07 11:56:29,475 [INFO] LogOutputStream:77 - [STDOUT_REDIRECT] 1 : Invalid condition id : UX_CORESTACK_Condition cause : null
2024-01-07 11:56:29,478 [WARN] PackLoader:240 - Cannot read IP mode file for STMicroelectronics.X-CUBE-AZRTOS-WL.2.0.0
2024-01-07 11:56:29,497 [WARN] PackLoader:240 - Cannot read IP mode file for WES.I-CUBE-Cesium.1.3.0
2024-01-07 11:56:29,514 [WARN] PackLoader:240 - Cannot read IP mode file for STMicroelectronics.X-CUBE-BLE2.3.3.0
2024-01-07 11:56:29,529 [WARN] PackLoader:240 - Cannot read IP mode file for STMicroelectronics.X-CUBE-DISPLAY.2.2.0
2024-01-07 11:56:29,548 [INFO] WebApp:753 - Register for checkConnection events
2024-01-07 11:56:29,548 [INFO] WebApp:390 - Apply proxy settings
2024-01-07 11:56:29,549 [INFO] WebApp:475 - Chromium requires no authentication
2024-01-07 11:56:29,553 [WARN] PackLoader:240 - Cannot read IP mode file for STMicroelectronics.X-CUBE-TOF1.3.2.0
2024-01-07 11:56:29,563 [INFO] WebApp:418 - Direct internet connection detected
2024-01-07 11:56:29,574 [WARN] PackLoader:240 - Cannot read IP mode file for STMicroelectronics.X-CUBE-TOUCHGFX.4.21.0
2024-01-07 11:56:29,578 [WARN] PackLoader:240 - Cannot read IP mode file for STMicroelectronics.X-CUBE-TOUCHGFX.4.21.4
2024-01-07 11:56:29,657 [WARN] PackLoader:240 - Cannot read IP mode file for STMicroelectronics.X-CUBE-MEMS1.9.4.0
2024-01-07 11:56:29,911 [WARN] PackLoader:240 - Cannot read IP mode file for STMicroelectronics.X-CUBE-AI.7.3.0
2024-01-07 11:56:29,927 [WARN] PackLoader:240 - Cannot read IP mode file for STMicroelectronics.X-CUBE-ALGOBUILD.1.3.0
2024-01-07 11:56:29,967 [WARN] PackLoader:240 - Cannot read IP mode file for STMicroelectronics.X-CUBE-AZRTOS-G0.1.1.0
2024-01-07 11:56:29,983 [INFO] WebApp:188 - Starting web application
2024-01-07 11:56:29,983 [INFO] WebApp:520 - Web application path used C:\ST\STM32CubeIDE_1.13.0\STM32CubeIDE\plugins\com.st.stm32cube.common.mx_6.9.0.202307051724\db\plugins\mcufinder\reactClient1\index.html
2024-01-07 11:56:29,997 [WARN] PackLoader:240 - Cannot read IP mode file for STMicroelectronics.X-CUBE-NFC4.3.0.0
2024-01-07 11:56:30,021 [WARN] PackLoader:240 - Cannot read IP mode file for STMicroelectronics.X-CUBE-BLEMGR.3.0.0
2024-01-07 11:56:30,043 [WARN] PackLoader:240 - Cannot read IP mode file for STMicroelectronics.X-CUBE-BLEMGR.1.3.0
2024-01-07 11:56:30,067 [WARN] PackLoader:240 - Cannot read IP mode file for STMicroelectronics.FP-ATR-SIGFOX1.3.2.0
2024-01-07 11:56:30,123 [WARN] PackLoader:240 - Cannot read IP mode file for SEGGER.I-CUBE-embOS.1.3.1
2024-01-07 11:56:30,210 [WARN] PackLoader:240 - Cannot read IP mode file for SEGGER.I-CUBE-embOS.1.3.0
2024-01-07 11:56:30,271 [WARN] PackLoader:240 - Cannot read IP mode file for STMicroelectronics.X-CUBE-GNSS1.6.0.0
2024-01-07 11:56:30,315 [WARN] PackLoader:240 - Cannot read IP mode file for STMicroelectronics.X-CUBE-AZRTOS-F4.1.1.0
2024-01-07 11:56:30,355 [WARN] PackLoader:240 - Cannot read IP mode file for STMicroelectronics.X-CUBE-AZRTOS-L5.2.0.0
2024-01-07 11:56:30,453 [WARN] PackLoader:240 - Cannot read IP mode file for STMicroelectronics.X-CUBE-MEMS1.9.6.0
2024-01-07 11:56:30,665 [WARN] PackLoader:240 - Cannot read IP mode file for STMicroelectronics.X-CUBE-EEPRMA1.4.2.0
2024-01-07 11:56:30,679 [WARN] PackLoader:240 - Cannot read IP mode file for ITTIA_DB.I-CUBE-ITTIADB.8.8.0
2024-01-07 11:56:30,694 [WARN] PackLoader:240 - Cannot read IP mode file for emotas.I-CUBE-CANOPEN.1.1.3
2024-01-07 11:56:30,710 [WARN] PackLoader:240 - Cannot read IP mode file for STMicroelectronics.X-CUBE-BLEMGR.2.0.0
2024-01-07 11:56:30,723 [WARN] PackLoader:240 - Cannot read IP mode file for STMicroelectronics.X-CUBE-NFC4.2.0.5
2024-01-07 11:56:30,762 [WARN] ConditionMgr:438 - getConditionDescription Invalid condition id : UX DEVICE CLASS RTOS Condition cause : null
2024-01-07 11:56:30,762 [WARN] ConditionMgr:438 - getConditionDescription Invalid condition id : UX DEVICE CLASS RTOS Condition cause : null
2024-01-07 11:56:30,766 [WARN] PackLoader:240 - Cannot read IP mode file for STMicroelectronics.X-CUBE-AZRTOS-H7.3.1.0
2024-01-07 11:56:30,771 [WARN] ConditionMgr:1039 - genDependencies : Invalid condition id : UX DEVICE CLASS RTOS Condition cause : null
2024-01-07 11:56:30,771 [WARN] ConditionMgr:1039 - genDependencies : Invalid condition id : UX DEVICE CLASS RTOS Condition cause : null
2024-01-07 11:56:30,772 [WARN] ConditionMgr:1039 - genDependencies : Invalid condition id : UX DEVICE CLASS RTOS Condition cause : null
2024-01-07 11:56:30,773 [WARN] ConditionMgr:1039 - genDependencies : Invalid condition id : UX DEVICE CLASS RTOS Condition cause : null
2024-01-07 11:56:30,773 [WARN] ConditionMgr:1039 - genDependencies : Invalid condition id : UX DEVICE CLASS RTOS Condition cause : null
2024-01-07 11:56:30,788 [WARN] PackLoader:240 - Cannot read IP mode file for wolfSSL.I-CUBE-wolfSSL.5.5.4
2024-01-07 11:56:30,803 [WARN] PackLoader:240 - Cannot read IP mode file for STMicroelectronics.X-CUBE-NFC7.1.0.1
2024-01-07 11:56:30,818 [WARN] PackLoader:240 - Cannot read IP mode file for STMicroelectronics.X-CUBE-NFC7.1.0.0
2024-01-07 11:56:30,833 [WARN] PackLoader:240 - Cannot read IP mode file for STMicroelectronics.X-CUBE-NFC6.3.0.0
2024-01-07 11:56:30,852 [WARN] PackLoader:240 - Cannot read IP mode file for STMicroelectronics.X-CUBE-EEPRMA1.4.1.0
2024-01-07 11:56:30,866 [WARN] PackLoader:240 - Cannot read IP mode file for STMicroelectronics.X-CUBE-AI.8.1.0
2024-01-07 11:56:30,908 [WARN] ConditionMgr:438 - getConditionDescription Invalid condition id : LAN8742 Phy interface Condition cause : null
2024-01-07 11:56:30,909 [WARN] PackLoader:240 - Cannot read IP mode file for STMicroelectronics.X-CUBE-AZRTOS-L4.2.0.0
2024-01-07 11:56:30,910 [WARN] ConditionMgr:1039 - genDependencies : Invalid condition id : LAN8742 Phy interface Condition cause : null
2024-01-07 11:56:30,910 [WARN] ConditionMgr:1039 - genDependencies : Invalid condition id : LAN8742 Phy interface Condition cause : null
2024-01-07 11:56:30,911 [WARN] ConditionMgr:1039 - genDependencies : Invalid condition id : LAN8742 Phy interface Condition cause : null
2024-01-07 11:56:30,927 [WARN] PackLoader:240 - Cannot read IP mode file for STMicroelectronics.X-CUBE-SFXS2LP1.4.0.0
2024-01-07 11:56:30,967 [WARN] PackLoader:240 - Cannot read IP mode file for STMicroelectronics.X-CUBE-AZRTOS-H7.3.0.0
2024-01-07 11:56:30,986 [WARN] PackLoader:240 - Cannot read IP mode file for STMicroelectronics.X-CUBE-ISPU.1.1.0
2024-01-07 11:56:31,004 [WARN] PackLoader:240 - Cannot read IP mode file for RoweBots.I-CUBE-UNISONRTOS.5.5.0-4
2024-01-07 11:56:31,037 [WARN] ConditionMgr:438 - getConditionDescription Invalid condition id : UX DEVICE CLASS RTOS Condition cause : null
2024-01-07 11:56:31,037 [WARN] ConditionMgr:438 - getConditionDescription Invalid condition id : UX DEVICE CLASS RTOS Condition cause : null
2024-01-07 11:56:31,040 [WARN] PackLoader:240 - Cannot read IP mode file for STMicroelectronics.X-CUBE-AZRTOS-WB.2.0.0
2024-01-07 11:56:31,041 [WARN] ConditionMgr:1039 - genDependencies : Invalid condition id : UX DEVICE CLASS RTOS Condition cause : null
2024-01-07 11:56:31,041 [WARN] ConditionMgr:1039 - genDependencies : Invalid condition id : UX DEVICE CLASS RTOS Condition cause : null
2024-01-07 11:56:31,041 [WARN] ConditionMgr:1039 - genDependencies : Invalid condition id : UX DEVICE CLASS RTOS Condition cause : null
2024-01-07 11:56:31,042 [WARN] ConditionMgr:1039 - genDependencies : Invalid condition id : UX DEVICE CLASS RTOS Condition cause : null
2024-01-07 11:56:31,042 [WARN] ConditionMgr:1039 - genDependencies : Invalid condition id : UX DEVICE CLASS RTOS Condition cause : null
2024-01-07 11:56:31,057 [WARN] PackLoader:240 - Cannot read IP mode file for STMicroelectronics.X-CUBE-FREERTOS.1.0.1
2024-01-07 11:56:31,087 [WARN] PackLoader:240 - Cannot read IP mode file for STMicroelectronics.X-CUBE-AZRTOS-L5.1.1.0
2024-01-07 11:56:31,102 [WARN] PackLoader:240 - Cannot read IP mode file for STMicroelectronics.X-CUBE-AI.8.0.1
2024-01-07 11:56:31,123 [WARN] PackLoader:240 - Cannot read IP mode file for STMicroelectronics.X-CUBE-SUBG2.5.0.0
2024-01-07 11:56:31,145 [WARN] PackLoader:240 - Cannot read IP mode file for STMicroelectronics.X-CUBE-TOF1.3.3.1
2024-01-07 11:56:31,177 [WARN] PackLoader:240 - Cannot read IP mode file for STMicroelectronics.X-CUBE-AZRTOS-G4.2.0.0
2024-01-07 11:56:31,197 [WARN] PackLoader:240 - Cannot read IP mode file for STMicroelectronics.X-CUBE-TOF1.3.3.0
2024-01-07 11:56:31,214 [WARN] PackLoader:240 - Cannot read IP mode file for STMicroelectronics.FP-ATR-ASTRA1.1.1.1
2024-01-07 11:56:31,242 [WARN] PackLoader:240 - Cannot read IP mode file for Infineon.AIROC-Wi-Fi-Bluetooth-STM32.1.5.1
2024-01-07 11:56:31,257 [WARN] PackLoader:240 - Cannot read IP mode file for STMicroelectronics.FP-SNS-MOTENVWB1.1.3.0
2024-01-07 11:56:31,270 [WARN] PackLoader:240 - Cannot read IP mode file for STMicroelectronics.FP-SNS-MOTENVWB1.1.3.1
2024-01-07 11:56:31,294 [WARN] PackLoader:240 - Cannot read IP mode file for STMicroelectronics.X-CUBE-AZRTOS-G4.1.0.0
2024-01-07 11:56:31,326 [WARN] PackLoader:240 - Cannot read IP mode file for STMicroelectronics.X-CUBE-AZRTOS-L4.1.0.0
2024-01-07 11:56:31,340 [WARN] PackLoader:240 - Cannot read IP mode file for STMicroelectronics.X-CUBE-ISPU.2.0.0
2024-01-07 11:56:31,388 [WARN] PackLoader:240 - Cannot read IP mode file for STMicroelectronics.X-CUBE-MEMS1.10.0.0
2024-01-07 11:56:31,598 [WARN] PackLoader:240 - Cannot read IP mode file for STMicroelectronics.X-CUBE-FREERTOS.1.1.0
2024-01-07 11:56:31,636 [WARN] PackLoader:240 - Cannot read IP mode file for STMicroelectronics.X-CUBE-AZRTOS-WL.1.0.0
2024-01-07 11:56:31,657 [WARN] PackLoader:240 - Cannot read IP mode file for portGmbH.I-Cube-SoM-uGOAL.1.1.0
2024-01-07 11:56:31,674 [WARN] PackLoader:240 - Cannot read IP mode file for STMicroelectronics.X-CUBE-ALS.1.0.1
2024-01-07 11:56:31,715 [WARN] PackLoader:240 - Cannot read IP mode file for STMicroelectronics.X-CUBE-AZRTOS-WB.1.1.0
2024-01-07 11:56:31,735 [WARN] PackLoader:240 - Cannot read IP mode file for STMicroelectronics.FP-ATR-ASTRA1.2.0.0
2024-01-07 11:56:31,762 [WARN] PackLoader:240 - Cannot read IP mode file for STMicroelectronics.X-CUBE-TOF1.3.4.0
2024-01-07 11:56:31,816 [WARN] PackLoader:240 - Cannot read IP mode file for STMicroelectronics.X-CUBE-AZRTOS-H7.3.2.0
2024-01-07 11:56:31,819 [INFO] ThirdParty:978 - Integrity check success = true
2024-01-07 11:56:31,820 [INFO] IntegrityCheckThread:100 - exiting critical section [integrity check]
2024-01-07 11:56:31,820 [INFO] IntegrityCheckThread:103 - End integrity checks thread
2024-01-07 11:56:51,256 [ERROR] LogOutputStream:75 - [STDERR_REDIRECT] SLF4J: Failed to load class "org.slf4j.impl.StaticLoggerBinder".
2024-01-07 11:56:51,256 [ERROR] LogOutputStream:75 - [STDERR_REDIRECT] SLF4J: Defaulting to no-operation (NOP) logger implementation
2024-01-07 11:56:51,256 [ERROR] LogOutputStream:75 - [STDERR_REDIRECT] SLF4J: See http://www.slf4j.org/codes.html#StaticLoggerBinder for further details.
2024-01-07 11:57:12,353 [INFO] McuFinderGlobals:63 - Set McuFinder mode to 2 (CubeIDE integrated)
2024-01-07 11:57:12,378 [INFO] MainUpdater:2868 - connection check result : 10
2024-01-07 11:57:12,384 [INFO] MainUpdater:2868 - connection check result : 10
2024-01-07 11:57:12,547 [INFO] MicroXplorer:468 - Change Database Path : 
2024-01-07 11:57:12,547 [INFO] MicroXplorer:498 - Change Database Version : DB.6.0.90
2024-01-07 11:57:12,552 [WARN] ThirdParty:871 - waiting for thirdparty lock release [close project]
2024-01-07 11:57:12,552 [INFO] ThirdParty:873 - entering critical section [close project]
2024-01-07 11:57:12,553 [INFO] ThirdParty:883 - exiting critical section [close project]
2024-01-07 11:57:12,555 [INFO] PinOutPanel:1499 - setPackage(No Configuration,No Configuration)
2024-01-07 11:57:12,560 [INFO] UtilMem:75 - Begin LoadConfig() Used Memory: 236394800 Bytes (371195904)
2024-01-07 11:57:12,561 [INFO] MicroXplorer:468 - Change Database Path : 
2024-01-07 11:57:12,561 [INFO] MicroXplorer:498 - Change Database Version : DB.6.0.90
2024-01-07 11:57:12,562 [INFO] OpenFileManager:308 - Change cursor
2024-01-07 11:57:12,603 [INFO] Mcu:1946 - Initializing MCU STM32F103C(8-B)Tx STM32F103C8Tx STM32F103C8T6
2024-01-07 11:57:13,868 [INFO] Context:659 - Trying to add GPIOservice into a context  which must be forbidden
2024-01-07 11:57:14,415 [INFO] RtosManager:555 - Registered RTOS mode: class=CMSIS, group=RTOS, mode=CMSIS_V1, owner=FREERTOS
2024-01-07 11:57:14,415 [INFO] RtosManager:555 - Registered RTOS mode: class=CMSIS, group=RTOS2, mode=CMSIS_V2, owner=FREERTOS
2024-01-07 11:57:14,415 [INFO] RtosManager:555 - Registered RTOS mode: class=RTOS, group=Core, mode=CMSIS_V1, owner=FREERTOS
2024-01-07 11:57:14,416 [INFO] RtosManager:555 - Registered RTOS mode: class=RTOS, group=Core, mode=CMSIS_V2, owner=FREERTOS
2024-01-07 11:57:14,416 [WARN] ModelIntegratedComponent:184 - Missing modes for component STMicroelectronics:FreeRTOS:0.0.1:STMicroelectronics:RTOS:FreeRTOS:Core:::10.2.0:
2024-01-07 11:57:14,432 [WARN] ModelIntegratedComponent:63 - No mode defined for component null
2024-01-07 11:57:14,432 [WARN] ModelIntegratedComponent:63 - No mode defined for component null
2024-01-07 11:57:14,432 [WARN] ModelIntegratedComponent:63 - No mode defined for component null
2024-01-07 11:57:14,432 [WARN] ModelIntegratedComponent:63 - No mode defined for component null
2024-01-07 11:57:14,432 [WARN] ModelIntegratedComponent:63 - No mode defined for component null
2024-01-07 11:57:14,432 [WARN] ModelIntegratedComponent:63 - No mode defined for component null
2024-01-07 11:57:14,432 [WARN] ModelIntegratedComponent:63 - No mode defined for component null
2024-01-07 11:57:14,432 [WARN] ModelIntegratedComponent:63 - No mode defined for component null
2024-01-07 11:57:14,432 [WARN] ModelIntegratedComponent:63 - No mode defined for component null
2024-01-07 11:57:14,432 [WARN] ModelIntegratedComponent:63 - No mode defined for component null
2024-01-07 11:57:14,433 [WARN] ModelIntegratedComponent:63 - No mode defined for component null
2024-01-07 11:57:14,433 [WARN] ModelIntegratedComponent:63 - No mode defined for component null
2024-01-07 11:57:14,433 [WARN] ModelIntegratedComponent:63 - No mode defined for component null
2024-01-07 11:57:14,433 [WARN] ModelIntegratedComponent:63 - No mode defined for component null
2024-01-07 11:57:14,433 [WARN] ModelIntegratedComponent:63 - No mode defined for component null
2024-01-07 11:57:14,433 [WARN] ModelIntegratedComponent:63 - No mode defined for component null
2024-01-07 11:57:14,433 [WARN] ModelIntegratedComponent:63 - No mode defined for component null
2024-01-07 11:57:14,433 [WARN] ModelIntegratedComponent:63 - No mode defined for component null
2024-01-07 11:57:14,433 [WARN] ModelIntegratedComponent:63 - No mode defined for component null
2024-01-07 11:57:14,433 [WARN] ModelIntegratedComponent:63 - No mode defined for component null
2024-01-07 11:57:14,433 [WARN] ModelIntegratedComponent:63 - No mode defined for component null
2024-01-07 11:57:14,433 [WARN] ModelIntegratedComponent:63 - No mode defined for component null
2024-01-07 11:57:14,433 [WARN] ModelIntegratedComponent:63 - No mode defined for component null
2024-01-07 11:57:14,433 [WARN] ModelIntegratedComponent:63 - No mode defined for component null
2024-01-07 11:57:14,434 [WARN] ModelIntegratedComponent:63 - No mode defined for component null
2024-01-07 11:57:14,434 [WARN] ModelIntegratedComponent:63 - No mode defined for component null
2024-01-07 11:57:14,434 [WARN] ModelIntegratedComponent:63 - No mode defined for component null
2024-01-07 11:57:14,434 [WARN] ModelIntegratedComponent:63 - No mode defined for component null
2024-01-07 11:57:14,434 [WARN] ModelIntegratedComponent:63 - No mode defined for component null
2024-01-07 11:57:14,434 [WARN] ModelIntegratedComponent:63 - No mode defined for component null
2024-01-07 11:57:14,434 [WARN] ModelIntegratedComponent:63 - No mode defined for component null
2024-01-07 11:57:14,434 [WARN] ModelIntegratedComponent:63 - No mode defined for component null
2024-01-07 11:57:14,434 [WARN] ModelIntegratedComponent:63 - No mode defined for component null
2024-01-07 11:57:14,555 [INFO] ThirdPartyModel:298 - Start build external matchings
2024-01-07 11:57:16,057 [INFO] ThirdPartyModel:316 - End build external matchings
2024-01-07 11:57:16,102 [INFO] ImportTextPane:194 - (OptionalMessage_ERROR) IP (RCC) : Invalid parameter (FamilyName)
2024-01-07 11:57:16,104 [INFO] ImportTextPane:194 - (OptionalMessage_ERROR) IP (RCC) : Parameter (USBFreq_Value) has invalid value (32000000)
2024-01-07 11:57:16,439 [INFO] UtilMem:75 - End LoadConfig() Used Memory: 402243632 Bytes (612368384)
2024-01-07 11:57:16,638 [INFO] ApiDb:581 - Connected to CubeFinder SQLite database (C:\Users\ACER\.stmcufinder\plugins\mcufinder\mcu\cube-finder-db.db)
2024-01-07 11:57:16,743 [INFO] ApiDb:668 - CubeFinder database Data Model version=2.1
2024-01-07 11:57:16,743 [INFO] ApiDb:669 - CubeFinder database Configuration version=3.0.39
2024-01-07 11:57:16,744 [INFO] ApiDb:670 - CubeFinder database generation date=2023-12-08 (1702028721)
2024-01-07 11:57:16,744 [INFO] ApiDb:671 - CubeFinder database FW Pack versions=[FP-ATR-ASTRA1_V2.0.0, FP-SNS-FLIGHT1_V5.0.1, FP-SNS-FLIGHT1_V5.0.2, FP-SNS-MOTENV1_V4.3.1, FP-SNS-MOTENV1_V4.3.2, FP-SNS-MOTENVWB1_V1.3.1, FP-SNS-SMARTAG2_V1.2.0, STM32Cube_FW_C0_V1.1.0, STM32Cube_FW_F4_V1.28.0, STM32Cube_FW_F7_V1.17.0, STM32Cube_FW_G0_V1.6.1, STM32Cube_FW_G4_V1.5.1, STM32Cube_FW_H5_V0.5.1, STM32Cube_FW_H5_V1.1.1, STM32Cube_FW_H5_V1.2.0RC2, STM32Cube_FW_H7_V1.11.0, STM32Cube_FW_L0_V1.12.2, STM32Cube_FW_L5_V1.5.0, STM32Cube_FW_U5_V1.3.0RC4, STM32Cube_FW_U5_V1.4.0, STM32Cube_FW_WBA_V1.0.0RC1, STM32Cube_FW_WBA_V1.1.0RC1, STM32Cube_FW_WBA_V1.2.0, STM32Cube_FW_WBA_V1.2.0RC2, STM32Cube_FW_WB_V1.15.0RC1, STM32Cube_FW_WB_V1.16.0, STM32Cube_FW_WB_V1.16.0RC2, STM32Cube_FW_WB_V1.18.0, STM32Cube_FW_WL_V1.3.0, X-CUBE-ALGOBUILD_V1.3.0, X-CUBE-ALS_V1.0.1, X-CUBE-AZRTOS-F4_V1.1.0, X-CUBE-AZRTOS-F7_V1.1.0, X-CUBE-AZRTOS-G0_V1.1.0, X-CUBE-AZRTOS-G4_V2.0.0, X-CUBE-AZRTOS-H7_V3.1.0, X-CUBE-AZRTOS-L4_V1.0.0, X-CUBE-AZRTOS-L4_V2.0.0, X-CUBE-AZRTOS-L5_V1.1.0, X-CUBE-AZRTOS-WB_V2.0.0, X-CUBE-AZRTOS-WL_V2.0.0, X-CUBE-BLE1_V7.0.0, X-CUBE-BLE2_V3.3.0, X-CUBE-BLEMGR_V3.0.0, X-CUBE-EEPRMA1_V4.1.0, X-CUBE-EEPRMA1_V4.2.0, X-CUBE-FREERTOS_V1.1.0, X-CUBE-GNSS1_V6.0.0, X-CUBE-MEMS1_V10.0.0, X-CUBE-MEMS1_V9.1.0, X-CUBE-MEMS1_V9.4.0, X-CUBE-MEMS1_V9.6.0, X-CUBE-NFC4_V3.0.0, X-CUBE-NFC7_V1.0.1, X-CUBE-SFXS2LP1_V4.0.0, X-CUBE-SUBG2_V5.0.0, X-CUBE-TOF1_V3.4.0]
2024-01-07 11:57:19,479 [INFO] ApiDb:240 - Found 323 in-development CPN: [B-G473E-ZEST1S, B-WB1M-WPAN1, B-WL5M-SUBG1, NUCLEO-C031C6, NUCLEO-H503RB, NUCLEO-H563ZI, NUCLEO-U545RE-Q, NUCLEO-U5A5ZJ-Q, NUCLEO-WBA52CG, STEVAL-PROTEUS1, STEVAL-SMARTAG2, STEVAL-STWINBX1, STM320518-EVAL, STM32C0116-DK, STM32C011D6Y3TR, STM32C011D6Y6TR, STM32C011F4P3, STM32C011F4P6, STM32C011F4U3, STM32C011F4U6TR, STM32C011F6P3, STM32C011F6P6, STM32C011F6U3, STM32C011F6U6TR, STM32C011J4M3, STM32C011J4M6, STM32C011J6M3, STM32C011J6M6, STM32C0316-DK, STM32C031C4T3, STM32C031C4T6, STM32C031C4U3, STM32C031C4U6, STM32C031C6T3, STM32C031C6T6, STM32C031C6U3, STM32C031C6U6, STM32C031F4P3, STM32C031F4P6, STM32C031F6P3, STM32C031F6P6, STM32C031G4U3, STM32C031G4U6, STM32C031G6U3, STM32C031G6U6, STM32C031K4T3, STM32C031K4T6, STM32C031K4U3, STM32C031K4U6, STM32C031K6T3, STM32C031K6T6, STM32C031K6U3, STM32C031K6U6, STM32G071K8TXN, STM32G071K8UXN, STM32G081GBU6N, STM32G081KBT6N, STM32G081KBUXN, STM32G0B1CCT6N, STM32G0B1KCT6, STM32G0B1NEY6TR, STM32G0B1RCT6N, STM32G0C1CCT6, STM32G0C1CCT6N, STM32G0C1CCU6N, STM32G0C1CET6N, STM32G0C1CEU6N, STM32G0C1KCT6, STM32G0C1NEY6TR, STM32G0C1RCI6N, STM32G0C1RCT6N, STM32G0C1REI6N, STM32G0C1RET6N, STM32G0C1VCI6, STM32G0C1VEI6, STM32G471CCT6, STM32G471CCU6, STM32G471CET3, STM32G471CET6, STM32G471CEU3, STM32G471CEU6, STM32G471MCT6, STM32G471MET3, STM32G471MET6, STM32G471MEY6TR, STM32G471QCT6, STM32G471QET3, STM32G471RCT6, STM32G471RET3, STM32G471RET6, STM32G471VCH6, STM32G471VCI6, STM32G471VCT6, STM32G471VEH3, STM32G471VEH6, STM32G471VEI3, STM32G471VEI6, STM32G471VET3, STM32G471VET6, STM32G474CCT6, STM32H503CBT6, STM32H503CBU6, STM32H503EBY6TR, STM32H503KBU6, STM32H503RBT6, STM32H562AGI6, STM32H562AII6, STM32H562IGK6, STM32H562IGT6, STM32H562IIK6, STM32H562IIT6, STM32H562RGT6, STM32H562RGV6, STM32H562RIT6, STM32H562RIV6, STM32H562VGT6, STM32H562VIT6, STM32H562ZGT6, STM32H562ZIT6, STM32H563AGI6, STM32H563AII3Q, STM32H563AII6, STM32H563IGK6, STM32H563IGT6, STM32H563IIK3Q, STM32H563IIK6, STM32H563IIT3Q, STM32H563IIT6, STM32H563MIY3QTR, STM32H563RGT6, STM32H563RGV6, STM32H563RIT6, STM32H563RIV6, STM32H563VGT6, STM32H563VIT3Q, STM32H563VIT6, STM32H563ZGT6, STM32H563ZIT3Q, STM32H563ZIT6, STM32H573AII3Q, STM32H573AII6, STM32H573I-DK, STM32H573IIK3Q, STM32H573IIK6, STM32H573IIT3Q, STM32H573IIT6, STM32H573MIY3QTR, STM32H573RIT6, STM32H573RIV6, STM32H573VIT3Q, STM32H573VIT6, STM32H573ZIT3Q, STM32H573ZIT6, STM32L4R5QGI6STR, STM32MP131AAE3, STM32MP131AAF3, STM32MP131AAG3, STM32MP131CAE3, STM32MP131CAF3, STM32MP131CAG3, STM32MP131DAE7, STM32MP131DAF7, STM32MP131DAG7, STM32MP131FAE7, STM32MP131FAF7, STM32MP131FAG7, STM32MP133AAE3, STM32MP133AAF3, STM32MP133AAG3, STM32MP133CAE3, STM32MP133CAF3, STM32MP133CAG3, STM32MP133DAE7, STM32MP133DAF7, STM32MP133DAG7, STM32MP133FAE7, STM32MP133FAF7, STM32MP133FAG7, STM32MP135AAE3, STM32MP135AAF3, STM32MP135AAG3, STM32MP135CAE3, STM32MP135CAF3, STM32MP135CAG3, STM32MP135DAE7, STM32MP135DAF7, STM32MP135DAG7, STM32MP135F-DK, STM32MP135FAE7, STM32MP135FAF7, STM32MP135FAF7T, STM32MP135FAF7U, STM32MP135FAG7, STM32U535CBT6, STM32U535CBT6Q, STM32U535CBU6, STM32U535CBU6Q, STM32U535CCT6, STM32U535CCT6Q, STM32U535CCU6, STM32U535CCU6Q, STM32U535CET6, STM32U535CET6Q, STM32U535CEU6, STM32U535CEU6Q, STM32U535JEY6QTR, STM32U535NCY6QTR, STM32U535NEY6QTR, STM32U535RBI6, STM32U535RBI6Q, STM32U535RBT6, STM32U535RBT6Q, STM32U535RCI6, STM32U535RCI6Q, STM32U535RCT6, STM32U535RCT6Q, STM32U535REI6, STM32U535REI6Q, STM32U535RET6, STM32U535RET6Q, STM32U535VCI6, STM32U535VCI6Q, STM32U535VCT6, STM32U535VCT6Q, STM32U535VEI6, STM32U535VEI6Q, STM32U535VET6, STM32U535VET6Q, STM32U545CET6, STM32U545CET6Q, STM32U545CEU6, STM32U545CEU6Q, STM32U545JEY6QTR, STM32U545NEY6QTR, STM32U545REI6, STM32U545REI6Q, STM32U545RET6, STM32U545RET6Q, STM32U545VEI6, STM32U545VEI6Q, STM32U545VET6, STM32U545VET6Q, STM32U595AIH6, STM32U595AIH6Q, STM32U595AJH6, STM32U595AJH6Q, STM32U595QII6, STM32U595QII6Q, STM32U595QJI6, STM32U595QJI6Q, STM32U595RIT6, STM32U595RIT6Q, STM32U595RJT6, STM32U595RJT6Q, STM32U595VIT6, STM32U595VIT6Q, STM32U595VJT6, STM32U595VJT6Q, STM32U595ZIT6, STM32U595ZIT6Q, STM32U595ZIY6QTR, STM32U595ZJT6, STM32U595ZJT6Q, STM32U595ZJY6QTR, STM32U599BJY6QTR, STM32U599NIH6Q, STM32U599NJH6Q, STM32U599VIT6Q, STM32U599VJT6, STM32U599VJT6Q, STM32U599ZIT6Q, STM32U599ZIY6QTR, STM32U599ZJT6Q, STM32U599ZJY6QTR, STM32U5A5AJH6, STM32U5A5AJH6Q, STM32U5A5QJI6, STM32U5A5QJI6Q, STM32U5A5RJT6, STM32U5A5RJT6Q, STM32U5A5VJT6, STM32U5A5VJT6Q, STM32U5A5ZJT6, STM32U5A5ZJT6Q, STM32U5A5ZJY6QTR, STM32U5A9BJY6QTR, STM32U5A9J-DK, STM32U5A9NJH6Q, STM32U5A9VJT6Q, STM32U5A9ZJT6Q, STM32U5A9ZJY6QTR, STM32U5F7VIT6, STM32U5F7VIT6Q, STM32U5F7VJT6, STM32U5F7VJT6Q, STM32U5F9BJY6QTR, STM32U5F9NJH6Q, STM32U5F9VIT6Q, STM32U5F9VJT6Q, STM32U5F9ZIJ6QTR, STM32U5F9ZIT6Q, STM32U5F9ZJJ6QTR, STM32U5F9ZJT6Q, STM32U5G7VJT6, STM32U5G7VJT6Q, STM32U5G9BJY6QTR, STM32U5G9J-DK1, STM32U5G9J-DK2, STM32U5G9NJH6Q, STM32U5G9VJT6Q, STM32U5G9ZJJ6QTR, STM32U5G9ZJT6Q, STM32WB1MMCH6, STM32WBA52CEU6, STM32WBA52CEU6T, STM32WBA52CGU6, STM32WBA52CGU6T, STM32WBA52KEU6, STM32WBA52KEU6T, STM32WBA52KGU6, STM32WBA52KGU6T, STM32WL5MOCH6, STM32WL5MOCH6TR]
2024-01-07 11:57:19,489 [INFO] DbMcus:217 - Found 3882 MCUs, 3882 are supported
2024-01-07 11:57:19,489 [INFO] ApiDb:423 - Load user favorites file C:\Users\ACER/.stm32cubeide/favorites.mcus.txt: 0 item(s)
2024-01-07 11:57:19,489 [INFO] ApiDb:427 - User favorites MCUs=[]
2024-01-07 11:57:19,489 [INFO] DbMcus:223 - Set 0 / 0 favorites MCUs
2024-01-07 11:57:19,883 [WARN] ThirdParty:833 - waiting for thirdparty lock release [change project]
2024-01-07 11:57:19,883 [INFO] ThirdParty:835 - entering critical section [change project]
2024-01-07 11:57:19,883 [INFO] ThirdParty:1030 - CMSIS Pack Vendor :STMicroelectronics X-CUBE-ISPU 1.1.0
2024-01-07 11:57:19,884 [INFO] ThirdParty:1030 - CMSIS Pack Vendor :STMicroelectronics USBPD 4.1
2024-01-07 11:57:19,884 [INFO] ThirdParty:1030 - CMSIS Pack Vendor :RoweBots I-CUBE-UNISONRTOS 5.5.0-4
2024-01-07 11:57:19,884 [INFO] ThirdParty:1030 - CMSIS Pack Vendor :STMicroelectronics X-CUBE-GNSS1 6.0.0
2024-01-07 11:57:19,884 [INFO] ThirdParty:1030 - CMSIS Pack Vendor :STMicroelectronics USB_HOST 2.0.0
2024-01-07 11:57:19,884 [INFO] ThirdParty:1030 - CMSIS Pack Vendor :STMicroelectronics X-CUBE-AZRTOS-F4 1.1.0
2024-01-07 11:57:19,884 [INFO] ThirdParty:1030 - CMSIS Pack Vendor :STMicroelectronics LIBJPEG 8.0.0
2024-01-07 11:57:19,884 [INFO] ThirdParty:1030 - CMSIS Pack Vendor :STMicroelectronics X-CUBE-SMBUS 2.1.0
2024-01-07 11:57:19,884 [INFO] ThirdParty:1030 - CMSIS Pack Vendor :STMicroelectronics USB_DEVICE 3.0.0
2024-01-07 11:57:19,884 [INFO] ThirdParty:1030 - CMSIS Pack Vendor :STMicroelectronics X-CUBE-AZRTOS-WB 2.0.0
2024-01-07 11:57:19,884 [INFO] ThirdParty:1030 - CMSIS Pack Vendor :STMicroelectronics X-CUBE-FREERTOS 1.0.1
2024-01-07 11:57:19,884 [INFO] ThirdParty:1030 - CMSIS Pack Vendor :STMicroelectronics X-CUBE-TOUCHGFX 4.21.0
2024-01-07 11:57:19,884 [INFO] ThirdParty:1030 - CMSIS Pack Vendor :STMicroelectronics X-CUBE-TOUCHGFX 4.23.0
2024-01-07 11:57:19,884 [INFO] ThirdParty:1030 - CMSIS Pack Vendor :STMicroelectronics X-CUBE-AZRTOS-F7 1.1.0
2024-01-07 11:57:19,884 [INFO] ThirdParty:1030 - CMSIS Pack Vendor :STMicroelectronics X-CUBE-TOUCHGFX 4.21.4
2024-01-07 11:57:19,884 [INFO] ThirdParty:1030 - CMSIS Pack Vendor :STMicroelectronics X-CUBE-AZRTOS-L5 2.0.0
2024-01-07 11:57:19,884 [INFO] ThirdParty:1030 - CMSIS Pack Vendor :STMicroelectronics X-CUBE-MEMS1 9.4.0
2024-01-07 11:57:19,884 [INFO] ThirdParty:1030 - CMSIS Pack Vendor :STMicroelectronics USB_DEVICE 2.0.0
2024-01-07 11:57:19,885 [INFO] ThirdParty:1030 - CMSIS Pack Vendor :STMicroelectronics X-CUBE-AI 7.3.0
2024-01-07 11:57:19,885 [INFO] ThirdParty:1030 - CMSIS Pack Vendor :STMicroelectronics X-CUBE-MEMS1 9.6.0
2024-01-07 11:57:19,885 [INFO] ThirdParty:1030 - CMSIS Pack Vendor :STMicroelectronics X-CUBE-EEPRMA1 4.2.0
2024-01-07 11:57:19,885 [INFO] ThirdParty:1030 - CMSIS Pack Vendor :ITTIA_DB I-CUBE-ITTIADB 8.8.0
2024-01-07 11:57:19,885 [INFO] ThirdParty:1030 - CMSIS Pack Vendor :STMicroelectronics FP-SNS-MOTENV1 4.3.2
2024-01-07 11:57:19,885 [INFO] ThirdParty:1030 - CMSIS Pack Vendor :STMicroelectronics FP-SNS-MOTENV1 4.3.1
2024-01-07 11:57:19,885 [INFO] ThirdParty:1030 - CMSIS Pack Vendor :STMicroelectronics FP-SNS-FLIGHT1 5.0.1
2024-01-07 11:57:19,885 [INFO] ThirdParty:1030 - CMSIS Pack Vendor :STMicroelectronics X-CUBE-ALGOBUILD 1.3.0
2024-01-07 11:57:19,885 [INFO] ThirdParty:1030 - CMSIS Pack Vendor :STMicroelectronics X-CUBE-BLE1 6.2.4
2024-01-07 11:57:19,885 [INFO] ThirdParty:1030 - CMSIS Pack Vendor :STMicroelectronics X-CUBE-AZRTOS-L5 1.1.0
2024-01-07 11:57:19,885 [INFO] ThirdParty:1030 - CMSIS Pack Vendor :STMicroelectronics FreeRTOS 0.0.1
2024-01-07 11:57:19,885 [INFO] ThirdParty:1030 - CMSIS Pack Vendor :STMicroelectronics X-CUBE-AZRTOS-G0 1.1.0
2024-01-07 11:57:19,885 [INFO] ThirdParty:1030 - CMSIS Pack Vendor :emotas I-CUBE-CANOPEN 1.1.3
2024-01-07 11:57:19,885 [INFO] ThirdParty:1030 - CMSIS Pack Vendor :STMicroelectronics X-CUBE-BLEMGR 2.0.0
2024-01-07 11:57:19,885 [INFO] ThirdParty:1030 - CMSIS Pack Vendor :STMicroelectronics X-CUBE-AI 8.0.1
2024-01-07 11:57:19,885 [INFO] ThirdParty:1030 - CMSIS Pack Vendor :STMicroelectronics X-CUBE-NFC4 3.0.0
2024-01-07 11:57:19,885 [INFO] ThirdParty:1030 - CMSIS Pack Vendor :STMicroelectronics X-CUBE-SUBG2 5.0.0
2024-01-07 11:57:19,885 [INFO] ThirdParty:1030 - CMSIS Pack Vendor :STMicroelectronics STM32_WPAN 1.0.0
2024-01-07 11:57:19,885 [INFO] ThirdParty:1030 - CMSIS Pack Vendor :STMicroelectronics lwIP 2.0.3
2024-01-07 11:57:19,885 [INFO] ThirdParty:1030 - CMSIS Pack Vendor :STMicroelectronics FP-SNS-FLIGHT1 5.0.2
2024-01-07 11:57:19,885 [INFO] ThirdParty:1030 - CMSIS Pack Vendor :STMicroelectronics X-CUBE-NFC4 2.0.5
2024-01-07 11:57:19,886 [INFO] ThirdParty:1030 - CMSIS Pack Vendor :STMicroelectronics USB_HOST 1.0.0
2024-01-07 11:57:19,886 [INFO] ThirdParty:1030 - CMSIS Pack Vendor :STMicroelectronics X-CUBE-TOF1 3.3.1
2024-01-07 11:57:19,886 [INFO] ThirdParty:1030 - CMSIS Pack Vendor :STMicroelectronics X-CUBE-AZRTOS-G4 2.0.0
2024-01-07 11:57:19,886 [INFO] ThirdParty:1030 - CMSIS Pack Vendor :STMicroelectronics PDM2PCM 3.1.0
2024-01-07 11:57:19,886 [INFO] ThirdParty:1030 - CMSIS Pack Vendor :STMicroelectronics X-CUBE-AZRTOS-H7 3.1.0
2024-01-07 11:57:19,886 [INFO] ThirdParty:1030 - CMSIS Pack Vendor :STMicroelectronics X-CUBE-TOF1 3.3.0
2024-01-07 11:57:19,886 [INFO] ThirdParty:1030 - CMSIS Pack Vendor :STMicroelectronics FP-ATR-ASTRA1 1.1.1
2024-01-07 11:57:19,886 [INFO] ThirdParty:1030 - CMSIS Pack Vendor :Infineon AIROC-Wi-Fi-Bluetooth-STM32 1.5.1
2024-01-07 11:57:19,886 [INFO] ThirdParty:1030 - CMSIS Pack Vendor :STMicroelectronics X-CUBE-BLEMGR 3.0.0
2024-01-07 11:57:19,886 [INFO] ThirdParty:1030 - CMSIS Pack Vendor :STMicroelectronics PDM2PCM 3.3.0
2024-01-07 11:57:19,886 [INFO] ThirdParty:1030 - CMSIS Pack Vendor :STMicroelectronics X-CUBE-DISPLAY 3.0.0
2024-01-07 11:57:19,886 [INFO] ThirdParty:1030 - CMSIS Pack Vendor :STMicroelectronics X-CUBE-BLEMGR 1.3.0
2024-01-07 11:57:19,886 [INFO] ThirdParty:1030 - CMSIS Pack Vendor :STMicroelectronics FP-SNS-MOTENVWB1 1.3.0
2024-01-07 11:57:19,886 [INFO] ThirdParty:1030 - CMSIS Pack Vendor :STMicroelectronics FP-SNS-MOTENVWB1 1.3.1
2024-01-07 11:57:19,886 [INFO] ThirdParty:1030 - CMSIS Pack Vendor :STMicroelectronics X-CUBE-BLE1 7.0.0
2024-01-07 11:57:19,886 [INFO] ThirdParty:1030 - CMSIS Pack Vendor :STMicroelectronics FP-ATR-SIGFOX1 3.2.0
2024-01-07 11:57:19,886 [INFO] ThirdParty:1030 - CMSIS Pack Vendor :STMicroelectronics X-CUBE-AZRTOS-G4 1.0.0
2024-01-07 11:57:19,886 [INFO] ThirdParty:1030 - CMSIS Pack Vendor :wolfSSL I-CUBE-wolfSSL 5.5.4
2024-01-07 11:57:19,886 [INFO] ThirdParty:1030 - CMSIS Pack Vendor :STMicroelectronics X-CUBE-AZRTOS-L4 1.0.0
2024-01-07 11:57:19,886 [INFO] ThirdParty:1030 - CMSIS Pack Vendor :STMicroelectronics X-CUBE-ISPU 2.0.0
2024-01-07 11:57:19,886 [INFO] ThirdParty:1030 - CMSIS Pack Vendor :STMicroelectronics HAL Drivers 0.0.0
2024-01-07 11:57:19,886 [INFO] ThirdParty:1030 - CMSIS Pack Vendor :STMicroelectronics MBEDTLS 2.16.2
2024-01-07 11:57:19,886 [INFO] ThirdParty:1030 - CMSIS Pack Vendor :STMicroelectronics X-CUBE-MEMS1 10.0.0
2024-01-07 11:57:19,887 [INFO] ThirdParty:1030 - CMSIS Pack Vendor :STMicroelectronics X-CUBE-FREERTOS 1.1.0
2024-01-07 11:57:19,887 [INFO] ThirdParty:1030 - CMSIS Pack Vendor :STMicroelectronics X-CUBE-TOUCHGFX 4.22.0
2024-01-07 11:57:19,887 [INFO] ThirdParty:1030 - CMSIS Pack Vendor :STMicroelectronics X-CUBE-NFC7 1.0.1
2024-01-07 11:57:19,887 [INFO] ThirdParty:1030 - CMSIS Pack Vendor :STMicroelectronics MBEDTLS 2.14.1
2024-01-07 11:57:19,887 [INFO] ThirdParty:1030 - CMSIS Pack Vendor :STMicroelectronics X-CUBE-NFC7 1.0.0
2024-01-07 11:57:19,887 [INFO] ThirdParty:1030 - CMSIS Pack Vendor :STMicroelectronics X-CUBE-TOUCHGFX 4.22.1
2024-01-07 11:57:19,887 [INFO] ThirdParty:1030 - CMSIS Pack Vendor :STMicroelectronics X-CUBE-AZRTOS-WL 1.0.0
2024-01-07 11:57:19,887 [INFO] ThirdParty:1030 - CMSIS Pack Vendor :STMicroelectronics X-CUBE-NFC6 3.0.0
2024-01-07 11:57:19,887 [INFO] ThirdParty:1030 - CMSIS Pack Vendor :STMicroelectronics X-CUBE-EEPRMA1 4.1.0
2024-01-07 11:57:19,887 [INFO] ThirdParty:1030 - CMSIS Pack Vendor :portGmbH I-Cube-SoM-uGOAL 1.1.0
2024-01-07 11:57:19,887 [INFO] ThirdParty:1030 - CMSIS Pack Vendor :STMicroelectronics X-CUBE-ALS 1.0.1
2024-01-07 11:57:19,887 [INFO] ThirdParty:1030 - CMSIS Pack Vendor :STMicroelectronics ThreadX 1.0.0
2024-01-07 11:57:19,887 [INFO] ThirdParty:1030 - CMSIS Pack Vendor :STMicroelectronics FP-SNS-SMARTAG2 1.2.0
2024-01-07 11:57:19,887 [INFO] ThirdParty:1030 - CMSIS Pack Vendor :STMicroelectronics X-CUBE-AZRTOS-WB 1.1.0
2024-01-07 11:57:19,887 [INFO] ThirdParty:1030 - CMSIS Pack Vendor :STMicroelectronics X-CUBE-AZRTOS-WL 2.0.0
2024-01-07 11:57:19,887 [INFO] ThirdParty:1030 - CMSIS Pack Vendor :SEGGER I-CUBE-embOS 1.3.1
2024-01-07 11:57:19,887 [INFO] ThirdParty:1030 - CMSIS Pack Vendor :STMicroelectronics USB_DEVICE 1.0.0
2024-01-07 11:57:19,887 [INFO] ThirdParty:1030 - CMSIS Pack Vendor :STMicroelectronics X-CUBE-AI 8.1.0
2024-01-07 11:57:19,887 [INFO] ThirdParty:1030 - CMSIS Pack Vendor :SEGGER I-CUBE-embOS 1.3.0
2024-01-07 11:57:19,887 [INFO] ThirdParty:1030 - CMSIS Pack Vendor :STMicroelectronics X-CUBE-AZRTOS-L4 2.0.0
2024-01-07 11:57:19,887 [INFO] ThirdParty:1030 - CMSIS Pack Vendor :STMicroelectronics ThreadX 0.0.2
2024-01-07 11:57:19,888 [INFO] ThirdParty:1030 - CMSIS Pack Vendor :WES I-CUBE-Cesium 1.3.0
2024-01-07 11:57:19,888 [INFO] ThirdParty:1030 - CMSIS Pack Vendor :STMicroelectronics FP-ATR-ASTRA1 2.0.0
2024-01-07 11:57:19,888 [INFO] ThirdParty:1030 - CMSIS Pack Vendor :STMicroelectronics lwIP 2.1.2
2024-01-07 11:57:19,888 [INFO] ThirdParty:1030 - CMSIS Pack Vendor :STMicroelectronics X-CUBE-SFXS2LP1 4.0.0
2024-01-07 11:57:19,888 [INFO] ThirdParty:1030 - CMSIS Pack Vendor :STMicroelectronics X-CUBE-BLE2 3.3.0
2024-01-07 11:57:19,888 [INFO] ThirdParty:1030 - CMSIS Pack Vendor :STMicroelectronics X-CUBE-TOF1 3.4.0
2024-01-07 11:57:19,888 [INFO] ThirdParty:1030 - CMSIS Pack Vendor :STMicroelectronics X-CUBE-DISPLAY 2.2.0
2024-01-07 11:57:19,888 [INFO] ThirdParty:1030 - CMSIS Pack Vendor :STMicroelectronics X-CUBE-TOF1 3.2.0
2024-01-07 11:57:19,888 [INFO] ThirdParty:1030 - CMSIS Pack Vendor :STMicroelectronics X-CUBE-AZRTOS-H7 3.2.0
2024-01-07 11:57:19,888 [INFO] ThirdParty:1030 - CMSIS Pack Vendor :STMicroelectronics PDM2PCM 3.2.0
2024-01-07 11:57:19,888 [INFO] ThirdParty:1030 - CMSIS Pack Vendor :STMicroelectronics X-CUBE-AZRTOS-H7 3.0.0
2024-01-07 11:57:19,888 [INFO] ThirdParty:841 - exiting critical section [change project]
2024-01-07 11:57:20,256 [INFO] PinOutPanel:1499 - setPackage(No Configuration,No Configuration)
2024-01-07 11:57:20,258 [INFO] PinOutPanel:1499 - setPackage(STM32F103C8Tx,LQFP48)
2024-01-07 11:57:20,858 [INFO] UtilMem:75 - Before build in PCC Used Memory: 327767192 Bytes (618659840)
2024-01-07 11:57:21,926 [INFO] UtilMem:75 - After build in PCC Used Memory: 323758928 Bytes (618659840)
2024-01-07 11:57:21,965 [INFO] IPUIPlugin:80 - create IPUIPlugin
2024-01-07 11:57:21,966 [INFO] IPUIPlugin:80 - create IPUIPlugin
2024-01-07 11:57:21,966 [INFO] IPUIPlugin:80 - create IPUIPlugin
2024-01-07 11:57:21,966 [INFO] IPUIPlugin:80 - create IPUIPlugin
2024-01-07 11:57:21,966 [INFO] IPUIPlugin:80 - create IPUIPlugin
2024-01-07 11:57:21,967 [INFO] IPUIPlugin:80 - create IPUIPlugin
2024-01-07 11:57:21,967 [INFO] IPUIPlugin:80 - create IPUIPlugin
2024-01-07 11:57:21,967 [INFO] IPUIPlugin:80 - create IPUIPlugin
2024-01-07 11:57:21,967 [INFO] IPUIPlugin:80 - create IPUIPlugin
2024-01-07 11:57:21,967 [INFO] IPUIPlugin:80 - create IPUIPlugin
2024-01-07 11:57:21,968 [INFO] IPUIPlugin:80 - create IPUIPlugin
2024-01-07 11:57:21,968 [INFO] IPUIPlugin:80 - create IPUIPlugin
2024-01-07 11:57:21,968 [INFO] IPUIPlugin:80 - create IPUIPlugin
2024-01-07 11:57:21,968 [INFO] IPUIPlugin:80 - create IPUIPlugin
2024-01-07 11:57:21,969 [INFO] IPUIPlugin:80 - create IPUIPlugin
2024-01-07 11:57:21,969 [INFO] IPUIPlugin:80 - create IPUIPlugin
2024-01-07 11:57:21,969 [INFO] IPUIPlugin:80 - create IPUIPlugin
2024-01-07 11:57:21,970 [INFO] IPUIPlugin:80 - create IPUIPlugin
2024-01-07 11:57:21,970 [INFO] IPUIPlugin:80 - create IPUIPlugin
2024-01-07 11:57:21,970 [INFO] IPUIPlugin:80 - create IPUIPlugin
2024-01-07 11:57:21,971 [INFO] IPUIPlugin:80 - create IPUIPlugin
2024-01-07 11:57:21,971 [INFO] IPUIPlugin:80 - create IPUIPlugin
2024-01-07 11:57:21,971 [INFO] IPUIPlugin:80 - create IPUIPlugin
2024-01-07 11:57:21,971 [INFO] IPUIPlugin:80 - create IPUIPlugin
2024-01-07 11:57:21,971 [INFO] IPUIPlugin:80 - create IPUIPlugin
2024-01-07 11:57:21,972 [INFO] IPUIPlugin:80 - create IPUIPlugin
2024-01-07 11:57:21,972 [INFO] IPUIPlugin:80 - create IPUIPlugin
2024-01-07 11:57:21,986 [WARN] IP:2114 - I2C_Coeff_DF not found: check if there is a RefParameter without a condition.
2024-01-07 11:57:21,986 [WARN] IP:2114 - Analog_Filter not found: check if there is a RefParameter without a condition.
2024-01-07 11:57:22,265 [INFO] CADModel:165 - CPN selected for project levelSTM32F103C8T6
2024-01-07 11:57:22,265 [INFO] CADModel:114 - Register for checkConnection events
2024-01-07 11:57:22,324 [INFO] OpenFileManager:328 - Restore cursor
2024-01-07 11:57:22,441 [WARN] IP:2114 - I2C_Coeff_DF not found: check if there is a RefParameter without a condition.
2024-01-07 11:57:22,441 [WARN] IP:2114 - Analog_Filter not found: check if there is a RefParameter without a condition.
2024-01-07 11:57:22,442 [WARN] IP:2114 - I2C_Coeff_DF not found: check if there is a RefParameter without a condition.
2024-01-07 11:57:22,442 [WARN] IP:2114 - Analog_Filter not found: check if there is a RefParameter without a condition.
2024-01-07 22:05:41,015 [ERROR] LogOutputStream:75 - [STDERR_REDIRECT] 
