2023-09-19 08:20:47,006 [INFO] Activator:176 - 


2023-09-19 08:20:47,018 [INFO] Activator:177 - !SESSION log4j initialized
2023-09-19 08:20:56,434 [INFO] LogOutputStream:77 - [STDOUT_REDIRECT] 
2023-09-19 08:21:14,891 [INFO] ApplicationProperties:184 - Using Application install path: C:\ST\STM32CubeIDE_1.13.0\STM32CubeIDE\plugins\com.st.stm32cube.common.mx_6.9.0.202307051724
2023-09-19 08:21:14,928 [INFO] DbMcusXml:78 - Set database path to: C:\ST\STM32CubeIDE_1.13.0\STM32CubeIDE\plugins\com.st.stm32cube.common.mx_6.9.0.202307051724\\db\/mcu/
2023-09-19 08:21:14,929 [INFO] ApiDb:274 - Set plugin database path to: C:\ST\STM32CubeIDE_1.13.0\STM32CubeIDE\plugins\com.st.stm32cube.common.mx_6.9.0.202307051724\\db\/plugins/boardmanager/
2023-09-19 08:21:14,930 [WARN] ApiDb:259 - Overriding images path with different value:  => C:\ST\STM32CubeIDE_1.13.0\STM32CubeIDE\plugins\com.st.stm32cube.common.mx_6.9.0.202307051724\\db\/plugins/mcufinder/images/
2023-09-19 08:21:14,952 [INFO] ApiDb:250 - Set database path to: C:\Users\ACER\.stmcufinder\plugins\mcufinder//mcu/
2023-09-19 08:21:14,954 [INFO] DbMcusAds:125 - Set database path to: C:\Users\ACER\.stmcufinder\plugins\mcufinder//mcu/
2023-09-19 08:21:14,991 [INFO] CrossReferenceDbSqlite:203 - Set database path to: C:\Users\ACER\.stmcufinder\plugins\mcufinder//mcu/cs/
2023-09-19 08:21:15,177 [INFO] RulesReader:64 - Compatibility file has been processed (293 Rules)
2023-09-19 08:21:15,326 [INFO] DbMcusXml:78 - Set database path to: C:\ST\STM32CubeIDE_1.13.0\STM32CubeIDE\plugins\com.st.stm32cube.common.mx_6.9.0.202307051724\\db\/mcu/
2023-09-19 08:21:15,326 [INFO] ApiDb:274 - Set plugin database path to: C:\ST\STM32CubeIDE_1.13.0\STM32CubeIDE\plugins\com.st.stm32cube.common.mx_6.9.0.202307051724\\db\/plugins/boardmanager/
2023-09-19 08:21:15,326 [INFO] ApiDb:261 - Set plugin images path to: C:\ST\STM32CubeIDE_1.13.0\STM32CubeIDE\plugins\com.st.stm32cube.common.mx_6.9.0.202307051724\\db\/plugins/mcufinder/images/
2023-09-19 08:21:15,327 [WARN] DbFile:41 - Overriding database path with different value: C:\Users\ACER\.stmcufinder\plugins\mcufinder/ => C:\Users\ACER\.stmcufinder\plugins\mcufinder
2023-09-19 08:21:15,327 [INFO] ApiDb:250 - Set database path to: C:\Users\ACER\.stmcufinder\plugins\mcufinder//mcu/
2023-09-19 08:21:15,327 [WARN] DbFile:41 - Overriding database path with different value: C:\Users\ACER\.stmcufinder\plugins\mcufinder/ => C:\Users\ACER\.stmcufinder\plugins\mcufinder
2023-09-19 08:21:15,327 [INFO] DbMcusAds:125 - Set database path to: C:\Users\ACER\.stmcufinder\plugins\mcufinder//mcu/
2023-09-19 08:21:15,327 [WARN] DbFile:41 - Overriding database path with different value: C:\Users\ACER\.stmcufinder\plugins\mcufinder/ => C:\Users\ACER\.stmcufinder\plugins\mcufinder
2023-09-19 08:21:15,327 [WARN] DbFile:41 - Overriding database path with different value: C:\Users\ACER\.stmcufinder\plugins\mcufinder/ => C:\Users\ACER\.stmcufinder\plugins\mcufinder
2023-09-19 08:21:15,327 [INFO] CrossReferenceDbSqlite:203 - Set database path to: C:\Users\ACER\.stmcufinder\plugins\mcufinder//mcu/cs/
2023-09-19 08:21:15,461 [INFO] MainPanel:262 - HeapMemory: 268435456
2023-09-19 08:21:15,641 [INFO] DbMcusXml:78 - Set database path to: C:\ST\STM32CubeIDE_1.13.0\STM32CubeIDE\plugins\com.st.stm32cube.common.mx_6.9.0.202307051724\\db\/mcu/
2023-09-19 08:21:15,642 [INFO] ApiDb:274 - Set plugin database path to: C:\ST\STM32CubeIDE_1.13.0\STM32CubeIDE\plugins\com.st.stm32cube.common.mx_6.9.0.202307051724\\db\/plugins/boardmanager/
2023-09-19 08:21:15,642 [INFO] ApiDb:261 - Set plugin images path to: C:\ST\STM32CubeIDE_1.13.0\STM32CubeIDE\plugins\com.st.stm32cube.common.mx_6.9.0.202307051724\\db\/plugins/mcufinder/images/
2023-09-19 08:21:15,643 [WARN] DbFile:41 - Overriding database path with different value: C:\Users\ACER\.stmcufinder\plugins\mcufinder/ => C:\Users\ACER\.stmcufinder\plugins\mcufinder
2023-09-19 08:21:15,643 [INFO] ApiDb:250 - Set database path to: C:\Users\ACER\.stmcufinder\plugins\mcufinder//mcu/
2023-09-19 08:21:15,643 [WARN] DbFile:41 - Overriding database path with different value: C:\Users\ACER\.stmcufinder\plugins\mcufinder/ => C:\Users\ACER\.stmcufinder\plugins\mcufinder
2023-09-19 08:21:15,643 [INFO] DbMcusAds:125 - Set database path to: C:\Users\ACER\.stmcufinder\plugins\mcufinder//mcu/
2023-09-19 08:21:15,643 [WARN] DbFile:41 - Overriding database path with different value: C:\Users\ACER\.stmcufinder\plugins\mcufinder/ => C:\Users\ACER\.stmcufinder\plugins\mcufinder
2023-09-19 08:21:15,643 [WARN] DbFile:41 - Overriding database path with different value: C:\Users\ACER\.stmcufinder\plugins\mcufinder/ => C:\Users\ACER\.stmcufinder\plugins\mcufinder
2023-09-19 08:21:15,644 [INFO] CrossReferenceDbSqlite:203 - Set database path to: C:\Users\ACER\.stmcufinder\plugins\mcufinder//mcu/cs/
2023-09-19 08:21:15,674 [INFO] ApplicationProperties:184 - Using Application install path: C:\ST\STM32CubeIDE_1.13.0\STM32CubeIDE\plugins\com.st.stm32cube.common.mx_6.9.0.202307051724
2023-09-19 08:21:15,676 [INFO] PluginManage:196 - Search for loadable plugins [exclusion list=, ]
2023-09-19 08:21:15,678 [INFO] PluginManage:310 - Check plugin analytics
2023-09-19 08:21:20,951 [INFO] AnalyticsPlugin:253 - Accepted Software Licenses: 
2023-09-19 08:21:20,952 [INFO] AnalyticsPlugin:255 - Accepted CMSIS Pack Licenses: 
2023-09-19 08:21:20,953 [INFO] AnalyticsPlugin:257 - Accepted Firmware Licenses: FW.WB.1.17.0
2023-09-19 08:21:20,960 [INFO] PluginManage:359 - Loaded plugin analytics (category:tool,tabindex:-1)
2023-09-19 08:21:20,960 [INFO] PluginManage:310 - Check plugin cadmodel
2023-09-19 08:21:20,986 [INFO] CADModel:105 - Init CAD model plugin
2023-09-19 08:21:20,986 [INFO] PluginManage:359 - Loaded plugin cadmodel (category:power,tabindex:5)
2023-09-19 08:21:20,987 [INFO] PluginManage:310 - Check plugin clock
2023-09-19 08:21:21,021 [INFO] PluginManage:359 - Loaded plugin clock (category:base,tabindex:2)
2023-09-19 08:21:21,022 [INFO] PluginManage:310 - Check plugin ddr
2023-09-19 08:21:21,026 [INFO] PluginManage:359 - Loaded plugin ddr (category:tool,tabindex:6)
2023-09-19 08:21:21,027 [INFO] PluginManage:310 - Check plugin filemanager
2023-09-19 08:21:21,301 [INFO] PluginManage:359 - Loaded plugin filemanager (category:base,tabindex:10)
2023-09-19 08:21:21,302 [INFO] PluginManage:310 - Check plugin ipmanager
2023-09-19 08:21:21,314 [INFO] PluginManage:359 - Loaded plugin ipmanager (category:base,tabindex:5)
2023-09-19 08:21:21,314 [INFO] PluginManage:310 - Check plugin lpbam
2023-09-19 08:21:21,336 [INFO] PluginManage:359 - Loaded plugin lpbam (category:base,tabindex:0)
2023-09-19 08:21:21,337 [INFO] PluginManage:310 - Check plugin memorymap
2023-09-19 08:21:21,371 [INFO] PluginManage:359 - Loaded plugin memorymap (category:base,tabindex:4)
2023-09-19 08:21:21,371 [INFO] PluginManage:310 - Check plugin pinoutandconfiguration
2023-09-19 08:21:21,396 [INFO] PluginManage:359 - Loaded plugin pinoutandconfiguration (category:base,tabindex:1)
2023-09-19 08:21:21,396 [INFO] PluginManage:310 - Check plugin pinoutconfig
2023-09-19 08:21:21,585 [WARN] SupportedApi:132 - Cannot load RTOS API schema: s4s-elt-must-match.1: The content of 'definitions' must match (annotation?, (simpleType | complexType)?, (unique | key | keyref)*)). A problem was found starting at: attribute.
2023-09-19 08:21:21,873 [INFO] PluginManage:359 - Loaded plugin pinoutconfig (category:base,tabindex:0)
2023-09-19 08:21:21,874 [INFO] PluginManage:310 - Check plugin power
2023-09-19 08:21:21,909 [INFO] PluginManage:359 - Loaded plugin power (category:power,tabindex:4)
2023-09-19 08:21:21,909 [INFO] PluginManage:310 - Check plugin projectmanager
2023-09-19 08:21:21,932 [INFO] PluginManage:359 - Loaded plugin projectmanager (category:projectmanager,tabindex:3)
2023-09-19 08:21:21,932 [INFO] PluginManage:310 - Check plugin thirdparty
2023-09-19 08:21:22,321 [INFO] PluginManage:359 - Loaded plugin thirdparty (category:base,tabindex:-1)
2023-09-19 08:21:22,320 [WARN] IntegrityCheckThread:84 - waiting for thirdparty lock release [integrity check]
2023-09-19 08:21:22,321 [INFO] PluginManage:310 - Check plugin tools
2023-09-19 08:21:22,321 [INFO] IntegrityCheckThread:86 - entering critical section [integrity check]
2023-09-19 08:21:22,321 [INFO] ThirdPartyUpdaterWithRetryManager:70 - Updater plugin not ready yet. [1/15]
2023-09-19 08:21:22,357 [INFO] PluginManage:359 - Loaded plugin tools (category:base,tabindex:7)
2023-09-19 08:21:22,357 [INFO] PluginManage:310 - Check plugin tutovideos
2023-09-19 08:21:22,682 [INFO] PluginManage:359 - Loaded plugin tutovideos (category:base,tabindex:-1)
2023-09-19 08:21:22,683 [INFO] PluginManage:310 - Check plugin updater
2023-09-19 08:21:22,709 [INFO] PluginManage:359 - Loaded plugin updater (category:base,tabindex:12)
2023-09-19 08:21:22,709 [INFO] PluginManage:310 - Check plugin userauth
2023-09-19 08:21:22,723 [INFO] UserAuth:113 - Init User Auth plugin
2023-09-19 08:21:22,723 [INFO] PluginManage:359 - Loaded plugin userauth (category:base,tabindex:14)
2023-09-19 08:21:22,725 [INFO] PluginManage:283 - PluginManage : Loaded plugins [17]
2023-09-19 08:21:23,154 [INFO] PinOutPanel:1499 - setPackage(No Configuration,No Configuration)
2023-09-19 08:21:23,355 [INFO] CADModel:165 - CPN selected for project level
2023-09-19 08:21:23,356 [INFO] CADModel:114 - Register for checkConnection events
2023-09-19 08:21:23,394 [INFO] IPUIPlugin:80 - create IPUIPlugin
2023-09-19 08:21:23,394 [INFO] PluginManager:220 - loadIPPluginJar : add adc
2023-09-19 08:21:23,429 [INFO] IPUIPlugin:80 - create IPUIPlugin
2023-09-19 08:21:23,429 [INFO] PluginManager:220 - loadIPPluginJar : add aes
2023-09-19 08:21:23,469 [INFO] IPUIPlugin:80 - create IPUIPlugin
2023-09-19 08:21:23,470 [INFO] PluginManager:220 - loadIPPluginJar : add can
2023-09-19 08:21:23,493 [INFO] IPUIPlugin:80 - create IPUIPlugin
2023-09-19 08:21:23,493 [INFO] PluginManager:220 - loadIPPluginJar : add comp
2023-09-19 08:21:23,524 [INFO] IPUIPlugin:80 - create IPUIPlugin
2023-09-19 08:21:23,524 [INFO] PluginManager:220 - loadIPPluginJar : add cryp
2023-09-19 08:21:23,553 [INFO] IPUIPlugin:80 - create IPUIPlugin
2023-09-19 08:21:23,553 [INFO] PluginManager:220 - loadIPPluginJar : add dfsdm
2023-09-19 08:21:23,576 [INFO] IPUIPlugin:80 - create IPUIPlugin
2023-09-19 08:21:23,578 [INFO] PluginManager:220 - loadIPPluginJar : add dma
2023-09-19 08:21:23,645 [INFO] IPUIPlugin:80 - create IPUIPlugin
2023-09-19 08:21:23,645 [INFO] PluginManager:220 - loadIPPluginJar : add dma3
2023-09-19 08:21:23,681 [INFO] IPUIPlugin:80 - create IPUIPlugin
2023-09-19 08:21:23,681 [INFO] PluginManager:220 - loadIPPluginJar : add fatfs
2023-09-19 08:21:23,770 [INFO] IPUIPlugin:80 - create IPUIPlugin
2023-09-19 08:21:23,770 [INFO] PluginManager:220 - loadIPPluginJar : add fmc
2023-09-19 08:21:23,792 [INFO] IPUIPlugin:80 - create IPUIPlugin
2023-09-19 08:21:23,793 [INFO] PluginManager:220 - loadIPPluginJar : add freertos
2023-09-19 08:21:23,819 [INFO] IPUIPlugin:80 - create IPUIPlugin
2023-09-19 08:21:23,819 [INFO] PluginManager:220 - loadIPPluginJar : add genericplugin
2023-09-19 08:21:23,972 [INFO] IPUIPlugin:80 - create IPUIPlugin
2023-09-19 08:21:23,973 [INFO] PluginManager:220 - loadIPPluginJar : add gfxmmu
2023-09-19 08:21:24,183 [INFO] IPUIPlugin:80 - create IPUIPlugin
2023-09-19 08:21:24,184 [INFO] PluginManager:220 - loadIPPluginJar : add gic
2023-09-19 08:21:24,202 [INFO] IPUIPlugin:80 - create IPUIPlugin
2023-09-19 08:21:24,202 [INFO] PluginManager:220 - loadIPPluginJar : add gpio
2023-09-19 08:21:24,343 [INFO] IPUIPlugin:80 - create IPUIPlugin
2023-09-19 08:21:24,343 [INFO] PluginManager:220 - loadIPPluginJar : add gtzc
2023-09-19 08:21:24,401 [INFO] IPUIPlugin:80 - create IPUIPlugin
2023-09-19 08:21:24,402 [INFO] PluginManager:220 - loadIPPluginJar : add hash
2023-09-19 08:21:24,479 [INFO] IPUIPlugin:80 - create IPUIPlugin
2023-09-19 08:21:24,479 [INFO] PluginManager:220 - loadIPPluginJar : add i2c
2023-09-19 08:21:24,555 [INFO] IPUIPlugin:80 - create IPUIPlugin
2023-09-19 08:21:24,555 [INFO] PluginManager:220 - loadIPPluginJar : add i2s
2023-09-19 08:21:24,613 [INFO] IPUIPlugin:80 - create IPUIPlugin
2023-09-19 08:21:24,614 [INFO] PluginManager:220 - loadIPPluginJar : add i3c
2023-09-19 08:21:24,728 [INFO] IPUIPlugin:80 - create IPUIPlugin
2023-09-19 08:21:24,728 [INFO] PluginManager:220 - loadIPPluginJar : add ipddr
2023-09-19 08:21:24,840 [INFO] IPUIPlugin:80 - create IPUIPlugin
2023-09-19 08:21:24,840 [INFO] PluginManager:220 - loadIPPluginJar : add linkedlist
2023-09-19 08:21:24,878 [INFO] IPUIPlugin:80 - create IPUIPlugin
2023-09-19 08:21:24,878 [INFO] PluginManager:220 - loadIPPluginJar : add lorawan
2023-09-19 08:21:24,936 [INFO] IPUIPlugin:80 - create IPUIPlugin
2023-09-19 08:21:24,936 [INFO] PluginManager:220 - loadIPPluginJar : add ltdc
2023-09-19 08:21:24,963 [INFO] IPUIPlugin:80 - create IPUIPlugin
2023-09-19 08:21:24,963 [INFO] PluginManager:220 - loadIPPluginJar : add mdma
2023-09-19 08:21:24,980 [INFO] IPUIPlugin:80 - create IPUIPlugin
2023-09-19 08:21:24,980 [INFO] PluginManager:220 - loadIPPluginJar : add nvic
2023-09-19 08:21:25,022 [INFO] IPUIPlugin:80 - create IPUIPlugin
2023-09-19 08:21:25,023 [INFO] PluginManager:220 - loadIPPluginJar : add opamp
2023-09-19 08:21:25,120 [INFO] IPUIPlugin:80 - create IPUIPlugin
2023-09-19 08:21:25,120 [INFO] PluginManager:220 - loadIPPluginJar : add openamp
2023-09-19 08:21:25,213 [INFO] IPUIPlugin:80 - create IPUIPlugin
2023-09-19 08:21:25,213 [INFO] PluginManager:220 - loadIPPluginJar : add pdm2pcm
2023-09-19 08:21:25,235 [INFO] IPUIPlugin:80 - create IPUIPlugin
2023-09-19 08:21:25,239 [INFO] PluginManager:220 - loadIPPluginJar : add plateformsettings
2023-09-19 08:21:25,263 [INFO] IPUIPlugin:80 - create IPUIPlugin
2023-09-19 08:21:25,263 [INFO] PluginManager:220 - loadIPPluginJar : add quadspi
2023-09-19 08:21:25,280 [INFO] IPUIPlugin:80 - create IPUIPlugin
2023-09-19 08:21:25,281 [INFO] PluginManager:220 - loadIPPluginJar : add resmgrutility
2023-09-19 08:21:25,323 [INFO] ThirdPartyUpdaterWithRetryManager:70 - Updater plugin not ready yet. [2/15]
2023-09-19 08:21:25,369 [INFO] IPUIPlugin:80 - create IPUIPlugin
2023-09-19 08:21:25,369 [INFO] PluginManager:220 - loadIPPluginJar : add sai
2023-09-19 08:21:25,447 [INFO] IPUIPlugin:80 - create IPUIPlugin
2023-09-19 08:21:25,447 [INFO] PluginManager:220 - loadIPPluginJar : add spi
2023-09-19 08:21:25,566 [INFO] IPUIPlugin:80 - create IPUIPlugin
2023-09-19 08:21:25,567 [INFO] PluginManager:220 - loadIPPluginJar : add stm32_wpan
2023-09-19 08:21:25,608 [INFO] IPUIPlugin:80 - create IPUIPlugin
2023-09-19 08:21:25,608 [INFO] PluginManager:220 - loadIPPluginJar : add tim
2023-09-19 08:21:25,672 [INFO] IPUIPlugin:80 - create IPUIPlugin
2023-09-19 08:21:25,673 [INFO] PluginManager:220 - loadIPPluginJar : add touchsensing
2023-09-19 08:21:25,699 [INFO] IPUIPlugin:80 - create IPUIPlugin
2023-09-19 08:21:25,699 [INFO] PluginManager:220 - loadIPPluginJar : add tracer_emb
2023-09-19 08:21:25,727 [INFO] IPUIPlugin:80 - create IPUIPlugin
2023-09-19 08:21:25,728 [INFO] PluginManager:220 - loadIPPluginJar : add ts
2023-09-19 08:21:25,756 [INFO] IPUIPlugin:80 - create IPUIPlugin
2023-09-19 08:21:25,756 [INFO] PluginManager:220 - loadIPPluginJar : add tsc
2023-09-19 08:21:25,797 [INFO] IPUIPlugin:80 - create IPUIPlugin
2023-09-19 08:21:25,798 [INFO] PluginManager:220 - loadIPPluginJar : add ucpd
2023-09-19 08:21:25,861 [INFO] IPUIPlugin:80 - create IPUIPlugin
2023-09-19 08:21:25,861 [INFO] PluginManager:220 - loadIPPluginJar : add usart
2023-09-19 08:21:25,925 [INFO] IPUIPlugin:80 - create IPUIPlugin
2023-09-19 08:21:25,926 [INFO] PluginManager:220 - loadIPPluginJar : add usbx
2023-09-19 08:21:26,133 [INFO] CADModel:165 - CPN selected for project level
2023-09-19 08:21:26,134 [INFO] CADModel:114 - Register for checkConnection events
2023-09-19 08:21:26,134 [FATAL] Updater:308 - Updater called before beeing initialized
2023-09-19 08:21:26,135 [ERROR] CADModel:125 - Updater not yet initialized, retry later 
2023-09-19 08:21:26,451 [INFO] CADModel:165 - CPN selected for project level
2023-09-19 08:21:26,451 [INFO] CADModel:114 - Register for checkConnection events
2023-09-19 08:21:26,451 [FATAL] Updater:308 - Updater called before beeing initialized
2023-09-19 08:21:26,452 [ERROR] CADModel:125 - Updater not yet initialized, retry later 
2023-09-19 08:21:26,462 [FATAL] Updater:308 - Updater called before beeing initialized
2023-09-19 08:21:26,690 [FATAL] Updater:308 - Updater called before beeing initialized
2023-09-19 08:21:26,705 [INFO] DbMcusAds:53 - JSON generation date=Tue Mar 07 15:50:55 ICT 2023 (1678179055114)
2023-09-19 08:21:26,706 [FATAL] Updater:308 - Updater called before beeing initialized
2023-09-19 08:21:26,780 [WARN] DetailPanel:346 - Failed to get advertising image, set to default
2023-09-19 08:21:26,920 [FATAL] Updater:308 - Updater called before beeing initialized
2023-09-19 08:21:26,923 [FATAL] Updater:308 - Updater called before beeing initialized
2023-09-19 08:21:26,923 [FATAL] Updater:308 - Updater called before beeing initialized
2023-09-19 08:21:26,923 [WARN] DetailPanel:346 - Failed to get advertising image, set to default
2023-09-19 08:21:26,925 [FATAL] Updater:308 - Updater called before beeing initialized
2023-09-19 08:21:27,015 [ERROR] Updater:1120 - MainUpdater not yet initialized. External WinMGr cannot be set.
2023-09-19 08:21:27,027 [INFO] Updater:1056 - Updater Version found : 6.9.0
2023-09-19 08:21:27,056 [INFO] ApplicationProperties:184 - Using Application install path: C:\ST\STM32CubeIDE_1.13.0\STM32CubeIDE\plugins\com.st.stm32cube.common.mx_6.9.0.202307051724
2023-09-19 08:21:27,354 [INFO] MainUpdater:2868 - connection check result : 10
2023-09-19 08:21:27,357 [INFO] MainUpdater:285 - Updater Check For Update Now.
2023-09-19 08:21:27,358 [INFO] MicroXplorer:498 - Change Database Version : DB.6.0.90
2023-09-19 08:21:27,385 [INFO] McuFinderGlobals:63 - Set McuFinder mode to 2 (CubeIDE integrated)
2023-09-19 08:21:27,386 [INFO] UserAuth:179 - activating auth plugin
2023-09-19 08:21:27,392 [INFO] UserAuth:393 - Internet connection configuration mode: 1
2023-09-19 08:21:27,439 [INFO] JxBrowserEngine:151 - Initiate JxBrowser Engine with user profile folder
2023-09-19 08:21:27,665 [INFO] CheckServerUpdateThread:120 - End of CheckServer Thread
2023-09-19 08:21:28,610 [WARN] PackLoader:240 - Cannot read IP mode file for STMicroelectronics.X-CUBE-SMBUS.2.1.0
2023-09-19 08:21:28,700 [WARN] PackLoader:240 - Cannot read IP mode file for STMicroelectronics.X-CUBE-AZRTOS-F7.1.1.0
2023-09-19 08:21:28,735 [WARN] PackLoader:240 - Cannot read IP mode file for STMicroelectronics.FP-SNS-MOTENV1.4.3.2
2023-09-19 08:21:28,780 [ERROR] RealEvaluatedCondition:428 - Found unsupported composite condition: CLASS='Data Exchange' GROUP='STM32_MetaDataManager'
2023-09-19 08:21:28,780 [ERROR] RealEvaluatedCondition:428 - Found unsupported composite condition: GROUP='STM32_MetaDataManager' CLASS='Data Exchange'
2023-09-19 08:21:28,790 [WARN] PackLoader:240 - Cannot read IP mode file for STMicroelectronics.FP-SNS-MOTENV1.4.3.1
2023-09-19 08:21:28,814 [WARN] PackLoader:240 - Cannot read IP mode file for STMicroelectronics.FP-SNS-FLIGHT1.5.0.1
2023-09-19 08:21:28,838 [WARN] PackLoader:240 - Cannot read IP mode file for STMicroelectronics.X-CUBE-BLE1.6.2.4
2023-09-19 08:21:28,852 [WARN] PackLoader:240 - Cannot read IP mode file for STMicroelectronics.FP-SNS-FLIGHT1.5.0.2
2023-09-19 08:21:28,874 [WARN] PackLoader:240 - Cannot read IP mode file for STMicroelectronics.X-CUBE-DISPLAY.3.0.0
2023-09-19 08:21:28,898 [WARN] PackLoader:240 - Cannot read IP mode file for STMicroelectronics.X-CUBE-BLE1.7.0.0
2023-09-19 08:21:28,916 [WARN] PackLoader:240 - Cannot read IP mode file for STMicroelectronics.X-CUBE-TOUCHGFX.4.22.0
2023-09-19 08:21:28,932 [WARN] PackLoader:240 - Cannot read IP mode file for STMicroelectronics.FP-SNS-SMARTAG2.1.2.0
2023-09-19 08:21:28,959 [INFO] LogOutputStream:77 - [STDOUT_REDIRECT] 1 : Invalid condition id : UX_CORESTACK_Condition cause : null
2023-09-19 08:21:28,960 [INFO] LogOutputStream:77 - [STDOUT_REDIRECT] 1 : Invalid condition id : UX_CORESTACK_Condition cause : null
2023-09-19 08:21:28,961 [INFO] LogOutputStream:77 - [STDOUT_REDIRECT] 1 : Invalid condition id : UX_CORESTACK_Condition cause : null
2023-09-19 08:21:28,963 [INFO] LogOutputStream:77 - [STDOUT_REDIRECT] 1 : Invalid condition id : UX_CORESTACK_Condition cause : null
2023-09-19 08:21:28,964 [INFO] LogOutputStream:77 - [STDOUT_REDIRECT] 1 : Invalid condition id : UX_CORESTACK_Condition cause : null
2023-09-19 08:21:28,971 [WARN] PackLoader:240 - Cannot read IP mode file for STMicroelectronics.X-CUBE-AZRTOS-WL.2.0.0
2023-09-19 08:21:28,996 [WARN] PackLoader:240 - Cannot read IP mode file for WES.I-CUBE-Cesium.1.3.0
2023-09-19 08:21:29,013 [WARN] PackLoader:240 - Cannot read IP mode file for STMicroelectronics.X-CUBE-BLE2.3.3.0
2023-09-19 08:21:29,029 [WARN] PackLoader:240 - Cannot read IP mode file for STMicroelectronics.X-CUBE-DISPLAY.2.2.0
2023-09-19 08:21:29,061 [WARN] PackLoader:240 - Cannot read IP mode file for STMicroelectronics.X-CUBE-TOF1.3.2.0
2023-09-19 08:21:29,085 [WARN] PackLoader:240 - Cannot read IP mode file for STMicroelectronics.X-CUBE-TOUCHGFX.4.21.0
2023-09-19 08:21:29,098 [WARN] PackLoader:240 - Cannot read IP mode file for STMicroelectronics.X-CUBE-TOUCHGFX.4.21.4
2023-09-19 08:21:29,188 [WARN] PackLoader:240 - Cannot read IP mode file for STMicroelectronics.X-CUBE-MEMS1.9.4.0
2023-09-19 08:21:29,372 [WARN] PackLoader:240 - Cannot read IP mode file for STMicroelectronics.X-CUBE-AI.7.3.0
2023-09-19 08:21:29,389 [WARN] PackLoader:240 - Cannot read IP mode file for STMicroelectronics.X-CUBE-ALGOBUILD.1.3.0
2023-09-19 08:21:29,425 [WARN] PackLoader:240 - Cannot read IP mode file for STMicroelectronics.X-CUBE-AZRTOS-G0.1.1.0
2023-09-19 08:21:29,444 [WARN] PackLoader:240 - Cannot read IP mode file for STMicroelectronics.X-CUBE-NFC4.3.0.0
2023-09-19 08:21:29,469 [WARN] PackLoader:240 - Cannot read IP mode file for STMicroelectronics.X-CUBE-BLEMGR.1.3.0
2023-09-19 08:21:29,493 [WARN] PackLoader:240 - Cannot read IP mode file for STMicroelectronics.FP-ATR-SIGFOX1.3.2.0
2023-09-19 08:21:29,583 [WARN] PackLoader:240 - Cannot read IP mode file for SEGGER.I-CUBE-embOS.1.3.1
2023-09-19 08:21:29,708 [WARN] PackLoader:240 - Cannot read IP mode file for SEGGER.I-CUBE-embOS.1.3.0
2023-09-19 08:21:29,765 [WARN] PackLoader:240 - Cannot read IP mode file for STMicroelectronics.X-CUBE-GNSS1.6.0.0
2023-09-19 08:21:29,802 [WARN] PackLoader:240 - Cannot read IP mode file for STMicroelectronics.X-CUBE-AZRTOS-F4.1.1.0
2023-09-19 08:21:29,842 [WARN] PackLoader:240 - Cannot read IP mode file for STMicroelectronics.X-CUBE-AZRTOS-L5.2.0.0
2023-09-19 08:21:29,925 [WARN] PackLoader:240 - Cannot read IP mode file for STMicroelectronics.X-CUBE-MEMS1.9.6.0
2023-09-19 08:21:30,222 [WARN] PackLoader:240 - Cannot read IP mode file for emotas.I-CUBE-CANOPEN.1.1.3
2023-09-19 08:21:30,242 [WARN] PackLoader:240 - Cannot read IP mode file for STMicroelectronics.X-CUBE-BLEMGR.2.0.0
2023-09-19 08:21:30,267 [WARN] PackLoader:240 - Cannot read IP mode file for STMicroelectronics.X-CUBE-NFC4.2.0.5
2023-09-19 08:21:30,309 [WARN] ConditionMgr:438 - getConditionDescription Invalid condition id : UX DEVICE CLASS RTOS Condition cause : null
2023-09-19 08:21:30,309 [WARN] ConditionMgr:438 - getConditionDescription Invalid condition id : UX DEVICE CLASS RTOS Condition cause : null
2023-09-19 08:21:30,313 [WARN] PackLoader:240 - Cannot read IP mode file for STMicroelectronics.X-CUBE-AZRTOS-H7.3.1.0
2023-09-19 08:21:30,315 [WARN] ConditionMgr:1039 - genDependencies : Invalid condition id : UX DEVICE CLASS RTOS Condition cause : null
2023-09-19 08:21:30,315 [WARN] ConditionMgr:1039 - genDependencies : Invalid condition id : UX DEVICE CLASS RTOS Condition cause : null
2023-09-19 08:21:30,316 [WARN] ConditionMgr:1039 - genDependencies : Invalid condition id : UX DEVICE CLASS RTOS Condition cause : null
2023-09-19 08:21:30,317 [WARN] ConditionMgr:1039 - genDependencies : Invalid condition id : UX DEVICE CLASS RTOS Condition cause : null
2023-09-19 08:21:30,317 [WARN] ConditionMgr:1039 - genDependencies : Invalid condition id : UX DEVICE CLASS RTOS Condition cause : null
2023-09-19 08:21:30,338 [WARN] PackLoader:240 - Cannot read IP mode file for wolfSSL.I-CUBE-wolfSSL.5.5.4
2023-09-19 08:21:30,359 [WARN] PackLoader:240 - Cannot read IP mode file for STMicroelectronics.X-CUBE-NFC7.1.0.1
2023-09-19 08:21:30,378 [WARN] PackLoader:240 - Cannot read IP mode file for STMicroelectronics.X-CUBE-NFC7.1.0.0
2023-09-19 08:21:30,406 [WARN] PackLoader:240 - Cannot read IP mode file for STMicroelectronics.X-CUBE-NFC6.3.0.0
2023-09-19 08:21:30,444 [WARN] PackLoader:240 - Cannot read IP mode file for STMicroelectronics.X-CUBE-EEPRMA1.4.1.0
2023-09-19 08:21:30,489 [WARN] PackLoader:240 - Cannot read IP mode file for STMicroelectronics.X-CUBE-AI.8.1.0
2023-09-19 08:21:30,666 [WARN] ConditionMgr:438 - getConditionDescription Invalid condition id : LAN8742 Phy interface Condition cause : null
2023-09-19 08:21:30,673 [WARN] PackLoader:240 - Cannot read IP mode file for STMicroelectronics.X-CUBE-AZRTOS-L4.2.0.0
2023-09-19 08:21:30,675 [WARN] ConditionMgr:1039 - genDependencies : Invalid condition id : LAN8742 Phy interface Condition cause : null
2023-09-19 08:21:30,675 [WARN] ConditionMgr:1039 - genDependencies : Invalid condition id : LAN8742 Phy interface Condition cause : null
2023-09-19 08:21:30,677 [WARN] ConditionMgr:1039 - genDependencies : Invalid condition id : LAN8742 Phy interface Condition cause : null
2023-09-19 08:21:30,713 [WARN] PackLoader:240 - Cannot read IP mode file for STMicroelectronics.X-CUBE-SFXS2LP1.4.0.0
2023-09-19 08:21:30,761 [WARN] PackLoader:240 - Cannot read IP mode file for STMicroelectronics.X-CUBE-AZRTOS-H7.3.0.0
2023-09-19 08:21:30,799 [WARN] PackLoader:240 - Cannot read IP mode file for STMicroelectronics.X-CUBE-ISPU.1.1.0
2023-09-19 08:21:30,828 [WARN] PackLoader:240 - Cannot read IP mode file for RoweBots.I-CUBE-UNISONRTOS.5.5.0-4
2023-09-19 08:21:30,868 [WARN] ConditionMgr:438 - getConditionDescription Invalid condition id : UX DEVICE CLASS RTOS Condition cause : null
2023-09-19 08:21:30,869 [WARN] ConditionMgr:438 - getConditionDescription Invalid condition id : UX DEVICE CLASS RTOS Condition cause : null
2023-09-19 08:21:30,872 [WARN] PackLoader:240 - Cannot read IP mode file for STMicroelectronics.X-CUBE-AZRTOS-WB.2.0.0
2023-09-19 08:21:30,873 [WARN] ConditionMgr:1039 - genDependencies : Invalid condition id : UX DEVICE CLASS RTOS Condition cause : null
2023-09-19 08:21:30,874 [WARN] ConditionMgr:1039 - genDependencies : Invalid condition id : UX DEVICE CLASS RTOS Condition cause : null
2023-09-19 08:21:30,875 [WARN] ConditionMgr:1039 - genDependencies : Invalid condition id : UX DEVICE CLASS RTOS Condition cause : null
2023-09-19 08:21:30,875 [WARN] ConditionMgr:1039 - genDependencies : Invalid condition id : UX DEVICE CLASS RTOS Condition cause : null
2023-09-19 08:21:30,876 [WARN] ConditionMgr:1039 - genDependencies : Invalid condition id : UX DEVICE CLASS RTOS Condition cause : null
2023-09-19 08:21:30,892 [WARN] PackLoader:240 - Cannot read IP mode file for STMicroelectronics.X-CUBE-FREERTOS.1.0.1
2023-09-19 08:21:30,928 [WARN] PackLoader:240 - Cannot read IP mode file for STMicroelectronics.X-CUBE-AZRTOS-L5.1.1.0
2023-09-19 08:21:30,935 [INFO] WebApp:157 - Instantiating new browser for Auth
2023-09-19 08:21:30,948 [WARN] PackLoader:240 - Cannot read IP mode file for STMicroelectronics.X-CUBE-AI.8.0.1
2023-09-19 08:21:31,031 [WARN] PackLoader:240 - Cannot read IP mode file for STMicroelectronics.X-CUBE-SUBG2.5.0.0
2023-09-19 08:21:31,086 [WARN] PackLoader:240 - Cannot read IP mode file for STMicroelectronics.X-CUBE-TOF1.3.3.1
2023-09-19 08:21:31,168 [WARN] PackLoader:240 - Cannot read IP mode file for STMicroelectronics.X-CUBE-AZRTOS-G4.2.0.0
2023-09-19 08:21:31,202 [WARN] PackLoader:240 - Cannot read IP mode file for STMicroelectronics.X-CUBE-TOF1.3.3.0
2023-09-19 08:21:31,234 [WARN] PackLoader:240 - Cannot read IP mode file for STMicroelectronics.FP-ATR-ASTRA1.1.1.1
2023-09-19 08:21:31,273 [WARN] PackLoader:240 - Cannot read IP mode file for STMicroelectronics.X-CUBE-AZRTOS-G4.1.0.0
2023-09-19 08:21:31,316 [WARN] PackLoader:240 - Cannot read IP mode file for STMicroelectronics.X-CUBE-AZRTOS-L4.1.0.0
2023-09-19 08:21:31,337 [WARN] PackLoader:240 - Cannot read IP mode file for STMicroelectronics.X-CUBE-FREERTOS.1.1.0
2023-09-19 08:21:31,364 [WARN] PackLoader:240 - Cannot read IP mode file for STMicroelectronics.X-CUBE-AZRTOS-WL.1.0.0
2023-09-19 08:21:31,382 [WARN] PackLoader:240 - Cannot read IP mode file for portGmbH.I-Cube-SoM-uGOAL.1.1.0
2023-09-19 08:21:31,399 [WARN] PackLoader:240 - Cannot read IP mode file for STMicroelectronics.X-CUBE-ALS.1.0.1
2023-09-19 08:21:31,437 [WARN] PackLoader:240 - Cannot read IP mode file for STMicroelectronics.X-CUBE-AZRTOS-WB.1.1.0
2023-09-19 08:21:31,451 [WARN] PackLoader:240 - Cannot read IP mode file for STMicroelectronics.FP-ATR-ASTRA1.2.0.0
2023-09-19 08:21:31,453 [INFO] ThirdParty:978 - Integrity check success = true
2023-09-19 08:21:31,453 [INFO] IntegrityCheckThread:100 - exiting critical section [integrity check]
2023-09-19 08:21:31,453 [INFO] IntegrityCheckThread:103 - End integrity checks thread
2023-09-19 08:21:32,048 [INFO] WebApp:753 - Register for checkConnection events
2023-09-19 08:21:32,049 [INFO] WebApp:390 - Apply proxy settings
2023-09-19 08:21:32,049 [INFO] WebApp:475 - Chromium requires no authentication
2023-09-19 08:21:32,075 [INFO] WebApp:418 - Direct internet connection detected
2023-09-19 08:21:32,432 [INFO] WebApp:188 - Starting web application
2023-09-19 08:21:32,432 [INFO] WebApp:520 - Web application path used C:\ST\STM32CubeIDE_1.13.0\STM32CubeIDE\plugins\com.st.stm32cube.common.mx_6.9.0.202307051724\db\plugins\mcufinder\reactClient1\index.html
2023-09-19 08:21:54,095 [ERROR] LogOutputStream:75 - [STDERR_REDIRECT] SLF4J: Failed to load class "org.slf4j.impl.StaticLoggerBinder".
2023-09-19 08:21:54,096 [ERROR] LogOutputStream:75 - [STDERR_REDIRECT] SLF4J: Defaulting to no-operation (NOP) logger implementation
2023-09-19 08:21:54,098 [ERROR] LogOutputStream:75 - [STDERR_REDIRECT] SLF4J: See http://www.slf4j.org/codes.html#StaticLoggerBinder for further details.
2023-09-19 08:42:14,291 [INFO] McuFinderGlobals:63 - Set McuFinder mode to 2 (CubeIDE integrated)
2023-09-19 08:42:14,298 [INFO] MainUpdater:2868 - connection check result : 10
2023-09-19 08:42:14,300 [INFO] MainUpdater:2868 - connection check result : 10
2023-09-19 08:42:14,352 [INFO] MicroXplorer:468 - Change Database Path : 
2023-09-19 08:42:14,352 [INFO] MicroXplorer:498 - Change Database Version : DB.6.0.90
2023-09-19 08:42:14,356 [WARN] ThirdParty:871 - waiting for thirdparty lock release [close project]
2023-09-19 08:42:14,356 [INFO] ThirdParty:873 - entering critical section [close project]
2023-09-19 08:42:14,357 [INFO] ThirdParty:883 - exiting critical section [close project]
2023-09-19 08:42:14,361 [INFO] PinOutPanel:1499 - setPackage(No Configuration,No Configuration)
2023-09-19 08:42:14,371 [INFO] UtilMem:75 - Begin LoadConfig() Used Memory: 578397752 Bytes (853540864)
2023-09-19 08:42:14,373 [INFO] MicroXplorer:468 - Change Database Path : 
2023-09-19 08:42:14,373 [INFO] MicroXplorer:498 - Change Database Version : DB.6.0.90
2023-09-19 08:42:14,373 [INFO] OpenFileManager:308 - Change cursor
2023-09-19 08:42:14,410 [INFO] Mcu:1946 - Initializing MCU STM32F411V(C-E)Tx STM32F411VETx STM32F411VET6
2023-09-19 08:42:16,100 [INFO] Context:659 - Trying to add GPIOservice into a context  which must be forbidden
2023-09-19 08:42:16,992 [INFO] RtosManager:555 - Registered RTOS mode: class=CMSIS, group=RTOS, mode=CMSIS_V1, owner=FREERTOS
2023-09-19 08:42:16,992 [INFO] RtosManager:555 - Registered RTOS mode: class=CMSIS, group=RTOS2, mode=CMSIS_V2, owner=FREERTOS
2023-09-19 08:42:16,992 [INFO] RtosManager:555 - Registered RTOS mode: class=RTOS, group=Core, mode=CMSIS_V1, owner=FREERTOS
2023-09-19 08:42:16,992 [INFO] RtosManager:555 - Registered RTOS mode: class=RTOS, group=Core, mode=CMSIS_V2, owner=FREERTOS
2023-09-19 08:42:16,993 [WARN] ModelIntegratedComponent:184 - Missing modes for component STMicroelectronics:FreeRTOS:0.0.1:STMicroelectronics:RTOS:FreeRTOS:Core:::10.2.0:
2023-09-19 08:42:17,002 [WARN] ModelIntegratedComponent:182 - Modes not found for component STMicroelectronics:USB_HOST:1.0.0:STMicroelectronics:USB::USB Host:Audio HS::1.0:USB_HOST_1_0_RESTRICTED_HS
2023-09-19 08:42:17,003 [WARN] ModelIntegratedComponent:188 - Modes not found for component STMicroelectronics:USB_HOST:1.0.0:STMicroelectronics:USB::USB Host:Audio HS::1.0:USB_HOST_1_0_RESTRICTED_HS
2023-09-19 08:42:17,003 [WARN] ModelIntegratedComponent:182 - Modes not found for component STMicroelectronics:USB_HOST:1.0.0:STMicroelectronics:USB::USB Host:CDC HS::1.0:USB_HOST_1_0_RESTRICTED_HS
2023-09-19 08:42:17,003 [WARN] ModelIntegratedComponent:188 - Modes not found for component STMicroelectronics:USB_HOST:1.0.0:STMicroelectronics:USB::USB Host:CDC HS::1.0:USB_HOST_1_0_RESTRICTED_HS
2023-09-19 08:42:17,003 [WARN] ModelIntegratedComponent:182 - Modes not found for component STMicroelectronics:USB_HOST:1.0.0:STMicroelectronics:USB::USB Host:MSC HS::1.0:USB_HOST_1_0_RESTRICTED_HS
2023-09-19 08:42:17,003 [WARN] ModelIntegratedComponent:188 - Modes not found for component STMicroelectronics:USB_HOST:1.0.0:STMicroelectronics:USB::USB Host:MSC HS::1.0:USB_HOST_1_0_RESTRICTED_HS
2023-09-19 08:42:17,003 [WARN] ModelIntegratedComponent:182 - Modes not found for component STMicroelectronics:USB_HOST:1.0.0:STMicroelectronics:USB::USB Host:HID HS::1.0:USB_HOST_1_0_RESTRICTED_HS
2023-09-19 08:42:17,003 [WARN] ModelIntegratedComponent:188 - Modes not found for component STMicroelectronics:USB_HOST:1.0.0:STMicroelectronics:USB::USB Host:HID HS::1.0:USB_HOST_1_0_RESTRICTED_HS
2023-09-19 08:42:17,003 [WARN] ModelIntegratedComponent:182 - Modes not found for component STMicroelectronics:USB_HOST:1.0.0:STMicroelectronics:USB::USB Host:MTP HS::1.0:USB_HOST_1_0_RESTRICTED_HS
2023-09-19 08:42:17,003 [WARN] ModelIntegratedComponent:188 - Modes not found for component STMicroelectronics:USB_HOST:1.0.0:STMicroelectronics:USB::USB Host:MTP HS::1.0:USB_HOST_1_0_RESTRICTED_HS
2023-09-19 08:42:17,024 [WARN] ModelIntegratedComponent:63 - No mode defined for component null
2023-09-19 08:42:17,024 [WARN] ModelIntegratedComponent:63 - No mode defined for component null
2023-09-19 08:42:17,024 [WARN] ModelIntegratedComponent:63 - No mode defined for component null
2023-09-19 08:42:17,024 [WARN] ModelIntegratedComponent:63 - No mode defined for component null
2023-09-19 08:42:17,025 [WARN] ModelIntegratedComponent:63 - No mode defined for component null
2023-09-19 08:42:17,025 [WARN] ModelIntegratedComponent:63 - No mode defined for component null
2023-09-19 08:42:17,025 [WARN] ModelIntegratedComponent:63 - No mode defined for component null
2023-09-19 08:42:17,025 [WARN] ModelIntegratedComponent:63 - No mode defined for component null
2023-09-19 08:42:17,025 [WARN] ModelIntegratedComponent:63 - No mode defined for component null
2023-09-19 08:42:17,025 [WARN] ModelIntegratedComponent:63 - No mode defined for component null
2023-09-19 08:42:17,025 [WARN] ModelIntegratedComponent:63 - No mode defined for component null
2023-09-19 08:42:17,025 [WARN] ModelIntegratedComponent:63 - No mode defined for component null
2023-09-19 08:42:17,025 [WARN] ModelIntegratedComponent:63 - No mode defined for component null
2023-09-19 08:42:17,025 [WARN] ModelIntegratedComponent:63 - No mode defined for component null
2023-09-19 08:42:17,026 [WARN] ModelIntegratedComponent:63 - No mode defined for component null
2023-09-19 08:42:17,026 [WARN] ModelIntegratedComponent:63 - No mode defined for component null
2023-09-19 08:42:17,026 [WARN] ModelIntegratedComponent:63 - No mode defined for component null
2023-09-19 08:42:17,026 [WARN] ModelIntegratedComponent:63 - No mode defined for component null
2023-09-19 08:42:17,026 [WARN] ModelIntegratedComponent:63 - No mode defined for component null
2023-09-19 08:42:17,026 [WARN] ModelIntegratedComponent:63 - No mode defined for component null
2023-09-19 08:42:17,026 [WARN] ModelIntegratedComponent:63 - No mode defined for component null
2023-09-19 08:42:17,026 [WARN] ModelIntegratedComponent:63 - No mode defined for component null
2023-09-19 08:42:17,026 [WARN] ModelIntegratedComponent:63 - No mode defined for component null
2023-09-19 08:42:17,027 [WARN] ModelIntegratedComponent:63 - No mode defined for component null
2023-09-19 08:42:17,027 [WARN] ModelIntegratedComponent:63 - No mode defined for component null
2023-09-19 08:42:17,027 [WARN] ModelIntegratedComponent:63 - No mode defined for component null
2023-09-19 08:42:17,027 [WARN] ModelIntegratedComponent:63 - No mode defined for component null
2023-09-19 08:42:17,027 [WARN] ModelIntegratedComponent:63 - No mode defined for component null
2023-09-19 08:42:17,027 [WARN] ModelIntegratedComponent:63 - No mode defined for component null
2023-09-19 08:42:17,028 [WARN] ModelIntegratedComponent:63 - No mode defined for component null
2023-09-19 08:42:17,028 [WARN] ModelIntegratedComponent:63 - No mode defined for component null
2023-09-19 08:42:17,028 [WARN] ModelIntegratedComponent:63 - No mode defined for component null
2023-09-19 08:42:17,028 [WARN] ModelIntegratedComponent:63 - No mode defined for component null
2023-09-19 08:42:17,038 [WARN] ModelIntegratedComponent:182 - Modes not found for component STMicroelectronics:USB_DEVICE:1.0.0:STMicroelectronics:USB::USB Device:Audio HS::1.0:USB_DEVICE_1_0_RESTRICTED_HS
2023-09-19 08:42:17,038 [WARN] ModelIntegratedComponent:188 - Modes not found for component STMicroelectronics:USB_DEVICE:1.0.0:STMicroelectronics:USB::USB Device:Audio HS::1.0:USB_DEVICE_1_0_RESTRICTED_HS
2023-09-19 08:42:17,039 [WARN] ModelIntegratedComponent:182 - Modes not found for component STMicroelectronics:USB_DEVICE:1.0.0:STMicroelectronics:USB::USB Device:CDC HS::1.0:USB_DEVICE_1_0_RESTRICTED_HS
2023-09-19 08:42:17,039 [WARN] ModelIntegratedComponent:188 - Modes not found for component STMicroelectronics:USB_DEVICE:1.0.0:STMicroelectronics:USB::USB Device:CDC HS::1.0:USB_DEVICE_1_0_RESTRICTED_HS
2023-09-19 08:42:17,039 [WARN] ModelIntegratedComponent:182 - Modes not found for component STMicroelectronics:USB_DEVICE:1.0.0:STMicroelectronics:USB::USB Device:DFU HS::1.0:USB_DEVICE_1_0_RESTRICTED_HS
2023-09-19 08:42:17,039 [WARN] ModelIntegratedComponent:188 - Modes not found for component STMicroelectronics:USB_DEVICE:1.0.0:STMicroelectronics:USB::USB Device:DFU HS::1.0:USB_DEVICE_1_0_RESTRICTED_HS
2023-09-19 08:42:17,039 [WARN] ModelIntegratedComponent:182 - Modes not found for component STMicroelectronics:USB_DEVICE:1.0.0:STMicroelectronics:USB::USB Device:HID HS::1.0:USB_DEVICE_1_0_RESTRICTED_HS
2023-09-19 08:42:17,039 [WARN] ModelIntegratedComponent:188 - Modes not found for component STMicroelectronics:USB_DEVICE:1.0.0:STMicroelectronics:USB::USB Device:HID HS::1.0:USB_DEVICE_1_0_RESTRICTED_HS
2023-09-19 08:42:17,039 [WARN] ModelIntegratedComponent:182 - Modes not found for component STMicroelectronics:USB_DEVICE:1.0.0:STMicroelectronics:USB::USB Device:Custom HID HS::1.0:USB_DEVICE_1_0_RESTRICTED_HS
2023-09-19 08:42:17,040 [WARN] ModelIntegratedComponent:188 - Modes not found for component STMicroelectronics:USB_DEVICE:1.0.0:STMicroelectronics:USB::USB Device:Custom HID HS::1.0:USB_DEVICE_1_0_RESTRICTED_HS
2023-09-19 08:42:17,040 [WARN] ModelIntegratedComponent:182 - Modes not found for component STMicroelectronics:USB_DEVICE:1.0.0:STMicroelectronics:USB::USB Device:MSC HS::1.0:USB_DEVICE_1_0_RESTRICTED_HS
2023-09-19 08:42:17,040 [WARN] ModelIntegratedComponent:188 - Modes not found for component STMicroelectronics:USB_DEVICE:1.0.0:STMicroelectronics:USB::USB Device:MSC HS::1.0:USB_DEVICE_1_0_RESTRICTED_HS
2023-09-19 08:42:17,083 [INFO] ThirdPartyModel:298 - Start build external matchings
2023-09-19 08:42:18,032 [INFO] ThirdPartyModel:316 - End build external matchings
2023-09-19 08:42:18,067 [INFO] ImportTextPane:194 - (OptionalMessage_ERROR) IP (RCC) : Parameter (RTCHSEDivFreq_Value) has invalid value (4000000)
2023-09-19 08:42:18,563 [INFO] UtilMem:75 - End LoadConfig() Used Memory: 852779920 Bytes (1073741824)
2023-09-19 08:42:18,803 [INFO] ApiDb:581 - Connected to CubeFinder SQLite database (C:\Users\ACER\.stmcufinder\plugins\mcufinder\mcu\cube-finder-db.db)
2023-09-19 08:42:18,912 [INFO] ApiDb:668 - CubeFinder database Data Model version=2.1
2023-09-19 08:42:18,913 [INFO] ApiDb:669 - CubeFinder database Configuration version=3.0.37
2023-09-19 08:42:18,915 [INFO] ApiDb:670 - CubeFinder database generation date=2023-08-31 (1693470701)
2023-09-19 08:42:18,915 [INFO] ApiDb:671 - CubeFinder database FW Pack versions=[FP-ATR-ASTRA1_V2.0.0, FP-SNS-FLIGHT1_V5.0.1, FP-SNS-FLIGHT1_V5.0.2, FP-SNS-MOTENV1_V4.3.1, FP-SNS-MOTENV1_V4.3.2, STM32Cube_FW_C0_V1.1.0, STM32Cube_FW_F4_V1.27.1, STM32Cube_FW_F7_V1.17.0, STM32Cube_FW_G0_V1.6.1, STM32Cube_FW_G4_V1.5.1, STM32Cube_FW_H5_V0.5.1, STM32Cube_FW_H5_V1.1.1, STM32Cube_FW_H7_V1.11.0, STM32Cube_FW_L0_V1.12.2, STM32Cube_FW_L5_V1.5.0, STM32Cube_FW_U5_V1.3.0, STM32Cube_FW_U5_V1.3.0RC4, STM32Cube_FW_WBA_V1.0.0RC1, STM32Cube_FW_WBA_V1.1.0, STM32Cube_FW_WBA_V1.1.0RC1, STM32Cube_FW_WB_V1.15.0RC1, STM32Cube_FW_WB_V1.16.0, STM32Cube_FW_WB_V1.16.0RC2, STM32Cube_FW_WB_V1.17.0, STM32Cube_FW_WB_V1.17.2, STM32Cube_FW_WL_V1.3.0, X-CUBE-ALGOBUILD_V1.3.0, X-CUBE-ALS_V1.0.1, X-CUBE-AZRTOS-F4_V1.1.0, X-CUBE-AZRTOS-F7_V1.1.0, X-CUBE-AZRTOS-G0_V1.1.0, X-CUBE-AZRTOS-G4_V2.0.0, X-CUBE-AZRTOS-H7_V3.1.0, X-CUBE-AZRTOS-L4_V1.0.0, X-CUBE-AZRTOS-L4_V2.0.0, X-CUBE-AZRTOS-L5_V1.1.0, X-CUBE-AZRTOS-WB_V2.0.0, X-CUBE-AZRTOS-WL_V2.0.0, X-CUBE-BLE1_V7.0.0, X-CUBE-BLE2_V3.3.0, X-CUBE-BLEMGR_V2.0.0, X-CUBE-EEPRMA1_V4.1.0, X-CUBE-FREERTOS_V1.1.0, X-CUBE-GNSS1_V6.0.0, X-CUBE-MEMS1_V9.1.0, X-CUBE-MEMS1_V9.4.0, X-CUBE-MEMS1_V9.6.0, X-CUBE-NFC4_V3.0.0, X-CUBE-NFC7_V1.0.0, X-CUBE-SFXS2LP1_V4.0.0, X-CUBE-SUBG2_V5.0.0, X-CUBE-TOF1_V3.3.1]
2023-09-19 08:42:21,329 [INFO] ApiDb:240 - Found 323 in-development CPN: [B-G473E-ZEST1S, B-WB1M-WPAN1, B-WL5M-SUBG1, NUCLEO-C031C6, NUCLEO-H503RB, NUCLEO-H563ZI, NUCLEO-U545RE-Q, NUCLEO-U5A5ZJ-Q, NUCLEO-WBA52CG, STEVAL-PROTEUS1, STEVAL-SMARTAG2, STEVAL-STWINBX1, STM320518-EVAL, STM32C0116-DK, STM32C011D6Y3TR, STM32C011D6Y6TR, STM32C011F4P3, STM32C011F4P6, STM32C011F4U3, STM32C011F4U6TR, STM32C011F6P3, STM32C011F6P6, STM32C011F6U3, STM32C011F6U6TR, STM32C011J4M3, STM32C011J4M6, STM32C011J6M3, STM32C011J6M6, STM32C0316-DK, STM32C031C4T3, STM32C031C4T6, STM32C031C4U3, STM32C031C4U6, STM32C031C6T3, STM32C031C6T6, STM32C031C6U3, STM32C031C6U6, STM32C031F4P3, STM32C031F4P6, STM32C031F6P3, STM32C031F6P6, STM32C031G4U3, STM32C031G4U6, STM32C031G6U3, STM32C031G6U6, STM32C031K4T3, STM32C031K4T6, STM32C031K4U3, STM32C031K4U6, STM32C031K6T3, STM32C031K6T6, STM32C031K6U3, STM32C031K6U6, STM32G071K8TXN, STM32G071K8UXN, STM32G081GBU6N, STM32G081KBT6N, STM32G081KBUXN, STM32G0B1CCT6N, STM32G0B1KCT6, STM32G0B1NEY6TR, STM32G0B1RCT6N, STM32G0C1CCT6, STM32G0C1CCT6N, STM32G0C1CCU6N, STM32G0C1CET6N, STM32G0C1CEU6N, STM32G0C1KCT6, STM32G0C1NEY6TR, STM32G0C1RCI6N, STM32G0C1RCT6N, STM32G0C1REI6N, STM32G0C1RET6N, STM32G0C1VCI6, STM32G0C1VEI6, STM32G471CCT6, STM32G471CCU6, STM32G471CET3, STM32G471CET6, STM32G471CEU3, STM32G471CEU6, STM32G471MCT6, STM32G471MET3, STM32G471MET6, STM32G471MEY6TR, STM32G471QCT6, STM32G471QET3, STM32G471RCT6, STM32G471RET3, STM32G471RET6, STM32G471VCH6, STM32G471VCI6, STM32G471VCT6, STM32G471VEH3, STM32G471VEH6, STM32G471VEI3, STM32G471VEI6, STM32G471VET3, STM32G471VET6, STM32G474CCT6, STM32H503CBT6, STM32H503CBU6, STM32H503EBY6TR, STM32H503KBU6, STM32H503RBT6, STM32H562AGI6, STM32H562AII6, STM32H562IGK6, STM32H562IGT6, STM32H562IIK6, STM32H562IIT6, STM32H562RGT6, STM32H562RGV6, STM32H562RIT6, STM32H562RIV6, STM32H562VGT6, STM32H562VIT6, STM32H562ZGT6, STM32H562ZIT6, STM32H563AGI6, STM32H563AII3Q, STM32H563AII6, STM32H563IGK6, STM32H563IGT6, STM32H563IIK3Q, STM32H563IIK6, STM32H563IIT3Q, STM32H563IIT6, STM32H563MIY3QTR, STM32H563RGT6, STM32H563RGV6, STM32H563RIT6, STM32H563RIV6, STM32H563VGT6, STM32H563VIT3Q, STM32H563VIT6, STM32H563ZGT6, STM32H563ZIT3Q, STM32H563ZIT6, STM32H573AII3Q, STM32H573AII6, STM32H573I-DK, STM32H573IIK3Q, STM32H573IIK6, STM32H573IIT3Q, STM32H573IIT6, STM32H573MIY3QTR, STM32H573RIT6, STM32H573RIV6, STM32H573VIT3Q, STM32H573VIT6, STM32H573ZIT3Q, STM32H573ZIT6, STM32L4R5QGI6STR, STM32MP131AAE3, STM32MP131AAF3, STM32MP131AAG3, STM32MP131CAE3, STM32MP131CAF3, STM32MP131CAG3, STM32MP131DAE7, STM32MP131DAF7, STM32MP131DAG7, STM32MP131FAE7, STM32MP131FAF7, STM32MP131FAG7, STM32MP133AAE3, STM32MP133AAF3, STM32MP133AAG3, STM32MP133CAE3, STM32MP133CAF3, STM32MP133CAG3, STM32MP133DAE7, STM32MP133DAF7, STM32MP133DAG7, STM32MP133FAE7, STM32MP133FAF7, STM32MP133FAG7, STM32MP135AAE3, STM32MP135AAF3, STM32MP135AAG3, STM32MP135CAE3, STM32MP135CAF3, STM32MP135CAG3, STM32MP135DAE7, STM32MP135DAF7, STM32MP135DAG7, STM32MP135F-DK, STM32MP135FAE7, STM32MP135FAF7, STM32MP135FAF7T, STM32MP135FAF7U, STM32MP135FAG7, STM32U535CBT6, STM32U535CBT6Q, STM32U535CBU6, STM32U535CBU6Q, STM32U535CCT6, STM32U535CCT6Q, STM32U535CCU6, STM32U535CCU6Q, STM32U535CET6, STM32U535CET6Q, STM32U535CEU6, STM32U535CEU6Q, STM32U535JEY6QTR, STM32U535NCY6QTR, STM32U535NEY6QTR, STM32U535RBI6, STM32U535RBI6Q, STM32U535RBT6, STM32U535RBT6Q, STM32U535RCI6, STM32U535RCI6Q, STM32U535RCT6, STM32U535RCT6Q, STM32U535REI6, STM32U535REI6Q, STM32U535RET6, STM32U535RET6Q, STM32U535VCI6, STM32U535VCI6Q, STM32U535VCT6, STM32U535VCT6Q, STM32U535VEI6, STM32U535VEI6Q, STM32U535VET6, STM32U535VET6Q, STM32U545CET6, STM32U545CET6Q, STM32U545CEU6, STM32U545CEU6Q, STM32U545JEY6QTR, STM32U545NEY6QTR, STM32U545REI6, STM32U545REI6Q, STM32U545RET6, STM32U545RET6Q, STM32U545VEI6, STM32U545VEI6Q, STM32U545VET6, STM32U545VET6Q, STM32U595AIH6, STM32U595AIH6Q, STM32U595AJH6, STM32U595AJH6Q, STM32U595QII6, STM32U595QII6Q, STM32U595QJI6, STM32U595QJI6Q, STM32U595RIT6, STM32U595RIT6Q, STM32U595RJT6, STM32U595RJT6Q, STM32U595VIT6, STM32U595VIT6Q, STM32U595VJT6, STM32U595VJT6Q, STM32U595ZIT6, STM32U595ZIT6Q, STM32U595ZIY6QTR, STM32U595ZJT6, STM32U595ZJT6Q, STM32U595ZJY6QTR, STM32U599BJY6QTR, STM32U599NIH6Q, STM32U599NJH6Q, STM32U599VIT6Q, STM32U599VJT6, STM32U599VJT6Q, STM32U599ZIT6Q, STM32U599ZIY6QTR, STM32U599ZJT6Q, STM32U599ZJY6QTR, STM32U5A5AJH6, STM32U5A5AJH6Q, STM32U5A5QJI6, STM32U5A5QJI6Q, STM32U5A5RJT6, STM32U5A5RJT6Q, STM32U5A5VJT6, STM32U5A5VJT6Q, STM32U5A5ZJT6, STM32U5A5ZJT6Q, STM32U5A5ZJY6QTR, STM32U5A9BJY6QTR, STM32U5A9J-DK, STM32U5A9NJH6Q, STM32U5A9VJT6Q, STM32U5A9ZJT6Q, STM32U5A9ZJY6QTR, STM32U5F7VIT6, STM32U5F7VIT6Q, STM32U5F7VJT6, STM32U5F7VJT6Q, STM32U5F9BJY6QTR, STM32U5F9NJH6Q, STM32U5F9VIT6Q, STM32U5F9VJT6Q, STM32U5F9ZIJ6QTR, STM32U5F9ZIT6Q, STM32U5F9ZJJ6QTR, STM32U5F9ZJT6Q, STM32U5G7VJT6, STM32U5G7VJT6Q, STM32U5G9BJY6QTR, STM32U5G9J-DK1, STM32U5G9J-DK2, STM32U5G9NJH6Q, STM32U5G9VJT6Q, STM32U5G9ZJJ6QTR, STM32U5G9ZJT6Q, STM32WB1MMCH6, STM32WBA52CEU6, STM32WBA52CEU6T, STM32WBA52CGU6, STM32WBA52CGU6T, STM32WBA52KEU6, STM32WBA52KEU6T, STM32WBA52KGU6, STM32WBA52KGU6T, STM32WL5MOCH6, STM32WL5MOCH6TR]
2023-09-19 08:42:21,335 [INFO] DbMcus:217 - Found 3848 MCUs, 3848 are supported
2023-09-19 08:42:21,336 [INFO] ApiDb:423 - Load user favorites file C:\Users\ACER/.stm32cubeide/favorites.mcus.txt: 0 item(s)
2023-09-19 08:42:21,336 [INFO] ApiDb:427 - User favorites MCUs=[]
2023-09-19 08:42:21,336 [INFO] DbMcus:223 - Set 0 / 0 favorites MCUs
2023-09-19 08:42:21,932 [WARN] ThirdParty:833 - waiting for thirdparty lock release [change project]
2023-09-19 08:42:21,932 [INFO] ThirdParty:835 - entering critical section [change project]
2023-09-19 08:42:21,932 [INFO] ThirdParty:1030 - CMSIS Pack Vendor :STMicroelectronics X-CUBE-ISPU 1.1.0
2023-09-19 08:42:21,932 [INFO] ThirdParty:1030 - CMSIS Pack Vendor :STMicroelectronics USBPD 4.1
2023-09-19 08:42:21,932 [INFO] ThirdParty:1030 - CMSIS Pack Vendor :RoweBots I-CUBE-UNISONRTOS 5.5.0-4
2023-09-19 08:42:21,933 [INFO] ThirdParty:1030 - CMSIS Pack Vendor :STMicroelectronics X-CUBE-GNSS1 6.0.0
2023-09-19 08:42:21,933 [INFO] ThirdParty:1030 - CMSIS Pack Vendor :STMicroelectronics USB_HOST 2.0.0
2023-09-19 08:42:21,933 [INFO] ThirdParty:1030 - CMSIS Pack Vendor :STMicroelectronics X-CUBE-AZRTOS-F4 1.1.0
2023-09-19 08:42:21,933 [INFO] ThirdParty:1030 - CMSIS Pack Vendor :STMicroelectronics LIBJPEG 8.0.0
2023-09-19 08:42:21,933 [INFO] ThirdParty:1030 - CMSIS Pack Vendor :STMicroelectronics X-CUBE-SMBUS 2.1.0
2023-09-19 08:42:21,933 [INFO] ThirdParty:1030 - CMSIS Pack Vendor :STMicroelectronics USB_DEVICE 3.0.0
2023-09-19 08:42:21,933 [INFO] ThirdParty:1030 - CMSIS Pack Vendor :STMicroelectronics X-CUBE-AZRTOS-WB 2.0.0
2023-09-19 08:42:21,933 [INFO] ThirdParty:1030 - CMSIS Pack Vendor :STMicroelectronics X-CUBE-FREERTOS 1.0.1
2023-09-19 08:42:21,933 [INFO] ThirdParty:1030 - CMSIS Pack Vendor :STMicroelectronics X-CUBE-TOUCHGFX 4.21.0
2023-09-19 08:42:21,934 [INFO] ThirdParty:1030 - CMSIS Pack Vendor :STMicroelectronics X-CUBE-AZRTOS-F7 1.1.0
2023-09-19 08:42:21,934 [INFO] ThirdParty:1030 - CMSIS Pack Vendor :STMicroelectronics X-CUBE-TOUCHGFX 4.21.4
2023-09-19 08:42:21,934 [INFO] ThirdParty:1030 - CMSIS Pack Vendor :STMicroelectronics X-CUBE-AZRTOS-L5 2.0.0
2023-09-19 08:42:21,934 [INFO] ThirdParty:1030 - CMSIS Pack Vendor :STMicroelectronics X-CUBE-MEMS1 9.4.0
2023-09-19 08:42:21,934 [INFO] ThirdParty:1030 - CMSIS Pack Vendor :STMicroelectronics USB_DEVICE 2.0.0
2023-09-19 08:42:21,934 [INFO] ThirdParty:1030 - CMSIS Pack Vendor :STMicroelectronics X-CUBE-AI 7.3.0
2023-09-19 08:42:21,934 [INFO] ThirdParty:1030 - CMSIS Pack Vendor :STMicroelectronics X-CUBE-MEMS1 9.6.0
2023-09-19 08:42:21,934 [INFO] ThirdParty:1030 - CMSIS Pack Vendor :STMicroelectronics FP-SNS-MOTENV1 4.3.2
2023-09-19 08:42:21,935 [INFO] ThirdParty:1030 - CMSIS Pack Vendor :STMicroelectronics FP-SNS-MOTENV1 4.3.1
2023-09-19 08:42:21,935 [INFO] ThirdParty:1030 - CMSIS Pack Vendor :STMicroelectronics FP-SNS-FLIGHT1 5.0.1
2023-09-19 08:42:21,935 [INFO] ThirdParty:1030 - CMSIS Pack Vendor :STMicroelectronics X-CUBE-ALGOBUILD 1.3.0
2023-09-19 08:42:21,935 [INFO] ThirdParty:1030 - CMSIS Pack Vendor :STMicroelectronics X-CUBE-BLE1 6.2.4
2023-09-19 08:42:21,935 [INFO] ThirdParty:1030 - CMSIS Pack Vendor :STMicroelectronics X-CUBE-AZRTOS-L5 1.1.0
2023-09-19 08:42:21,935 [INFO] ThirdParty:1030 - CMSIS Pack Vendor :STMicroelectronics FreeRTOS 0.0.1
2023-09-19 08:42:21,935 [INFO] ThirdParty:1030 - CMSIS Pack Vendor :STMicroelectronics X-CUBE-AZRTOS-G0 1.1.0
2023-09-19 08:42:21,935 [INFO] ThirdParty:1030 - CMSIS Pack Vendor :emotas I-CUBE-CANOPEN 1.1.3
2023-09-19 08:42:21,936 [INFO] ThirdParty:1030 - CMSIS Pack Vendor :STMicroelectronics X-CUBE-BLEMGR 2.0.0
2023-09-19 08:42:21,936 [INFO] ThirdParty:1030 - CMSIS Pack Vendor :STMicroelectronics X-CUBE-AI 8.0.1
2023-09-19 08:42:21,936 [INFO] ThirdParty:1030 - CMSIS Pack Vendor :STMicroelectronics X-CUBE-NFC4 3.0.0
2023-09-19 08:42:21,936 [INFO] ThirdParty:1030 - CMSIS Pack Vendor :STMicroelectronics X-CUBE-SUBG2 5.0.0
2023-09-19 08:42:21,936 [INFO] ThirdParty:1030 - CMSIS Pack Vendor :STMicroelectronics STM32_WPAN 1.0.0
2023-09-19 08:42:21,936 [INFO] ThirdParty:1030 - CMSIS Pack Vendor :STMicroelectronics lwIP 2.0.3
2023-09-19 08:42:21,936 [INFO] ThirdParty:1030 - CMSIS Pack Vendor :STMicroelectronics FP-SNS-FLIGHT1 5.0.2
2023-09-19 08:42:21,936 [INFO] ThirdParty:1030 - CMSIS Pack Vendor :STMicroelectronics X-CUBE-NFC4 2.0.5
2023-09-19 08:42:21,936 [INFO] ThirdParty:1030 - CMSIS Pack Vendor :STMicroelectronics USB_HOST 1.0.0
2023-09-19 08:42:21,936 [INFO] ThirdParty:1030 - CMSIS Pack Vendor :STMicroelectronics X-CUBE-TOF1 3.3.1
2023-09-19 08:42:21,936 [INFO] ThirdParty:1030 - CMSIS Pack Vendor :STMicroelectronics X-CUBE-AZRTOS-G4 2.0.0
2023-09-19 08:42:21,936 [INFO] ThirdParty:1030 - CMSIS Pack Vendor :STMicroelectronics PDM2PCM 3.1.0
2023-09-19 08:42:21,937 [INFO] ThirdParty:1030 - CMSIS Pack Vendor :STMicroelectronics X-CUBE-AZRTOS-H7 3.1.0
2023-09-19 08:42:21,937 [INFO] ThirdParty:1030 - CMSIS Pack Vendor :STMicroelectronics X-CUBE-TOF1 3.3.0
2023-09-19 08:42:21,937 [INFO] ThirdParty:1030 - CMSIS Pack Vendor :STMicroelectronics FP-ATR-ASTRA1 1.1.1
2023-09-19 08:42:21,937 [INFO] ThirdParty:1030 - CMSIS Pack Vendor :STMicroelectronics PDM2PCM 3.3.0
2023-09-19 08:42:21,937 [INFO] ThirdParty:1030 - CMSIS Pack Vendor :STMicroelectronics X-CUBE-DISPLAY 3.0.0
2023-09-19 08:42:21,937 [INFO] ThirdParty:1030 - CMSIS Pack Vendor :STMicroelectronics X-CUBE-BLEMGR 1.3.0
2023-09-19 08:42:21,937 [INFO] ThirdParty:1030 - CMSIS Pack Vendor :STMicroelectronics X-CUBE-BLE1 7.0.0
2023-09-19 08:42:21,937 [INFO] ThirdParty:1030 - CMSIS Pack Vendor :STMicroelectronics FP-ATR-SIGFOX1 3.2.0
2023-09-19 08:42:21,937 [INFO] ThirdParty:1030 - CMSIS Pack Vendor :STMicroelectronics X-CUBE-AZRTOS-G4 1.0.0
2023-09-19 08:42:21,937 [INFO] ThirdParty:1030 - CMSIS Pack Vendor :wolfSSL I-CUBE-wolfSSL 5.5.4
2023-09-19 08:42:21,937 [INFO] ThirdParty:1030 - CMSIS Pack Vendor :STMicroelectronics X-CUBE-AZRTOS-L4 1.0.0
2023-09-19 08:42:21,937 [INFO] ThirdParty:1030 - CMSIS Pack Vendor :STMicroelectronics HAL Drivers 0.0.0
2023-09-19 08:42:21,937 [INFO] ThirdParty:1030 - CMSIS Pack Vendor :STMicroelectronics MBEDTLS 2.16.2
2023-09-19 08:42:21,937 [INFO] ThirdParty:1030 - CMSIS Pack Vendor :STMicroelectronics X-CUBE-FREERTOS 1.1.0
2023-09-19 08:42:21,937 [INFO] ThirdParty:1030 - CMSIS Pack Vendor :STMicroelectronics X-CUBE-TOUCHGFX 4.22.0
2023-09-19 08:42:21,937 [INFO] ThirdParty:1030 - CMSIS Pack Vendor :STMicroelectronics X-CUBE-NFC7 1.0.1
2023-09-19 08:42:21,938 [INFO] ThirdParty:1030 - CMSIS Pack Vendor :STMicroelectronics MBEDTLS 2.14.1
2023-09-19 08:42:21,938 [INFO] ThirdParty:1030 - CMSIS Pack Vendor :STMicroelectronics X-CUBE-NFC7 1.0.0
2023-09-19 08:42:21,938 [INFO] ThirdParty:1030 - CMSIS Pack Vendor :STMicroelectronics X-CUBE-AZRTOS-WL 1.0.0
2023-09-19 08:42:21,938 [INFO] ThirdParty:1030 - CMSIS Pack Vendor :STMicroelectronics X-CUBE-NFC6 3.0.0
2023-09-19 08:42:21,938 [INFO] ThirdParty:1030 - CMSIS Pack Vendor :STMicroelectronics X-CUBE-EEPRMA1 4.1.0
2023-09-19 08:42:21,938 [INFO] ThirdParty:1030 - CMSIS Pack Vendor :portGmbH I-Cube-SoM-uGOAL 1.1.0
2023-09-19 08:42:21,938 [INFO] ThirdParty:1030 - CMSIS Pack Vendor :STMicroelectronics X-CUBE-ALS 1.0.1
2023-09-19 08:42:21,938 [INFO] ThirdParty:1030 - CMSIS Pack Vendor :STMicroelectronics ThreadX 1.0.0
2023-09-19 08:42:21,938 [INFO] ThirdParty:1030 - CMSIS Pack Vendor :STMicroelectronics FP-SNS-SMARTAG2 1.2.0
2023-09-19 08:42:21,938 [INFO] ThirdParty:1030 - CMSIS Pack Vendor :STMicroelectronics X-CUBE-AZRTOS-WB 1.1.0
2023-09-19 08:42:21,938 [INFO] ThirdParty:1030 - CMSIS Pack Vendor :STMicroelectronics X-CUBE-AZRTOS-WL 2.0.0
2023-09-19 08:42:21,938 [INFO] ThirdParty:1030 - CMSIS Pack Vendor :SEGGER I-CUBE-embOS 1.3.1
2023-09-19 08:42:21,938 [INFO] ThirdParty:1030 - CMSIS Pack Vendor :STMicroelectronics USB_DEVICE 1.0.0
2023-09-19 08:42:21,938 [INFO] ThirdParty:1030 - CMSIS Pack Vendor :STMicroelectronics X-CUBE-AI 8.1.0
2023-09-19 08:42:21,938 [INFO] ThirdParty:1030 - CMSIS Pack Vendor :SEGGER I-CUBE-embOS 1.3.0
2023-09-19 08:42:21,938 [INFO] ThirdParty:1030 - CMSIS Pack Vendor :STMicroelectronics X-CUBE-AZRTOS-L4 2.0.0
2023-09-19 08:42:21,939 [INFO] ThirdParty:1030 - CMSIS Pack Vendor :STMicroelectronics ThreadX 0.0.2
2023-09-19 08:42:21,939 [INFO] ThirdParty:1030 - CMSIS Pack Vendor :WES I-CUBE-Cesium 1.3.0
2023-09-19 08:42:21,939 [INFO] ThirdParty:1030 - CMSIS Pack Vendor :STMicroelectronics FP-ATR-ASTRA1 2.0.0
2023-09-19 08:42:21,939 [INFO] ThirdParty:1030 - CMSIS Pack Vendor :STMicroelectronics lwIP 2.1.2
2023-09-19 08:42:21,939 [INFO] ThirdParty:1030 - CMSIS Pack Vendor :STMicroelectronics X-CUBE-SFXS2LP1 4.0.0
2023-09-19 08:42:21,939 [INFO] ThirdParty:1030 - CMSIS Pack Vendor :STMicroelectronics X-CUBE-BLE2 3.3.0
2023-09-19 08:42:21,939 [INFO] ThirdParty:1030 - CMSIS Pack Vendor :STMicroelectronics X-CUBE-DISPLAY 2.2.0
2023-09-19 08:42:21,939 [INFO] ThirdParty:1030 - CMSIS Pack Vendor :STMicroelectronics X-CUBE-TOF1 3.2.0
2023-09-19 08:42:21,939 [INFO] ThirdParty:1030 - CMSIS Pack Vendor :STMicroelectronics PDM2PCM 3.2.0
2023-09-19 08:42:21,939 [INFO] ThirdParty:1030 - CMSIS Pack Vendor :STMicroelectronics X-CUBE-AZRTOS-H7 3.0.0
2023-09-19 08:42:21,939 [INFO] ThirdParty:841 - exiting critical section [change project]
2023-09-19 08:42:22,690 [INFO] PinOutPanel:1499 - setPackage(No Configuration,No Configuration)
2023-09-19 08:42:22,692 [INFO] PinOutPanel:1499 - setPackage(STM32F411VETx,LQFP100)
2023-09-19 08:42:23,462 [INFO] UtilMem:75 - Before build in PCC Used Memory: 685205504 Bytes (1073741824)
2023-09-19 08:42:24,729 [INFO] UtilMem:75 - After build in PCC Used Memory: 770368208 Bytes (1073741824)
2023-09-19 08:42:24,890 [INFO] ApiDbMcu:507 - Load IP Config File for USB_HOST
2023-09-19 08:42:24,892 [WARN] BspModel:444 - BSP dependency skipped because of component: name='IOExpander', api='Unknown'
2023-09-19 08:42:24,942 [INFO] IPUIPlugin:80 - create IPUIPlugin
2023-09-19 08:42:24,943 [INFO] IPUIPlugin:80 - create IPUIPlugin
2023-09-19 08:42:24,943 [INFO] IPUIPlugin:80 - create IPUIPlugin
2023-09-19 08:42:24,944 [INFO] IPUIPlugin:80 - create IPUIPlugin
2023-09-19 08:42:24,944 [INFO] IPUIPlugin:80 - create IPUIPlugin
2023-09-19 08:42:24,944 [INFO] IPUIPlugin:80 - create IPUIPlugin
2023-09-19 08:42:24,944 [INFO] IPUIPlugin:80 - create IPUIPlugin
2023-09-19 08:42:24,945 [INFO] IPUIPlugin:80 - create IPUIPlugin
2023-09-19 08:42:24,945 [INFO] IPUIPlugin:80 - create IPUIPlugin
2023-09-19 08:42:24,945 [INFO] IPUIPlugin:80 - create IPUIPlugin
2023-09-19 08:42:24,945 [INFO] IPUIPlugin:80 - create IPUIPlugin
2023-09-19 08:42:24,946 [INFO] IPUIPlugin:80 - create IPUIPlugin
2023-09-19 08:42:24,946 [INFO] IPUIPlugin:80 - create IPUIPlugin
2023-09-19 08:42:24,946 [INFO] IPUIPlugin:80 - create IPUIPlugin
2023-09-19 08:42:24,947 [INFO] IPUIPlugin:80 - create IPUIPlugin
2023-09-19 08:42:24,947 [INFO] IPUIPlugin:80 - create IPUIPlugin
2023-09-19 08:42:24,948 [INFO] IPUIPlugin:80 - create IPUIPlugin
2023-09-19 08:42:24,948 [INFO] IPUIPlugin:80 - create IPUIPlugin
2023-09-19 08:42:24,949 [INFO] IPUIPlugin:80 - create IPUIPlugin
2023-09-19 08:42:24,949 [INFO] IPUIPlugin:80 - create IPUIPlugin
2023-09-19 08:42:24,949 [INFO] IPUIPlugin:80 - create IPUIPlugin
2023-09-19 08:42:24,949 [INFO] IPUIPlugin:80 - create IPUIPlugin
2023-09-19 08:42:24,950 [INFO] IPUIPlugin:80 - create IPUIPlugin
2023-09-19 08:42:24,950 [INFO] IPUIPlugin:80 - create IPUIPlugin
2023-09-19 08:42:24,950 [INFO] IPUIPlugin:80 - create IPUIPlugin
2023-09-19 08:42:24,950 [INFO] IPUIPlugin:80 - create IPUIPlugin
2023-09-19 08:42:24,951 [INFO] IPUIPlugin:80 - create IPUIPlugin
2023-09-19 08:42:24,951 [INFO] IPUIPlugin:80 - create IPUIPlugin
2023-09-19 08:42:24,952 [INFO] IPUIPlugin:80 - create IPUIPlugin
2023-09-19 08:42:24,952 [INFO] IPUIPlugin:80 - create IPUIPlugin
2023-09-19 08:42:24,953 [INFO] IPUIPlugin:80 - create IPUIPlugin
2023-09-19 08:42:24,953 [INFO] IPUIPlugin:80 - create IPUIPlugin
2023-09-19 08:42:24,954 [INFO] IPUIPlugin:80 - create IPUIPlugin
2023-09-19 08:42:24,954 [INFO] IPUIPlugin:80 - create IPUIPlugin
2023-09-19 08:42:24,954 [INFO] IPUIPlugin:80 - create IPUIPlugin
2023-09-19 08:42:24,955 [INFO] IPUIPlugin:80 - create IPUIPlugin
2023-09-19 08:42:24,956 [INFO] IPUIPlugin:80 - create IPUIPlugin
2023-09-19 08:42:24,957 [INFO] IPUIPlugin:80 - create IPUIPlugin
2023-09-19 08:42:24,957 [INFO] IPUIPlugin:80 - create IPUIPlugin
2023-09-19 08:42:24,958 [INFO] IPUIPlugin:80 - create IPUIPlugin
2023-09-19 08:42:24,958 [INFO] IPUIPlugin:80 - create IPUIPlugin
2023-09-19 08:42:24,959 [INFO] IPUIPlugin:80 - create IPUIPlugin
2023-09-19 08:42:24,960 [INFO] IPUIPlugin:80 - create IPUIPlugin
2023-09-19 08:42:24,985 [INFO] ApiDbMcu:507 - Load IP Config File for PDM2PCM
2023-09-19 08:42:24,997 [WARN] IP:2114 - I2C_Coeff_DF not found: check if there is a RefParameter without a condition.
2023-09-19 08:42:24,998 [WARN] IP:2114 - Analog_Filter not found: check if there is a RefParameter without a condition.
2023-09-19 08:42:25,013 [INFO] I2sManager:658 - 1.6E8
2023-09-19 08:42:25,015 [INFO] I2sManager:195 - I2S Clock Value : 1.6E8
2023-09-19 08:42:25,019 [INFO] I2sManager:553 - AudioClock : 96153Divider : 26Odd : 0
2023-09-19 08:42:25,022 [INFO] I2sManager:658 - 1.6E8
2023-09-19 08:42:25,023 [INFO] I2sManager:195 - I2S Clock Value : 1.6E8
2023-09-19 08:42:25,023 [INFO] I2sManager:553 - AudioClock : 89285Divider : 3Odd : 1
2023-09-19 08:42:25,366 [INFO] CADModel:165 - CPN selected for project levelSTM32F411VET6
2023-09-19 08:42:25,366 [INFO] CADModel:114 - Register for checkConnection events
2023-09-19 08:42:25,429 [INFO] OpenFileManager:328 - Restore cursor
2023-09-19 08:42:25,812 [WARN] IP:2114 - I2C_Coeff_DF not found: check if there is a RefParameter without a condition.
2023-09-19 08:42:25,812 [WARN] IP:2114 - Analog_Filter not found: check if there is a RefParameter without a condition.
2023-09-19 08:42:25,813 [WARN] IP:2114 - I2C_Coeff_DF not found: check if there is a RefParameter without a condition.
2023-09-19 08:42:25,813 [WARN] IP:2114 - Analog_Filter not found: check if there is a RefParameter without a condition.
2023-09-19 08:42:49,405 [INFO] I2sManager:658 - 1.6E8
2023-09-19 08:42:49,406 [INFO] I2sManager:195 - I2S Clock Value : 1.6E8
2023-09-19 08:42:49,407 [INFO] I2sManager:553 - AudioClock : 96153Divider : 26Odd : 0
2023-09-19 08:42:49,409 [INFO] I2sManager:658 - 1.6E8
2023-09-19 08:42:49,409 [INFO] I2sManager:195 - I2S Clock Value : 1.6E8
2023-09-19 08:42:49,411 [INFO] I2sManager:553 - AudioClock : 89285Divider : 3Odd : 1
2023-09-19 08:42:49,533 [WARN] IP:2114 - I2C_Coeff_DF not found: check if there is a RefParameter without a condition.
2023-09-19 08:42:49,534 [WARN] IP:2114 - Analog_Filter not found: check if there is a RefParameter without a condition.
2023-09-19 08:42:49,534 [WARN] IP:2114 - I2C_Coeff_DF not found: check if there is a RefParameter without a condition.
2023-09-19 08:42:49,535 [WARN] IP:2114 - Analog_Filter not found: check if there is a RefParameter without a condition.
2023-09-19 09:15:03,016 [INFO] UtilMem:75 - End SaveConfig() Used Memory: 678210832 Bytes (1073741824)
2023-09-19 09:15:09,008 [ERROR] LogOutputStream:75 - [STDERR_REDIRECT] 
2023-09-19 09:49:44,994 [INFO] Activator:176 - 


2023-09-19 09:49:44,998 [INFO] Activator:177 - !SESSION log4j initialized
2023-09-19 09:49:52,205 [INFO] LogOutputStream:77 - [STDOUT_REDIRECT] 
2023-09-19 09:49:54,947 [INFO] ApplicationProperties:184 - Using Application install path: C:\ST\STM32CubeIDE_1.13.0\STM32CubeIDE\plugins\com.st.stm32cube.common.mx_6.9.0.202307051724
2023-09-19 09:49:54,973 [INFO] DbMcusXml:78 - Set database path to: C:\ST\STM32CubeIDE_1.13.0\STM32CubeIDE\plugins\com.st.stm32cube.common.mx_6.9.0.202307051724\\db\/mcu/
2023-09-19 09:49:54,974 [INFO] ApiDb:274 - Set plugin database path to: C:\ST\STM32CubeIDE_1.13.0\STM32CubeIDE\plugins\com.st.stm32cube.common.mx_6.9.0.202307051724\\db\/plugins/boardmanager/
2023-09-19 09:49:54,974 [WARN] ApiDb:259 - Overriding images path with different value:  => C:\ST\STM32CubeIDE_1.13.0\STM32CubeIDE\plugins\com.st.stm32cube.common.mx_6.9.0.202307051724\\db\/plugins/mcufinder/images/
2023-09-19 09:49:54,989 [INFO] ApiDb:250 - Set database path to: C:\Users\ACER\.stmcufinder\plugins\mcufinder//mcu/
2023-09-19 09:49:54,991 [INFO] DbMcusAds:125 - Set database path to: C:\Users\ACER\.stmcufinder\plugins\mcufinder//mcu/
2023-09-19 09:49:54,996 [INFO] CrossReferenceDbSqlite:203 - Set database path to: C:\Users\ACER\.stmcufinder\plugins\mcufinder//mcu/cs/
2023-09-19 09:49:55,130 [INFO] RulesReader:64 - Compatibility file has been processed (293 Rules)
2023-09-19 09:49:55,230 [INFO] DbMcusXml:78 - Set database path to: C:\ST\STM32CubeIDE_1.13.0\STM32CubeIDE\plugins\com.st.stm32cube.common.mx_6.9.0.202307051724\\db\/mcu/
2023-09-19 09:49:55,230 [INFO] ApiDb:274 - Set plugin database path to: C:\ST\STM32CubeIDE_1.13.0\STM32CubeIDE\plugins\com.st.stm32cube.common.mx_6.9.0.202307051724\\db\/plugins/boardmanager/
2023-09-19 09:49:55,231 [INFO] ApiDb:261 - Set plugin images path to: C:\ST\STM32CubeIDE_1.13.0\STM32CubeIDE\plugins\com.st.stm32cube.common.mx_6.9.0.202307051724\\db\/plugins/mcufinder/images/
2023-09-19 09:49:55,231 [WARN] DbFile:41 - Overriding database path with different value: C:\Users\ACER\.stmcufinder\plugins\mcufinder/ => C:\Users\ACER\.stmcufinder\plugins\mcufinder
2023-09-19 09:49:55,231 [INFO] ApiDb:250 - Set database path to: C:\Users\ACER\.stmcufinder\plugins\mcufinder//mcu/
2023-09-19 09:49:55,231 [WARN] DbFile:41 - Overriding database path with different value: C:\Users\ACER\.stmcufinder\plugins\mcufinder/ => C:\Users\ACER\.stmcufinder\plugins\mcufinder
2023-09-19 09:49:55,231 [INFO] DbMcusAds:125 - Set database path to: C:\Users\ACER\.stmcufinder\plugins\mcufinder//mcu/
2023-09-19 09:49:55,231 [WARN] DbFile:41 - Overriding database path with different value: C:\Users\ACER\.stmcufinder\plugins\mcufinder/ => C:\Users\ACER\.stmcufinder\plugins\mcufinder
2023-09-19 09:49:55,232 [WARN] DbFile:41 - Overriding database path with different value: C:\Users\ACER\.stmcufinder\plugins\mcufinder/ => C:\Users\ACER\.stmcufinder\plugins\mcufinder
2023-09-19 09:49:55,232 [INFO] CrossReferenceDbSqlite:203 - Set database path to: C:\Users\ACER\.stmcufinder\plugins\mcufinder//mcu/cs/
2023-09-19 09:49:55,320 [INFO] MainPanel:262 - HeapMemory: 268435456
2023-09-19 09:49:55,394 [INFO] DbMcusXml:78 - Set database path to: C:\ST\STM32CubeIDE_1.13.0\STM32CubeIDE\plugins\com.st.stm32cube.common.mx_6.9.0.202307051724\\db\/mcu/
2023-09-19 09:49:55,394 [INFO] ApiDb:274 - Set plugin database path to: C:\ST\STM32CubeIDE_1.13.0\STM32CubeIDE\plugins\com.st.stm32cube.common.mx_6.9.0.202307051724\\db\/plugins/boardmanager/
2023-09-19 09:49:55,394 [INFO] ApiDb:261 - Set plugin images path to: C:\ST\STM32CubeIDE_1.13.0\STM32CubeIDE\plugins\com.st.stm32cube.common.mx_6.9.0.202307051724\\db\/plugins/mcufinder/images/
2023-09-19 09:49:55,394 [WARN] DbFile:41 - Overriding database path with different value: C:\Users\ACER\.stmcufinder\plugins\mcufinder/ => C:\Users\ACER\.stmcufinder\plugins\mcufinder
2023-09-19 09:49:55,395 [INFO] ApiDb:250 - Set database path to: C:\Users\ACER\.stmcufinder\plugins\mcufinder//mcu/
2023-09-19 09:49:55,395 [WARN] DbFile:41 - Overriding database path with different value: C:\Users\ACER\.stmcufinder\plugins\mcufinder/ => C:\Users\ACER\.stmcufinder\plugins\mcufinder
2023-09-19 09:49:55,395 [INFO] DbMcusAds:125 - Set database path to: C:\Users\ACER\.stmcufinder\plugins\mcufinder//mcu/
2023-09-19 09:49:55,395 [WARN] DbFile:41 - Overriding database path with different value: C:\Users\ACER\.stmcufinder\plugins\mcufinder/ => C:\Users\ACER\.stmcufinder\plugins\mcufinder
2023-09-19 09:49:55,395 [WARN] DbFile:41 - Overriding database path with different value: C:\Users\ACER\.stmcufinder\plugins\mcufinder/ => C:\Users\ACER\.stmcufinder\plugins\mcufinder
2023-09-19 09:49:55,395 [INFO] CrossReferenceDbSqlite:203 - Set database path to: C:\Users\ACER\.stmcufinder\plugins\mcufinder//mcu/cs/
2023-09-19 09:49:55,423 [INFO] ApplicationProperties:184 - Using Application install path: C:\ST\STM32CubeIDE_1.13.0\STM32CubeIDE\plugins\com.st.stm32cube.common.mx_6.9.0.202307051724
2023-09-19 09:49:55,425 [INFO] PluginManage:196 - Search for loadable plugins [exclusion list=, ]
2023-09-19 09:49:55,426 [INFO] PluginManage:310 - Check plugin analytics
2023-09-19 09:49:55,666 [INFO] AnalyticsPlugin:253 - Accepted Software Licenses: 
2023-09-19 09:49:55,667 [INFO] AnalyticsPlugin:255 - Accepted CMSIS Pack Licenses: 
2023-09-19 09:49:55,667 [INFO] AnalyticsPlugin:257 - Accepted Firmware Licenses: FW.WB.1.17.0
2023-09-19 09:49:55,673 [INFO] PluginManage:359 - Loaded plugin analytics (category:tool,tabindex:-1)
2023-09-19 09:49:55,673 [INFO] PluginManage:310 - Check plugin cadmodel
2023-09-19 09:49:55,678 [INFO] CADModel:105 - Init CAD model plugin
2023-09-19 09:49:55,678 [INFO] PluginManage:359 - Loaded plugin cadmodel (category:power,tabindex:5)
2023-09-19 09:49:55,679 [INFO] PluginManage:310 - Check plugin clock
2023-09-19 09:49:55,685 [INFO] PluginManage:359 - Loaded plugin clock (category:base,tabindex:2)
2023-09-19 09:49:55,685 [INFO] PluginManage:310 - Check plugin ddr
2023-09-19 09:49:55,687 [INFO] PluginManage:359 - Loaded plugin ddr (category:tool,tabindex:6)
2023-09-19 09:49:55,687 [INFO] PluginManage:310 - Check plugin filemanager
2023-09-19 09:49:55,823 [INFO] PluginManage:359 - Loaded plugin filemanager (category:base,tabindex:10)
2023-09-19 09:49:55,824 [INFO] PluginManage:310 - Check plugin ipmanager
2023-09-19 09:49:55,832 [INFO] PluginManage:359 - Loaded plugin ipmanager (category:base,tabindex:5)
2023-09-19 09:49:55,832 [INFO] PluginManage:310 - Check plugin lpbam
2023-09-19 09:49:55,842 [INFO] PluginManage:359 - Loaded plugin lpbam (category:base,tabindex:0)
2023-09-19 09:49:55,842 [INFO] PluginManage:310 - Check plugin memorymap
2023-09-19 09:49:55,854 [INFO] PluginManage:359 - Loaded plugin memorymap (category:base,tabindex:4)
2023-09-19 09:49:55,854 [INFO] PluginManage:310 - Check plugin pinoutandconfiguration
2023-09-19 09:49:55,861 [INFO] PluginManage:359 - Loaded plugin pinoutandconfiguration (category:base,tabindex:1)
2023-09-19 09:49:55,862 [INFO] PluginManage:310 - Check plugin pinoutconfig
2023-09-19 09:49:55,955 [WARN] SupportedApi:132 - Cannot load RTOS API schema: s4s-elt-must-match.1: The content of 'definitions' must match (annotation?, (simpleType | complexType)?, (unique | key | keyref)*)). A problem was found starting at: attribute.
2023-09-19 09:49:56,096 [INFO] PluginManage:359 - Loaded plugin pinoutconfig (category:base,tabindex:0)
2023-09-19 09:49:56,096 [INFO] PluginManage:310 - Check plugin power
2023-09-19 09:49:56,105 [INFO] PluginManage:359 - Loaded plugin power (category:power,tabindex:4)
2023-09-19 09:49:56,105 [INFO] PluginManage:310 - Check plugin projectmanager
2023-09-19 09:49:56,123 [INFO] PluginManage:359 - Loaded plugin projectmanager (category:projectmanager,tabindex:3)
2023-09-19 09:49:56,123 [INFO] PluginManage:310 - Check plugin thirdparty
2023-09-19 09:49:56,276 [INFO] PluginManage:359 - Loaded plugin thirdparty (category:base,tabindex:-1)
2023-09-19 09:49:56,277 [INFO] PluginManage:310 - Check plugin tools
2023-09-19 09:49:56,277 [WARN] IntegrityCheckThread:84 - waiting for thirdparty lock release [integrity check]
2023-09-19 09:49:56,277 [INFO] IntegrityCheckThread:86 - entering critical section [integrity check]
2023-09-19 09:49:56,278 [INFO] ThirdPartyUpdaterWithRetryManager:70 - Updater plugin not ready yet. [1/15]
2023-09-19 09:49:56,280 [INFO] PluginManage:359 - Loaded plugin tools (category:base,tabindex:7)
2023-09-19 09:49:56,280 [INFO] PluginManage:310 - Check plugin tutovideos
2023-09-19 09:49:56,455 [INFO] PluginManage:359 - Loaded plugin tutovideos (category:base,tabindex:-1)
2023-09-19 09:49:56,455 [INFO] PluginManage:310 - Check plugin updater
2023-09-19 09:49:56,466 [INFO] PluginManage:359 - Loaded plugin updater (category:base,tabindex:12)
2023-09-19 09:49:56,466 [INFO] PluginManage:310 - Check plugin userauth
2023-09-19 09:49:56,471 [INFO] UserAuth:113 - Init User Auth plugin
2023-09-19 09:49:56,471 [INFO] PluginManage:359 - Loaded plugin userauth (category:base,tabindex:14)
2023-09-19 09:49:56,472 [INFO] PluginManage:283 - PluginManage : Loaded plugins [17]
2023-09-19 09:49:56,703 [INFO] PinOutPanel:1499 - setPackage(No Configuration,No Configuration)
2023-09-19 09:49:56,820 [INFO] CADModel:165 - CPN selected for project level
2023-09-19 09:49:56,820 [INFO] CADModel:114 - Register for checkConnection events
2023-09-19 09:49:56,838 [INFO] IPUIPlugin:80 - create IPUIPlugin
2023-09-19 09:49:56,838 [INFO] PluginManager:220 - loadIPPluginJar : add adc
2023-09-19 09:49:56,840 [INFO] IPUIPlugin:80 - create IPUIPlugin
2023-09-19 09:49:56,841 [INFO] PluginManager:220 - loadIPPluginJar : add aes
2023-09-19 09:49:56,844 [INFO] IPUIPlugin:80 - create IPUIPlugin
2023-09-19 09:49:56,844 [INFO] PluginManager:220 - loadIPPluginJar : add can
2023-09-19 09:49:56,846 [INFO] IPUIPlugin:80 - create IPUIPlugin
2023-09-19 09:49:56,846 [INFO] PluginManager:220 - loadIPPluginJar : add comp
2023-09-19 09:49:56,848 [INFO] IPUIPlugin:80 - create IPUIPlugin
2023-09-19 09:49:56,848 [INFO] PluginManager:220 - loadIPPluginJar : add cryp
2023-09-19 09:49:56,851 [INFO] IPUIPlugin:80 - create IPUIPlugin
2023-09-19 09:49:56,851 [INFO] PluginManager:220 - loadIPPluginJar : add dfsdm
2023-09-19 09:49:56,858 [INFO] IPUIPlugin:80 - create IPUIPlugin
2023-09-19 09:49:56,859 [INFO] PluginManager:220 - loadIPPluginJar : add dma
2023-09-19 09:49:56,861 [INFO] IPUIPlugin:80 - create IPUIPlugin
2023-09-19 09:49:56,862 [INFO] PluginManager:220 - loadIPPluginJar : add dma3
2023-09-19 09:49:56,864 [INFO] IPUIPlugin:80 - create IPUIPlugin
2023-09-19 09:49:56,864 [INFO] PluginManager:220 - loadIPPluginJar : add fatfs
2023-09-19 09:49:56,872 [INFO] IPUIPlugin:80 - create IPUIPlugin
2023-09-19 09:49:56,873 [INFO] PluginManager:220 - loadIPPluginJar : add fmc
2023-09-19 09:49:56,881 [INFO] IPUIPlugin:80 - create IPUIPlugin
2023-09-19 09:49:56,881 [INFO] PluginManager:220 - loadIPPluginJar : add freertos
2023-09-19 09:49:56,882 [INFO] IPUIPlugin:80 - create IPUIPlugin
2023-09-19 09:49:56,882 [INFO] PluginManager:220 - loadIPPluginJar : add genericplugin
2023-09-19 09:49:56,885 [INFO] IPUIPlugin:80 - create IPUIPlugin
2023-09-19 09:49:56,885 [INFO] PluginManager:220 - loadIPPluginJar : add gfxmmu
2023-09-19 09:49:56,891 [INFO] IPUIPlugin:80 - create IPUIPlugin
2023-09-19 09:49:56,892 [INFO] PluginManager:220 - loadIPPluginJar : add gic
2023-09-19 09:49:56,896 [INFO] IPUIPlugin:80 - create IPUIPlugin
2023-09-19 09:49:56,896 [INFO] PluginManager:220 - loadIPPluginJar : add gpio
2023-09-19 09:49:56,899 [INFO] IPUIPlugin:80 - create IPUIPlugin
2023-09-19 09:49:56,899 [INFO] PluginManager:220 - loadIPPluginJar : add gtzc
2023-09-19 09:49:56,901 [INFO] IPUIPlugin:80 - create IPUIPlugin
2023-09-19 09:49:56,901 [INFO] PluginManager:220 - loadIPPluginJar : add hash
2023-09-19 09:49:56,903 [INFO] IPUIPlugin:80 - create IPUIPlugin
2023-09-19 09:49:56,904 [INFO] PluginManager:220 - loadIPPluginJar : add i2c
2023-09-19 09:49:56,906 [INFO] IPUIPlugin:80 - create IPUIPlugin
2023-09-19 09:49:56,906 [INFO] PluginManager:220 - loadIPPluginJar : add i2s
2023-09-19 09:49:56,908 [INFO] IPUIPlugin:80 - create IPUIPlugin
2023-09-19 09:49:56,908 [INFO] PluginManager:220 - loadIPPluginJar : add i3c
2023-09-19 09:49:56,911 [INFO] IPUIPlugin:80 - create IPUIPlugin
2023-09-19 09:49:56,911 [INFO] PluginManager:220 - loadIPPluginJar : add ipddr
2023-09-19 09:49:56,917 [INFO] IPUIPlugin:80 - create IPUIPlugin
2023-09-19 09:49:56,918 [INFO] PluginManager:220 - loadIPPluginJar : add linkedlist
2023-09-19 09:49:56,920 [INFO] IPUIPlugin:80 - create IPUIPlugin
2023-09-19 09:49:56,920 [INFO] PluginManager:220 - loadIPPluginJar : add lorawan
2023-09-19 09:49:56,921 [INFO] IPUIPlugin:80 - create IPUIPlugin
2023-09-19 09:49:56,922 [INFO] PluginManager:220 - loadIPPluginJar : add ltdc
2023-09-19 09:49:56,929 [INFO] IPUIPlugin:80 - create IPUIPlugin
2023-09-19 09:49:56,929 [INFO] PluginManager:220 - loadIPPluginJar : add mdma
2023-09-19 09:49:56,933 [INFO] IPUIPlugin:80 - create IPUIPlugin
2023-09-19 09:49:56,933 [INFO] PluginManager:220 - loadIPPluginJar : add nvic
2023-09-19 09:49:56,936 [INFO] IPUIPlugin:80 - create IPUIPlugin
2023-09-19 09:49:56,936 [INFO] PluginManager:220 - loadIPPluginJar : add opamp
2023-09-19 09:49:56,939 [INFO] IPUIPlugin:80 - create IPUIPlugin
2023-09-19 09:49:56,939 [INFO] PluginManager:220 - loadIPPluginJar : add openamp
2023-09-19 09:49:56,943 [INFO] IPUIPlugin:80 - create IPUIPlugin
2023-09-19 09:49:56,943 [INFO] PluginManager:220 - loadIPPluginJar : add pdm2pcm
2023-09-19 09:49:56,950 [INFO] IPUIPlugin:80 - create IPUIPlugin
2023-09-19 09:49:56,952 [INFO] PluginManager:220 - loadIPPluginJar : add plateformsettings
2023-09-19 09:49:56,954 [INFO] IPUIPlugin:80 - create IPUIPlugin
2023-09-19 09:49:56,954 [INFO] PluginManager:220 - loadIPPluginJar : add quadspi
2023-09-19 09:49:56,957 [INFO] IPUIPlugin:80 - create IPUIPlugin
2023-09-19 09:49:56,957 [INFO] PluginManager:220 - loadIPPluginJar : add resmgrutility
2023-09-19 09:49:56,960 [INFO] IPUIPlugin:80 - create IPUIPlugin
2023-09-19 09:49:56,960 [INFO] PluginManager:220 - loadIPPluginJar : add sai
2023-09-19 09:49:56,962 [INFO] IPUIPlugin:80 - create IPUIPlugin
2023-09-19 09:49:56,962 [INFO] PluginManager:220 - loadIPPluginJar : add spi
2023-09-19 09:49:56,966 [INFO] IPUIPlugin:80 - create IPUIPlugin
2023-09-19 09:49:56,967 [INFO] PluginManager:220 - loadIPPluginJar : add stm32_wpan
2023-09-19 09:49:56,968 [INFO] IPUIPlugin:80 - create IPUIPlugin
2023-09-19 09:49:56,968 [INFO] PluginManager:220 - loadIPPluginJar : add tim
2023-09-19 09:49:56,970 [INFO] IPUIPlugin:80 - create IPUIPlugin
2023-09-19 09:49:56,970 [INFO] PluginManager:220 - loadIPPluginJar : add touchsensing
2023-09-19 09:49:56,972 [INFO] IPUIPlugin:80 - create IPUIPlugin
2023-09-19 09:49:56,972 [INFO] PluginManager:220 - loadIPPluginJar : add tracer_emb
2023-09-19 09:49:56,975 [INFO] IPUIPlugin:80 - create IPUIPlugin
2023-09-19 09:49:56,975 [INFO] PluginManager:220 - loadIPPluginJar : add ts
2023-09-19 09:49:56,977 [INFO] IPUIPlugin:80 - create IPUIPlugin
2023-09-19 09:49:56,977 [INFO] PluginManager:220 - loadIPPluginJar : add tsc
2023-09-19 09:49:56,980 [INFO] IPUIPlugin:80 - create IPUIPlugin
2023-09-19 09:49:56,980 [INFO] PluginManager:220 - loadIPPluginJar : add ucpd
2023-09-19 09:49:56,983 [INFO] IPUIPlugin:80 - create IPUIPlugin
2023-09-19 09:49:56,983 [INFO] PluginManager:220 - loadIPPluginJar : add usart
2023-09-19 09:49:56,987 [INFO] IPUIPlugin:80 - create IPUIPlugin
2023-09-19 09:49:56,987 [INFO] PluginManager:220 - loadIPPluginJar : add usbx
2023-09-19 09:49:57,136 [INFO] CADModel:165 - CPN selected for project level
2023-09-19 09:49:57,136 [INFO] CADModel:114 - Register for checkConnection events
2023-09-19 09:49:57,136 [FATAL] Updater:308 - Updater called before beeing initialized
2023-09-19 09:49:57,137 [ERROR] CADModel:125 - Updater not yet initialized, retry later 
2023-09-19 09:49:57,302 [INFO] CADModel:165 - CPN selected for project level
2023-09-19 09:49:57,303 [INFO] CADModel:114 - Register for checkConnection events
2023-09-19 09:49:57,303 [FATAL] Updater:308 - Updater called before beeing initialized
2023-09-19 09:49:57,303 [ERROR] CADModel:125 - Updater not yet initialized, retry later 
2023-09-19 09:49:57,306 [FATAL] Updater:308 - Updater called before beeing initialized
2023-09-19 09:49:57,479 [FATAL] Updater:308 - Updater called before beeing initialized
2023-09-19 09:49:57,486 [INFO] DbMcusAds:53 - JSON generation date=Tue Mar 07 15:50:55 ICT 2023 (1678179055114)
2023-09-19 09:49:57,486 [FATAL] Updater:308 - Updater called before beeing initialized
2023-09-19 09:49:57,529 [WARN] DetailPanel:346 - Failed to get advertising image, set to default
2023-09-19 09:49:57,636 [FATAL] Updater:308 - Updater called before beeing initialized
2023-09-19 09:49:57,639 [FATAL] Updater:308 - Updater called before beeing initialized
2023-09-19 09:49:57,640 [FATAL] Updater:308 - Updater called before beeing initialized
2023-09-19 09:49:57,640 [WARN] DetailPanel:346 - Failed to get advertising image, set to default
2023-09-19 09:49:57,641 [FATAL] Updater:308 - Updater called before beeing initialized
2023-09-19 09:49:57,722 [ERROR] Updater:1120 - MainUpdater not yet initialized. External WinMGr cannot be set.
2023-09-19 09:49:57,726 [INFO] Updater:1056 - Updater Version found : 6.9.0
2023-09-19 09:49:57,753 [INFO] ApplicationProperties:184 - Using Application install path: C:\ST\STM32CubeIDE_1.13.0\STM32CubeIDE\plugins\com.st.stm32cube.common.mx_6.9.0.202307051724
2023-09-19 09:49:57,946 [INFO] MainUpdater:2868 - connection check result : 10
2023-09-19 09:49:57,947 [INFO] MainUpdater:285 - Updater Check For Update Now.
2023-09-19 09:49:57,947 [INFO] MicroXplorer:498 - Change Database Version : DB.6.0.90
2023-09-19 09:49:57,958 [INFO] McuFinderGlobals:63 - Set McuFinder mode to 2 (CubeIDE integrated)
2023-09-19 09:49:57,959 [INFO] UserAuth:179 - activating auth plugin
2023-09-19 09:49:57,963 [INFO] UserAuth:393 - Internet connection configuration mode: 1
2023-09-19 09:49:57,985 [INFO] JxBrowserEngine:151 - Initiate JxBrowser Engine with user profile folder
2023-09-19 09:49:58,191 [INFO] CheckServerUpdateThread:120 - End of CheckServer Thread
2023-09-19 09:49:58,781 [INFO] WebApp:157 - Instantiating new browser for Auth
2023-09-19 09:49:59,452 [INFO] WebApp:753 - Register for checkConnection events
2023-09-19 09:49:59,452 [INFO] WebApp:390 - Apply proxy settings
2023-09-19 09:49:59,452 [INFO] WebApp:475 - Chromium requires no authentication
2023-09-19 09:49:59,466 [INFO] WebApp:418 - Direct internet connection detected
2023-09-19 09:49:59,500 [WARN] PackLoader:240 - Cannot read IP mode file for STMicroelectronics.X-CUBE-SMBUS.2.1.0
2023-09-19 09:49:59,569 [WARN] PackLoader:240 - Cannot read IP mode file for STMicroelectronics.X-CUBE-AZRTOS-F7.1.1.0
2023-09-19 09:49:59,600 [WARN] PackLoader:240 - Cannot read IP mode file for STMicroelectronics.FP-SNS-MOTENV1.4.3.2
2023-09-19 09:49:59,614 [ERROR] RealEvaluatedCondition:428 - Found unsupported composite condition: GROUP='STM32_MetaDataManager' CLASS='Data Exchange'
2023-09-19 09:49:59,614 [ERROR] RealEvaluatedCondition:428 - Found unsupported composite condition: GROUP='STM32_MetaDataManager' CLASS='Data Exchange'
2023-09-19 09:49:59,617 [WARN] PackLoader:240 - Cannot read IP mode file for STMicroelectronics.FP-SNS-MOTENV1.4.3.1
2023-09-19 09:49:59,637 [WARN] PackLoader:240 - Cannot read IP mode file for STMicroelectronics.FP-SNS-FLIGHT1.5.0.1
2023-09-19 09:49:59,661 [WARN] PackLoader:240 - Cannot read IP mode file for STMicroelectronics.X-CUBE-BLE1.6.2.4
2023-09-19 09:49:59,673 [WARN] PackLoader:240 - Cannot read IP mode file for STMicroelectronics.FP-SNS-FLIGHT1.5.0.2
2023-09-19 09:49:59,701 [WARN] PackLoader:240 - Cannot read IP mode file for STMicroelectronics.X-CUBE-DISPLAY.3.0.0
2023-09-19 09:49:59,730 [WARN] PackLoader:240 - Cannot read IP mode file for STMicroelectronics.X-CUBE-BLE1.7.0.0
2023-09-19 09:49:59,747 [WARN] PackLoader:240 - Cannot read IP mode file for STMicroelectronics.X-CUBE-TOUCHGFX.4.22.0
2023-09-19 09:49:59,762 [WARN] PackLoader:240 - Cannot read IP mode file for STMicroelectronics.FP-SNS-SMARTAG2.1.2.0
2023-09-19 09:49:59,795 [INFO] LogOutputStream:77 - [STDOUT_REDIRECT] 1 : Invalid condition id : UX_CORESTACK_Condition cause : null
2023-09-19 09:49:59,797 [INFO] LogOutputStream:77 - [STDOUT_REDIRECT] 1 : Invalid condition id : UX_CORESTACK_Condition cause : null
2023-09-19 09:49:59,801 [INFO] LogOutputStream:77 - [STDOUT_REDIRECT] 1 : Invalid condition id : UX_CORESTACK_Condition cause : null
2023-09-19 09:49:59,806 [INFO] LogOutputStream:77 - [STDOUT_REDIRECT] 1 : Invalid condition id : UX_CORESTACK_Condition cause : null
2023-09-19 09:49:59,811 [INFO] LogOutputStream:77 - [STDOUT_REDIRECT] 1 : Invalid condition id : UX_CORESTACK_Condition cause : null
2023-09-19 09:49:59,827 [WARN] PackLoader:240 - Cannot read IP mode file for STMicroelectronics.X-CUBE-AZRTOS-WL.2.0.0
2023-09-19 09:49:59,871 [WARN] PackLoader:240 - Cannot read IP mode file for WES.I-CUBE-Cesium.1.3.0
2023-09-19 09:49:59,888 [WARN] PackLoader:240 - Cannot read IP mode file for STMicroelectronics.X-CUBE-BLE2.3.3.0
2023-09-19 09:49:59,911 [WARN] PackLoader:240 - Cannot read IP mode file for STMicroelectronics.X-CUBE-DISPLAY.2.2.0
2023-09-19 09:49:59,958 [WARN] PackLoader:240 - Cannot read IP mode file for STMicroelectronics.X-CUBE-TOF1.3.2.0
2023-09-19 09:49:59,992 [WARN] PackLoader:240 - Cannot read IP mode file for STMicroelectronics.X-CUBE-TOUCHGFX.4.21.0
2023-09-19 09:50:00,011 [WARN] PackLoader:240 - Cannot read IP mode file for STMicroelectronics.X-CUBE-TOUCHGFX.4.21.4
2023-09-19 09:50:00,074 [INFO] WebApp:188 - Starting web application
2023-09-19 09:50:00,074 [INFO] WebApp:520 - Web application path used C:\ST\STM32CubeIDE_1.13.0\STM32CubeIDE\plugins\com.st.stm32cube.common.mx_6.9.0.202307051724\db\plugins\mcufinder\reactClient1\index.html
2023-09-19 09:50:00,149 [WARN] PackLoader:240 - Cannot read IP mode file for STMicroelectronics.X-CUBE-MEMS1.9.4.0
2023-09-19 09:50:00,751 [WARN] PackLoader:240 - Cannot read IP mode file for STMicroelectronics.X-CUBE-AI.7.3.0
2023-09-19 09:50:00,770 [WARN] PackLoader:240 - Cannot read IP mode file for STMicroelectronics.X-CUBE-ALGOBUILD.1.3.0
2023-09-19 09:50:00,815 [WARN] PackLoader:240 - Cannot read IP mode file for STMicroelectronics.X-CUBE-AZRTOS-G0.1.1.0
2023-09-19 09:50:00,838 [WARN] PackLoader:240 - Cannot read IP mode file for STMicroelectronics.X-CUBE-NFC4.3.0.0
2023-09-19 09:50:00,866 [WARN] PackLoader:240 - Cannot read IP mode file for STMicroelectronics.X-CUBE-BLEMGR.1.3.0
2023-09-19 09:50:00,883 [WARN] PackLoader:240 - Cannot read IP mode file for STMicroelectronics.FP-ATR-SIGFOX1.3.2.0
2023-09-19 09:50:00,985 [WARN] PackLoader:240 - Cannot read IP mode file for SEGGER.I-CUBE-embOS.1.3.1
2023-09-19 09:50:01,206 [WARN] PackLoader:240 - Cannot read IP mode file for SEGGER.I-CUBE-embOS.1.3.0
2023-09-19 09:50:01,322 [WARN] PackLoader:240 - Cannot read IP mode file for STMicroelectronics.X-CUBE-GNSS1.6.0.0
2023-09-19 09:50:01,372 [WARN] PackLoader:240 - Cannot read IP mode file for STMicroelectronics.X-CUBE-AZRTOS-F4.1.1.0
2023-09-19 09:50:01,424 [WARN] PackLoader:240 - Cannot read IP mode file for STMicroelectronics.X-CUBE-AZRTOS-L5.2.0.0
2023-09-19 09:50:01,547 [WARN] PackLoader:240 - Cannot read IP mode file for STMicroelectronics.X-CUBE-MEMS1.9.6.0
2023-09-19 09:50:01,966 [WARN] PackLoader:240 - Cannot read IP mode file for emotas.I-CUBE-CANOPEN.1.1.3
2023-09-19 09:50:01,986 [WARN] PackLoader:240 - Cannot read IP mode file for STMicroelectronics.X-CUBE-BLEMGR.2.0.0
2023-09-19 09:50:02,005 [WARN] PackLoader:240 - Cannot read IP mode file for STMicroelectronics.X-CUBE-NFC4.2.0.5
2023-09-19 09:50:02,044 [WARN] ConditionMgr:438 - getConditionDescription Invalid condition id : UX DEVICE CLASS RTOS Condition cause : null
2023-09-19 09:50:02,044 [WARN] ConditionMgr:438 - getConditionDescription Invalid condition id : UX DEVICE CLASS RTOS Condition cause : null
2023-09-19 09:50:02,054 [WARN] PackLoader:240 - Cannot read IP mode file for STMicroelectronics.X-CUBE-AZRTOS-H7.3.1.0
2023-09-19 09:50:02,058 [WARN] ConditionMgr:1039 - genDependencies : Invalid condition id : UX DEVICE CLASS RTOS Condition cause : null
2023-09-19 09:50:02,059 [WARN] ConditionMgr:1039 - genDependencies : Invalid condition id : UX DEVICE CLASS RTOS Condition cause : null
2023-09-19 09:50:02,061 [WARN] ConditionMgr:1039 - genDependencies : Invalid condition id : UX DEVICE CLASS RTOS Condition cause : null
2023-09-19 09:50:02,063 [WARN] ConditionMgr:1039 - genDependencies : Invalid condition id : UX DEVICE CLASS RTOS Condition cause : null
2023-09-19 09:50:02,063 [WARN] ConditionMgr:1039 - genDependencies : Invalid condition id : UX DEVICE CLASS RTOS Condition cause : null
2023-09-19 09:50:02,082 [WARN] PackLoader:240 - Cannot read IP mode file for wolfSSL.I-CUBE-wolfSSL.5.5.4
2023-09-19 09:50:02,093 [WARN] PackLoader:240 - Cannot read IP mode file for STMicroelectronics.X-CUBE-NFC7.1.0.1
2023-09-19 09:50:02,108 [WARN] PackLoader:240 - Cannot read IP mode file for STMicroelectronics.X-CUBE-NFC7.1.0.0
2023-09-19 09:50:02,128 [WARN] PackLoader:240 - Cannot read IP mode file for STMicroelectronics.X-CUBE-NFC6.3.0.0
2023-09-19 09:50:02,146 [WARN] PackLoader:240 - Cannot read IP mode file for STMicroelectronics.X-CUBE-EEPRMA1.4.1.0
2023-09-19 09:50:02,156 [WARN] PackLoader:240 - Cannot read IP mode file for STMicroelectronics.X-CUBE-AI.8.1.0
2023-09-19 09:50:02,206 [WARN] ConditionMgr:438 - getConditionDescription Invalid condition id : LAN8742 Phy interface Condition cause : null
2023-09-19 09:50:02,207 [WARN] PackLoader:240 - Cannot read IP mode file for STMicroelectronics.X-CUBE-AZRTOS-L4.2.0.0
2023-09-19 09:50:02,210 [WARN] ConditionMgr:1039 - genDependencies : Invalid condition id : LAN8742 Phy interface Condition cause : null
2023-09-19 09:50:02,210 [WARN] ConditionMgr:1039 - genDependencies : Invalid condition id : LAN8742 Phy interface Condition cause : null
2023-09-19 09:50:02,211 [WARN] ConditionMgr:1039 - genDependencies : Invalid condition id : LAN8742 Phy interface Condition cause : null
2023-09-19 09:50:02,228 [WARN] PackLoader:240 - Cannot read IP mode file for STMicroelectronics.X-CUBE-SFXS2LP1.4.0.0
2023-09-19 09:50:02,269 [WARN] PackLoader:240 - Cannot read IP mode file for STMicroelectronics.X-CUBE-AZRTOS-H7.3.0.0
2023-09-19 09:50:02,296 [WARN] PackLoader:240 - Cannot read IP mode file for STMicroelectronics.X-CUBE-ISPU.1.1.0
2023-09-19 09:50:02,313 [WARN] PackLoader:240 - Cannot read IP mode file for RoweBots.I-CUBE-UNISONRTOS.5.5.0-4
2023-09-19 09:50:02,345 [WARN] ConditionMgr:438 - getConditionDescription Invalid condition id : UX DEVICE CLASS RTOS Condition cause : null
2023-09-19 09:50:02,346 [WARN] ConditionMgr:438 - getConditionDescription Invalid condition id : UX DEVICE CLASS RTOS Condition cause : null
2023-09-19 09:50:02,351 [WARN] PackLoader:240 - Cannot read IP mode file for STMicroelectronics.X-CUBE-AZRTOS-WB.2.0.0
2023-09-19 09:50:02,352 [WARN] ConditionMgr:1039 - genDependencies : Invalid condition id : UX DEVICE CLASS RTOS Condition cause : null
2023-09-19 09:50:02,352 [WARN] ConditionMgr:1039 - genDependencies : Invalid condition id : UX DEVICE CLASS RTOS Condition cause : null
2023-09-19 09:50:02,353 [WARN] ConditionMgr:1039 - genDependencies : Invalid condition id : UX DEVICE CLASS RTOS Condition cause : null
2023-09-19 09:50:02,354 [WARN] ConditionMgr:1039 - genDependencies : Invalid condition id : UX DEVICE CLASS RTOS Condition cause : null
2023-09-19 09:50:02,355 [WARN] ConditionMgr:1039 - genDependencies : Invalid condition id : UX DEVICE CLASS RTOS Condition cause : null
2023-09-19 09:50:02,366 [WARN] PackLoader:240 - Cannot read IP mode file for STMicroelectronics.X-CUBE-FREERTOS.1.0.1
2023-09-19 09:50:02,398 [WARN] PackLoader:240 - Cannot read IP mode file for STMicroelectronics.X-CUBE-AZRTOS-L5.1.1.0
2023-09-19 09:50:02,421 [WARN] PackLoader:240 - Cannot read IP mode file for STMicroelectronics.X-CUBE-AI.8.0.1
2023-09-19 09:50:02,450 [WARN] PackLoader:240 - Cannot read IP mode file for STMicroelectronics.X-CUBE-SUBG2.5.0.0
2023-09-19 09:50:02,490 [WARN] PackLoader:240 - Cannot read IP mode file for STMicroelectronics.X-CUBE-TOF1.3.3.1
2023-09-19 09:50:02,542 [WARN] PackLoader:240 - Cannot read IP mode file for STMicroelectronics.X-CUBE-AZRTOS-G4.2.0.0
2023-09-19 09:50:02,576 [WARN] PackLoader:240 - Cannot read IP mode file for STMicroelectronics.X-CUBE-TOF1.3.3.0
2023-09-19 09:50:02,601 [WARN] PackLoader:240 - Cannot read IP mode file for STMicroelectronics.FP-ATR-ASTRA1.1.1.1
2023-09-19 09:50:02,629 [WARN] PackLoader:240 - Cannot read IP mode file for STMicroelectronics.X-CUBE-AZRTOS-G4.1.0.0
2023-09-19 09:50:02,665 [WARN] PackLoader:240 - Cannot read IP mode file for STMicroelectronics.X-CUBE-AZRTOS-L4.1.0.0
2023-09-19 09:50:02,680 [WARN] PackLoader:240 - Cannot read IP mode file for STMicroelectronics.X-CUBE-FREERTOS.1.1.0
2023-09-19 09:50:02,702 [WARN] PackLoader:240 - Cannot read IP mode file for STMicroelectronics.X-CUBE-AZRTOS-WL.1.0.0
2023-09-19 09:50:02,724 [WARN] PackLoader:240 - Cannot read IP mode file for portGmbH.I-Cube-SoM-uGOAL.1.1.0
2023-09-19 09:50:02,735 [WARN] PackLoader:240 - Cannot read IP mode file for STMicroelectronics.X-CUBE-ALS.1.0.1
2023-09-19 09:50:02,765 [WARN] PackLoader:240 - Cannot read IP mode file for STMicroelectronics.X-CUBE-AZRTOS-WB.1.1.0
2023-09-19 09:50:02,778 [WARN] PackLoader:240 - Cannot read IP mode file for STMicroelectronics.FP-ATR-ASTRA1.2.0.0
2023-09-19 09:50:02,780 [INFO] ThirdParty:978 - Integrity check success = true
2023-09-19 09:50:02,781 [INFO] IntegrityCheckThread:100 - exiting critical section [integrity check]
2023-09-19 09:50:02,781 [INFO] IntegrityCheckThread:103 - End integrity checks thread
2023-09-19 09:50:22,181 [ERROR] LogOutputStream:75 - [STDERR_REDIRECT] SLF4J: Failed to load class "org.slf4j.impl.StaticLoggerBinder".
2023-09-19 09:50:22,182 [ERROR] LogOutputStream:75 - [STDERR_REDIRECT] SLF4J: Defaulting to no-operation (NOP) logger implementation
2023-09-19 09:50:22,185 [ERROR] LogOutputStream:75 - [STDERR_REDIRECT] SLF4J: See http://www.slf4j.org/codes.html#StaticLoggerBinder for further details.
2023-09-19 10:16:59,486 [ERROR] LogOutputStream:75 - [STDERR_REDIRECT] 
