2023-08-04 19:45:35,906 [INFO] Activator:176 - 


2023-08-04 19:45:35,919 [INFO] Activator:177 - !SESSION log4j initialized
2023-08-04 19:45:46,922 [INFO] LogOutputStream:77 - [STDOUT_REDIRECT] 
2023-08-04 19:45:52,031 [INFO] ApplicationProperties:184 - Using Application install path: C:\ST\STM32CubeIDE_1.13.0\STM32CubeIDE\plugins\com.st.stm32cube.common.mx_6.9.0.202307051724
2023-08-04 19:45:52,063 [INFO] DbMcusXml:78 - Set database path to: C:\ST\STM32CubeIDE_1.13.0\STM32CubeIDE\plugins\com.st.stm32cube.common.mx_6.9.0.202307051724\\db\/mcu/
2023-08-04 19:45:52,064 [INFO] ApiDb:274 - Set plugin database path to: C:\ST\STM32CubeIDE_1.13.0\STM32CubeIDE\plugins\com.st.stm32cube.common.mx_6.9.0.202307051724\\db\/plugins/boardmanager/
2023-08-04 19:45:52,064 [WARN] ApiDb:259 - Overriding images path with different value:  => C:\ST\STM32CubeIDE_1.13.0\STM32CubeIDE\plugins\com.st.stm32cube.common.mx_6.9.0.202307051724\\db\/plugins/mcufinder/images/
2023-08-04 19:45:52,094 [INFO] ApiDb:250 - Set database path to: C:\Users\ACER\.stmcufinder\plugins\mcufinder//mcu/
2023-08-04 19:45:52,097 [INFO] DbMcusAds:125 - Set database path to: C:\Users\ACER\.stmcufinder\plugins\mcufinder//mcu/
2023-08-04 19:45:52,102 [INFO] CrossReferenceDbSqlite:203 - Set database path to: C:\Users\ACER\.stmcufinder\plugins\mcufinder//mcu/cs/
2023-08-04 19:45:52,331 [INFO] RulesReader:64 - Compatibility file has been processed (293 Rules)
2023-08-04 19:45:52,508 [INFO] DbMcusXml:78 - Set database path to: C:\ST\STM32CubeIDE_1.13.0\STM32CubeIDE\plugins\com.st.stm32cube.common.mx_6.9.0.202307051724\\db\/mcu/
2023-08-04 19:45:52,509 [INFO] ApiDb:274 - Set plugin database path to: C:\ST\STM32CubeIDE_1.13.0\STM32CubeIDE\plugins\com.st.stm32cube.common.mx_6.9.0.202307051724\\db\/plugins/boardmanager/
2023-08-04 19:45:52,509 [INFO] ApiDb:261 - Set plugin images path to: C:\ST\STM32CubeIDE_1.13.0\STM32CubeIDE\plugins\com.st.stm32cube.common.mx_6.9.0.202307051724\\db\/plugins/mcufinder/images/
2023-08-04 19:45:52,509 [WARN] DbFile:41 - Overriding database path with different value: C:\Users\ACER\.stmcufinder\plugins\mcufinder/ => C:\Users\ACER\.stmcufinder\plugins\mcufinder
2023-08-04 19:45:52,510 [INFO] ApiDb:250 - Set database path to: C:\Users\ACER\.stmcufinder\plugins\mcufinder//mcu/
2023-08-04 19:45:52,510 [WARN] DbFile:41 - Overriding database path with different value: C:\Users\ACER\.stmcufinder\plugins\mcufinder/ => C:\Users\ACER\.stmcufinder\plugins\mcufinder
2023-08-04 19:45:52,510 [INFO] DbMcusAds:125 - Set database path to: C:\Users\ACER\.stmcufinder\plugins\mcufinder//mcu/
2023-08-04 19:45:52,510 [WARN] DbFile:41 - Overriding database path with different value: C:\Users\ACER\.stmcufinder\plugins\mcufinder/ => C:\Users\ACER\.stmcufinder\plugins\mcufinder
2023-08-04 19:45:52,510 [WARN] DbFile:41 - Overriding database path with different value: C:\Users\ACER\.stmcufinder\plugins\mcufinder/ => C:\Users\ACER\.stmcufinder\plugins\mcufinder
2023-08-04 19:45:52,510 [INFO] CrossReferenceDbSqlite:203 - Set database path to: C:\Users\ACER\.stmcufinder\plugins\mcufinder//mcu/cs/
2023-08-04 19:45:52,677 [INFO] MainPanel:262 - HeapMemory: 268435456
2023-08-04 19:45:52,910 [INFO] DbMcusXml:78 - Set database path to: C:\ST\STM32CubeIDE_1.13.0\STM32CubeIDE\plugins\com.st.stm32cube.common.mx_6.9.0.202307051724\\db\/mcu/
2023-08-04 19:45:52,910 [INFO] ApiDb:274 - Set plugin database path to: C:\ST\STM32CubeIDE_1.13.0\STM32CubeIDE\plugins\com.st.stm32cube.common.mx_6.9.0.202307051724\\db\/plugins/boardmanager/
2023-08-04 19:45:52,910 [INFO] ApiDb:261 - Set plugin images path to: C:\ST\STM32CubeIDE_1.13.0\STM32CubeIDE\plugins\com.st.stm32cube.common.mx_6.9.0.202307051724\\db\/plugins/mcufinder/images/
2023-08-04 19:45:52,912 [WARN] DbFile:41 - Overriding database path with different value: C:\Users\ACER\.stmcufinder\plugins\mcufinder/ => C:\Users\ACER\.stmcufinder\plugins\mcufinder
2023-08-04 19:45:52,913 [INFO] ApiDb:250 - Set database path to: C:\Users\ACER\.stmcufinder\plugins\mcufinder//mcu/
2023-08-04 19:45:52,913 [WARN] DbFile:41 - Overriding database path with different value: C:\Users\ACER\.stmcufinder\plugins\mcufinder/ => C:\Users\ACER\.stmcufinder\plugins\mcufinder
2023-08-04 19:45:52,913 [INFO] DbMcusAds:125 - Set database path to: C:\Users\ACER\.stmcufinder\plugins\mcufinder//mcu/
2023-08-04 19:45:52,913 [WARN] DbFile:41 - Overriding database path with different value: C:\Users\ACER\.stmcufinder\plugins\mcufinder/ => C:\Users\ACER\.stmcufinder\plugins\mcufinder
2023-08-04 19:45:52,913 [WARN] DbFile:41 - Overriding database path with different value: C:\Users\ACER\.stmcufinder\plugins\mcufinder/ => C:\Users\ACER\.stmcufinder\plugins\mcufinder
2023-08-04 19:45:52,914 [INFO] CrossReferenceDbSqlite:203 - Set database path to: C:\Users\ACER\.stmcufinder\plugins\mcufinder//mcu/cs/
2023-08-04 19:45:52,967 [INFO] ApplicationProperties:184 - Using Application install path: C:\ST\STM32CubeIDE_1.13.0\STM32CubeIDE\plugins\com.st.stm32cube.common.mx_6.9.0.202307051724
2023-08-04 19:45:52,971 [INFO] PluginManage:196 - Search for loadable plugins [exclusion list=, ]
2023-08-04 19:45:52,975 [INFO] PluginManage:310 - Check plugin analytics
2023-08-04 19:45:53,330 [INFO] AnalyticsPlugin:253 - Accepted Software Licenses: 
2023-08-04 19:45:53,330 [INFO] AnalyticsPlugin:255 - Accepted CMSIS Pack Licenses: 
2023-08-04 19:45:53,330 [INFO] AnalyticsPlugin:257 - Accepted Firmware Licenses: FW.WB.1.17.0
2023-08-04 19:45:53,337 [INFO] PluginManage:359 - Loaded plugin analytics (category:tool,tabindex:-1)
2023-08-04 19:45:53,337 [INFO] PluginManage:310 - Check plugin cadmodel
2023-08-04 19:45:53,369 [INFO] CADModel:105 - Init CAD model plugin
2023-08-04 19:45:53,369 [INFO] PluginManage:359 - Loaded plugin cadmodel (category:power,tabindex:5)
2023-08-04 19:45:53,370 [INFO] PluginManage:310 - Check plugin clock
2023-08-04 19:45:53,424 [INFO] PluginManage:359 - Loaded plugin clock (category:base,tabindex:2)
2023-08-04 19:45:53,424 [INFO] PluginManage:310 - Check plugin ddr
2023-08-04 19:45:53,429 [INFO] PluginManage:359 - Loaded plugin ddr (category:tool,tabindex:6)
2023-08-04 19:45:53,430 [INFO] PluginManage:310 - Check plugin filemanager
2023-08-04 19:45:53,687 [INFO] PluginManage:359 - Loaded plugin filemanager (category:base,tabindex:10)
2023-08-04 19:45:53,688 [INFO] PluginManage:310 - Check plugin ipmanager
2023-08-04 19:45:53,706 [INFO] PluginManage:359 - Loaded plugin ipmanager (category:base,tabindex:5)
2023-08-04 19:45:53,706 [INFO] PluginManage:310 - Check plugin lpbam
2023-08-04 19:45:53,740 [INFO] PluginManage:359 - Loaded plugin lpbam (category:base,tabindex:0)
2023-08-04 19:45:53,740 [INFO] PluginManage:310 - Check plugin memorymap
2023-08-04 19:45:53,787 [INFO] PluginManage:359 - Loaded plugin memorymap (category:base,tabindex:4)
2023-08-04 19:45:53,787 [INFO] PluginManage:310 - Check plugin pinoutandconfiguration
2023-08-04 19:45:53,826 [INFO] PluginManage:359 - Loaded plugin pinoutandconfiguration (category:base,tabindex:1)
2023-08-04 19:45:53,826 [INFO] PluginManage:310 - Check plugin pinoutconfig
2023-08-04 19:45:54,032 [WARN] SupportedApi:132 - Cannot load RTOS API schema: s4s-elt-must-match.1: The content of 'definitions' must match (annotation?, (simpleType | complexType)?, (unique | key | keyref)*)). A problem was found starting at: attribute.
2023-08-04 19:45:54,183 [INFO] PluginManage:359 - Loaded plugin pinoutconfig (category:base,tabindex:0)
2023-08-04 19:45:54,183 [INFO] PluginManage:310 - Check plugin power
2023-08-04 19:45:54,212 [INFO] PluginManage:359 - Loaded plugin power (category:power,tabindex:4)
2023-08-04 19:45:54,212 [INFO] PluginManage:310 - Check plugin projectmanager
2023-08-04 19:45:54,242 [INFO] PluginManage:359 - Loaded plugin projectmanager (category:projectmanager,tabindex:3)
2023-08-04 19:45:54,243 [INFO] PluginManage:310 - Check plugin thirdparty
2023-08-04 19:45:54,602 [INFO] PluginManage:359 - Loaded plugin thirdparty (category:base,tabindex:-1)
2023-08-04 19:45:54,602 [WARN] IntegrityCheckThread:84 - waiting for thirdparty lock release [integrity check]
2023-08-04 19:45:54,603 [INFO] IntegrityCheckThread:86 - entering critical section [integrity check]
2023-08-04 19:45:54,603 [INFO] PluginManage:310 - Check plugin tools
2023-08-04 19:45:54,603 [INFO] ThirdPartyUpdaterWithRetryManager:70 - Updater plugin not ready yet. [1/15]
2023-08-04 19:45:54,639 [INFO] PluginManage:359 - Loaded plugin tools (category:base,tabindex:7)
2023-08-04 19:45:54,640 [INFO] PluginManage:310 - Check plugin tutovideos
2023-08-04 19:45:54,880 [INFO] PluginManage:359 - Loaded plugin tutovideos (category:base,tabindex:-1)
2023-08-04 19:45:54,881 [INFO] PluginManage:310 - Check plugin updater
2023-08-04 19:45:54,896 [INFO] PluginManage:359 - Loaded plugin updater (category:base,tabindex:12)
2023-08-04 19:45:54,896 [INFO] PluginManage:310 - Check plugin userauth
2023-08-04 19:45:54,906 [INFO] UserAuth:113 - Init User Auth plugin
2023-08-04 19:45:54,906 [INFO] PluginManage:359 - Loaded plugin userauth (category:base,tabindex:14)
2023-08-04 19:45:54,906 [INFO] PluginManage:283 - PluginManage : Loaded plugins [17]
2023-08-04 19:45:55,218 [INFO] PinOutPanel:1499 - setPackage(No Configuration,No Configuration)
2023-08-04 19:45:55,356 [INFO] CADModel:165 - CPN selected for project level
2023-08-04 19:45:55,356 [INFO] CADModel:114 - Register for checkConnection events
2023-08-04 19:45:55,390 [INFO] IPUIPlugin:80 - create IPUIPlugin
2023-08-04 19:45:55,390 [INFO] PluginManager:220 - loadIPPluginJar : add adc
2023-08-04 19:45:55,427 [INFO] IPUIPlugin:80 - create IPUIPlugin
2023-08-04 19:45:55,427 [INFO] PluginManager:220 - loadIPPluginJar : add aes
2023-08-04 19:45:55,468 [INFO] IPUIPlugin:80 - create IPUIPlugin
2023-08-04 19:45:55,469 [INFO] PluginManager:220 - loadIPPluginJar : add can
2023-08-04 19:45:55,492 [INFO] IPUIPlugin:80 - create IPUIPlugin
2023-08-04 19:45:55,492 [INFO] PluginManager:220 - loadIPPluginJar : add comp
2023-08-04 19:45:55,532 [INFO] IPUIPlugin:80 - create IPUIPlugin
2023-08-04 19:45:55,533 [INFO] PluginManager:220 - loadIPPluginJar : add cryp
2023-08-04 19:45:55,575 [INFO] IPUIPlugin:80 - create IPUIPlugin
2023-08-04 19:45:55,575 [INFO] PluginManager:220 - loadIPPluginJar : add dfsdm
2023-08-04 19:45:55,593 [INFO] IPUIPlugin:80 - create IPUIPlugin
2023-08-04 19:45:55,593 [INFO] PluginManager:220 - loadIPPluginJar : add dma
2023-08-04 19:45:55,641 [INFO] IPUIPlugin:80 - create IPUIPlugin
2023-08-04 19:45:55,641 [INFO] PluginManager:220 - loadIPPluginJar : add dma3
2023-08-04 19:45:55,665 [INFO] IPUIPlugin:80 - create IPUIPlugin
2023-08-04 19:45:55,665 [INFO] PluginManager:220 - loadIPPluginJar : add fatfs
2023-08-04 19:45:55,712 [INFO] IPUIPlugin:80 - create IPUIPlugin
2023-08-04 19:45:55,714 [INFO] PluginManager:220 - loadIPPluginJar : add fmc
2023-08-04 19:45:55,729 [INFO] IPUIPlugin:80 - create IPUIPlugin
2023-08-04 19:45:55,730 [INFO] PluginManager:220 - loadIPPluginJar : add freertos
2023-08-04 19:45:55,751 [INFO] IPUIPlugin:80 - create IPUIPlugin
2023-08-04 19:45:55,751 [INFO] PluginManager:220 - loadIPPluginJar : add genericplugin
2023-08-04 19:45:55,842 [INFO] IPUIPlugin:80 - create IPUIPlugin
2023-08-04 19:45:55,842 [INFO] PluginManager:220 - loadIPPluginJar : add gfxmmu
2023-08-04 19:45:55,979 [INFO] IPUIPlugin:80 - create IPUIPlugin
2023-08-04 19:45:55,980 [INFO] PluginManager:220 - loadIPPluginJar : add gic
2023-08-04 19:45:56,005 [INFO] IPUIPlugin:80 - create IPUIPlugin
2023-08-04 19:45:56,006 [INFO] PluginManager:220 - loadIPPluginJar : add gpio
2023-08-04 19:45:56,089 [INFO] IPUIPlugin:80 - create IPUIPlugin
2023-08-04 19:45:56,090 [INFO] PluginManager:220 - loadIPPluginJar : add gtzc
2023-08-04 19:45:56,149 [INFO] IPUIPlugin:80 - create IPUIPlugin
2023-08-04 19:45:56,150 [INFO] PluginManager:220 - loadIPPluginJar : add hash
2023-08-04 19:45:56,200 [INFO] IPUIPlugin:80 - create IPUIPlugin
2023-08-04 19:45:56,200 [INFO] PluginManager:220 - loadIPPluginJar : add i2c
2023-08-04 19:45:56,242 [INFO] IPUIPlugin:80 - create IPUIPlugin
2023-08-04 19:45:56,242 [INFO] PluginManager:220 - loadIPPluginJar : add i2s
2023-08-04 19:45:56,281 [INFO] IPUIPlugin:80 - create IPUIPlugin
2023-08-04 19:45:56,281 [INFO] PluginManager:220 - loadIPPluginJar : add i3c
2023-08-04 19:45:56,396 [INFO] IPUIPlugin:80 - create IPUIPlugin
2023-08-04 19:45:56,396 [INFO] PluginManager:220 - loadIPPluginJar : add ipddr
2023-08-04 19:45:56,486 [INFO] IPUIPlugin:80 - create IPUIPlugin
2023-08-04 19:45:56,487 [INFO] PluginManager:220 - loadIPPluginJar : add linkedlist
2023-08-04 19:45:56,520 [INFO] IPUIPlugin:80 - create IPUIPlugin
2023-08-04 19:45:56,520 [INFO] PluginManager:220 - loadIPPluginJar : add lorawan
2023-08-04 19:45:56,555 [INFO] IPUIPlugin:80 - create IPUIPlugin
2023-08-04 19:45:56,555 [INFO] PluginManager:220 - loadIPPluginJar : add ltdc
2023-08-04 19:45:56,576 [INFO] IPUIPlugin:80 - create IPUIPlugin
2023-08-04 19:45:56,577 [INFO] PluginManager:220 - loadIPPluginJar : add mdma
2023-08-04 19:45:56,590 [INFO] IPUIPlugin:80 - create IPUIPlugin
2023-08-04 19:45:56,590 [INFO] PluginManager:220 - loadIPPluginJar : add nvic
2023-08-04 19:45:56,624 [INFO] IPUIPlugin:80 - create IPUIPlugin
2023-08-04 19:45:56,625 [INFO] PluginManager:220 - loadIPPluginJar : add opamp
2023-08-04 19:45:56,691 [INFO] IPUIPlugin:80 - create IPUIPlugin
2023-08-04 19:45:56,691 [INFO] PluginManager:220 - loadIPPluginJar : add openamp
2023-08-04 19:45:56,751 [INFO] IPUIPlugin:80 - create IPUIPlugin
2023-08-04 19:45:56,751 [INFO] PluginManager:220 - loadIPPluginJar : add pdm2pcm
2023-08-04 19:45:56,769 [INFO] IPUIPlugin:80 - create IPUIPlugin
2023-08-04 19:45:56,772 [INFO] PluginManager:220 - loadIPPluginJar : add plateformsettings
2023-08-04 19:45:56,799 [INFO] IPUIPlugin:80 - create IPUIPlugin
2023-08-04 19:45:56,799 [INFO] PluginManager:220 - loadIPPluginJar : add quadspi
2023-08-04 19:45:56,815 [INFO] IPUIPlugin:80 - create IPUIPlugin
2023-08-04 19:45:56,815 [INFO] PluginManager:220 - loadIPPluginJar : add resmgrutility
2023-08-04 19:45:56,866 [INFO] IPUIPlugin:80 - create IPUIPlugin
2023-08-04 19:45:56,866 [INFO] PluginManager:220 - loadIPPluginJar : add sai
2023-08-04 19:45:56,905 [INFO] IPUIPlugin:80 - create IPUIPlugin
2023-08-04 19:45:56,905 [INFO] PluginManager:220 - loadIPPluginJar : add spi
2023-08-04 19:45:56,964 [INFO] IPUIPlugin:80 - create IPUIPlugin
2023-08-04 19:45:56,964 [INFO] PluginManager:220 - loadIPPluginJar : add stm32_wpan
2023-08-04 19:45:56,991 [INFO] IPUIPlugin:80 - create IPUIPlugin
2023-08-04 19:45:56,992 [INFO] PluginManager:220 - loadIPPluginJar : add tim
2023-08-04 19:45:57,048 [INFO] IPUIPlugin:80 - create IPUIPlugin
2023-08-04 19:45:57,048 [INFO] PluginManager:220 - loadIPPluginJar : add touchsensing
2023-08-04 19:45:57,073 [INFO] IPUIPlugin:80 - create IPUIPlugin
2023-08-04 19:45:57,073 [INFO] PluginManager:220 - loadIPPluginJar : add tracer_emb
2023-08-04 19:45:57,107 [INFO] IPUIPlugin:80 - create IPUIPlugin
2023-08-04 19:45:57,107 [INFO] PluginManager:220 - loadIPPluginJar : add ts
2023-08-04 19:45:57,130 [INFO] IPUIPlugin:80 - create IPUIPlugin
2023-08-04 19:45:57,131 [INFO] PluginManager:220 - loadIPPluginJar : add tsc
2023-08-04 19:45:57,152 [INFO] IPUIPlugin:80 - create IPUIPlugin
2023-08-04 19:45:57,152 [INFO] PluginManager:220 - loadIPPluginJar : add ucpd
2023-08-04 19:45:57,200 [INFO] IPUIPlugin:80 - create IPUIPlugin
2023-08-04 19:45:57,200 [INFO] PluginManager:220 - loadIPPluginJar : add usart
2023-08-04 19:45:57,243 [INFO] IPUIPlugin:80 - create IPUIPlugin
2023-08-04 19:45:57,243 [INFO] PluginManager:220 - loadIPPluginJar : add usbx
2023-08-04 19:45:57,378 [INFO] CADModel:165 - CPN selected for project level
2023-08-04 19:45:57,378 [INFO] CADModel:114 - Register for checkConnection events
2023-08-04 19:45:57,378 [FATAL] Updater:308 - Updater called before beeing initialized
2023-08-04 19:45:57,380 [ERROR] CADModel:125 - Updater not yet initialized, retry later 
2023-08-04 19:45:57,577 [INFO] CADModel:165 - CPN selected for project level
2023-08-04 19:45:57,578 [INFO] CADModel:114 - Register for checkConnection events
2023-08-04 19:45:57,578 [FATAL] Updater:308 - Updater called before beeing initialized
2023-08-04 19:45:57,578 [ERROR] CADModel:125 - Updater not yet initialized, retry later 
2023-08-04 19:45:57,584 [FATAL] Updater:308 - Updater called before beeing initialized
2023-08-04 19:45:57,604 [INFO] ThirdPartyUpdaterWithRetryManager:70 - Updater plugin not ready yet. [2/15]
2023-08-04 19:45:57,714 [FATAL] Updater:308 - Updater called before beeing initialized
2023-08-04 19:45:57,725 [INFO] DbMcusAds:53 - JSON generation date=Tue Mar 07 15:50:55 ICT 2023 (1678179055114)
2023-08-04 19:45:57,725 [FATAL] Updater:308 - Updater called before beeing initialized
2023-08-04 19:45:57,771 [WARN] DetailPanel:346 - Failed to get advertising image, set to default
2023-08-04 19:45:57,906 [FATAL] Updater:308 - Updater called before beeing initialized
2023-08-04 19:45:57,911 [FATAL] Updater:308 - Updater called before beeing initialized
2023-08-04 19:45:57,911 [FATAL] Updater:308 - Updater called before beeing initialized
2023-08-04 19:45:57,911 [WARN] DetailPanel:346 - Failed to get advertising image, set to default
2023-08-04 19:45:57,913 [FATAL] Updater:308 - Updater called before beeing initialized
2023-08-04 19:45:58,003 [ERROR] Updater:1120 - MainUpdater not yet initialized. External WinMGr cannot be set.
2023-08-04 19:45:58,015 [INFO] Updater:1056 - Updater Version found : 6.9.0
2023-08-04 19:45:58,036 [INFO] McuFinderGlobals:63 - Set McuFinder mode to 2 (CubeIDE integrated)
2023-08-04 19:45:58,039 [INFO] ApplicationProperties:184 - Using Application install path: C:\ST\STM32CubeIDE_1.13.0\STM32CubeIDE\plugins\com.st.stm32cube.common.mx_6.9.0.202307051724
2023-08-04 19:45:58,367 [INFO] MainUpdater:2868 - connection check result : 10
2023-08-04 19:45:58,369 [INFO] MainUpdater:285 - Updater Check For Update Now.
2023-08-04 19:45:58,370 [INFO] MicroXplorer:498 - Change Database Version : DB.6.0.90
2023-08-04 19:45:58,400 [INFO] McuFinderGlobals:63 - Set McuFinder mode to 2 (CubeIDE integrated)
2023-08-04 19:45:58,400 [INFO] UserAuth:179 - activating auth plugin
2023-08-04 19:45:58,404 [INFO] UserAuth:393 - Internet connection configuration mode: 1
2023-08-04 19:45:58,450 [INFO] JxBrowserEngine:151 - Initiate JxBrowser Engine with user profile folder
2023-08-04 19:45:58,603 [INFO] CheckServerUpdateThread:120 - End of CheckServer Thread
2023-08-04 19:45:58,633 [INFO] MainUpdater:2868 - connection check result : 10
2023-08-04 19:45:59,370 [INFO] ApiDb:581 - Connected to CubeFinder SQLite database (C:\Users\ACER\.stmcufinder\plugins\mcufinder\mcu\cube-finder-db.db)
2023-08-04 19:45:59,464 [INFO] ApiDb:668 - CubeFinder database Data Model version=2.1
2023-08-04 19:45:59,464 [INFO] ApiDb:669 - CubeFinder database Configuration version=3.0.37
2023-08-04 19:45:59,464 [INFO] ApiDb:670 - CubeFinder database generation date=2023-06-26 (1687786131)
2023-08-04 19:45:59,464 [INFO] ApiDb:671 - CubeFinder database FW Pack versions=[FP-ATR-ASTRA1_V2.0.0, FP-SNS-FLIGHT1_V5.0.1, FP-SNS-MOTENV1_V4.3.1, STM32Cube_FW_C0_V1.1.0, STM32Cube_FW_F4_V1.27.1, STM32Cube_FW_F7_V1.17.0, STM32Cube_FW_G0_V1.6.1, STM32Cube_FW_G4_V1.5.1, STM32Cube_FW_H5_V0.5.1, STM32Cube_FW_H5_V1.1.0, STM32Cube_FW_H7_V1.11.0, STM32Cube_FW_L0_V1.12.2, STM32Cube_FW_L5_V1.5.0, STM32Cube_FW_U5_V1.3.0, STM32Cube_FW_U5_V1.3.0RC4, STM32Cube_FW_WBA_V1.0.0RC1, STM32Cube_FW_WBA_V1.1.0, STM32Cube_FW_WBA_V1.1.0RC1, STM32Cube_FW_WB_V1.15.0RC1, STM32Cube_FW_WB_V1.16.0, STM32Cube_FW_WB_V1.16.0RC2, STM32Cube_FW_WB_V1.17.0, STM32Cube_FW_WL_V1.3.0, X-CUBE-ALGOBUILD_V1.3.0, X-CUBE-ALS_V1.0.1, X-CUBE-AZRTOS-F4_V1.1.0, X-CUBE-AZRTOS-F7_V1.1.0, X-CUBE-AZRTOS-G0_V1.1.0, X-CUBE-AZRTOS-G4_V2.0.0, X-CUBE-AZRTOS-H7_V3.1.0, X-CUBE-AZRTOS-L4_V1.0.0, X-CUBE-AZRTOS-L4_V2.0.0, X-CUBE-AZRTOS-L5_V1.1.0, X-CUBE-AZRTOS-WB_V1.1.0, X-CUBE-AZRTOS-WL_V2.0.0, X-CUBE-BLE1_V6.2.4, X-CUBE-BLE2_V3.3.0, X-CUBE-BLEMGR_V2.0.0, X-CUBE-EEPRMA1_V4.1.0, X-CUBE-FREERTOS_V1.0.1, X-CUBE-GNSS1_V6.0.0, X-CUBE-MEMS1_V9.1.0, X-CUBE-MEMS1_V9.4.0, X-CUBE-MEMS1_V9.6.0, X-CUBE-NFC4_V3.0.0, X-CUBE-NFC7_V1.0.0, X-CUBE-SFXS2LP1_V4.0.0, X-CUBE-SUBG2_V5.0.0]
2023-08-04 19:45:59,677 [INFO] DbBoardsSqlite:226 - include board P-NUCLEO-WB55-NUCLEO as a kit item of type 'Nucleo-64'
2023-08-04 19:45:59,679 [INFO] DbBoardsSqlite:226 - include board P-NUCLEO-WB55-USBDONGLE as a kit item of type 'Nucleo USB Dongle'
2023-08-04 19:45:59,681 [INFO] DbBoardsSqlite:226 - include board STEVAL-IDP005V1 as a kit item of type 'Evaluation Board'
2023-08-04 19:45:59,682 [INFO] DbBoardsSqlite:226 - include board STEVAL-IDP005V2 as a kit item of type 'Evaluation Board'
2023-08-04 19:46:00,578 [INFO] ApiDb:240 - Found 323 in-development CPN: [B-G473E-ZEST1S, B-WB1M-WPAN1, B-WL5M-SUBG1, NUCLEO-C031C6, NUCLEO-H503RB, NUCLEO-H563ZI, NUCLEO-U545RE-Q, NUCLEO-U5A5ZJ-Q, NUCLEO-WBA52CG, STEVAL-PROTEUS1, STEVAL-SMARTAG2, STEVAL-STWINBX1, STM320518-EVAL, STM32C0116-DK, STM32C011D6Y3TR, STM32C011D6Y6TR, STM32C011F4P3, STM32C011F4P6, STM32C011F4U3, STM32C011F4U6TR, STM32C011F6P3, STM32C011F6P6, STM32C011F6U3, STM32C011F6U6TR, STM32C011J4M3, STM32C011J4M6, STM32C011J6M3, STM32C011J6M6, STM32C0316-DK, STM32C031C4T3, STM32C031C4T6, STM32C031C4U3, STM32C031C4U6, STM32C031C6T3, STM32C031C6T6, STM32C031C6U3, STM32C031C6U6, STM32C031F4P3, STM32C031F4P6, STM32C031F6P3, STM32C031F6P6, STM32C031G4U3, STM32C031G4U6, STM32C031G6U3, STM32C031G6U6, STM32C031K4T3, STM32C031K4T6, STM32C031K4U3, STM32C031K4U6, STM32C031K6T3, STM32C031K6T6, STM32C031K6U3, STM32C031K6U6, STM32G071K8TXN, STM32G071K8UXN, STM32G081GBU6N, STM32G081KBT6N, STM32G081KBUXN, STM32G0B1CCT6N, STM32G0B1KCT6, STM32G0B1NEY6TR, STM32G0B1RCT6N, STM32G0C1CCT6, STM32G0C1CCT6N, STM32G0C1CCU6N, STM32G0C1CET6N, STM32G0C1CEU6N, STM32G0C1KCT6, STM32G0C1NEY6TR, STM32G0C1RCI6N, STM32G0C1RCT6N, STM32G0C1REI6N, STM32G0C1RET6N, STM32G0C1VCI6, STM32G0C1VEI6, STM32G471CCT6, STM32G471CCU6, STM32G471CET3, STM32G471CET6, STM32G471CEU3, STM32G471CEU6, STM32G471MCT6, STM32G471MET3, STM32G471MET6, STM32G471MEY6TR, STM32G471QCT6, STM32G471QET3, STM32G471RCT6, STM32G471RET3, STM32G471RET6, STM32G471VCH6, STM32G471VCI6, STM32G471VCT6, STM32G471VEH3, STM32G471VEH6, STM32G471VEI3, STM32G471VEI6, STM32G471VET3, STM32G471VET6, STM32G474CCT6, STM32H503CBT6, STM32H503CBU6, STM32H503EBY6TR, STM32H503KBU6, STM32H503RBT6, STM32H562AGI6, STM32H562AII6, STM32H562IGK6, STM32H562IGT6, STM32H562IIK6, STM32H562IIT6, STM32H562RGT6, STM32H562RGV6, STM32H562RIT6, STM32H562RIV6, STM32H562VGT6, STM32H562VIT6, STM32H562ZGT6, STM32H562ZIT6, STM32H563AGI6, STM32H563AII3Q, STM32H563AII6, STM32H563IGK6, STM32H563IGT6, STM32H563IIK3Q, STM32H563IIK6, STM32H563IIT3Q, STM32H563IIT6, STM32H563MIY3QTR, STM32H563RGT6, STM32H563RGV6, STM32H563RIT6, STM32H563RIV6, STM32H563VGT6, STM32H563VIT3Q, STM32H563VIT6, STM32H563ZGT6, STM32H563ZIT3Q, STM32H563ZIT6, STM32H573AII3Q, STM32H573AII6, STM32H573I-DK, STM32H573IIK3Q, STM32H573IIK6, STM32H573IIT3Q, STM32H573IIT6, STM32H573MIY3QTR, STM32H573RIT6, STM32H573RIV6, STM32H573VIT3Q, STM32H573VIT6, STM32H573ZIT3Q, STM32H573ZIT6, STM32L4R5QGI6STR, STM32MP131AAE3, STM32MP131AAF3, STM32MP131AAG3, STM32MP131CAE3, STM32MP131CAF3, STM32MP131CAG3, STM32MP131DAE7, STM32MP131DAF7, STM32MP131DAG7, STM32MP131FAE7, STM32MP131FAF7, STM32MP131FAG7, STM32MP133AAE3, STM32MP133AAF3, STM32MP133AAG3, STM32MP133CAE3, STM32MP133CAF3, STM32MP133CAG3, STM32MP133DAE7, STM32MP133DAF7, STM32MP133DAG7, STM32MP133FAE7, STM32MP133FAF7, STM32MP133FAG7, STM32MP135AAE3, STM32MP135AAF3, STM32MP135AAG3, STM32MP135CAE3, STM32MP135CAF3, STM32MP135CAG3, STM32MP135DAE7, STM32MP135DAF7, STM32MP135DAG7, STM32MP135F-DK, STM32MP135FAE7, STM32MP135FAF7, STM32MP135FAF7T, STM32MP135FAF7U, STM32MP135FAG7, STM32U535CBT6, STM32U535CBT6Q, STM32U535CBU6, STM32U535CBU6Q, STM32U535CCT6, STM32U535CCT6Q, STM32U535CCU6, STM32U535CCU6Q, STM32U535CET6, STM32U535CET6Q, STM32U535CEU6, STM32U535CEU6Q, STM32U535JEY6QTR, STM32U535NCY6QTR, STM32U535NEY6QTR, STM32U535RBI6, STM32U535RBI6Q, STM32U535RBT6, STM32U535RBT6Q, STM32U535RCI6, STM32U535RCI6Q, STM32U535RCT6, STM32U535RCT6Q, STM32U535REI6, STM32U535REI6Q, STM32U535RET6, STM32U535RET6Q, STM32U535VCI6, STM32U535VCI6Q, STM32U535VCT6, STM32U535VCT6Q, STM32U535VEI6, STM32U535VEI6Q, STM32U535VET6, STM32U535VET6Q, STM32U545CET6, STM32U545CET6Q, STM32U545CEU6, STM32U545CEU6Q, STM32U545JEY6QTR, STM32U545NEY6QTR, STM32U545REI6, STM32U545REI6Q, STM32U545RET6, STM32U545RET6Q, STM32U545VEI6, STM32U545VEI6Q, STM32U545VET6, STM32U545VET6Q, STM32U595AIH6, STM32U595AIH6Q, STM32U595AJH6, STM32U595AJH6Q, STM32U595QII6, STM32U595QII6Q, STM32U595QJI6, STM32U595QJI6Q, STM32U595RIT6, STM32U595RIT6Q, STM32U595RJT6, STM32U595RJT6Q, STM32U595VIT6, STM32U595VIT6Q, STM32U595VJT6, STM32U595VJT6Q, STM32U595ZIT6, STM32U595ZIT6Q, STM32U595ZIY6QTR, STM32U595ZJT6, STM32U595ZJT6Q, STM32U595ZJY6QTR, STM32U599BJY6QTR, STM32U599NIH6Q, STM32U599NJH6Q, STM32U599VIT6Q, STM32U599VJT6, STM32U599VJT6Q, STM32U599ZIT6Q, STM32U599ZIY6QTR, STM32U599ZJT6Q, STM32U599ZJY6QTR, STM32U5A5AJH6, STM32U5A5AJH6Q, STM32U5A5QJI6, STM32U5A5QJI6Q, STM32U5A5RJT6, STM32U5A5RJT6Q, STM32U5A5VJT6, STM32U5A5VJT6Q, STM32U5A5ZJT6, STM32U5A5ZJT6Q, STM32U5A5ZJY6QTR, STM32U5A9BJY6QTR, STM32U5A9J-DK, STM32U5A9NJH6Q, STM32U5A9VJT6Q, STM32U5A9ZJT6Q, STM32U5A9ZJY6QTR, STM32U5F7VIT6, STM32U5F7VIT6Q, STM32U5F7VJT6, STM32U5F7VJT6Q, STM32U5F9BJY6QTR, STM32U5F9NJH6Q, STM32U5F9VIT6Q, STM32U5F9VJT6Q, STM32U5F9ZIJ6QTR, STM32U5F9ZIT6Q, STM32U5F9ZJJ6QTR, STM32U5F9ZJT6Q, STM32U5G7VJT6, STM32U5G7VJT6Q, STM32U5G9BJY6QTR, STM32U5G9J-DK1, STM32U5G9J-DK2, STM32U5G9NJH6Q, STM32U5G9VJT6Q, STM32U5G9ZJJ6QTR, STM32U5G9ZJT6Q, STM32WB1MMCH6, STM32WBA52CEU6, STM32WBA52CEU6T, STM32WBA52CGU6, STM32WBA52CGU6T, STM32WBA52KEU6, STM32WBA52KEU6T, STM32WBA52KGU6, STM32WBA52KGU6T, STM32WL5MOCH6, STM32WL5MOCH6TR]
2023-08-04 19:46:00,825 [INFO] BoardInfo:880 - No configuration file found for board P-NUCLEO-WB55
2023-08-04 19:46:00,826 [INFO] DbBoards:157 - Kit is not supported: P-NUCLEO-WB55
2023-08-04 19:46:00,856 [INFO] BoardInfo:880 - No configuration file found for board STEVAL-BFA001V1B
2023-08-04 19:46:00,856 [INFO] DbBoards:157 - Kit is not supported: STEVAL-BFA001V1B
2023-08-04 19:46:00,858 [INFO] BoardInfo:880 - No configuration file found for board STEVAL-BFA001V2B
2023-08-04 19:46:00,858 [INFO] DbBoards:157 - Kit is not supported: STEVAL-BFA001V2B
2023-08-04 19:46:00,960 [WARN] PackLoader:240 - Cannot read IP mode file for STMicroelectronics.X-CUBE-SMBUS.2.1.0
2023-08-04 19:46:01,058 [WARN] PackLoader:240 - Cannot read IP mode file for STMicroelectronics.X-CUBE-AZRTOS-F7.1.1.0
2023-08-04 19:46:01,113 [WARN] PackLoader:240 - Cannot read IP mode file for STMicroelectronics.FP-SNS-MOTENV1.4.3.2
2023-08-04 19:46:01,146 [ERROR] RealEvaluatedCondition:428 - Found unsupported composite condition: CLASS='Data Exchange' GROUP='STM32_MetaDataManager'
2023-08-04 19:46:01,146 [ERROR] RealEvaluatedCondition:428 - Found unsupported composite condition: GROUP='STM32_MetaDataManager' CLASS='Data Exchange'
2023-08-04 19:46:01,149 [WARN] PackLoader:240 - Cannot read IP mode file for STMicroelectronics.FP-SNS-MOTENV1.4.3.1
2023-08-04 19:46:01,177 [WARN] PackLoader:240 - Cannot read IP mode file for STMicroelectronics.FP-SNS-FLIGHT1.5.0.1
2023-08-04 19:46:01,190 [INFO] DbBoards:161 - Found 190 boards, 187 are supported
2023-08-04 19:46:01,196 [INFO] ApiDb:668 - CubeFinder database Data Model version=2.1
2023-08-04 19:46:01,197 [INFO] ApiDb:669 - CubeFinder database Configuration version=3.0.37
2023-08-04 19:46:01,197 [INFO] ApiDb:670 - CubeFinder database generation date=2023-06-26 (1687786131)
2023-08-04 19:46:01,197 [INFO] ApiDb:671 - CubeFinder database FW Pack versions=[FP-ATR-ASTRA1_V2.0.0, FP-SNS-FLIGHT1_V5.0.1, FP-SNS-MOTENV1_V4.3.1, STM32Cube_FW_C0_V1.1.0, STM32Cube_FW_F4_V1.27.1, STM32Cube_FW_F7_V1.17.0, STM32Cube_FW_G0_V1.6.1, STM32Cube_FW_G4_V1.5.1, STM32Cube_FW_H5_V0.5.1, STM32Cube_FW_H5_V1.1.0, STM32Cube_FW_H7_V1.11.0, STM32Cube_FW_L0_V1.12.2, STM32Cube_FW_L5_V1.5.0, STM32Cube_FW_U5_V1.3.0, STM32Cube_FW_U5_V1.3.0RC4, STM32Cube_FW_WBA_V1.0.0RC1, STM32Cube_FW_WBA_V1.1.0, STM32Cube_FW_WBA_V1.1.0RC1, STM32Cube_FW_WB_V1.15.0RC1, STM32Cube_FW_WB_V1.16.0, STM32Cube_FW_WB_V1.16.0RC2, STM32Cube_FW_WB_V1.17.0, STM32Cube_FW_WL_V1.3.0, X-CUBE-ALGOBUILD_V1.3.0, X-CUBE-ALS_V1.0.1, X-CUBE-AZRTOS-F4_V1.1.0, X-CUBE-AZRTOS-F7_V1.1.0, X-CUBE-AZRTOS-G0_V1.1.0, X-CUBE-AZRTOS-G4_V2.0.0, X-CUBE-AZRTOS-H7_V3.1.0, X-CUBE-AZRTOS-L4_V1.0.0, X-CUBE-AZRTOS-L4_V2.0.0, X-CUBE-AZRTOS-L5_V1.1.0, X-CUBE-AZRTOS-WB_V1.1.0, X-CUBE-AZRTOS-WL_V2.0.0, X-CUBE-BLE1_V6.2.4, X-CUBE-BLE2_V3.3.0, X-CUBE-BLEMGR_V2.0.0, X-CUBE-EEPRMA1_V4.1.0, X-CUBE-FREERTOS_V1.0.1, X-CUBE-GNSS1_V6.0.0, X-CUBE-MEMS1_V9.1.0, X-CUBE-MEMS1_V9.4.0, X-CUBE-MEMS1_V9.6.0, X-CUBE-NFC4_V3.0.0, X-CUBE-NFC7_V1.0.0, X-CUBE-SFXS2LP1_V4.0.0, X-CUBE-SUBG2_V5.0.0]
2023-08-04 19:46:01,205 [WARN] PackLoader:240 - Cannot read IP mode file for STMicroelectronics.X-CUBE-BLE1.6.2.4
2023-08-04 19:46:01,228 [WARN] PackLoader:240 - Cannot read IP mode file for STMicroelectronics.FP-SNS-FLIGHT1.5.0.2
2023-08-04 19:46:01,340 [WARN] PackLoader:240 - Cannot read IP mode file for STMicroelectronics.X-CUBE-DISPLAY.3.0.0
2023-08-04 19:46:01,407 [WARN] PackLoader:240 - Cannot read IP mode file for STMicroelectronics.X-CUBE-TOUCHGFX.4.22.0
2023-08-04 19:46:01,447 [INFO] LogOutputStream:77 - [STDOUT_REDIRECT] 1 : Invalid condition id : UX_CORESTACK_Condition cause : null
2023-08-04 19:46:01,450 [INFO] LogOutputStream:77 - [STDOUT_REDIRECT] 1 : Invalid condition id : UX_CORESTACK_Condition cause : null
2023-08-04 19:46:01,452 [INFO] LogOutputStream:77 - [STDOUT_REDIRECT] 1 : Invalid condition id : UX_CORESTACK_Condition cause : null
2023-08-04 19:46:01,455 [INFO] LogOutputStream:77 - [STDOUT_REDIRECT] 1 : Invalid condition id : UX_CORESTACK_Condition cause : null
2023-08-04 19:46:01,458 [INFO] LogOutputStream:77 - [STDOUT_REDIRECT] 1 : Invalid condition id : UX_CORESTACK_Condition cause : null
2023-08-04 19:46:01,467 [WARN] PackLoader:240 - Cannot read IP mode file for STMicroelectronics.X-CUBE-AZRTOS-WL.2.0.0
2023-08-04 19:46:01,502 [WARN] PackLoader:240 - Cannot read IP mode file for WES.I-CUBE-Cesium.1.3.0
2023-08-04 19:46:01,523 [WARN] PackLoader:240 - Cannot read IP mode file for STMicroelectronics.X-CUBE-BLE2.3.3.0
2023-08-04 19:46:01,552 [WARN] PackLoader:240 - Cannot read IP mode file for STMicroelectronics.X-CUBE-DISPLAY.2.2.0
2023-08-04 19:46:01,594 [WARN] PackLoader:240 - Cannot read IP mode file for STMicroelectronics.X-CUBE-TOF1.3.2.0
2023-08-04 19:46:01,638 [WARN] PackLoader:240 - Cannot read IP mode file for STMicroelectronics.X-CUBE-TOUCHGFX.4.21.0
2023-08-04 19:46:01,702 [WARN] PackLoader:240 - Cannot read IP mode file for STMicroelectronics.X-CUBE-TOUCHGFX.4.21.4
2023-08-04 19:46:01,841 [WARN] PackLoader:240 - Cannot read IP mode file for STMicroelectronics.X-CUBE-MEMS1.9.4.0
2023-08-04 19:46:02,498 [WARN] PackLoader:240 - Cannot read IP mode file for STMicroelectronics.X-CUBE-AI.7.3.0
2023-08-04 19:46:02,544 [WARN] PackLoader:240 - Cannot read IP mode file for STMicroelectronics.X-CUBE-ALGOBUILD.1.3.0
2023-08-04 19:46:02,639 [WARN] PackLoader:240 - Cannot read IP mode file for STMicroelectronics.X-CUBE-AZRTOS-G0.1.1.0
2023-08-04 19:46:02,663 [INFO] WebApp:157 - Instantiating new browser for Auth
2023-08-04 19:46:02,668 [WARN] PackLoader:240 - Cannot read IP mode file for STMicroelectronics.X-CUBE-NFC4.3.0.0
2023-08-04 19:46:02,748 [WARN] PackLoader:240 - Cannot read IP mode file for STMicroelectronics.X-CUBE-BLEMGR.1.3.0
2023-08-04 19:46:02,780 [WARN] PackLoader:240 - Cannot read IP mode file for STMicroelectronics.FP-ATR-SIGFOX1.3.2.0
2023-08-04 19:46:02,884 [WARN] PackLoader:240 - Cannot read IP mode file for SEGGER.I-CUBE-embOS.1.3.1
2023-08-04 19:46:03,068 [WARN] PackLoader:240 - Cannot read IP mode file for SEGGER.I-CUBE-embOS.1.3.0
2023-08-04 19:46:03,154 [WARN] PackLoader:240 - Cannot read IP mode file for STMicroelectronics.X-CUBE-GNSS1.6.0.0
2023-08-04 19:46:03,202 [WARN] PackLoader:240 - Cannot read IP mode file for STMicroelectronics.X-CUBE-AZRTOS-F4.1.1.0
2023-08-04 19:46:03,307 [WARN] PackLoader:240 - Cannot read IP mode file for STMicroelectronics.X-CUBE-MEMS1.9.6.0
2023-08-04 19:46:03,573 [WARN] PackLoader:240 - Cannot read IP mode file for emotas.I-CUBE-CANOPEN.1.1.3
2023-08-04 19:46:03,602 [WARN] PackLoader:240 - Cannot read IP mode file for STMicroelectronics.X-CUBE-BLEMGR.2.0.0
2023-08-04 19:46:03,624 [WARN] PackLoader:240 - Cannot read IP mode file for STMicroelectronics.X-CUBE-NFC4.2.0.5
2023-08-04 19:46:03,665 [WARN] ConditionMgr:438 - getConditionDescription Invalid condition id : UX DEVICE CLASS RTOS Condition cause : null
2023-08-04 19:46:03,665 [WARN] ConditionMgr:438 - getConditionDescription Invalid condition id : UX DEVICE CLASS RTOS Condition cause : null
2023-08-04 19:46:03,669 [WARN] PackLoader:240 - Cannot read IP mode file for STMicroelectronics.X-CUBE-AZRTOS-H7.3.1.0
2023-08-04 19:46:03,671 [WARN] ConditionMgr:1039 - genDependencies : Invalid condition id : UX DEVICE CLASS RTOS Condition cause : null
2023-08-04 19:46:03,671 [WARN] ConditionMgr:1039 - genDependencies : Invalid condition id : UX DEVICE CLASS RTOS Condition cause : null
2023-08-04 19:46:03,672 [WARN] ConditionMgr:1039 - genDependencies : Invalid condition id : UX DEVICE CLASS RTOS Condition cause : null
2023-08-04 19:46:03,673 [WARN] ConditionMgr:1039 - genDependencies : Invalid condition id : UX DEVICE CLASS RTOS Condition cause : null
2023-08-04 19:46:03,673 [WARN] ConditionMgr:1039 - genDependencies : Invalid condition id : UX DEVICE CLASS RTOS Condition cause : null
2023-08-04 19:46:03,690 [WARN] PackLoader:240 - Cannot read IP mode file for wolfSSL.I-CUBE-wolfSSL.5.5.4
2023-08-04 19:46:03,710 [WARN] PackLoader:240 - Cannot read IP mode file for STMicroelectronics.X-CUBE-NFC7.1.0.1
2023-08-04 19:46:03,728 [WARN] PackLoader:240 - Cannot read IP mode file for STMicroelectronics.X-CUBE-NFC7.1.0.0
2023-08-04 19:46:03,750 [WARN] PackLoader:240 - Cannot read IP mode file for STMicroelectronics.X-CUBE-EEPRMA1.4.1.0
2023-08-04 19:46:03,789 [WARN] ConditionMgr:438 - getConditionDescription Invalid condition id : LAN8742 Phy interface Condition cause : null
2023-08-04 19:46:03,791 [WARN] PackLoader:240 - Cannot read IP mode file for STMicroelectronics.X-CUBE-AZRTOS-L4.2.0.0
2023-08-04 19:46:03,792 [WARN] ConditionMgr:1039 - genDependencies : Invalid condition id : LAN8742 Phy interface Condition cause : null
2023-08-04 19:46:03,793 [WARN] ConditionMgr:1039 - genDependencies : Invalid condition id : LAN8742 Phy interface Condition cause : null
2023-08-04 19:46:03,794 [WARN] ConditionMgr:1039 - genDependencies : Invalid condition id : LAN8742 Phy interface Condition cause : null
2023-08-04 19:46:03,814 [WARN] PackLoader:240 - Cannot read IP mode file for STMicroelectronics.X-CUBE-SFXS2LP1.4.0.0
2023-08-04 19:46:03,868 [WARN] PackLoader:240 - Cannot read IP mode file for STMicroelectronics.X-CUBE-AZRTOS-H7.3.0.0
2023-08-04 19:46:03,893 [WARN] PackLoader:240 - Cannot read IP mode file for STMicroelectronics.X-CUBE-ISPU.1.1.0
2023-08-04 19:46:03,919 [WARN] PackLoader:240 - Cannot read IP mode file for RoweBots.I-CUBE-UNISONRTOS.5.5.0-4
2023-08-04 19:46:03,950 [WARN] PackLoader:240 - Cannot read IP mode file for STMicroelectronics.X-CUBE-FREERTOS.1.0.1
2023-08-04 19:46:03,996 [INFO] WebApp:753 - Register for checkConnection events
2023-08-04 19:46:03,996 [INFO] WebApp:390 - Apply proxy settings
2023-08-04 19:46:03,997 [INFO] WebApp:475 - Chromium requires no authentication
2023-08-04 19:46:04,000 [WARN] PackLoader:240 - Cannot read IP mode file for STMicroelectronics.X-CUBE-AZRTOS-L5.1.1.0
2023-08-04 19:46:04,017 [INFO] WebApp:418 - Direct internet connection detected
2023-08-04 19:46:04,022 [WARN] PackLoader:240 - Cannot read IP mode file for STMicroelectronics.X-CUBE-AI.8.0.1
2023-08-04 19:46:04,053 [WARN] PackLoader:240 - Cannot read IP mode file for STMicroelectronics.X-CUBE-SUBG2.5.0.0
2023-08-04 19:46:04,083 [WARN] PackLoader:240 - Cannot read IP mode file for STMicroelectronics.X-CUBE-TOF1.3.3.1
2023-08-04 19:46:04,125 [WARN] PackLoader:240 - Cannot read IP mode file for STMicroelectronics.X-CUBE-AZRTOS-G4.2.0.0
2023-08-04 19:46:04,152 [WARN] PackLoader:240 - Cannot read IP mode file for STMicroelectronics.X-CUBE-TOF1.3.3.0
2023-08-04 19:46:04,181 [WARN] PackLoader:240 - Cannot read IP mode file for STMicroelectronics.FP-ATR-ASTRA1.1.1.1
2023-08-04 19:46:04,213 [WARN] PackLoader:240 - Cannot read IP mode file for STMicroelectronics.X-CUBE-AZRTOS-G4.1.0.0
2023-08-04 19:46:04,266 [WARN] PackLoader:240 - Cannot read IP mode file for STMicroelectronics.X-CUBE-AZRTOS-L4.1.0.0
2023-08-04 19:46:04,297 [WARN] PackLoader:240 - Cannot read IP mode file for STMicroelectronics.X-CUBE-AZRTOS-WL.1.0.0
2023-08-04 19:46:04,317 [WARN] PackLoader:240 - Cannot read IP mode file for portGmbH.I-Cube-SoM-uGOAL.1.1.0
2023-08-04 19:46:04,335 [WARN] PackLoader:240 - Cannot read IP mode file for STMicroelectronics.X-CUBE-ALS.1.0.1
2023-08-04 19:46:04,368 [INFO] WebApp:188 - Starting web application
2023-08-04 19:46:04,368 [INFO] WebApp:520 - Web application path used C:\ST\STM32CubeIDE_1.13.0\STM32CubeIDE\plugins\com.st.stm32cube.common.mx_6.9.0.202307051724\db\plugins\mcufinder\reactClient1\index.html
2023-08-04 19:46:04,370 [WARN] PackLoader:240 - Cannot read IP mode file for STMicroelectronics.X-CUBE-AZRTOS-WB.1.1.0
2023-08-04 19:46:04,389 [WARN] PackLoader:240 - Cannot read IP mode file for STMicroelectronics.FP-ATR-ASTRA1.2.0.0
2023-08-04 19:46:04,390 [INFO] ThirdParty:978 - Integrity check success = true
2023-08-04 19:46:04,390 [INFO] IntegrityCheckThread:100 - exiting critical section [integrity check]
2023-08-04 19:46:04,390 [INFO] IntegrityCheckThread:103 - End integrity checks thread
2023-08-04 19:46:05,281 [INFO] ApiDb:240 - Found 323 in-development CPN: [B-G473E-ZEST1S, B-WB1M-WPAN1, B-WL5M-SUBG1, NUCLEO-C031C6, NUCLEO-H503RB, NUCLEO-H563ZI, NUCLEO-U545RE-Q, NUCLEO-U5A5ZJ-Q, NUCLEO-WBA52CG, STEVAL-PROTEUS1, STEVAL-SMARTAG2, STEVAL-STWINBX1, STM320518-EVAL, STM32C0116-DK, STM32C011D6Y3TR, STM32C011D6Y6TR, STM32C011F4P3, STM32C011F4P6, STM32C011F4U3, STM32C011F4U6TR, STM32C011F6P3, STM32C011F6P6, STM32C011F6U3, STM32C011F6U6TR, STM32C011J4M3, STM32C011J4M6, STM32C011J6M3, STM32C011J6M6, STM32C0316-DK, STM32C031C4T3, STM32C031C4T6, STM32C031C4U3, STM32C031C4U6, STM32C031C6T3, STM32C031C6T6, STM32C031C6U3, STM32C031C6U6, STM32C031F4P3, STM32C031F4P6, STM32C031F6P3, STM32C031F6P6, STM32C031G4U3, STM32C031G4U6, STM32C031G6U3, STM32C031G6U6, STM32C031K4T3, STM32C031K4T6, STM32C031K4U3, STM32C031K4U6, STM32C031K6T3, STM32C031K6T6, STM32C031K6U3, STM32C031K6U6, STM32G071K8TXN, STM32G071K8UXN, STM32G081GBU6N, STM32G081KBT6N, STM32G081KBUXN, STM32G0B1CCT6N, STM32G0B1KCT6, STM32G0B1NEY6TR, STM32G0B1RCT6N, STM32G0C1CCT6, STM32G0C1CCT6N, STM32G0C1CCU6N, STM32G0C1CET6N, STM32G0C1CEU6N, STM32G0C1KCT6, STM32G0C1NEY6TR, STM32G0C1RCI6N, STM32G0C1RCT6N, STM32G0C1REI6N, STM32G0C1RET6N, STM32G0C1VCI6, STM32G0C1VEI6, STM32G471CCT6, STM32G471CCU6, STM32G471CET3, STM32G471CET6, STM32G471CEU3, STM32G471CEU6, STM32G471MCT6, STM32G471MET3, STM32G471MET6, STM32G471MEY6TR, STM32G471QCT6, STM32G471QET3, STM32G471RCT6, STM32G471RET3, STM32G471RET6, STM32G471VCH6, STM32G471VCI6, STM32G471VCT6, STM32G471VEH3, STM32G471VEH6, STM32G471VEI3, STM32G471VEI6, STM32G471VET3, STM32G471VET6, STM32G474CCT6, STM32H503CBT6, STM32H503CBU6, STM32H503EBY6TR, STM32H503KBU6, STM32H503RBT6, STM32H562AGI6, STM32H562AII6, STM32H562IGK6, STM32H562IGT6, STM32H562IIK6, STM32H562IIT6, STM32H562RGT6, STM32H562RGV6, STM32H562RIT6, STM32H562RIV6, STM32H562VGT6, STM32H562VIT6, STM32H562ZGT6, STM32H562ZIT6, STM32H563AGI6, STM32H563AII3Q, STM32H563AII6, STM32H563IGK6, STM32H563IGT6, STM32H563IIK3Q, STM32H563IIK6, STM32H563IIT3Q, STM32H563IIT6, STM32H563MIY3QTR, STM32H563RGT6, STM32H563RGV6, STM32H563RIT6, STM32H563RIV6, STM32H563VGT6, STM32H563VIT3Q, STM32H563VIT6, STM32H563ZGT6, STM32H563ZIT3Q, STM32H563ZIT6, STM32H573AII3Q, STM32H573AII6, STM32H573I-DK, STM32H573IIK3Q, STM32H573IIK6, STM32H573IIT3Q, STM32H573IIT6, STM32H573MIY3QTR, STM32H573RIT6, STM32H573RIV6, STM32H573VIT3Q, STM32H573VIT6, STM32H573ZIT3Q, STM32H573ZIT6, STM32L4R5QGI6STR, STM32MP131AAE3, STM32MP131AAF3, STM32MP131AAG3, STM32MP131CAE3, STM32MP131CAF3, STM32MP131CAG3, STM32MP131DAE7, STM32MP131DAF7, STM32MP131DAG7, STM32MP131FAE7, STM32MP131FAF7, STM32MP131FAG7, STM32MP133AAE3, STM32MP133AAF3, STM32MP133AAG3, STM32MP133CAE3, STM32MP133CAF3, STM32MP133CAG3, STM32MP133DAE7, STM32MP133DAF7, STM32MP133DAG7, STM32MP133FAE7, STM32MP133FAF7, STM32MP133FAG7, STM32MP135AAE3, STM32MP135AAF3, STM32MP135AAG3, STM32MP135CAE3, STM32MP135CAF3, STM32MP135CAG3, STM32MP135DAE7, STM32MP135DAF7, STM32MP135DAG7, STM32MP135F-DK, STM32MP135FAE7, STM32MP135FAF7, STM32MP135FAF7T, STM32MP135FAF7U, STM32MP135FAG7, STM32U535CBT6, STM32U535CBT6Q, STM32U535CBU6, STM32U535CBU6Q, STM32U535CCT6, STM32U535CCT6Q, STM32U535CCU6, STM32U535CCU6Q, STM32U535CET6, STM32U535CET6Q, STM32U535CEU6, STM32U535CEU6Q, STM32U535JEY6QTR, STM32U535NCY6QTR, STM32U535NEY6QTR, STM32U535RBI6, STM32U535RBI6Q, STM32U535RBT6, STM32U535RBT6Q, STM32U535RCI6, STM32U535RCI6Q, STM32U535RCT6, STM32U535RCT6Q, STM32U535REI6, STM32U535REI6Q, STM32U535RET6, STM32U535RET6Q, STM32U535VCI6, STM32U535VCI6Q, STM32U535VCT6, STM32U535VCT6Q, STM32U535VEI6, STM32U535VEI6Q, STM32U535VET6, STM32U535VET6Q, STM32U545CET6, STM32U545CET6Q, STM32U545CEU6, STM32U545CEU6Q, STM32U545JEY6QTR, STM32U545NEY6QTR, STM32U545REI6, STM32U545REI6Q, STM32U545RET6, STM32U545RET6Q, STM32U545VEI6, STM32U545VEI6Q, STM32U545VET6, STM32U545VET6Q, STM32U595AIH6, STM32U595AIH6Q, STM32U595AJH6, STM32U595AJH6Q, STM32U595QII6, STM32U595QII6Q, STM32U595QJI6, STM32U595QJI6Q, STM32U595RIT6, STM32U595RIT6Q, STM32U595RJT6, STM32U595RJT6Q, STM32U595VIT6, STM32U595VIT6Q, STM32U595VJT6, STM32U595VJT6Q, STM32U595ZIT6, STM32U595ZIT6Q, STM32U595ZIY6QTR, STM32U595ZJT6, STM32U595ZJT6Q, STM32U595ZJY6QTR, STM32U599BJY6QTR, STM32U599NIH6Q, STM32U599NJH6Q, STM32U599VIT6Q, STM32U599VJT6, STM32U599VJT6Q, STM32U599ZIT6Q, STM32U599ZIY6QTR, STM32U599ZJT6Q, STM32U599ZJY6QTR, STM32U5A5AJH6, STM32U5A5AJH6Q, STM32U5A5QJI6, STM32U5A5QJI6Q, STM32U5A5RJT6, STM32U5A5RJT6Q, STM32U5A5VJT6, STM32U5A5VJT6Q, STM32U5A5ZJT6, STM32U5A5ZJT6Q, STM32U5A5ZJY6QTR, STM32U5A9BJY6QTR, STM32U5A9J-DK, STM32U5A9NJH6Q, STM32U5A9VJT6Q, STM32U5A9ZJT6Q, STM32U5A9ZJY6QTR, STM32U5F7VIT6, STM32U5F7VIT6Q, STM32U5F7VJT6, STM32U5F7VJT6Q, STM32U5F9BJY6QTR, STM32U5F9NJH6Q, STM32U5F9VIT6Q, STM32U5F9VJT6Q, STM32U5F9ZIJ6QTR, STM32U5F9ZIT6Q, STM32U5F9ZJJ6QTR, STM32U5F9ZJT6Q, STM32U5G7VJT6, STM32U5G7VJT6Q, STM32U5G9BJY6QTR, STM32U5G9J-DK1, STM32U5G9J-DK2, STM32U5G9NJH6Q, STM32U5G9VJT6Q, STM32U5G9ZJJ6QTR, STM32U5G9ZJT6Q, STM32WB1MMCH6, STM32WBA52CEU6, STM32WBA52CEU6T, STM32WBA52CGU6, STM32WBA52CGU6T, STM32WBA52KEU6, STM32WBA52KEU6T, STM32WBA52KGU6, STM32WBA52KGU6T, STM32WL5MOCH6, STM32WL5MOCH6TR]
2023-08-04 19:46:05,286 [INFO] DbMcus:217 - Found 3848 MCUs, 3848 are supported
2023-08-04 19:46:05,287 [INFO] ApiDb:423 - Load user favorites file C:\Users\ACER/.stm32cubeide/favorites.mcus.txt: 0 item(s)
2023-08-04 19:46:05,287 [INFO] ApiDb:427 - User favorites MCUs=[]
2023-08-04 19:46:05,288 [INFO] DbMcus:223 - Set 0 / 0 favorites MCUs
2023-08-04 19:46:05,616 [INFO] ApiDb:423 - Load user favorites file C:\Users\ACER/.stm32cubeide/favorites.boards.txt: 0 item(s)
2023-08-04 19:46:05,616 [INFO] ApiDb:427 - User favorites Boards=[]
2023-08-04 19:46:05,616 [INFO] DbBoards:190 - Set 0 / 0 favorites Boards
2023-08-04 19:46:05,617 [INFO] McuFinderGlobals:76 - Set McuFinderConnectedMode to true
2023-08-04 19:46:05,629 [INFO] MultiScanPanel:200 - Auto-refresh data requested => check proxy status ongoing
2023-08-04 19:46:05,633 [INFO] FinderPluginLoader:95 - Searching for filters in installed packs
2023-08-04 19:46:07,632 [INFO] LoadUrlFilesThread:185 - End of LoadServerUrlFiles without Thread
2023-08-04 19:46:07,646 [INFO] DetailPanel:341 - Set advertising image to C:/Users/ACER/STM32Cube/Repository/\en.prom-stm32h5-mcu-finder.jpg
2023-08-04 19:46:15,727 [INFO] MultiScanPanel:200 - Auto-refresh data requested => check proxy status ongoing
2023-08-04 19:46:15,942 [INFO] LoadUrlFilesThread:185 - End of LoadServerUrlFiles without Thread
2023-08-04 19:46:15,942 [INFO] DetailPanel:341 - Set advertising image to C:/Users/ACER/STM32Cube/Repository/\en.prom-stm32h5-mcu-finder.jpg
2023-08-04 19:46:15,958 [INFO] DbBoards:634 - Loading board mini-images...
2023-08-04 19:46:18,221 [ERROR] DbBoards:651 - Image file not found for board STM32U5G9J-DK1: C:\Users\ACER\.stmcufinder\plugins\mcufinder//mcu//boards_images/STM32U5G9J-DK1.jpg
2023-08-04 19:46:18,222 [ERROR] DbBoards:651 - Image file not found for board STM32U5G9J-DK2: C:\Users\ACER\.stmcufinder\plugins\mcufinder//mcu//boards_images/STM32U5G9J-DK2.jpg
2023-08-04 19:46:18,240 [INFO] DbBoards:657 - Loaded 188 board mini-images
2023-08-04 19:46:25,604 [ERROR] LogOutputStream:75 - [STDERR_REDIRECT] SLF4J: Failed to load class "org.slf4j.impl.StaticLoggerBinder".
2023-08-04 19:46:25,604 [ERROR] LogOutputStream:75 - [STDERR_REDIRECT] SLF4J: Defaulting to no-operation (NOP) logger implementation
2023-08-04 19:46:25,605 [ERROR] LogOutputStream:75 - [STDERR_REDIRECT] SLF4J: See http://www.slf4j.org/codes.html#StaticLoggerBinder for further details.
2023-08-04 19:47:04,475 [INFO] MainUpdater:2868 - connection check result : 10
2023-08-04 19:47:04,475 [INFO] MainUpdater:2868 - connection check result : 10
2023-08-04 19:47:04,513 [INFO] MicroXplorer:468 - Change Database Path : 
2023-08-04 19:47:04,514 [INFO] MicroXplorer:498 - Change Database Version : DB.6.0.90
2023-08-04 19:47:04,522 [WARN] ThirdParty:871 - waiting for thirdparty lock release [close project]
2023-08-04 19:47:04,523 [INFO] ThirdParty:873 - entering critical section [close project]
2023-08-04 19:47:04,524 [INFO] ThirdParty:883 - exiting critical section [close project]
2023-08-04 19:47:04,526 [INFO] PinOutPanel:1499 - setPackage(No Configuration,No Configuration)
2023-08-04 19:47:04,537 [INFO] UtilMem:75 - Begin LoadConfig() Used Memory: 804420752 Bytes (1073741824)
2023-08-04 19:47:04,544 [INFO] OpenFileManager:308 - Change cursor
2023-08-04 19:47:04,592 [INFO] ProjectFactory:402 - No CPN specified for board NUCLEO-WB55RG => set CPN to STM32WB55RGV6
2023-08-04 19:47:04,593 [INFO] Mcu:1946 - Initializing MCU STM32WB55RGVx STM32WB55RGVx STM32WB55RGV6
2023-08-04 19:47:06,945 [INFO] Context:659 - Trying to add GPIOservice into a context  which must be forbidden
2023-08-04 19:47:07,862 [INFO] Rule:228 - rule 117617 - U5Cobra4M][GTZC] default value MPCBB3 and MPCBB5 - Not Secured memory - MPCBB1 is applicable
2023-08-04 19:47:07,863 [INFO] Rule:228 - rule 117617 - U5Cobra4M][GTZC] default value MPCBB3 and MPCBB5 - Not Secured memory - MPCBB1 is applicable
2023-08-04 19:47:07,863 [INFO] Rule:228 - rule 117617 - U5Cobra4M][GTZC] default value MPCBB3 and MPCBB5 - Not Secured memory - MPCBB2 is applicable
2023-08-04 19:47:07,863 [INFO] Rule:228 - rule 117617 - U5Cobra4M][GTZC] default value MPCBB3 and MPCBB5 - Not Secured memory - MPCBB2 is applicable
2023-08-04 19:47:07,863 [INFO] Rule:228 - rule 117617 - U5Cobra4M][GTZC] default value MPCBB3 and MPCBB5 - Not Secured memory - MPCBB3 is applicable
2023-08-04 19:47:07,863 [INFO] Rule:228 - rule 117617 - U5Cobra4M][GTZC] default value MPCBB3 and MPCBB5 - Not Secured memory - MPCBB3 is applicable
2023-08-04 19:47:07,863 [INFO] Rule:228 - rule 117617 - U5Cobra4M][GTZC] default value MPCBB3 and MPCBB5 - Not Secured memory - MPCBB4 is applicable
2023-08-04 19:47:07,863 [INFO] Rule:228 - rule 117617 - U5Cobra4M][GTZC] default value MPCBB3 and MPCBB5 - Not Secured memory - MPCBB4 is applicable
2023-08-04 19:47:07,863 [INFO] Rule:228 - rule 117617 - U5Cobra4M][GTZC] default value MPCBB3 and MPCBB5 - Secured memory - MPCBB1 is applicable
2023-08-04 19:47:07,864 [INFO] Rule:228 - rule 117617 - U5Cobra4M][GTZC] default value MPCBB3 and MPCBB5 - Secured memory - MPCBB2 is applicable
2023-08-04 19:47:07,864 [INFO] Rule:228 - rule 117617 - U5Cobra4M][GTZC] default value MPCBB3 and MPCBB5 - Secured memory - MPCBB3 is applicable
2023-08-04 19:47:07,864 [INFO] Rule:228 - rule 117617 - U5Cobra4M][GTZC] default value MPCBB3 and MPCBB5 - Secured memory - MPCBB4 is applicable
2023-08-04 19:47:07,864 [INFO] Rule:228 - rule 117617 - U5Cobra4M][GTZC] default value MPCBB3 and MPCBB5 - Privileged memory - MPCBB1 is applicable
2023-08-04 19:47:07,864 [INFO] Rule:228 - rule 117617 - U5Cobra4M][GTZC] default value MPCBB3 and MPCBB5 - Privileged memory - MPCBB2 is applicable
2023-08-04 19:47:07,864 [INFO] Rule:228 - rule 117617 - U5Cobra4M][GTZC] default value MPCBB3 and MPCBB5 - Privileged memory - MPCBB3 is applicable
2023-08-04 19:47:07,864 [INFO] Rule:228 - rule 117617 - U5Cobra4M][GTZC] default value MPCBB3 and MPCBB5 - Privileged memory - MPCBB4 is applicable
2023-08-04 19:47:07,864 [INFO] Rule:228 - rule 117617 - U5Cobra4M][GTZC] default value MPCBB3 and MPCBB5 - Not Privileged memory - MPCBB1 is applicable
2023-08-04 19:47:07,864 [INFO] Rule:228 - rule 117617 - U5Cobra4M][GTZC] default value MPCBB3 and MPCBB5 - Not Privileged memory - MPCBB2 is applicable
2023-08-04 19:47:07,865 [INFO] Rule:228 - rule 117617 - U5Cobra4M][GTZC] default value MPCBB3 and MPCBB5 - Not Privileged memory - MPCBB3 is applicable
2023-08-04 19:47:07,865 [INFO] Rule:228 - rule 117617 - U5Cobra4M][GTZC] default value MPCBB3 and MPCBB5 - Not Privileged memory - MPCBB4 is applicable
2023-08-04 19:47:07,865 [INFO] Rule:228 - rule 117617 - U5Cobra4M][GTZC] default value MPCBB3 and MPCBB5 - Privileged memory - MPCBB1 is applicable
2023-08-04 19:47:07,865 [INFO] Rule:228 - rule 117617 - U5Cobra4M][GTZC] default value MPCBB3 and MPCBB5 - Privileged memory - MPCBB2 is applicable
2023-08-04 19:47:07,865 [INFO] Rule:228 - rule 117617 - U5Cobra4M][GTZC] default value MPCBB3 and MPCBB5 - Privileged memory - MPCBB3 is applicable
2023-08-04 19:47:07,865 [INFO] Rule:228 - rule 117617 - U5Cobra4M][GTZC] default value MPCBB3 and MPCBB5 - Privileged memory - MPCBB4 is applicable
2023-08-04 19:47:07,865 [INFO] Rule:228 - rule 117617 - U5Cobra4M][GTZC] default value MPCBB3 and MPCBB5 - Privileged memory - MPCBB1 is applicable
2023-08-04 19:47:07,865 [INFO] Rule:228 - rule 117617 - U5Cobra4M][GTZC] default value MPCBB3 and MPCBB5 - Privileged memory - MPCBB2 is applicable
2023-08-04 19:47:07,866 [INFO] Rule:228 - rule 117617 - U5Cobra4M][GTZC] default value MPCBB3 and MPCBB5 - Privileged memory - MPCBB3 is applicable
2023-08-04 19:47:07,866 [INFO] Rule:228 - rule 117617 - U5Cobra4M][GTZC] default value MPCBB3 and MPCBB5 - Privileged memory - MPCBB4 is applicable
2023-08-04 19:47:07,866 [INFO] Rule:228 - rule 117617 - U5Cobra4M][GTZC] default value MPCBB3 and MPCBB5 - Not Privileged memory - MPCBB1 is applicable
2023-08-04 19:47:07,867 [INFO] Rule:228 - rule 117617 - U5Cobra4M][GTZC] default value MPCBB3 and MPCBB5 - Not Privileged memory - MPCBB2 is applicable
2023-08-04 19:47:07,867 [INFO] Rule:228 - rule 117617 - U5Cobra4M][GTZC] default value MPCBB3 and MPCBB5 - Not Privileged memory - MPCBB3 is applicable
2023-08-04 19:47:07,867 [INFO] Rule:228 - rule 117617 - U5Cobra4M][GTZC] default value MPCBB3 and MPCBB5 - Not Privileged memory - MPCBB4 is applicable
2023-08-04 19:47:07,867 [INFO] Rule:228 - rule 117617 - U5Cobra4M][GTZC] default value MPCBB3 and MPCBB5 - Privileged memory - MPCBB1 is applicable
2023-08-04 19:47:07,867 [INFO] Rule:228 - rule 117617 - U5Cobra4M][GTZC] default value MPCBB3 and MPCBB5 - Privileged memory - MPCBB2 is applicable
2023-08-04 19:47:07,867 [INFO] Rule:228 - rule 117617 - U5Cobra4M][GTZC] default value MPCBB3 and MPCBB5 - Privileged memory - MPCBB3 is applicable
2023-08-04 19:47:07,867 [INFO] Rule:228 - rule 117617 - U5Cobra4M][GTZC] default value MPCBB3 and MPCBB5 - Privileged memory - MPCBB4 is applicable
2023-08-04 19:47:07,867 [INFO] Rule:228 - rule Rename SubGHz_Phy SUBGHZ_APPLICATION SUBGHZ_PINGPONG to SUBGHZ_ADV_APPLICATION is applicable
2023-08-04 19:47:07,867 [INFO] Rule:228 - rule Rename Enabled to IBEACON is applicable
2023-08-04 19:47:07,868 [INFO] Rule:228 - rule GTZC_S instance for project manager is applicable
2023-08-04 19:47:07,868 [INFO] Rule:228 - rule GTZC_S instance for context M33S is applicable
2023-08-04 19:47:07,868 [INFO] Rule:228 - rule GTZC_S instance value for IP GTZC is applicable
2023-08-04 19:47:07,868 [INFO] Rule:228 - rule GTZC_S instance for mcu.IP is applicable
2023-08-04 19:47:07,868 [INFO] Rule:228 - rule GTZC_S instance for VP is applicable
2023-08-04 19:47:07,868 [INFO] Rule:228 - rule GTZC_S instance for signal is applicable
2023-08-04 19:47:07,868 [INFO] Rule:228 - rule GTZC_S instance for mcu.Pin is applicable
2023-08-04 19:47:07,868 [INFO] Rule:228 - rule GTZC_S instance for VP is applicable
2023-08-04 19:47:07,868 [INFO] Rule:228 - rule GTZC_S instance for signal is applicable
2023-08-04 19:47:07,868 [INFO] Rule:228 - rule GTZC_S instance for mcu is applicable
2023-08-04 19:47:07,868 [INFO] Rule:228 - rule GTZC_S instance for mcu.Pin is applicable
2023-08-04 19:47:07,869 [INFO] Rule:228 - rule GTZC_S instance value for IP GTZC is applicable
2023-08-04 19:47:07,869 [INFO] Rule:228 - rule GTZC_S instance for project manager is applicable
2023-08-04 19:47:07,869 [INFO] Rule:228 - rule GTZC_S instance for context M33S is applicable
2023-08-04 19:47:07,869 [INFO] Rule:228 - rule GTZC_S instance for VP is applicable
2023-08-04 19:47:07,869 [INFO] Rule:228 - rule GTZC_S instance for signal is applicable
2023-08-04 19:47:07,869 [INFO] Rule:228 - rule Rename Tracer Mode is applicable
2023-08-04 19:47:07,869 [INFO] Rule:228 - rule ADC Scan  fix with FW F7 is applicable
2023-08-04 19:47:07,869 [INFO] Rule:228 - rule ADC Scan  fix with FW F7 is applicable
2023-08-04 19:47:07,869 [INFO] Rule:228 - rule WakeUp0 Mode is applicable
2023-08-04 19:47:07,870 [INFO] Rule:228 - rule WakeUp0 SIGNAL is applicable
2023-08-04 19:47:07,870 [INFO] Rule:228 - rule WakeUp1 Mode is applicable
2023-08-04 19:47:07,870 [INFO] Rule:228 - rule WakeUp1 SIGNAL is applicable
2023-08-04 19:47:07,870 [INFO] Rule:228 - rule WakeUp2 Mode is applicable
2023-08-04 19:47:07,870 [INFO] Rule:228 - rule WakeUp2 SIGNAL is applicable
2023-08-04 19:47:07,870 [INFO] Rule:228 - rule WakeUp4 Mode is applicable
2023-08-04 19:47:07,870 [INFO] Rule:228 - rule WakeUp4 SIGNAL is applicable
2023-08-04 19:47:07,870 [INFO] Rule:228 - rule WakeUp5 Mode is applicable
2023-08-04 19:47:07,870 [INFO] Rule:228 - rule WakeUp5 SIGNAL is applicable
2023-08-04 19:47:07,870 [INFO] Rule:228 - rule Change Default Value for LSE Drive Capability for WB family is applicable
2023-08-04 19:47:07,870 [INFO] Rule:228 - rule Change Default Value for ADC Clock Prescaler G0 family is applicable
2023-08-04 19:47:07,871 [INFO] Rule:228 - rule UART/USART IPParameter rename Prescaler parameter to ClockPrescaler is applicable
2023-08-04 19:47:07,871 [INFO] Rule:228 - rule UART/USART Prescaler rename Prescaler parameter to ClockPrescaler is applicable
2023-08-04 19:47:07,871 [INFO] Rule:228 - rule TIM1CLockSelection is applicable
2023-08-04 19:47:07,871 [INFO] Rule:228 - rule TIM15CLockSelection is applicable
2023-08-04 19:47:07,871 [INFO] Rule:228 - rule align RCC SDMMC3CLockSelection default value on MP1 is applicable
2023-08-04 19:47:07,872 [INFO] Rule:228 - rule align RCC SDMMC12CLockSelection default value on MP1 is applicable
2023-08-04 19:47:07,872 [INFO] Rule:228 - rule align RCC QSPICLockSelection default value on MP1 is applicable
2023-08-04 19:47:07,872 [INFO] Rule:228 - rule align RCC QSPICLockSelection default value on MP1 is applicable
2023-08-04 19:47:07,872 [INFO] Rule:228 - rule align RCC SPI6CLockSelection default value on MP1 is applicable
2023-08-04 19:47:07,872 [INFO] Rule:228 - rule align RCC LPTIM23CLockSelection default value on MP1 is applicable
2023-08-04 19:47:07,872 [INFO] Rule:228 - rule align RCC LPTIM1CLockSelection default value on MP1 is applicable
2023-08-04 19:47:07,872 [INFO] Rule:228 - rule align RCC USART1CLockSelection default value on MP1 is applicable
2023-08-04 19:47:07,872 [INFO] Rule:228 - rule align RCC USART24CLockSelection default value on MP1 is applicable
2023-08-04 19:47:07,872 [INFO] Rule:228 - rule align RCC USART6CLockSelection default value on MP1 is applicable
2023-08-04 19:47:07,872 [INFO] Rule:228 - rule align RCC UART78CLockSelection default value on MP1 is applicable
2023-08-04 19:47:07,872 [INFO] Rule:228 - rule align RCC USART35CLockSelection default value on MP1 is applicable
2023-08-04 19:47:07,872 [INFO] Rule:228 - rule align RCC SPI45CLockSelection default value on MP1 is applicable
2023-08-04 19:47:07,873 [INFO] Rule:228 - rule align RCC I2C46CLockSelection BCLK value on MP1 is applicable
2023-08-04 19:47:07,873 [INFO] Rule:228 - rule align RCC SPI45CLockSelection default value on MP1 is applicable
2023-08-04 19:47:07,873 [INFO] Rule:228 - rule align RCC I2C12CLockSelection default value on MP1 is applicable
2023-08-04 19:47:07,873 [INFO] Rule:228 - rule align RCC I2C35CLockSelection default value on MP1 is applicable
2023-08-04 19:47:07,873 [INFO] Rule:228 - rule align RCC LPTIM45CLockSelection default value on MP1 is applicable
2023-08-04 19:47:07,873 [INFO] Rule:228 - rule Rename DCMI PIXCK signal is applicable
2023-08-04 19:47:07,873 [INFO] Rule:228 - rule Change Default Value for I2C46CLockSelection MP1 family is applicable
2023-08-04 19:47:07,873 [INFO] Rule:228 - rule Change Default Value for UART for G4, G0 and WB families is applicable
2023-08-04 19:47:07,873 [INFO] Rule:228 - rule Change Default Value for USART for G4, G0 and WB families is applicable
2023-08-04 19:47:07,873 [INFO] Rule:228 - rule Change Default Value for USART for G4 family is applicable
2023-08-04 19:47:07,874 [INFO] Rule:228 - rule Change USART1CLockSelection refparam name for MP1 is applicable
2023-08-04 19:47:07,874 [INFO] Rule:228 - rule Change USART2CLockSelection refparam name for MP1 is applicable
2023-08-04 19:47:07,874 [INFO] Rule:228 - rule Change USART3CLockSelection refparam name for MP1 is applicable
2023-08-04 19:47:07,874 [INFO] Rule:228 - rule Change UART4CLockSelection refparam name for MP1 is applicable
2023-08-04 19:47:07,874 [INFO] Rule:228 - rule Change UART5CLockSelection refparam name for MP1 is applicable
2023-08-04 19:47:07,874 [INFO] Rule:228 - rule Change LPUART1CLockSelection refparam name for MP1 is applicable
2023-08-04 19:47:07,874 [INFO] Rule:228 - rule Change LPTIM1CLockSelection refparam name for MP1 is applicable
2023-08-04 19:47:07,874 [INFO] Rule:228 - rule Change LPTIM2CLockSelection refparam name for MP1 is applicable
2023-08-04 19:47:07,874 [INFO] Rule:228 - rule Change RCC_MCO1Source refparam name for MP1 is applicable
2023-08-04 19:47:07,874 [INFO] Rule:228 - rule Change LSCOSource1 refparam name for MP1 is applicable
2023-08-04 19:47:07,874 [INFO] Rule:228 - rule Change SMPSCLockSelection refparam name for MP1 is applicable
2023-08-04 19:47:07,875 [INFO] Rule:228 - rule Change LPTIM3CLockSelection refparam name for MP1 is applicable
2023-08-04 19:47:07,875 [INFO] Rule:228 - rule Change MPCBB* Default Template Mode to Parameters is applicable
2023-08-04 19:47:07,875 [INFO] Rule:228 - rule Change MPCWM* or MPCBB* Secure Mode to Parameters is applicable
2023-08-04 19:47:07,875 [INFO] Rule:228 - rule Change MPCWM* or MPCBB* No Secure Mode to Parameters is applicable
2023-08-04 19:47:07,875 [INFO] Rule:228 - rule Change TZSC IP Secure Mode to Parameters is applicable
2023-08-04 19:47:07,875 [INFO] Rule:228 - rule Change TZSC IP No Secure Mode to Parameters is applicable
2023-08-04 19:47:07,875 [INFO] Rule:228 - rule Change TZSC IP Privilege Mode to Parameters is applicable
2023-08-04 19:47:07,875 [INFO] Rule:228 - rule Change TZSC IP No Privilege Mode to Parameters is applicable
2023-08-04 19:47:07,875 [INFO] Rule:228 - rule Change TZIC IT Secure Mode to Parameters is applicable
2023-08-04 19:47:07,875 [INFO] Rule:228 - rule Change TZIC IT No Secure Mode to Parameters is applicable
2023-08-04 19:47:07,876 [INFO] Rule:228 - rule Add MPCBB1_NonSecureArea_Start_Address value with referenced to MPCBB1_NonSecureArea_Start value is applicable
2023-08-04 19:47:07,876 [INFO] Rule:228 - rule Add MPCBB2_NonSecureArea_Start_Address value with referenced to MPCBB2_NonSecureArea_Start value is applicable
2023-08-04 19:47:07,876 [INFO] Rule:228 - rule Add MPCWM1_NonSecureArea*_Start_Address value with referenced to MPCWM1_NonSecureArea*_Start value is applicable
2023-08-04 19:47:07,876 [INFO] Rule:228 - rule Add MPCWM2_NonSecureArea*_Start_Address value with referenced to MPCWM2_NonSecureArea*_Start value is applicable
2023-08-04 19:47:07,876 [INFO] Rule:228 - rule Add MPCWM3_NonSecureArea_Start_Address value with referenced to MPCWM3_NonSecureArea_Start value is applicable
2023-08-04 19:47:07,876 [INFO] Rule:228 - rule Change Default Value for PLL1UserDefinedConfig is applicable
2023-08-04 19:47:07,876 [INFO] Rule:228 - rule Change GPIO_PuPd Default Value for USART in async mode is applicable
2023-08-04 19:47:07,876 [INFO] Rule:228 - rule Change SMPSDivider Default Value is applicable
2023-08-04 19:47:07,876 [INFO] Rule:228 - rule OPAMP is applicable
2023-08-04 19:47:07,876 [INFO] Rule:228 - rule LPUART IPParameter rename Prescaler parameter to ClockPrescaler for STM32H7 is applicable
2023-08-04 19:47:07,876 [INFO] Rule:228 - rule LPUART IPParameter rename Prescaler parameter to ClockPrescaler for STM32H7 is applicable
2023-08-04 19:47:07,876 [INFO] Rule:228 - rule LPUART IPParameter rename Prescaler parameter to ClockPrescaler for STM32WB is applicable
2023-08-04 19:47:07,876 [INFO] Rule:228 - rule LPUART IPParameter rename Prescaler parameter to ClockPrescaler for STM32WB is applicable
2023-08-04 19:47:07,877 [INFO] Rule:228 - rule LPUART IPParameter rename Prescaler parameter to ClockPrescaler for STM32G4 is applicable
2023-08-04 19:47:07,877 [INFO] Rule:228 - rule LPUART IPParameter rename Prescaler parameter to ClockPrescaler for STM32G4 is applicable
2023-08-04 19:47:07,877 [INFO] Rule:228 - rule LPUART IPParameter rename Prescaler parameter to ClockPrescaler for STM32L5 is applicable
2023-08-04 19:47:07,877 [INFO] Rule:228 - rule LPUART IPParameter rename Prescaler parameter to ClockPrescaler for STM32L5 is applicable
2023-08-04 19:47:07,877 [INFO] Rule:228 - rule LPUART IPParameter rename Prescaler parameter to ClockPrescaler for STM32G4 is applicable
2023-08-04 19:47:07,877 [INFO] Rule:228 - rule LPUART IPParameter rename Prescaler parameter to ClockPrescaler for STM32G4 is applicable
2023-08-04 19:47:07,877 [INFO] Rule:228 - rule USB device lib V2.5.3 for L0 rename USBD_SUPPORT_USER_STRING parameter to USBD_SUPPORT_USER_STRING_DESC4 is applicable
2023-08-04 19:47:07,877 [INFO] Rule:228 - rule I2SCLockSelection clock entry align is applicable
2023-08-04 19:47:07,877 [INFO] Rule:228 - rule Assign TIMx context if used as SYS timebase is applicable
2023-08-04 19:47:07,877 [INFO] Rule:228 - rule Change GPIO_Pu Default Value for I2C is applicable
2023-08-04 19:47:07,877 [INFO] Rule:228 - rule Change GPIO_Pu Default Value for SMBus is applicable
2023-08-04 19:47:07,877 [INFO] Rule:228 - rule change FDCAN default value is applicable
2023-08-04 19:47:07,877 [INFO] Rule:228 - rule Change mode sai is applicable
2023-08-04 19:47:07,877 [INFO] Rule:228 - rule **Change sai mode is applicable
2023-08-04 19:47:07,887 [INFO] DbConfProperties:307 - Apply Compatibility (15/144 Rules)
2023-08-04 19:47:08,521 [INFO] RtosManager:555 - Registered RTOS mode: class=CMSIS, group=RTOS, mode=CMSIS_V1, owner=FREERTOS
2023-08-04 19:47:08,522 [INFO] RtosManager:555 - Registered RTOS mode: class=CMSIS, group=RTOS2, mode=CMSIS_V2, owner=FREERTOS
2023-08-04 19:47:08,522 [INFO] RtosManager:555 - Registered RTOS mode: class=RTOS, group=Core, mode=CMSIS_V1, owner=FREERTOS
2023-08-04 19:47:08,522 [INFO] RtosManager:555 - Registered RTOS mode: class=RTOS, group=Core, mode=CMSIS_V2, owner=FREERTOS
2023-08-04 19:47:08,523 [WARN] ModelIntegratedComponent:184 - Missing modes for component STMicroelectronics:FreeRTOS:0.0.1:STMicroelectronics:RTOS:FreeRTOS:Core:::10.2.0:
2023-08-04 19:47:08,551 [WARN] ModelIntegratedComponent:63 - No mode defined for component null
2023-08-04 19:47:08,552 [WARN] ModelIntegratedComponent:63 - No mode defined for component null
2023-08-04 19:47:08,552 [WARN] ModelIntegratedComponent:63 - No mode defined for component null
2023-08-04 19:47:08,552 [WARN] ModelIntegratedComponent:63 - No mode defined for component null
2023-08-04 19:47:08,552 [WARN] ModelIntegratedComponent:63 - No mode defined for component null
2023-08-04 19:47:08,552 [WARN] ModelIntegratedComponent:63 - No mode defined for component null
2023-08-04 19:47:08,552 [WARN] ModelIntegratedComponent:63 - No mode defined for component null
2023-08-04 19:47:08,552 [WARN] ModelIntegratedComponent:63 - No mode defined for component null
2023-08-04 19:47:08,552 [WARN] ModelIntegratedComponent:63 - No mode defined for component null
2023-08-04 19:47:08,553 [WARN] ModelIntegratedComponent:63 - No mode defined for component null
2023-08-04 19:47:08,553 [WARN] ModelIntegratedComponent:63 - No mode defined for component null
2023-08-04 19:47:08,553 [WARN] ModelIntegratedComponent:63 - No mode defined for component null
2023-08-04 19:47:08,553 [WARN] ModelIntegratedComponent:63 - No mode defined for component null
2023-08-04 19:47:08,553 [WARN] ModelIntegratedComponent:63 - No mode defined for component null
2023-08-04 19:47:08,553 [WARN] ModelIntegratedComponent:63 - No mode defined for component null
2023-08-04 19:47:08,553 [WARN] ModelIntegratedComponent:63 - No mode defined for component null
2023-08-04 19:47:08,553 [WARN] ModelIntegratedComponent:63 - No mode defined for component null
2023-08-04 19:47:08,553 [WARN] ModelIntegratedComponent:63 - No mode defined for component null
2023-08-04 19:47:08,553 [WARN] ModelIntegratedComponent:63 - No mode defined for component null
2023-08-04 19:47:08,554 [WARN] ModelIntegratedComponent:63 - No mode defined for component null
2023-08-04 19:47:08,554 [WARN] ModelIntegratedComponent:63 - No mode defined for component null
2023-08-04 19:47:08,554 [WARN] ModelIntegratedComponent:63 - No mode defined for component null
2023-08-04 19:47:08,554 [WARN] ModelIntegratedComponent:63 - No mode defined for component null
2023-08-04 19:47:08,554 [WARN] ModelIntegratedComponent:63 - No mode defined for component null
2023-08-04 19:47:08,554 [WARN] ModelIntegratedComponent:63 - No mode defined for component null
2023-08-04 19:47:08,554 [WARN] ModelIntegratedComponent:63 - No mode defined for component null
2023-08-04 19:47:08,554 [WARN] ModelIntegratedComponent:63 - No mode defined for component null
2023-08-04 19:47:08,555 [WARN] ModelIntegratedComponent:63 - No mode defined for component null
2023-08-04 19:47:08,555 [WARN] ModelIntegratedComponent:63 - No mode defined for component null
2023-08-04 19:47:08,555 [WARN] ModelIntegratedComponent:63 - No mode defined for component null
2023-08-04 19:47:08,555 [WARN] ModelIntegratedComponent:63 - No mode defined for component null
2023-08-04 19:47:08,555 [WARN] ModelIntegratedComponent:63 - No mode defined for component null
2023-08-04 19:47:08,555 [WARN] ModelIntegratedComponent:63 - No mode defined for component null
2023-08-04 19:47:08,618 [INFO] ThirdPartyModel:298 - Start build external matchings
2023-08-04 19:47:09,655 [INFO] ThirdPartyModel:316 - End build external matchings
2023-08-04 19:47:09,691 [INFO] ImportTextPane:194 - (OptionalMessage_ERROR) IP (RCC) : Invalid parameter (FamilyName)
2023-08-04 19:47:09,692 [INFO] ImportTextPane:194 - (OptionalMessage_ERROR) IP (RCC) : Invalid parameter (SMPSCLockSelectionVirtualVirtual)
2023-08-04 19:47:10,018 [INFO] UtilMem:75 - End LoadConfig() Used Memory: 744982608 Bytes (1073741824)
2023-08-04 19:47:10,239 [WARN] ThirdParty:833 - waiting for thirdparty lock release [change project]
2023-08-04 19:47:10,239 [INFO] ThirdParty:835 - entering critical section [change project]
2023-08-04 19:47:10,239 [INFO] ThirdParty:1030 - CMSIS Pack Vendor :STMicroelectronics X-CUBE-ISPU 1.1.0
2023-08-04 19:47:10,240 [INFO] ThirdParty:1030 - CMSIS Pack Vendor :STMicroelectronics USBPD 4.1
2023-08-04 19:47:10,240 [INFO] ThirdParty:1030 - CMSIS Pack Vendor :RoweBots I-CUBE-UNISONRTOS 5.5.0-4
2023-08-04 19:47:10,240 [INFO] ThirdParty:1030 - CMSIS Pack Vendor :STMicroelectronics X-CUBE-GNSS1 6.0.0
2023-08-04 19:47:10,240 [INFO] ThirdParty:1030 - CMSIS Pack Vendor :STMicroelectronics USB_HOST 2.0.0
2023-08-04 19:47:10,240 [INFO] ThirdParty:1030 - CMSIS Pack Vendor :STMicroelectronics X-CUBE-AZRTOS-F4 1.1.0
2023-08-04 19:47:10,240 [INFO] ThirdParty:1030 - CMSIS Pack Vendor :STMicroelectronics LIBJPEG 8.0.0
2023-08-04 19:47:10,240 [INFO] ThirdParty:1030 - CMSIS Pack Vendor :STMicroelectronics X-CUBE-SMBUS 2.1.0
2023-08-04 19:47:10,240 [INFO] ThirdParty:1030 - CMSIS Pack Vendor :STMicroelectronics USB_DEVICE 3.0.0
2023-08-04 19:47:10,240 [INFO] ThirdParty:1030 - CMSIS Pack Vendor :STMicroelectronics X-CUBE-FREERTOS 1.0.1
2023-08-04 19:47:10,240 [INFO] ThirdParty:1030 - CMSIS Pack Vendor :STMicroelectronics X-CUBE-TOUCHGFX 4.21.0
2023-08-04 19:47:10,240 [INFO] ThirdParty:1030 - CMSIS Pack Vendor :STMicroelectronics X-CUBE-AZRTOS-F7 1.1.0
2023-08-04 19:47:10,240 [INFO] ThirdParty:1030 - CMSIS Pack Vendor :STMicroelectronics X-CUBE-TOUCHGFX 4.21.4
2023-08-04 19:47:10,240 [INFO] ThirdParty:1030 - CMSIS Pack Vendor :STMicroelectronics X-CUBE-MEMS1 9.4.0
2023-08-04 19:47:10,241 [INFO] ThirdParty:1030 - CMSIS Pack Vendor :STMicroelectronics USB_DEVICE 2.0.0
2023-08-04 19:47:10,241 [INFO] ThirdParty:1030 - CMSIS Pack Vendor :STMicroelectronics X-CUBE-AI 7.3.0
2023-08-04 19:47:10,241 [INFO] ThirdParty:1030 - CMSIS Pack Vendor :STMicroelectronics X-CUBE-MEMS1 9.6.0
2023-08-04 19:47:10,241 [INFO] ThirdParty:1030 - CMSIS Pack Vendor :STMicroelectronics FP-SNS-MOTENV1 4.3.2
2023-08-04 19:47:10,241 [INFO] ThirdParty:1030 - CMSIS Pack Vendor :STMicroelectronics FP-SNS-MOTENV1 4.3.1
2023-08-04 19:47:10,241 [INFO] ThirdParty:1030 - CMSIS Pack Vendor :STMicroelectronics FP-SNS-FLIGHT1 5.0.1
2023-08-04 19:47:10,241 [INFO] ThirdParty:1030 - CMSIS Pack Vendor :STMicroelectronics X-CUBE-ALGOBUILD 1.3.0
2023-08-04 19:47:10,241 [INFO] ThirdParty:1030 - CMSIS Pack Vendor :STMicroelectronics X-CUBE-BLE1 6.2.4
2023-08-04 19:47:10,241 [INFO] ThirdParty:1030 - CMSIS Pack Vendor :STMicroelectronics X-CUBE-AZRTOS-L5 1.1.0
2023-08-04 19:47:10,241 [INFO] ThirdParty:1030 - CMSIS Pack Vendor :STMicroelectronics FreeRTOS 0.0.1
2023-08-04 19:47:10,241 [INFO] ThirdParty:1030 - CMSIS Pack Vendor :STMicroelectronics X-CUBE-AZRTOS-G0 1.1.0
2023-08-04 19:47:10,241 [INFO] ThirdParty:1030 - CMSIS Pack Vendor :emotas I-CUBE-CANOPEN 1.1.3
2023-08-04 19:47:10,242 [INFO] ThirdParty:1030 - CMSIS Pack Vendor :STMicroelectronics X-CUBE-BLEMGR 2.0.0
2023-08-04 19:47:10,242 [INFO] ThirdParty:1030 - CMSIS Pack Vendor :STMicroelectronics X-CUBE-AI 8.0.1
2023-08-04 19:47:10,242 [INFO] ThirdParty:1030 - CMSIS Pack Vendor :STMicroelectronics X-CUBE-NFC4 3.0.0
2023-08-04 19:47:10,242 [INFO] ThirdParty:1030 - CMSIS Pack Vendor :STMicroelectronics X-CUBE-SUBG2 5.0.0
2023-08-04 19:47:10,242 [INFO] ThirdParty:1030 - CMSIS Pack Vendor :STMicroelectronics STM32_WPAN 1.0.0
2023-08-04 19:47:10,242 [INFO] ThirdParty:1030 - CMSIS Pack Vendor :STMicroelectronics lwIP 2.0.3
2023-08-04 19:47:10,242 [INFO] ThirdParty:1030 - CMSIS Pack Vendor :STMicroelectronics FP-SNS-FLIGHT1 5.0.2
2023-08-04 19:47:10,242 [INFO] ThirdParty:1030 - CMSIS Pack Vendor :STMicroelectronics X-CUBE-NFC4 2.0.5
2023-08-04 19:47:10,242 [INFO] ThirdParty:1030 - CMSIS Pack Vendor :STMicroelectronics USB_HOST 1.0.0
2023-08-04 19:47:10,242 [INFO] ThirdParty:1030 - CMSIS Pack Vendor :STMicroelectronics X-CUBE-TOF1 3.3.1
2023-08-04 19:47:10,242 [INFO] ThirdParty:1030 - CMSIS Pack Vendor :STMicroelectronics X-CUBE-AZRTOS-G4 2.0.0
2023-08-04 19:47:10,242 [INFO] ThirdParty:1030 - CMSIS Pack Vendor :STMicroelectronics PDM2PCM 3.1.0
2023-08-04 19:47:10,242 [INFO] ThirdParty:1030 - CMSIS Pack Vendor :STMicroelectronics X-CUBE-AZRTOS-H7 3.1.0
2023-08-04 19:47:10,242 [INFO] ThirdParty:1030 - CMSIS Pack Vendor :STMicroelectronics X-CUBE-TOF1 3.3.0
2023-08-04 19:47:10,242 [INFO] ThirdParty:1030 - CMSIS Pack Vendor :STMicroelectronics FP-ATR-ASTRA1 1.1.1
2023-08-04 19:47:10,243 [INFO] ThirdParty:1030 - CMSIS Pack Vendor :STMicroelectronics PDM2PCM 3.3.0
2023-08-04 19:47:10,243 [INFO] ThirdParty:1030 - CMSIS Pack Vendor :STMicroelectronics X-CUBE-DISPLAY 3.0.0
2023-08-04 19:47:10,243 [INFO] ThirdParty:1030 - CMSIS Pack Vendor :STMicroelectronics X-CUBE-BLEMGR 1.3.0
2023-08-04 19:47:10,243 [INFO] ThirdParty:1030 - CMSIS Pack Vendor :STMicroelectronics FP-ATR-SIGFOX1 3.2.0
2023-08-04 19:47:10,243 [INFO] ThirdParty:1030 - CMSIS Pack Vendor :STMicroelectronics X-CUBE-AZRTOS-G4 1.0.0
2023-08-04 19:47:10,243 [INFO] ThirdParty:1030 - CMSIS Pack Vendor :wolfSSL I-CUBE-wolfSSL 5.5.4
2023-08-04 19:47:10,243 [INFO] ThirdParty:1030 - CMSIS Pack Vendor :STMicroelectronics X-CUBE-AZRTOS-L4 1.0.0
2023-08-04 19:47:10,243 [INFO] ThirdParty:1030 - CMSIS Pack Vendor :STMicroelectronics HAL Drivers 0.0.0
2023-08-04 19:47:10,243 [INFO] ThirdParty:1030 - CMSIS Pack Vendor :STMicroelectronics MBEDTLS 2.16.2
2023-08-04 19:47:10,243 [INFO] ThirdParty:1030 - CMSIS Pack Vendor :STMicroelectronics X-CUBE-TOUCHGFX 4.22.0
2023-08-04 19:47:10,243 [INFO] ThirdParty:1030 - CMSIS Pack Vendor :STMicroelectronics X-CUBE-NFC7 1.0.1
2023-08-04 19:47:10,243 [INFO] ThirdParty:1030 - CMSIS Pack Vendor :STMicroelectronics MBEDTLS 2.14.1
2023-08-04 19:47:10,243 [INFO] ThirdParty:1030 - CMSIS Pack Vendor :STMicroelectronics X-CUBE-NFC7 1.0.0
2023-08-04 19:47:10,243 [INFO] ThirdParty:1030 - CMSIS Pack Vendor :STMicroelectronics X-CUBE-AZRTOS-WL 1.0.0
2023-08-04 19:47:10,243 [INFO] ThirdParty:1030 - CMSIS Pack Vendor :STMicroelectronics X-CUBE-EEPRMA1 4.1.0
2023-08-04 19:47:10,244 [INFO] ThirdParty:1030 - CMSIS Pack Vendor :portGmbH I-Cube-SoM-uGOAL 1.1.0
2023-08-04 19:47:10,244 [INFO] ThirdParty:1030 - CMSIS Pack Vendor :STMicroelectronics X-CUBE-ALS 1.0.1
2023-08-04 19:47:10,244 [INFO] ThirdParty:1030 - CMSIS Pack Vendor :STMicroelectronics ThreadX 1.0.0
2023-08-04 19:47:10,244 [INFO] ThirdParty:1030 - CMSIS Pack Vendor :STMicroelectronics X-CUBE-AZRTOS-WB 1.1.0
2023-08-04 19:47:10,244 [INFO] ThirdParty:1030 - CMSIS Pack Vendor :STMicroelectronics X-CUBE-AZRTOS-WL 2.0.0
2023-08-04 19:47:10,244 [INFO] ThirdParty:1030 - CMSIS Pack Vendor :SEGGER I-CUBE-embOS 1.3.1
2023-08-04 19:47:10,244 [INFO] ThirdParty:1030 - CMSIS Pack Vendor :STMicroelectronics USB_DEVICE 1.0.0
2023-08-04 19:47:10,244 [INFO] ThirdParty:1030 - CMSIS Pack Vendor :SEGGER I-CUBE-embOS 1.3.0
2023-08-04 19:47:10,244 [INFO] ThirdParty:1030 - CMSIS Pack Vendor :STMicroelectronics X-CUBE-AZRTOS-L4 2.0.0
2023-08-04 19:47:10,244 [INFO] ThirdParty:1030 - CMSIS Pack Vendor :STMicroelectronics ThreadX 0.0.2
2023-08-04 19:47:10,244 [INFO] ThirdParty:1030 - CMSIS Pack Vendor :WES I-CUBE-Cesium 1.3.0
2023-08-04 19:47:10,244 [INFO] ThirdParty:1030 - CMSIS Pack Vendor :STMicroelectronics FP-ATR-ASTRA1 2.0.0
2023-08-04 19:47:10,244 [INFO] ThirdParty:1030 - CMSIS Pack Vendor :STMicroelectronics lwIP 2.1.2
2023-08-04 19:47:10,244 [INFO] ThirdParty:1030 - CMSIS Pack Vendor :STMicroelectronics X-CUBE-SFXS2LP1 4.0.0
2023-08-04 19:47:10,244 [INFO] ThirdParty:1030 - CMSIS Pack Vendor :STMicroelectronics X-CUBE-BLE2 3.3.0
2023-08-04 19:47:10,245 [INFO] ThirdParty:1030 - CMSIS Pack Vendor :STMicroelectronics X-CUBE-DISPLAY 2.2.0
2023-08-04 19:47:10,245 [INFO] ThirdParty:1030 - CMSIS Pack Vendor :STMicroelectronics X-CUBE-TOF1 3.2.0
2023-08-04 19:47:10,245 [INFO] ThirdParty:1030 - CMSIS Pack Vendor :STMicroelectronics PDM2PCM 3.2.0
2023-08-04 19:47:10,245 [INFO] ThirdParty:1030 - CMSIS Pack Vendor :STMicroelectronics X-CUBE-AZRTOS-H7 3.0.0
2023-08-04 19:47:10,245 [INFO] ThirdParty:841 - exiting critical section [change project]
2023-08-04 19:47:10,672 [INFO] PinOutPanel:1499 - setPackage(No Configuration,No Configuration)
2023-08-04 19:47:10,673 [INFO] PinOutPanel:1499 - setPackage(STM32WB55RGVx,VFQFPN68)
2023-08-04 19:47:11,245 [INFO] UtilMem:75 - Before build in PCC Used Memory: 686101816 Bytes (1073741824)
2023-08-04 19:47:12,715 [INFO] UtilMem:75 - After build in PCC Used Memory: 857213640 Bytes (1073741824)
2023-08-04 19:47:12,779 [INFO] IPUIPlugin:80 - create IPUIPlugin
2023-08-04 19:47:12,779 [INFO] IPUIPlugin:80 - create IPUIPlugin
2023-08-04 19:47:12,779 [INFO] IPUIPlugin:80 - create IPUIPlugin
2023-08-04 19:47:12,779 [INFO] IPUIPlugin:80 - create IPUIPlugin
2023-08-04 19:47:12,780 [INFO] IPUIPlugin:80 - create IPUIPlugin
2023-08-04 19:47:12,780 [INFO] IPUIPlugin:80 - create IPUIPlugin
2023-08-04 19:47:12,781 [INFO] IPUIPlugin:80 - create IPUIPlugin
2023-08-04 19:47:12,781 [INFO] IPUIPlugin:80 - create IPUIPlugin
2023-08-04 19:47:12,781 [INFO] IPUIPlugin:80 - create IPUIPlugin
2023-08-04 19:47:12,782 [INFO] IPUIPlugin:80 - create IPUIPlugin
2023-08-04 19:47:12,782 [INFO] IPUIPlugin:80 - create IPUIPlugin
2023-08-04 19:47:12,782 [INFO] IPUIPlugin:80 - create IPUIPlugin
2023-08-04 19:47:12,782 [INFO] IPUIPlugin:80 - create IPUIPlugin
2023-08-04 19:47:12,783 [INFO] IPUIPlugin:80 - create IPUIPlugin
2023-08-04 19:47:12,783 [INFO] IPUIPlugin:80 - create IPUIPlugin
2023-08-04 19:47:12,783 [INFO] IPUIPlugin:80 - create IPUIPlugin
2023-08-04 19:47:12,784 [INFO] IPUIPlugin:80 - create IPUIPlugin
2023-08-04 19:47:12,785 [INFO] IPUIPlugin:80 - create IPUIPlugin
2023-08-04 19:47:12,785 [INFO] IPUIPlugin:80 - create IPUIPlugin
2023-08-04 19:47:12,786 [INFO] IPUIPlugin:80 - create IPUIPlugin
2023-08-04 19:47:12,786 [INFO] IPUIPlugin:80 - create IPUIPlugin
2023-08-04 19:47:12,787 [INFO] IPUIPlugin:80 - create IPUIPlugin
2023-08-04 19:47:12,787 [INFO] IPUIPlugin:80 - create IPUIPlugin
2023-08-04 19:47:12,787 [INFO] IPUIPlugin:80 - create IPUIPlugin
2023-08-04 19:47:12,788 [INFO] IPUIPlugin:80 - create IPUIPlugin
2023-08-04 19:47:12,788 [INFO] IPUIPlugin:80 - create IPUIPlugin
2023-08-04 19:47:12,789 [INFO] IPUIPlugin:80 - create IPUIPlugin
2023-08-04 19:47:12,789 [INFO] IPUIPlugin:80 - create IPUIPlugin
2023-08-04 19:47:12,790 [INFO] IPUIPlugin:80 - create IPUIPlugin
2023-08-04 19:47:12,791 [INFO] IPUIPlugin:80 - create IPUIPlugin
2023-08-04 19:47:12,791 [INFO] IPUIPlugin:80 - create IPUIPlugin
2023-08-04 19:47:12,792 [INFO] IPUIPlugin:80 - create IPUIPlugin
2023-08-04 19:47:12,792 [INFO] IPUIPlugin:80 - create IPUIPlugin
2023-08-04 19:47:12,793 [INFO] IPUIPlugin:80 - create IPUIPlugin
2023-08-04 19:47:12,793 [INFO] IPUIPlugin:80 - create IPUIPlugin
2023-08-04 19:47:12,794 [INFO] IPUIPlugin:80 - create IPUIPlugin
2023-08-04 19:47:12,794 [INFO] IPUIPlugin:80 - create IPUIPlugin
2023-08-04 19:47:12,794 [INFO] IPUIPlugin:80 - create IPUIPlugin
2023-08-04 19:47:12,794 [INFO] IPUIPlugin:80 - create IPUIPlugin
2023-08-04 19:47:12,795 [INFO] IPUIPlugin:80 - create IPUIPlugin
2023-08-04 19:47:12,796 [INFO] IPUIPlugin:80 - create IPUIPlugin
2023-08-04 19:47:12,797 [INFO] IPUIPlugin:80 - create IPUIPlugin
2023-08-04 19:47:12,798 [INFO] IPUIPlugin:80 - create IPUIPlugin
2023-08-04 19:47:12,799 [INFO] IPUIPlugin:80 - create IPUIPlugin
2023-08-04 19:47:12,800 [INFO] IPUIPlugin:80 - create IPUIPlugin
2023-08-04 19:47:13,154 [INFO] CADModel:165 - CPN selected for project levelSTM32WB55RGV6
2023-08-04 19:47:13,155 [INFO] CADModel:114 - Register for checkConnection events
2023-08-04 19:47:13,218 [INFO] OpenFileManager:328 - Restore cursor
2023-08-04 19:47:16,286 [INFO] UtilMem:75 - End SaveConfig() Used Memory: 849580672 Bytes (1073741824)
2023-08-04 19:47:16,360 [WARN] Context:732 - Trying to set MEMORYMAP twice on same context Cortex-M4NS
2023-08-04 19:47:16,377 [INFO] UtilMem:75 - End SaveConfig() Used Memory: 865309312 Bytes (1073741824)
2023-08-04 19:47:16,905 [INFO] BlockDiagram:2759 - set Specific Code input for plugin: NVIC
2023-08-04 19:47:16,906 [INFO] BlockDiagram:2759 - set Specific Code input for plugin: USART
2023-08-04 19:47:16,906 [INFO] BlockDiagram:2759 - set Specific Code input for plugin: MEMORYMAP
2023-08-04 19:47:16,906 [INFO] BlockDiagram:2759 - set Specific Code input for plugin: USB
2023-08-04 19:47:16,906 [INFO] BlockDiagram:2759 - set Specific Code input for plugin: SYS
2023-08-04 19:47:16,907 [INFO] BlockDiagram:2759 - set Specific Code input for plugin: GPIO
2023-08-04 19:47:16,907 [INFO] BlockDiagram:2759 - set Specific Code input for plugin: RCC
2023-08-04 19:47:16,909 [INFO] CodeGenerator:799 - code generatio: config db path: C:\ST\STM32CubeIDE_1.13.0\STM32CubeIDE\plugins\com.st.stm32cube.common.mx_6.9.0.202307051724\\db\
2023-08-04 19:47:17,396 [INFO] CodeEngine:255 - oldGeneratedFile, C:\Users\ACER\STM32CubeIDE\workspace_1.13.0\stm_timer\MXTmpFiles\license.tmp_save
2023-08-04 19:47:17,973 [INFO] CodeEngine:279 - Generated code: C:\Users\ACER\STM32CubeIDE\workspace_1.13.0\stm_timer\MXTmpFiles\license.tmp
2023-08-04 19:47:18,199 [INFO] CodeEngine:255 - oldGeneratedFile, C:\Users\ACER\STM32CubeIDE\workspace_1.13.0\stm_timer\MXTmpFiles\gpio.tmp_save
2023-08-04 19:47:18,506 [INFO] CodeEngine:279 - Generated code: C:\Users\ACER\STM32CubeIDE\workspace_1.13.0\stm_timer\MXTmpFiles\gpio.tmp
2023-08-04 19:47:18,512 [WARN] IPConfigManager:99 - WARNING: Missing Config File for MEMORYMAP ip!!
2023-08-04 19:47:18,513 [WARN] IP:2114 - DefaultDataRegion not found: check if there is a RefParameter without a condition.
2023-08-04 19:47:19,234 [INFO] CodeEngine:255 - oldGeneratedFile, C:\Users\ACER\STM32CubeIDE\workspace_1.13.0\stm_timer\Core\Src\stm32wbxx_it.c_save
2023-08-04 19:47:19,563 [INFO] CodeEngine:279 - Generated code: C:\Users\ACER\STM32CubeIDE\workspace_1.13.0\stm_timer\Core\Src\stm32wbxx_it.c
2023-08-04 19:47:19,587 [INFO] CodeEngine:255 - oldGeneratedFile, C:\Users\ACER\STM32CubeIDE\workspace_1.13.0\stm_timer\Core\Inc\stm32wbxx_it.h_save
2023-08-04 19:47:19,818 [INFO] CodeEngine:279 - Generated code: C:\Users\ACER\STM32CubeIDE\workspace_1.13.0\stm_timer\Core\Inc\stm32wbxx_it.h
2023-08-04 19:47:19,858 [INFO] CodeEngine:255 - oldGeneratedFile, C:\Users\ACER\STM32CubeIDE\workspace_1.13.0\stm_timer\Core\Src\stm32wbxx_hal_msp.c_save
2023-08-04 19:47:20,103 [INFO] CodeEngine:279 - Generated code: C:\Users\ACER\STM32CubeIDE\workspace_1.13.0\stm_timer\Core\Src\stm32wbxx_hal_msp.c
2023-08-04 19:47:20,119 [INFO] CodeEngine:255 - oldGeneratedFile, C:\Users\ACER\STM32CubeIDE\workspace_1.13.0\stm_timer\MXTmpFiles\system.tmp_save
2023-08-04 19:47:20,232 [INFO] CodeEngine:279 - Generated code: C:\Users\ACER\STM32CubeIDE\workspace_1.13.0\stm_timer\MXTmpFiles\system.tmp
2023-08-04 19:47:20,262 [INFO] CodeEngine:311 - oldGeneratedFile, C:\Users\ACER\STM32CubeIDE\workspace_1.13.0\stm_timer\Core\Inc\stm32wbxx_hal_conf.h_save
2023-08-04 19:47:20,494 [INFO] CodeEngine:335 - Generated code: C:\Users\ACER\STM32CubeIDE\workspace_1.13.0\stm_timer\Core\Inc\stm32wbxx_hal_conf.h
2023-08-04 19:47:20,551 [WARN] IPConfigManager:2937 - Warning: the RefConfig RCC_PClockConfig is not available in your config.xml file
2023-08-04 19:47:20,595 [INFO] CodeEngine:255 - oldGeneratedFile, C:\Users\ACER\STM32CubeIDE\workspace_1.13.0\stm_timer\Core\Inc\main.h_save
2023-08-04 19:47:20,795 [INFO] CodeEngine:279 - Generated code: C:\Users\ACER\STM32CubeIDE\workspace_1.13.0\stm_timer\Core\Inc\main.h
2023-08-04 19:47:20,814 [INFO] CodeEngine:255 - oldGeneratedFile, C:\Users\ACER\STM32CubeIDE\workspace_1.13.0\stm_timer\Core\Src\main.c_save
2023-08-04 19:47:21,080 [INFO] CodeEngine:279 - Generated code: C:\Users\ACER\STM32CubeIDE\workspace_1.13.0\stm_timer\Core\Src\main.c
2023-08-04 19:47:22,202 [INFO] ProjectBuilder:3064 - Time for Copy HAL[1] : 304mS.
2023-08-04 19:47:22,212 [INFO] ProjectBuilder:4404 - Project Generator version: 4.1.0
2023-08-04 19:47:22,670 [INFO] ConfigFileManager:1457 - The Die is : DIE495
2023-08-04 19:47:22,695 [INFO] ApiDbMcu:507 - Load IP Config File for FATFS
2023-08-04 19:47:22,721 [INFO] ApiDbMcu:507 - Load IP Config File for FREERTOS
2023-08-04 19:47:22,764 [INFO] ApiDbMcu:507 - Load IP Config File for STM32_WPAN
2023-08-04 19:47:22,792 [INFO] ApiDbMcu:507 - Load IP Config File for TOUCHSENSING
2023-08-04 19:47:22,816 [INFO] ApiDbMcu:507 - Load IP Config File for USB_Device
2023-08-04 19:47:24,782 [INFO] LogOutputStream:77 - [STDOUT_REDIRECT] 
2023-08-04 19:47:29,879 [INFO] ProjectBuilder:4626 - Time for Generating toolchain IDE Files: 7667mS.
2023-08-04 19:47:29,881 [INFO] ProjectBuilder:2935 - Time for Copy CMSIS : 0mS.
2023-08-04 19:47:29,883 [INFO] ProjectBuilder:2935 - Time for Copy CMSIS : 0mS.
2023-08-04 19:47:31,151 [INFO] McuFinderGlobals:76 - Set McuFinderConnectedMode to true
2023-08-04 19:47:31,159 [INFO] ApiDb:448 - Save user favorites file C:\Users\ACER/.stm32cubeide/favorites.mcus.txt: 0 item(s)
2023-08-04 19:47:31,159 [INFO] ApiDb:452 - User favorites MCUs=[]
2023-08-04 19:47:31,161 [INFO] ApiDb:448 - Save user favorites file C:\Users\ACER/.stm32cubeide/favorites.boards.txt: 0 item(s)
2023-08-04 19:47:31,162 [INFO] ApiDb:452 - User favorites Boards=[]
2023-08-04 20:26:53,772 [INFO] NvicIntPanel:101 - NVIC parent = com.st.microxplorer.plugins.ip.nvic.MultiNvicIntPanel[,0,0,0x0,invalid,layout=javax.swing.BoxLayout,alignmentX=0.0,alignmentY=0.0,border=,flags=9,maximumSize=,minimumSize=,preferredSize=]
2023-08-04 20:27:28,351 [INFO] NvicIntPanel:101 - NVIC parent = com.st.microxplorer.plugins.ip.nvic.MultiNvicIntPanel[,0,0,0x0,invalid,layout=javax.swing.BoxLayout,alignmentX=0.0,alignmentY=0.0,border=,flags=9,maximumSize=,minimumSize=,preferredSize=]
2023-08-04 20:28:38,169 [INFO] UtilMem:75 - End SaveConfig() Used Memory: 606492784 Bytes (1073741824)
2023-08-04 20:28:39,868 [INFO] UtilMem:75 - End SaveConfig() Used Memory: 626056896 Bytes (1073741824)
2023-08-04 20:28:42,409 [INFO] UtilMem:75 - End SaveConfig() Used Memory: 709334744 Bytes (1073741824)
2023-08-04 20:28:42,775 [INFO] BlockDiagram:2759 - set Specific Code input for plugin: NVIC
2023-08-04 20:28:42,775 [INFO] BlockDiagram:2759 - set Specific Code input for plugin: USART
2023-08-04 20:28:42,775 [INFO] BlockDiagram:2759 - set Specific Code input for plugin: MEMORYMAP
2023-08-04 20:28:42,776 [INFO] BlockDiagram:2759 - set Specific Code input for plugin: TIM1_8WB5
2023-08-04 20:28:42,776 [INFO] BlockDiagram:2759 - set Specific Code input for plugin: USB
2023-08-04 20:28:42,776 [INFO] BlockDiagram:2759 - set Specific Code input for plugin: SYS
2023-08-04 20:28:42,777 [INFO] BlockDiagram:2759 - set Specific Code input for plugin: GPIO
2023-08-04 20:28:42,777 [INFO] BlockDiagram:2759 - set Specific Code input for plugin: RCC
2023-08-04 20:28:42,778 [INFO] CodeGenerator:799 - code generatio: config db path: C:\ST\STM32CubeIDE_1.13.0\STM32CubeIDE\plugins\com.st.stm32cube.common.mx_6.9.0.202307051724\\db\
2023-08-04 20:28:42,947 [INFO] CodeEngine:255 - oldGeneratedFile, C:\Users\ACER\STM32CubeIDE\workspace_1.13.0\stm_timer\MXTmpFiles\license.tmp_save
2023-08-04 20:28:43,123 [INFO] CodeEngine:279 - Generated code: C:\Users\ACER\STM32CubeIDE\workspace_1.13.0\stm_timer\MXTmpFiles\license.tmp
2023-08-04 20:28:43,186 [INFO] CodeEngine:255 - oldGeneratedFile, C:\Users\ACER\STM32CubeIDE\workspace_1.13.0\stm_timer\MXTmpFiles\gpio.tmp_save
2023-08-04 20:28:43,307 [INFO] CodeEngine:279 - Generated code: C:\Users\ACER\STM32CubeIDE\workspace_1.13.0\stm_timer\MXTmpFiles\gpio.tmp
2023-08-04 20:28:43,310 [WARN] IPConfigManager:99 - WARNING: Missing Config File for MEMORYMAP ip!!
2023-08-04 20:28:43,311 [WARN] IP:2114 - DefaultDataRegion not found: check if there is a RefParameter without a condition.
2023-08-04 20:28:43,751 [INFO] CodeEngine:255 - oldGeneratedFile, C:\Users\ACER\STM32CubeIDE\workspace_1.13.0\stm_timer\Core\Src\stm32wbxx_it.c_save
2023-08-04 20:28:43,982 [INFO] CodeEngine:279 - Generated code: C:\Users\ACER\STM32CubeIDE\workspace_1.13.0\stm_timer\Core\Src\stm32wbxx_it.c
2023-08-04 20:28:44,002 [INFO] CodeEngine:255 - oldGeneratedFile, C:\Users\ACER\STM32CubeIDE\workspace_1.13.0\stm_timer\Core\Inc\stm32wbxx_it.h_save
2023-08-04 20:28:44,102 [INFO] CodeEngine:279 - Generated code: C:\Users\ACER\STM32CubeIDE\workspace_1.13.0\stm_timer\Core\Inc\stm32wbxx_it.h
2023-08-04 20:28:44,143 [INFO] CodeEngine:255 - oldGeneratedFile, C:\Users\ACER\STM32CubeIDE\workspace_1.13.0\stm_timer\Core\Src\stm32wbxx_hal_msp.c_save
2023-08-04 20:28:44,364 [INFO] CodeEngine:279 - Generated code: C:\Users\ACER\STM32CubeIDE\workspace_1.13.0\stm_timer\Core\Src\stm32wbxx_hal_msp.c
2023-08-04 20:28:44,375 [INFO] CodeEngine:255 - oldGeneratedFile, C:\Users\ACER\STM32CubeIDE\workspace_1.13.0\stm_timer\MXTmpFiles\system.tmp_save
2023-08-04 20:28:44,440 [INFO] CodeEngine:279 - Generated code: C:\Users\ACER\STM32CubeIDE\workspace_1.13.0\stm_timer\MXTmpFiles\system.tmp
2023-08-04 20:28:44,478 [INFO] CodeEngine:311 - oldGeneratedFile, C:\Users\ACER\STM32CubeIDE\workspace_1.13.0\stm_timer\Core\Inc\stm32wbxx_hal_conf.h_save
2023-08-04 20:28:44,606 [INFO] CodeEngine:335 - Generated code: C:\Users\ACER\STM32CubeIDE\workspace_1.13.0\stm_timer\Core\Inc\stm32wbxx_hal_conf.h
2023-08-04 20:28:44,644 [WARN] IPConfigManager:2937 - Warning: the RefConfig RCC_PClockConfig is not available in your config.xml file
2023-08-04 20:28:44,648 [WARN] IPConfigManager:3431 - IP not found : TIM
2023-08-04 20:28:44,649 [WARN] CodeGenerator:3760 - IP not found : null
2023-08-04 20:28:44,676 [INFO] CodeEngine:255 - oldGeneratedFile, C:\Users\ACER\STM32CubeIDE\workspace_1.13.0\stm_timer\Core\Inc\main.h_save
2023-08-04 20:28:44,811 [INFO] CodeEngine:279 - Generated code: C:\Users\ACER\STM32CubeIDE\workspace_1.13.0\stm_timer\Core\Inc\main.h
2023-08-04 20:28:44,847 [INFO] CodeEngine:255 - oldGeneratedFile, C:\Users\ACER\STM32CubeIDE\workspace_1.13.0\stm_timer\Core\Src\main.c_save
2023-08-04 20:28:45,126 [INFO] CodeEngine:279 - Generated code: C:\Users\ACER\STM32CubeIDE\workspace_1.13.0\stm_timer\Core\Src\main.c
2023-08-04 20:28:45,839 [INFO] ProjectBuilder:3064 - Time for Copy HAL[1] : 254mS.
2023-08-04 20:28:45,842 [INFO] ProjectBuilder:4404 - Project Generator version: 4.1.0
2023-08-04 20:28:46,215 [INFO] ConfigFileManager:1457 - The Die is : DIE495
2023-08-04 20:28:49,013 [INFO] ProjectBuilder:4626 - Time for Generating toolchain IDE Files: 3170mS.
2023-08-04 20:28:49,014 [INFO] ProjectBuilder:2935 - Time for Copy CMSIS : 1mS.
2023-08-04 20:28:49,018 [INFO] ProjectBuilder:2935 - Time for Copy CMSIS : 0mS.
2023-08-04 20:37:32,087 [ERROR] LogOutputStream:75 - [STDERR_REDIRECT] 
