2023-09-13 15:32:26,747 [INFO] Activator:176 - 


2023-09-13 15:32:26,758 [INFO] Activator:177 - !SESSION log4j initialized
2023-09-13 15:32:40,039 [INFO] LogOutputStream:77 - [STDOUT_REDIRECT] 
2023-09-13 15:32:55,531 [INFO] ApplicationProperties:184 - Using Application install path: C:\ST\STM32CubeIDE_1.13.0\STM32CubeIDE\plugins\com.st.stm32cube.common.mx_6.9.0.202307051724
2023-09-13 15:32:55,578 [INFO] DbMcusXml:78 - Set database path to: C:\ST\STM32CubeIDE_1.13.0\STM32CubeIDE\plugins\com.st.stm32cube.common.mx_6.9.0.202307051724\\db\/mcu/
2023-09-13 15:32:55,579 [INFO] ApiDb:274 - Set plugin database path to: C:\ST\STM32CubeIDE_1.13.0\STM32CubeIDE\plugins\com.st.stm32cube.common.mx_6.9.0.202307051724\\db\/plugins/boardmanager/
2023-09-13 15:32:55,581 [WARN] ApiDb:259 - Overriding images path with different value:  => C:\ST\STM32CubeIDE_1.13.0\STM32CubeIDE\plugins\com.st.stm32cube.common.mx_6.9.0.202307051724\\db\/plugins/mcufinder/images/
2023-09-13 15:32:55,608 [INFO] ApiDb:250 - Set database path to: C:\Users\ACER\.stmcufinder\plugins\mcufinder//mcu/
2023-09-13 15:32:55,611 [INFO] DbMcusAds:125 - Set database path to: C:\Users\ACER\.stmcufinder\plugins\mcufinder//mcu/
2023-09-13 15:32:55,653 [INFO] CrossReferenceDbSqlite:203 - Set database path to: C:\Users\ACER\.stmcufinder\plugins\mcufinder//mcu/cs/
2023-09-13 15:32:55,888 [INFO] RulesReader:64 - Compatibility file has been processed (293 Rules)
2023-09-13 15:32:56,019 [INFO] DbMcusXml:78 - Set database path to: C:\ST\STM32CubeIDE_1.13.0\STM32CubeIDE\plugins\com.st.stm32cube.common.mx_6.9.0.202307051724\\db\/mcu/
2023-09-13 15:32:56,019 [INFO] ApiDb:274 - Set plugin database path to: C:\ST\STM32CubeIDE_1.13.0\STM32CubeIDE\plugins\com.st.stm32cube.common.mx_6.9.0.202307051724\\db\/plugins/boardmanager/
2023-09-13 15:32:56,019 [INFO] ApiDb:261 - Set plugin images path to: C:\ST\STM32CubeIDE_1.13.0\STM32CubeIDE\plugins\com.st.stm32cube.common.mx_6.9.0.202307051724\\db\/plugins/mcufinder/images/
2023-09-13 15:32:56,019 [WARN] DbFile:41 - Overriding database path with different value: C:\Users\ACER\.stmcufinder\plugins\mcufinder/ => C:\Users\ACER\.stmcufinder\plugins\mcufinder
2023-09-13 15:32:56,019 [INFO] ApiDb:250 - Set database path to: C:\Users\ACER\.stmcufinder\plugins\mcufinder//mcu/
2023-09-13 15:32:56,019 [WARN] DbFile:41 - Overriding database path with different value: C:\Users\ACER\.stmcufinder\plugins\mcufinder/ => C:\Users\ACER\.stmcufinder\plugins\mcufinder
2023-09-13 15:32:56,019 [INFO] DbMcusAds:125 - Set database path to: C:\Users\ACER\.stmcufinder\plugins\mcufinder//mcu/
2023-09-13 15:32:56,019 [WARN] DbFile:41 - Overriding database path with different value: C:\Users\ACER\.stmcufinder\plugins\mcufinder/ => C:\Users\ACER\.stmcufinder\plugins\mcufinder
2023-09-13 15:32:56,019 [WARN] DbFile:41 - Overriding database path with different value: C:\Users\ACER\.stmcufinder\plugins\mcufinder/ => C:\Users\ACER\.stmcufinder\plugins\mcufinder
2023-09-13 15:32:56,019 [INFO] CrossReferenceDbSqlite:203 - Set database path to: C:\Users\ACER\.stmcufinder\plugins\mcufinder//mcu/cs/
2023-09-13 15:32:56,150 [INFO] MainPanel:262 - HeapMemory: 268435456
2023-09-13 15:32:56,327 [INFO] DbMcusXml:78 - Set database path to: C:\ST\STM32CubeIDE_1.13.0\STM32CubeIDE\plugins\com.st.stm32cube.common.mx_6.9.0.202307051724\\db\/mcu/
2023-09-13 15:32:56,328 [INFO] ApiDb:274 - Set plugin database path to: C:\ST\STM32CubeIDE_1.13.0\STM32CubeIDE\plugins\com.st.stm32cube.common.mx_6.9.0.202307051724\\db\/plugins/boardmanager/
2023-09-13 15:32:56,328 [INFO] ApiDb:261 - Set plugin images path to: C:\ST\STM32CubeIDE_1.13.0\STM32CubeIDE\plugins\com.st.stm32cube.common.mx_6.9.0.202307051724\\db\/plugins/mcufinder/images/
2023-09-13 15:32:56,329 [WARN] DbFile:41 - Overriding database path with different value: C:\Users\ACER\.stmcufinder\plugins\mcufinder/ => C:\Users\ACER\.stmcufinder\plugins\mcufinder
2023-09-13 15:32:56,329 [INFO] ApiDb:250 - Set database path to: C:\Users\ACER\.stmcufinder\plugins\mcufinder//mcu/
2023-09-13 15:32:56,330 [WARN] DbFile:41 - Overriding database path with different value: C:\Users\ACER\.stmcufinder\plugins\mcufinder/ => C:\Users\ACER\.stmcufinder\plugins\mcufinder
2023-09-13 15:32:56,330 [INFO] DbMcusAds:125 - Set database path to: C:\Users\ACER\.stmcufinder\plugins\mcufinder//mcu/
2023-09-13 15:32:56,330 [WARN] DbFile:41 - Overriding database path with different value: C:\Users\ACER\.stmcufinder\plugins\mcufinder/ => C:\Users\ACER\.stmcufinder\plugins\mcufinder
2023-09-13 15:32:56,331 [WARN] DbFile:41 - Overriding database path with different value: C:\Users\ACER\.stmcufinder\plugins\mcufinder/ => C:\Users\ACER\.stmcufinder\plugins\mcufinder
2023-09-13 15:32:56,331 [INFO] CrossReferenceDbSqlite:203 - Set database path to: C:\Users\ACER\.stmcufinder\plugins\mcufinder//mcu/cs/
2023-09-13 15:32:56,371 [INFO] ApplicationProperties:184 - Using Application install path: C:\ST\STM32CubeIDE_1.13.0\STM32CubeIDE\plugins\com.st.stm32cube.common.mx_6.9.0.202307051724
2023-09-13 15:32:56,375 [INFO] PluginManage:196 - Search for loadable plugins [exclusion list=, ]
2023-09-13 15:32:56,378 [INFO] PluginManage:310 - Check plugin analytics
2023-09-13 15:33:01,654 [INFO] AnalyticsPlugin:253 - Accepted Software Licenses: 
2023-09-13 15:33:01,656 [INFO] AnalyticsPlugin:255 - Accepted CMSIS Pack Licenses: 
2023-09-13 15:33:01,656 [INFO] AnalyticsPlugin:257 - Accepted Firmware Licenses: FW.WB.1.17.0
2023-09-13 15:33:01,663 [INFO] PluginManage:359 - Loaded plugin analytics (category:tool,tabindex:-1)
2023-09-13 15:33:01,664 [INFO] PluginManage:310 - Check plugin cadmodel
2023-09-13 15:33:01,683 [INFO] CADModel:105 - Init CAD model plugin
2023-09-13 15:33:01,684 [INFO] PluginManage:359 - Loaded plugin cadmodel (category:power,tabindex:5)
2023-09-13 15:33:01,684 [INFO] PluginManage:310 - Check plugin clock
2023-09-13 15:33:01,708 [INFO] PluginManage:359 - Loaded plugin clock (category:base,tabindex:2)
2023-09-13 15:33:01,709 [INFO] PluginManage:310 - Check plugin ddr
2023-09-13 15:33:01,712 [INFO] PluginManage:359 - Loaded plugin ddr (category:tool,tabindex:6)
2023-09-13 15:33:01,712 [INFO] PluginManage:310 - Check plugin filemanager
2023-09-13 15:33:01,983 [INFO] PluginManage:359 - Loaded plugin filemanager (category:base,tabindex:10)
2023-09-13 15:33:01,984 [INFO] PluginManage:310 - Check plugin ipmanager
2023-09-13 15:33:02,003 [INFO] PluginManage:359 - Loaded plugin ipmanager (category:base,tabindex:5)
2023-09-13 15:33:02,003 [INFO] PluginManage:310 - Check plugin lpbam
2023-09-13 15:33:02,039 [INFO] PluginManage:359 - Loaded plugin lpbam (category:base,tabindex:0)
2023-09-13 15:33:02,040 [INFO] PluginManage:310 - Check plugin memorymap
2023-09-13 15:33:02,088 [INFO] PluginManage:359 - Loaded plugin memorymap (category:base,tabindex:4)
2023-09-13 15:33:02,089 [INFO] PluginManage:310 - Check plugin pinoutandconfiguration
2023-09-13 15:33:02,116 [INFO] PluginManage:359 - Loaded plugin pinoutandconfiguration (category:base,tabindex:1)
2023-09-13 15:33:02,117 [INFO] PluginManage:310 - Check plugin pinoutconfig
2023-09-13 15:33:02,327 [WARN] SupportedApi:132 - Cannot load RTOS API schema: s4s-elt-must-match.1: The content of 'definitions' must match (annotation?, (simpleType | complexType)?, (unique | key | keyref)*)). A problem was found starting at: attribute.
2023-09-13 15:33:02,642 [INFO] PluginManage:359 - Loaded plugin pinoutconfig (category:base,tabindex:0)
2023-09-13 15:33:02,643 [INFO] PluginManage:310 - Check plugin power
2023-09-13 15:33:02,677 [INFO] PluginManage:359 - Loaded plugin power (category:power,tabindex:4)
2023-09-13 15:33:02,678 [INFO] PluginManage:310 - Check plugin projectmanager
2023-09-13 15:33:02,714 [INFO] PluginManage:359 - Loaded plugin projectmanager (category:projectmanager,tabindex:3)
2023-09-13 15:33:02,714 [INFO] PluginManage:310 - Check plugin thirdparty
2023-09-13 15:33:03,163 [WARN] IntegrityCheckThread:84 - waiting for thirdparty lock release [integrity check]
2023-09-13 15:33:03,163 [INFO] PluginManage:359 - Loaded plugin thirdparty (category:base,tabindex:-1)
2023-09-13 15:33:03,163 [INFO] IntegrityCheckThread:86 - entering critical section [integrity check]
2023-09-13 15:33:03,164 [INFO] PluginManage:310 - Check plugin tools
2023-09-13 15:33:03,164 [INFO] ThirdPartyUpdaterWithRetryManager:70 - Updater plugin not ready yet. [1/15]
2023-09-13 15:33:03,223 [INFO] PluginManage:359 - Loaded plugin tools (category:base,tabindex:7)
2023-09-13 15:33:03,223 [INFO] PluginManage:310 - Check plugin tutovideos
2023-09-13 15:33:03,629 [INFO] PluginManage:359 - Loaded plugin tutovideos (category:base,tabindex:-1)
2023-09-13 15:33:03,629 [INFO] PluginManage:310 - Check plugin updater
2023-09-13 15:33:03,650 [INFO] PluginManage:359 - Loaded plugin updater (category:base,tabindex:12)
2023-09-13 15:33:03,650 [INFO] PluginManage:310 - Check plugin userauth
2023-09-13 15:33:03,664 [INFO] UserAuth:113 - Init User Auth plugin
2023-09-13 15:33:03,664 [INFO] PluginManage:359 - Loaded plugin userauth (category:base,tabindex:14)
2023-09-13 15:33:03,666 [INFO] PluginManage:283 - PluginManage : Loaded plugins [17]
2023-09-13 15:33:04,180 [INFO] PinOutPanel:1499 - setPackage(No Configuration,No Configuration)
2023-09-13 15:33:04,417 [INFO] CADModel:165 - CPN selected for project level
2023-09-13 15:33:04,417 [INFO] CADModel:114 - Register for checkConnection events
2023-09-13 15:33:04,461 [INFO] IPUIPlugin:80 - create IPUIPlugin
2023-09-13 15:33:04,461 [INFO] PluginManager:220 - loadIPPluginJar : add adc
2023-09-13 15:33:04,512 [INFO] IPUIPlugin:80 - create IPUIPlugin
2023-09-13 15:33:04,512 [INFO] PluginManager:220 - loadIPPluginJar : add aes
2023-09-13 15:33:04,592 [INFO] IPUIPlugin:80 - create IPUIPlugin
2023-09-13 15:33:04,592 [INFO] PluginManager:220 - loadIPPluginJar : add can
2023-09-13 15:33:04,631 [INFO] IPUIPlugin:80 - create IPUIPlugin
2023-09-13 15:33:04,631 [INFO] PluginManager:220 - loadIPPluginJar : add comp
2023-09-13 15:33:04,684 [INFO] IPUIPlugin:80 - create IPUIPlugin
2023-09-13 15:33:04,684 [INFO] PluginManager:220 - loadIPPluginJar : add cryp
2023-09-13 15:33:04,741 [INFO] IPUIPlugin:80 - create IPUIPlugin
2023-09-13 15:33:04,741 [INFO] PluginManager:220 - loadIPPluginJar : add dfsdm
2023-09-13 15:33:04,768 [INFO] IPUIPlugin:80 - create IPUIPlugin
2023-09-13 15:33:04,770 [INFO] PluginManager:220 - loadIPPluginJar : add dma
2023-09-13 15:33:04,849 [INFO] IPUIPlugin:80 - create IPUIPlugin
2023-09-13 15:33:04,849 [INFO] PluginManager:220 - loadIPPluginJar : add dma3
2023-09-13 15:33:04,872 [INFO] IPUIPlugin:80 - create IPUIPlugin
2023-09-13 15:33:04,872 [INFO] PluginManager:220 - loadIPPluginJar : add fatfs
2023-09-13 15:33:04,922 [INFO] IPUIPlugin:80 - create IPUIPlugin
2023-09-13 15:33:04,922 [INFO] PluginManager:220 - loadIPPluginJar : add fmc
2023-09-13 15:33:04,942 [INFO] IPUIPlugin:80 - create IPUIPlugin
2023-09-13 15:33:04,943 [INFO] PluginManager:220 - loadIPPluginJar : add freertos
2023-09-13 15:33:04,961 [INFO] IPUIPlugin:80 - create IPUIPlugin
2023-09-13 15:33:04,962 [INFO] PluginManager:220 - loadIPPluginJar : add genericplugin
2023-09-13 15:33:05,073 [INFO] IPUIPlugin:80 - create IPUIPlugin
2023-09-13 15:33:05,074 [INFO] PluginManager:220 - loadIPPluginJar : add gfxmmu
2023-09-13 15:33:05,331 [INFO] IPUIPlugin:80 - create IPUIPlugin
2023-09-13 15:33:05,331 [INFO] PluginManager:220 - loadIPPluginJar : add gic
2023-09-13 15:33:05,356 [INFO] IPUIPlugin:80 - create IPUIPlugin
2023-09-13 15:33:05,356 [INFO] PluginManager:220 - loadIPPluginJar : add gpio
2023-09-13 15:33:05,576 [INFO] IPUIPlugin:80 - create IPUIPlugin
2023-09-13 15:33:05,576 [INFO] PluginManager:220 - loadIPPluginJar : add gtzc
2023-09-13 15:33:05,634 [INFO] IPUIPlugin:80 - create IPUIPlugin
2023-09-13 15:33:05,635 [INFO] PluginManager:220 - loadIPPluginJar : add hash
2023-09-13 15:33:05,734 [INFO] IPUIPlugin:80 - create IPUIPlugin
2023-09-13 15:33:05,734 [INFO] PluginManager:220 - loadIPPluginJar : add i2c
2023-09-13 15:33:05,791 [INFO] IPUIPlugin:80 - create IPUIPlugin
2023-09-13 15:33:05,792 [INFO] PluginManager:220 - loadIPPluginJar : add i2s
2023-09-13 15:33:05,879 [INFO] IPUIPlugin:80 - create IPUIPlugin
2023-09-13 15:33:05,879 [INFO] PluginManager:220 - loadIPPluginJar : add i3c
2023-09-13 15:33:06,096 [INFO] IPUIPlugin:80 - create IPUIPlugin
2023-09-13 15:33:06,096 [INFO] PluginManager:220 - loadIPPluginJar : add ipddr
2023-09-13 15:33:06,165 [INFO] ThirdPartyUpdaterWithRetryManager:70 - Updater plugin not ready yet. [2/15]
2023-09-13 15:33:06,290 [INFO] IPUIPlugin:80 - create IPUIPlugin
2023-09-13 15:33:06,290 [INFO] PluginManager:220 - loadIPPluginJar : add linkedlist
2023-09-13 15:33:06,346 [INFO] IPUIPlugin:80 - create IPUIPlugin
2023-09-13 15:33:06,346 [INFO] PluginManager:220 - loadIPPluginJar : add lorawan
2023-09-13 15:33:06,404 [INFO] IPUIPlugin:80 - create IPUIPlugin
2023-09-13 15:33:06,404 [INFO] PluginManager:220 - loadIPPluginJar : add ltdc
2023-09-13 15:33:06,426 [INFO] IPUIPlugin:80 - create IPUIPlugin
2023-09-13 15:33:06,426 [INFO] PluginManager:220 - loadIPPluginJar : add mdma
2023-09-13 15:33:06,445 [INFO] IPUIPlugin:80 - create IPUIPlugin
2023-09-13 15:33:06,445 [INFO] PluginManager:220 - loadIPPluginJar : add nvic
2023-09-13 15:33:06,526 [INFO] IPUIPlugin:80 - create IPUIPlugin
2023-09-13 15:33:06,526 [INFO] PluginManager:220 - loadIPPluginJar : add opamp
2023-09-13 15:33:06,626 [INFO] IPUIPlugin:80 - create IPUIPlugin
2023-09-13 15:33:06,626 [INFO] PluginManager:220 - loadIPPluginJar : add openamp
2023-09-13 15:33:06,698 [INFO] IPUIPlugin:80 - create IPUIPlugin
2023-09-13 15:33:06,698 [INFO] PluginManager:220 - loadIPPluginJar : add pdm2pcm
2023-09-13 15:33:06,715 [INFO] IPUIPlugin:80 - create IPUIPlugin
2023-09-13 15:33:06,718 [INFO] PluginManager:220 - loadIPPluginJar : add plateformsettings
2023-09-13 15:33:06,745 [INFO] IPUIPlugin:80 - create IPUIPlugin
2023-09-13 15:33:06,745 [INFO] PluginManager:220 - loadIPPluginJar : add quadspi
2023-09-13 15:33:06,765 [INFO] IPUIPlugin:80 - create IPUIPlugin
2023-09-13 15:33:06,765 [INFO] PluginManager:220 - loadIPPluginJar : add resmgrutility
2023-09-13 15:33:06,861 [INFO] IPUIPlugin:80 - create IPUIPlugin
2023-09-13 15:33:06,861 [INFO] PluginManager:220 - loadIPPluginJar : add sai
2023-09-13 15:33:06,919 [INFO] IPUIPlugin:80 - create IPUIPlugin
2023-09-13 15:33:06,920 [INFO] PluginManager:220 - loadIPPluginJar : add spi
2023-09-13 15:33:07,045 [INFO] IPUIPlugin:80 - create IPUIPlugin
2023-09-13 15:33:07,045 [INFO] PluginManager:220 - loadIPPluginJar : add stm32_wpan
2023-09-13 15:33:07,086 [INFO] IPUIPlugin:80 - create IPUIPlugin
2023-09-13 15:33:07,086 [INFO] PluginManager:220 - loadIPPluginJar : add tim
2023-09-13 15:33:07,198 [INFO] IPUIPlugin:80 - create IPUIPlugin
2023-09-13 15:33:07,199 [INFO] PluginManager:220 - loadIPPluginJar : add touchsensing
2023-09-13 15:33:07,247 [INFO] IPUIPlugin:80 - create IPUIPlugin
2023-09-13 15:33:07,247 [INFO] PluginManager:220 - loadIPPluginJar : add tracer_emb
2023-09-13 15:33:07,286 [INFO] IPUIPlugin:80 - create IPUIPlugin
2023-09-13 15:33:07,286 [INFO] PluginManager:220 - loadIPPluginJar : add ts
2023-09-13 15:33:07,337 [INFO] IPUIPlugin:80 - create IPUIPlugin
2023-09-13 15:33:07,337 [INFO] PluginManager:220 - loadIPPluginJar : add tsc
2023-09-13 15:33:07,370 [INFO] IPUIPlugin:80 - create IPUIPlugin
2023-09-13 15:33:07,371 [INFO] PluginManager:220 - loadIPPluginJar : add ucpd
2023-09-13 15:33:07,439 [INFO] IPUIPlugin:80 - create IPUIPlugin
2023-09-13 15:33:07,440 [INFO] PluginManager:220 - loadIPPluginJar : add usart
2023-09-13 15:33:07,507 [INFO] IPUIPlugin:80 - create IPUIPlugin
2023-09-13 15:33:07,507 [INFO] PluginManager:220 - loadIPPluginJar : add usbx
2023-09-13 15:33:07,694 [INFO] CADModel:165 - CPN selected for project level
2023-09-13 15:33:07,695 [INFO] CADModel:114 - Register for checkConnection events
2023-09-13 15:33:07,695 [FATAL] Updater:308 - Updater called before beeing initialized
2023-09-13 15:33:07,695 [ERROR] CADModel:125 - Updater not yet initialized, retry later 
2023-09-13 15:33:07,958 [INFO] CADModel:165 - CPN selected for project level
2023-09-13 15:33:07,958 [INFO] CADModel:114 - Register for checkConnection events
2023-09-13 15:33:07,958 [FATAL] Updater:308 - Updater called before beeing initialized
2023-09-13 15:33:07,959 [ERROR] CADModel:125 - Updater not yet initialized, retry later 
2023-09-13 15:33:07,966 [FATAL] Updater:308 - Updater called before beeing initialized
2023-09-13 15:33:08,142 [FATAL] Updater:308 - Updater called before beeing initialized
2023-09-13 15:33:08,157 [INFO] DbMcusAds:53 - JSON generation date=Tue Mar 07 15:50:55 ICT 2023 (1678179055114)
2023-09-13 15:33:08,157 [FATAL] Updater:308 - Updater called before beeing initialized
2023-09-13 15:33:08,216 [WARN] DetailPanel:346 - Failed to get advertising image, set to default
2023-09-13 15:33:08,367 [FATAL] Updater:308 - Updater called before beeing initialized
2023-09-13 15:33:08,370 [FATAL] Updater:308 - Updater called before beeing initialized
2023-09-13 15:33:08,371 [FATAL] Updater:308 - Updater called before beeing initialized
2023-09-13 15:33:08,371 [WARN] DetailPanel:346 - Failed to get advertising image, set to default
2023-09-13 15:33:08,373 [FATAL] Updater:308 - Updater called before beeing initialized
2023-09-13 15:33:08,497 [ERROR] Updater:1120 - MainUpdater not yet initialized. External WinMGr cannot be set.
2023-09-13 15:33:08,515 [INFO] Updater:1056 - Updater Version found : 6.9.0
2023-09-13 15:33:08,546 [INFO] ApplicationProperties:184 - Using Application install path: C:\ST\STM32CubeIDE_1.13.0\STM32CubeIDE\plugins\com.st.stm32cube.common.mx_6.9.0.202307051724
2023-09-13 15:33:09,142 [INFO] MainUpdater:2868 - connection check result : 10
2023-09-13 15:33:09,144 [INFO] MainUpdater:285 - Updater Check For Update Now.
2023-09-13 15:33:09,145 [INFO] MicroXplorer:498 - Change Database Version : DB.6.0.90
2023-09-13 15:33:09,165 [INFO] McuFinderGlobals:63 - Set McuFinder mode to 2 (CubeIDE integrated)
2023-09-13 15:33:09,166 [INFO] UserAuth:179 - activating auth plugin
2023-09-13 15:33:09,166 [WARN] MainUpdater:1189 - Updater busy. Cannot search thirdparties
2023-09-13 15:33:09,167 [INFO] ThirdPartyUpdaterWithRetryManager:96 - Updater plugin is busy. [1/15]
2023-09-13 15:33:09,171 [INFO] UserAuth:393 - Internet connection configuration mode: 1
2023-09-13 15:33:09,215 [INFO] JxBrowserEngine:151 - Initiate JxBrowser Engine with user profile folder
2023-09-13 15:33:09,417 [INFO] CheckServerUpdateThread:120 - End of CheckServer Thread
2023-09-13 15:33:12,860 [WARN] PackLoader:240 - Cannot read IP mode file for STMicroelectronics.X-CUBE-SMBUS.2.1.0
2023-09-13 15:33:13,219 [WARN] PackLoader:240 - Cannot read IP mode file for STMicroelectronics.X-CUBE-AZRTOS-F7.1.1.0
2023-09-13 15:33:13,274 [WARN] PackLoader:240 - Cannot read IP mode file for STMicroelectronics.FP-SNS-MOTENV1.4.3.2
2023-09-13 15:33:13,318 [ERROR] RealEvaluatedCondition:428 - Found unsupported composite condition: CLASS='Data Exchange' GROUP='STM32_MetaDataManager'
2023-09-13 15:33:13,318 [ERROR] RealEvaluatedCondition:428 - Found unsupported composite condition: GROUP='STM32_MetaDataManager' CLASS='Data Exchange'
2023-09-13 15:33:13,322 [WARN] PackLoader:240 - Cannot read IP mode file for STMicroelectronics.FP-SNS-MOTENV1.4.3.1
2023-09-13 15:33:13,358 [WARN] PackLoader:240 - Cannot read IP mode file for STMicroelectronics.FP-SNS-FLIGHT1.5.0.1
2023-09-13 15:33:13,400 [WARN] PackLoader:240 - Cannot read IP mode file for STMicroelectronics.X-CUBE-BLE1.6.2.4
2023-09-13 15:33:13,430 [WARN] PackLoader:240 - Cannot read IP mode file for STMicroelectronics.FP-SNS-FLIGHT1.5.0.2
2023-09-13 15:33:13,477 [WARN] PackLoader:240 - Cannot read IP mode file for STMicroelectronics.X-CUBE-DISPLAY.3.0.0
2023-09-13 15:33:13,522 [WARN] PackLoader:240 - Cannot read IP mode file for STMicroelectronics.X-CUBE-BLE1.7.0.0
2023-09-13 15:33:13,554 [WARN] PackLoader:240 - Cannot read IP mode file for STMicroelectronics.X-CUBE-TOUCHGFX.4.22.0
2023-09-13 15:33:13,586 [WARN] PackLoader:240 - Cannot read IP mode file for STMicroelectronics.FP-SNS-SMARTAG2.1.2.0
2023-09-13 15:33:13,610 [INFO] WebApp:157 - Instantiating new browser for Auth
2023-09-13 15:33:13,683 [INFO] LogOutputStream:77 - [STDOUT_REDIRECT] 1 : Invalid condition id : UX_CORESTACK_Condition cause : null
2023-09-13 15:33:13,684 [INFO] LogOutputStream:77 - [STDOUT_REDIRECT] 1 : Invalid condition id : UX_CORESTACK_Condition cause : null
2023-09-13 15:33:13,687 [INFO] LogOutputStream:77 - [STDOUT_REDIRECT] 1 : Invalid condition id : UX_CORESTACK_Condition cause : null
2023-09-13 15:33:13,690 [INFO] LogOutputStream:77 - [STDOUT_REDIRECT] 1 : Invalid condition id : UX_CORESTACK_Condition cause : null
2023-09-13 15:33:13,693 [INFO] LogOutputStream:77 - [STDOUT_REDIRECT] 1 : Invalid condition id : UX_CORESTACK_Condition cause : null
2023-09-13 15:33:13,727 [WARN] PackLoader:240 - Cannot read IP mode file for STMicroelectronics.X-CUBE-AZRTOS-WL.2.0.0
2023-09-13 15:33:13,860 [WARN] PackLoader:240 - Cannot read IP mode file for WES.I-CUBE-Cesium.1.3.0
2023-09-13 15:33:13,909 [WARN] PackLoader:240 - Cannot read IP mode file for STMicroelectronics.X-CUBE-BLE2.3.3.0
2023-09-13 15:33:13,984 [WARN] PackLoader:240 - Cannot read IP mode file for STMicroelectronics.X-CUBE-DISPLAY.2.2.0
2023-09-13 15:33:14,111 [WARN] PackLoader:240 - Cannot read IP mode file for STMicroelectronics.X-CUBE-TOF1.3.2.0
2023-09-13 15:33:14,193 [WARN] PackLoader:240 - Cannot read IP mode file for STMicroelectronics.X-CUBE-TOUCHGFX.4.21.0
2023-09-13 15:33:14,276 [WARN] PackLoader:240 - Cannot read IP mode file for STMicroelectronics.X-CUBE-TOUCHGFX.4.21.4
2023-09-13 15:33:14,520 [WARN] PackLoader:240 - Cannot read IP mode file for STMicroelectronics.X-CUBE-MEMS1.9.4.0
2023-09-13 15:33:14,955 [WARN] PackLoader:240 - Cannot read IP mode file for STMicroelectronics.X-CUBE-AI.7.3.0
2023-09-13 15:33:14,989 [WARN] PackLoader:240 - Cannot read IP mode file for STMicroelectronics.X-CUBE-ALGOBUILD.1.3.0
2023-09-13 15:33:15,056 [WARN] PackLoader:240 - Cannot read IP mode file for STMicroelectronics.X-CUBE-AZRTOS-G0.1.1.0
2023-09-13 15:33:15,103 [WARN] PackLoader:240 - Cannot read IP mode file for STMicroelectronics.X-CUBE-NFC4.3.0.0
2023-09-13 15:33:15,136 [WARN] PackLoader:240 - Cannot read IP mode file for STMicroelectronics.X-CUBE-BLEMGR.1.3.0
2023-09-13 15:33:15,167 [WARN] PackLoader:240 - Cannot read IP mode file for STMicroelectronics.FP-ATR-SIGFOX1.3.2.0
2023-09-13 15:33:15,317 [WARN] PackLoader:240 - Cannot read IP mode file for SEGGER.I-CUBE-embOS.1.3.1
2023-09-13 15:33:15,723 [WARN] PackLoader:240 - Cannot read IP mode file for SEGGER.I-CUBE-embOS.1.3.0
2023-09-13 15:33:15,904 [WARN] PackLoader:240 - Cannot read IP mode file for STMicroelectronics.X-CUBE-GNSS1.6.0.0
2023-09-13 15:33:16,122 [WARN] PackLoader:240 - Cannot read IP mode file for STMicroelectronics.X-CUBE-AZRTOS-F4.1.1.0
2023-09-13 15:33:16,158 [INFO] WebApp:753 - Register for checkConnection events
2023-09-13 15:33:16,159 [INFO] WebApp:390 - Apply proxy settings
2023-09-13 15:33:16,163 [INFO] WebApp:475 - Chromium requires no authentication
2023-09-13 15:33:16,191 [INFO] WebApp:418 - Direct internet connection detected
2023-09-13 15:33:16,208 [WARN] PackLoader:240 - Cannot read IP mode file for STMicroelectronics.X-CUBE-AZRTOS-L5.2.0.0
2023-09-13 15:33:16,373 [WARN] PackLoader:240 - Cannot read IP mode file for STMicroelectronics.X-CUBE-MEMS1.9.6.0
2023-09-13 15:33:17,039 [WARN] PackLoader:240 - Cannot read IP mode file for emotas.I-CUBE-CANOPEN.1.1.3
2023-09-13 15:33:17,074 [WARN] PackLoader:240 - Cannot read IP mode file for STMicroelectronics.X-CUBE-BLEMGR.2.0.0
2023-09-13 15:33:17,103 [WARN] PackLoader:240 - Cannot read IP mode file for STMicroelectronics.X-CUBE-NFC4.2.0.5
2023-09-13 15:33:17,166 [WARN] ConditionMgr:438 - getConditionDescription Invalid condition id : UX DEVICE CLASS RTOS Condition cause : null
2023-09-13 15:33:17,166 [WARN] ConditionMgr:438 - getConditionDescription Invalid condition id : UX DEVICE CLASS RTOS Condition cause : null
2023-09-13 15:33:17,173 [WARN] PackLoader:240 - Cannot read IP mode file for STMicroelectronics.X-CUBE-AZRTOS-H7.3.1.0
2023-09-13 15:33:17,175 [WARN] ConditionMgr:1039 - genDependencies : Invalid condition id : UX DEVICE CLASS RTOS Condition cause : null
2023-09-13 15:33:17,175 [WARN] ConditionMgr:1039 - genDependencies : Invalid condition id : UX DEVICE CLASS RTOS Condition cause : null
2023-09-13 15:33:17,177 [WARN] ConditionMgr:1039 - genDependencies : Invalid condition id : UX DEVICE CLASS RTOS Condition cause : null
2023-09-13 15:33:17,177 [WARN] ConditionMgr:1039 - genDependencies : Invalid condition id : UX DEVICE CLASS RTOS Condition cause : null
2023-09-13 15:33:17,178 [WARN] ConditionMgr:1039 - genDependencies : Invalid condition id : UX DEVICE CLASS RTOS Condition cause : null
2023-09-13 15:33:17,192 [INFO] WebApp:188 - Starting web application
2023-09-13 15:33:17,192 [INFO] WebApp:520 - Web application path used C:\ST\STM32CubeIDE_1.13.0\STM32CubeIDE\plugins\com.st.stm32cube.common.mx_6.9.0.202307051724\db\plugins\mcufinder\reactClient1\index.html
2023-09-13 15:33:17,205 [WARN] PackLoader:240 - Cannot read IP mode file for wolfSSL.I-CUBE-wolfSSL.5.5.4
2023-09-13 15:33:17,238 [WARN] PackLoader:240 - Cannot read IP mode file for STMicroelectronics.X-CUBE-NFC7.1.0.1
2023-09-13 15:33:17,275 [WARN] PackLoader:240 - Cannot read IP mode file for STMicroelectronics.X-CUBE-NFC7.1.0.0
2023-09-13 15:33:17,326 [WARN] PackLoader:240 - Cannot read IP mode file for STMicroelectronics.X-CUBE-NFC6.3.0.0
2023-09-13 15:33:17,362 [WARN] PackLoader:240 - Cannot read IP mode file for STMicroelectronics.X-CUBE-EEPRMA1.4.1.0
2023-09-13 15:33:17,435 [WARN] PackLoader:240 - Cannot read IP mode file for STMicroelectronics.X-CUBE-AI.8.1.0
2023-09-13 15:33:17,513 [WARN] ConditionMgr:438 - getConditionDescription Invalid condition id : LAN8742 Phy interface Condition cause : null
2023-09-13 15:33:17,514 [WARN] PackLoader:240 - Cannot read IP mode file for STMicroelectronics.X-CUBE-AZRTOS-L4.2.0.0
2023-09-13 15:33:17,517 [WARN] ConditionMgr:1039 - genDependencies : Invalid condition id : LAN8742 Phy interface Condition cause : null
2023-09-13 15:33:17,518 [WARN] ConditionMgr:1039 - genDependencies : Invalid condition id : LAN8742 Phy interface Condition cause : null
2023-09-13 15:33:17,519 [WARN] ConditionMgr:1039 - genDependencies : Invalid condition id : LAN8742 Phy interface Condition cause : null
2023-09-13 15:33:17,562 [WARN] PackLoader:240 - Cannot read IP mode file for STMicroelectronics.X-CUBE-SFXS2LP1.4.0.0
2023-09-13 15:33:17,642 [WARN] PackLoader:240 - Cannot read IP mode file for STMicroelectronics.X-CUBE-AZRTOS-H7.3.0.0
2023-09-13 15:33:17,702 [WARN] PackLoader:240 - Cannot read IP mode file for STMicroelectronics.X-CUBE-ISPU.1.1.0
2023-09-13 15:33:17,737 [WARN] PackLoader:240 - Cannot read IP mode file for RoweBots.I-CUBE-UNISONRTOS.5.5.0-4
2023-09-13 15:33:17,792 [WARN] ConditionMgr:438 - getConditionDescription Invalid condition id : UX DEVICE CLASS RTOS Condition cause : null
2023-09-13 15:33:17,793 [WARN] ConditionMgr:438 - getConditionDescription Invalid condition id : UX DEVICE CLASS RTOS Condition cause : null
2023-09-13 15:33:17,797 [WARN] PackLoader:240 - Cannot read IP mode file for STMicroelectronics.X-CUBE-AZRTOS-WB.2.0.0
2023-09-13 15:33:17,798 [WARN] ConditionMgr:1039 - genDependencies : Invalid condition id : UX DEVICE CLASS RTOS Condition cause : null
2023-09-13 15:33:17,799 [WARN] ConditionMgr:1039 - genDependencies : Invalid condition id : UX DEVICE CLASS RTOS Condition cause : null
2023-09-13 15:33:17,800 [WARN] ConditionMgr:1039 - genDependencies : Invalid condition id : UX DEVICE CLASS RTOS Condition cause : null
2023-09-13 15:33:17,800 [WARN] ConditionMgr:1039 - genDependencies : Invalid condition id : UX DEVICE CLASS RTOS Condition cause : null
2023-09-13 15:33:17,801 [WARN] ConditionMgr:1039 - genDependencies : Invalid condition id : UX DEVICE CLASS RTOS Condition cause : null
2023-09-13 15:33:17,830 [WARN] PackLoader:240 - Cannot read IP mode file for STMicroelectronics.X-CUBE-FREERTOS.1.0.1
2023-09-13 15:33:17,959 [WARN] PackLoader:240 - Cannot read IP mode file for STMicroelectronics.X-CUBE-AZRTOS-L5.1.1.0
2023-09-13 15:33:18,196 [WARN] PackLoader:240 - Cannot read IP mode file for STMicroelectronics.X-CUBE-AI.8.0.1
2023-09-13 15:33:18,295 [WARN] PackLoader:240 - Cannot read IP mode file for STMicroelectronics.X-CUBE-SUBG2.5.0.0
2023-09-13 15:33:18,428 [WARN] PackLoader:240 - Cannot read IP mode file for STMicroelectronics.X-CUBE-TOF1.3.3.1
2023-09-13 15:33:18,517 [WARN] PackLoader:240 - Cannot read IP mode file for STMicroelectronics.X-CUBE-AZRTOS-G4.2.0.0
2023-09-13 15:33:18,639 [WARN] PackLoader:240 - Cannot read IP mode file for STMicroelectronics.X-CUBE-TOF1.3.3.0
2023-09-13 15:33:18,748 [WARN] PackLoader:240 - Cannot read IP mode file for STMicroelectronics.FP-ATR-ASTRA1.1.1.1
2023-09-13 15:33:19,002 [WARN] PackLoader:240 - Cannot read IP mode file for STMicroelectronics.X-CUBE-AZRTOS-G4.1.0.0
2023-09-13 15:33:19,100 [WARN] PackLoader:240 - Cannot read IP mode file for STMicroelectronics.X-CUBE-AZRTOS-L4.1.0.0
2023-09-13 15:33:19,156 [WARN] PackLoader:240 - Cannot read IP mode file for STMicroelectronics.X-CUBE-FREERTOS.1.1.0
2023-09-13 15:33:19,206 [WARN] PackLoader:240 - Cannot read IP mode file for STMicroelectronics.X-CUBE-AZRTOS-WL.1.0.0
2023-09-13 15:33:19,266 [WARN] PackLoader:240 - Cannot read IP mode file for portGmbH.I-Cube-SoM-uGOAL.1.1.0
2023-09-13 15:33:19,292 [WARN] PackLoader:240 - Cannot read IP mode file for STMicroelectronics.X-CUBE-ALS.1.0.1
2023-09-13 15:33:19,356 [WARN] PackLoader:240 - Cannot read IP mode file for STMicroelectronics.X-CUBE-AZRTOS-WB.1.1.0
2023-09-13 15:33:19,383 [WARN] PackLoader:240 - Cannot read IP mode file for STMicroelectronics.FP-ATR-ASTRA1.2.0.0
2023-09-13 15:33:19,384 [INFO] ThirdParty:978 - Integrity check success = true
2023-09-13 15:33:19,385 [INFO] IntegrityCheckThread:100 - exiting critical section [integrity check]
2023-09-13 15:33:19,385 [INFO] IntegrityCheckThread:103 - End integrity checks thread
2023-09-13 15:33:39,516 [ERROR] LogOutputStream:75 - [STDERR_REDIRECT] SLF4J: Failed to load class "org.slf4j.impl.StaticLoggerBinder".
2023-09-13 15:33:39,516 [ERROR] LogOutputStream:75 - [STDERR_REDIRECT] SLF4J: Defaulting to no-operation (NOP) logger implementation
2023-09-13 15:33:39,520 [ERROR] LogOutputStream:75 - [STDERR_REDIRECT] SLF4J: See http://www.slf4j.org/codes.html#StaticLoggerBinder for further details.
2023-09-13 19:33:46,346 [ERROR] LogOutputStream:75 - [STDERR_REDIRECT] 
