2023-10-22 01:22:26,740 [INFO] Activator:176 - 


2023-10-22 01:22:26,747 [INFO] Activator:177 - !SESSION log4j initialized
2023-10-22 01:22:35,210 [INFO] LogOutputStream:77 - [STDOUT_REDIRECT] 
2023-10-22 01:22:56,711 [INFO] ApplicationProperties:184 - Using Application install path: C:\ST\STM32CubeIDE_1.13.0\STM32CubeIDE\plugins\com.st.stm32cube.common.mx_6.9.0.202307051724
2023-10-22 01:22:56,740 [INFO] DbMcusXml:78 - Set database path to: C:\ST\STM32CubeIDE_1.13.0\STM32CubeIDE\plugins\com.st.stm32cube.common.mx_6.9.0.202307051724\\db\/mcu/
2023-10-22 01:22:56,740 [INFO] ApiDb:274 - Set plugin database path to: C:\ST\STM32CubeIDE_1.13.0\STM32CubeIDE\plugins\com.st.stm32cube.common.mx_6.9.0.202307051724\\db\/plugins/boardmanager/
2023-10-22 01:22:56,741 [WARN] ApiDb:259 - Overriding images path with different value:  => C:\ST\STM32CubeIDE_1.13.0\STM32CubeIDE\plugins\com.st.stm32cube.common.mx_6.9.0.202307051724\\db\/plugins/mcufinder/images/
2023-10-22 01:22:56,767 [INFO] ApiDb:250 - Set database path to: C:\Users\ACER\.stmcufinder\plugins\mcufinder//mcu/
2023-10-22 01:22:56,769 [INFO] DbMcusAds:125 - Set database path to: C:\Users\ACER\.stmcufinder\plugins\mcufinder//mcu/
2023-10-22 01:22:56,808 [INFO] CrossReferenceDbSqlite:203 - Set database path to: C:\Users\ACER\.stmcufinder\plugins\mcufinder//mcu/cs/
2023-10-22 01:22:56,948 [INFO] RulesReader:64 - Compatibility file has been processed (293 Rules)
2023-10-22 01:22:57,081 [INFO] DbMcusXml:78 - Set database path to: C:\ST\STM32CubeIDE_1.13.0\STM32CubeIDE\plugins\com.st.stm32cube.common.mx_6.9.0.202307051724\\db\/mcu/
2023-10-22 01:22:57,081 [INFO] ApiDb:274 - Set plugin database path to: C:\ST\STM32CubeIDE_1.13.0\STM32CubeIDE\plugins\com.st.stm32cube.common.mx_6.9.0.202307051724\\db\/plugins/boardmanager/
2023-10-22 01:22:57,081 [INFO] ApiDb:261 - Set plugin images path to: C:\ST\STM32CubeIDE_1.13.0\STM32CubeIDE\plugins\com.st.stm32cube.common.mx_6.9.0.202307051724\\db\/plugins/mcufinder/images/
2023-10-22 01:22:57,082 [WARN] DbFile:41 - Overriding database path with different value: C:\Users\ACER\.stmcufinder\plugins\mcufinder/ => C:\Users\ACER\.stmcufinder\plugins\mcufinder
2023-10-22 01:22:57,082 [INFO] ApiDb:250 - Set database path to: C:\Users\ACER\.stmcufinder\plugins\mcufinder//mcu/
2023-10-22 01:22:57,082 [WARN] DbFile:41 - Overriding database path with different value: C:\Users\ACER\.stmcufinder\plugins\mcufinder/ => C:\Users\ACER\.stmcufinder\plugins\mcufinder
2023-10-22 01:22:57,082 [INFO] DbMcusAds:125 - Set database path to: C:\Users\ACER\.stmcufinder\plugins\mcufinder//mcu/
2023-10-22 01:22:57,082 [WARN] DbFile:41 - Overriding database path with different value: C:\Users\ACER\.stmcufinder\plugins\mcufinder/ => C:\Users\ACER\.stmcufinder\plugins\mcufinder
2023-10-22 01:22:57,082 [WARN] DbFile:41 - Overriding database path with different value: C:\Users\ACER\.stmcufinder\plugins\mcufinder/ => C:\Users\ACER\.stmcufinder\plugins\mcufinder
2023-10-22 01:22:57,082 [INFO] CrossReferenceDbSqlite:203 - Set database path to: C:\Users\ACER\.stmcufinder\plugins\mcufinder//mcu/cs/
2023-10-22 01:22:57,188 [INFO] MainPanel:262 - HeapMemory: 268435456
2023-10-22 01:22:57,357 [INFO] DbMcusXml:78 - Set database path to: C:\ST\STM32CubeIDE_1.13.0\STM32CubeIDE\plugins\com.st.stm32cube.common.mx_6.9.0.202307051724\\db\/mcu/
2023-10-22 01:22:57,358 [INFO] ApiDb:274 - Set plugin database path to: C:\ST\STM32CubeIDE_1.13.0\STM32CubeIDE\plugins\com.st.stm32cube.common.mx_6.9.0.202307051724\\db\/plugins/boardmanager/
2023-10-22 01:22:57,358 [INFO] ApiDb:261 - Set plugin images path to: C:\ST\STM32CubeIDE_1.13.0\STM32CubeIDE\plugins\com.st.stm32cube.common.mx_6.9.0.202307051724\\db\/plugins/mcufinder/images/
2023-10-22 01:22:57,359 [WARN] DbFile:41 - Overriding database path with different value: C:\Users\ACER\.stmcufinder\plugins\mcufinder/ => C:\Users\ACER\.stmcufinder\plugins\mcufinder
2023-10-22 01:22:57,359 [INFO] ApiDb:250 - Set database path to: C:\Users\ACER\.stmcufinder\plugins\mcufinder//mcu/
2023-10-22 01:22:57,359 [WARN] DbFile:41 - Overriding database path with different value: C:\Users\ACER\.stmcufinder\plugins\mcufinder/ => C:\Users\ACER\.stmcufinder\plugins\mcufinder
2023-10-22 01:22:57,359 [INFO] DbMcusAds:125 - Set database path to: C:\Users\ACER\.stmcufinder\plugins\mcufinder//mcu/
2023-10-22 01:22:57,360 [WARN] DbFile:41 - Overriding database path with different value: C:\Users\ACER\.stmcufinder\plugins\mcufinder/ => C:\Users\ACER\.stmcufinder\plugins\mcufinder
2023-10-22 01:22:57,360 [WARN] DbFile:41 - Overriding database path with different value: C:\Users\ACER\.stmcufinder\plugins\mcufinder/ => C:\Users\ACER\.stmcufinder\plugins\mcufinder
2023-10-22 01:22:57,360 [INFO] CrossReferenceDbSqlite:203 - Set database path to: C:\Users\ACER\.stmcufinder\plugins\mcufinder//mcu/cs/
2023-10-22 01:22:57,384 [INFO] ApplicationProperties:184 - Using Application install path: C:\ST\STM32CubeIDE_1.13.0\STM32CubeIDE\plugins\com.st.stm32cube.common.mx_6.9.0.202307051724
2023-10-22 01:22:57,387 [INFO] PluginManage:196 - Search for loadable plugins [exclusion list=, ]
2023-10-22 01:22:57,390 [INFO] PluginManage:310 - Check plugin analytics
2023-10-22 01:23:02,596 [INFO] AnalyticsPlugin:253 - Accepted Software Licenses: 
2023-10-22 01:23:02,597 [INFO] AnalyticsPlugin:255 - Accepted CMSIS Pack Licenses: 
2023-10-22 01:23:02,597 [INFO] AnalyticsPlugin:257 - Accepted Firmware Licenses: FW.WB.1.17.0
2023-10-22 01:23:02,600 [INFO] PluginManage:359 - Loaded plugin analytics (category:tool,tabindex:-1)
2023-10-22 01:23:02,600 [INFO] PluginManage:310 - Check plugin cadmodel
2023-10-22 01:23:02,618 [INFO] CADModel:105 - Init CAD model plugin
2023-10-22 01:23:02,618 [INFO] PluginManage:359 - Loaded plugin cadmodel (category:power,tabindex:5)
2023-10-22 01:23:02,618 [INFO] PluginManage:310 - Check plugin clock
2023-10-22 01:23:02,645 [INFO] PluginManage:359 - Loaded plugin clock (category:base,tabindex:2)
2023-10-22 01:23:02,645 [INFO] PluginManage:310 - Check plugin ddr
2023-10-22 01:23:02,649 [INFO] PluginManage:359 - Loaded plugin ddr (category:tool,tabindex:6)
2023-10-22 01:23:02,649 [INFO] PluginManage:310 - Check plugin filemanager
2023-10-22 01:23:02,836 [INFO] PluginManage:359 - Loaded plugin filemanager (category:base,tabindex:10)
2023-10-22 01:23:02,837 [INFO] PluginManage:310 - Check plugin ipmanager
2023-10-22 01:23:02,852 [INFO] PluginManage:359 - Loaded plugin ipmanager (category:base,tabindex:5)
2023-10-22 01:23:02,853 [INFO] PluginManage:310 - Check plugin lpbam
2023-10-22 01:23:02,872 [INFO] PluginManage:359 - Loaded plugin lpbam (category:base,tabindex:0)
2023-10-22 01:23:02,872 [INFO] PluginManage:310 - Check plugin memorymap
2023-10-22 01:23:02,900 [INFO] PluginManage:359 - Loaded plugin memorymap (category:base,tabindex:4)
2023-10-22 01:23:02,900 [INFO] PluginManage:310 - Check plugin pinoutandconfiguration
2023-10-22 01:23:02,918 [INFO] PluginManage:359 - Loaded plugin pinoutandconfiguration (category:base,tabindex:1)
2023-10-22 01:23:02,918 [INFO] PluginManage:310 - Check plugin pinoutconfig
2023-10-22 01:23:03,026 [WARN] SupportedApi:132 - Cannot load RTOS API schema: s4s-elt-must-match.1: The content of 'definitions' must match (annotation?, (simpleType | complexType)?, (unique | key | keyref)*)). A problem was found starting at: attribute.
2023-10-22 01:23:03,214 [INFO] PluginManage:359 - Loaded plugin pinoutconfig (category:base,tabindex:0)
2023-10-22 01:23:03,214 [INFO] PluginManage:310 - Check plugin power
2023-10-22 01:23:03,237 [INFO] PluginManage:359 - Loaded plugin power (category:power,tabindex:4)
2023-10-22 01:23:03,237 [INFO] PluginManage:310 - Check plugin projectmanager
2023-10-22 01:23:03,262 [INFO] PluginManage:359 - Loaded plugin projectmanager (category:projectmanager,tabindex:3)
2023-10-22 01:23:03,262 [INFO] PluginManage:310 - Check plugin thirdparty
2023-10-22 01:23:03,590 [INFO] PluginManage:359 - Loaded plugin thirdparty (category:base,tabindex:-1)
2023-10-22 01:23:03,591 [INFO] PluginManage:310 - Check plugin tools
2023-10-22 01:23:03,590 [WARN] IntegrityCheckThread:84 - waiting for thirdparty lock release [integrity check]
2023-10-22 01:23:03,591 [INFO] IntegrityCheckThread:86 - entering critical section [integrity check]
2023-10-22 01:23:03,591 [INFO] ThirdPartyUpdaterWithRetryManager:70 - Updater plugin not ready yet. [1/15]
2023-10-22 01:23:03,623 [INFO] PluginManage:359 - Loaded plugin tools (category:base,tabindex:7)
2023-10-22 01:23:03,624 [INFO] PluginManage:310 - Check plugin tutovideos
2023-10-22 01:23:03,894 [INFO] PluginManage:359 - Loaded plugin tutovideos (category:base,tabindex:-1)
2023-10-22 01:23:03,894 [INFO] PluginManage:310 - Check plugin updater
2023-10-22 01:23:03,910 [INFO] PluginManage:359 - Loaded plugin updater (category:base,tabindex:12)
2023-10-22 01:23:03,910 [INFO] PluginManage:310 - Check plugin userauth
2023-10-22 01:23:03,918 [INFO] UserAuth:113 - Init User Auth plugin
2023-10-22 01:23:03,918 [INFO] PluginManage:359 - Loaded plugin userauth (category:base,tabindex:14)
2023-10-22 01:23:03,919 [INFO] PluginManage:283 - PluginManage : Loaded plugins [17]
2023-10-22 01:23:04,232 [INFO] PinOutPanel:1499 - setPackage(No Configuration,No Configuration)
2023-10-22 01:23:04,384 [INFO] CADModel:165 - CPN selected for project level
2023-10-22 01:23:04,384 [INFO] CADModel:114 - Register for checkConnection events
2023-10-22 01:23:04,413 [INFO] IPUIPlugin:80 - create IPUIPlugin
2023-10-22 01:23:04,413 [INFO] PluginManager:220 - loadIPPluginJar : add adc
2023-10-22 01:23:04,447 [INFO] IPUIPlugin:80 - create IPUIPlugin
2023-10-22 01:23:04,447 [INFO] PluginManager:220 - loadIPPluginJar : add aes
2023-10-22 01:23:04,511 [INFO] IPUIPlugin:80 - create IPUIPlugin
2023-10-22 01:23:04,511 [INFO] PluginManager:220 - loadIPPluginJar : add can
2023-10-22 01:23:04,558 [INFO] IPUIPlugin:80 - create IPUIPlugin
2023-10-22 01:23:04,559 [INFO] PluginManager:220 - loadIPPluginJar : add comp
2023-10-22 01:23:04,612 [INFO] IPUIPlugin:80 - create IPUIPlugin
2023-10-22 01:23:04,612 [INFO] PluginManager:220 - loadIPPluginJar : add cryp
2023-10-22 01:23:04,674 [INFO] IPUIPlugin:80 - create IPUIPlugin
2023-10-22 01:23:04,674 [INFO] PluginManager:220 - loadIPPluginJar : add dfsdm
2023-10-22 01:23:04,705 [INFO] IPUIPlugin:80 - create IPUIPlugin
2023-10-22 01:23:04,706 [INFO] PluginManager:220 - loadIPPluginJar : add dma
2023-10-22 01:23:04,758 [INFO] IPUIPlugin:80 - create IPUIPlugin
2023-10-22 01:23:04,758 [INFO] PluginManager:220 - loadIPPluginJar : add dma3
2023-10-22 01:23:04,786 [INFO] IPUIPlugin:80 - create IPUIPlugin
2023-10-22 01:23:04,786 [INFO] PluginManager:220 - loadIPPluginJar : add fatfs
2023-10-22 01:23:04,841 [INFO] IPUIPlugin:80 - create IPUIPlugin
2023-10-22 01:23:04,841 [INFO] PluginManager:220 - loadIPPluginJar : add fmc
2023-10-22 01:23:04,870 [INFO] IPUIPlugin:80 - create IPUIPlugin
2023-10-22 01:23:04,870 [INFO] PluginManager:220 - loadIPPluginJar : add freertos
2023-10-22 01:23:04,891 [INFO] IPUIPlugin:80 - create IPUIPlugin
2023-10-22 01:23:04,891 [INFO] PluginManager:220 - loadIPPluginJar : add genericplugin
2023-10-22 01:23:04,978 [INFO] IPUIPlugin:80 - create IPUIPlugin
2023-10-22 01:23:04,979 [INFO] PluginManager:220 - loadIPPluginJar : add gfxmmu
2023-10-22 01:23:05,197 [INFO] IPUIPlugin:80 - create IPUIPlugin
2023-10-22 01:23:05,197 [INFO] PluginManager:220 - loadIPPluginJar : add gic
2023-10-22 01:23:05,233 [INFO] IPUIPlugin:80 - create IPUIPlugin
2023-10-22 01:23:05,233 [INFO] PluginManager:220 - loadIPPluginJar : add gpio
2023-10-22 01:23:05,407 [INFO] IPUIPlugin:80 - create IPUIPlugin
2023-10-22 01:23:05,408 [INFO] PluginManager:220 - loadIPPluginJar : add gtzc
2023-10-22 01:23:05,450 [INFO] IPUIPlugin:80 - create IPUIPlugin
2023-10-22 01:23:05,451 [INFO] PluginManager:220 - loadIPPluginJar : add hash
2023-10-22 01:23:05,503 [INFO] IPUIPlugin:80 - create IPUIPlugin
2023-10-22 01:23:05,503 [INFO] PluginManager:220 - loadIPPluginJar : add i2c
2023-10-22 01:23:05,579 [INFO] IPUIPlugin:80 - create IPUIPlugin
2023-10-22 01:23:05,579 [INFO] PluginManager:220 - loadIPPluginJar : add i2s
2023-10-22 01:23:05,630 [INFO] IPUIPlugin:80 - create IPUIPlugin
2023-10-22 01:23:05,630 [INFO] PluginManager:220 - loadIPPluginJar : add i3c
2023-10-22 01:23:05,784 [INFO] IPUIPlugin:80 - create IPUIPlugin
2023-10-22 01:23:05,784 [INFO] PluginManager:220 - loadIPPluginJar : add ipddr
2023-10-22 01:23:05,886 [INFO] IPUIPlugin:80 - create IPUIPlugin
2023-10-22 01:23:05,886 [INFO] PluginManager:220 - loadIPPluginJar : add linkedlist
2023-10-22 01:23:05,919 [INFO] IPUIPlugin:80 - create IPUIPlugin
2023-10-22 01:23:05,919 [INFO] PluginManager:220 - loadIPPluginJar : add lorawan
2023-10-22 01:23:05,972 [INFO] IPUIPlugin:80 - create IPUIPlugin
2023-10-22 01:23:05,972 [INFO] PluginManager:220 - loadIPPluginJar : add ltdc
2023-10-22 01:23:05,991 [INFO] IPUIPlugin:80 - create IPUIPlugin
2023-10-22 01:23:05,992 [INFO] PluginManager:220 - loadIPPluginJar : add mdma
2023-10-22 01:23:06,006 [INFO] IPUIPlugin:80 - create IPUIPlugin
2023-10-22 01:23:06,007 [INFO] PluginManager:220 - loadIPPluginJar : add nvic
2023-10-22 01:23:06,054 [INFO] IPUIPlugin:80 - create IPUIPlugin
2023-10-22 01:23:06,054 [INFO] PluginManager:220 - loadIPPluginJar : add opamp
2023-10-22 01:23:06,168 [INFO] IPUIPlugin:80 - create IPUIPlugin
2023-10-22 01:23:06,169 [INFO] PluginManager:220 - loadIPPluginJar : add openamp
2023-10-22 01:23:06,223 [INFO] IPUIPlugin:80 - create IPUIPlugin
2023-10-22 01:23:06,224 [INFO] PluginManager:220 - loadIPPluginJar : add pdm2pcm
2023-10-22 01:23:06,243 [INFO] IPUIPlugin:80 - create IPUIPlugin
2023-10-22 01:23:06,247 [INFO] PluginManager:220 - loadIPPluginJar : add plateformsettings
2023-10-22 01:23:06,267 [INFO] IPUIPlugin:80 - create IPUIPlugin
2023-10-22 01:23:06,267 [INFO] PluginManager:220 - loadIPPluginJar : add quadspi
2023-10-22 01:23:06,283 [INFO] IPUIPlugin:80 - create IPUIPlugin
2023-10-22 01:23:06,284 [INFO] PluginManager:220 - loadIPPluginJar : add resmgrutility
2023-10-22 01:23:06,330 [INFO] IPUIPlugin:80 - create IPUIPlugin
2023-10-22 01:23:06,330 [INFO] PluginManager:220 - loadIPPluginJar : add sai
2023-10-22 01:23:06,365 [INFO] IPUIPlugin:80 - create IPUIPlugin
2023-10-22 01:23:06,365 [INFO] PluginManager:220 - loadIPPluginJar : add spi
2023-10-22 01:23:06,438 [INFO] IPUIPlugin:80 - create IPUIPlugin
2023-10-22 01:23:06,439 [INFO] PluginManager:220 - loadIPPluginJar : add stm32_wpan
2023-10-22 01:23:06,492 [INFO] IPUIPlugin:80 - create IPUIPlugin
2023-10-22 01:23:06,492 [INFO] PluginManager:220 - loadIPPluginJar : add tim
2023-10-22 01:23:06,551 [INFO] IPUIPlugin:80 - create IPUIPlugin
2023-10-22 01:23:06,551 [INFO] PluginManager:220 - loadIPPluginJar : add touchsensing
2023-10-22 01:23:06,574 [INFO] IPUIPlugin:80 - create IPUIPlugin
2023-10-22 01:23:06,575 [INFO] PluginManager:220 - loadIPPluginJar : add tracer_emb
2023-10-22 01:23:06,595 [INFO] ThirdPartyUpdaterWithRetryManager:70 - Updater plugin not ready yet. [2/15]
2023-10-22 01:23:06,600 [INFO] IPUIPlugin:80 - create IPUIPlugin
2023-10-22 01:23:06,601 [INFO] PluginManager:220 - loadIPPluginJar : add ts
2023-10-22 01:23:06,624 [INFO] IPUIPlugin:80 - create IPUIPlugin
2023-10-22 01:23:06,625 [INFO] PluginManager:220 - loadIPPluginJar : add tsc
2023-10-22 01:23:06,648 [INFO] IPUIPlugin:80 - create IPUIPlugin
2023-10-22 01:23:06,649 [INFO] PluginManager:220 - loadIPPluginJar : add ucpd
2023-10-22 01:23:06,725 [INFO] IPUIPlugin:80 - create IPUIPlugin
2023-10-22 01:23:06,725 [INFO] PluginManager:220 - loadIPPluginJar : add usart
2023-10-22 01:23:06,818 [INFO] IPUIPlugin:80 - create IPUIPlugin
2023-10-22 01:23:06,818 [INFO] PluginManager:220 - loadIPPluginJar : add usbx
2023-10-22 01:23:06,973 [INFO] CADModel:165 - CPN selected for project level
2023-10-22 01:23:06,973 [INFO] CADModel:114 - Register for checkConnection events
2023-10-22 01:23:06,974 [FATAL] Updater:308 - Updater called before beeing initialized
2023-10-22 01:23:06,974 [ERROR] CADModel:125 - Updater not yet initialized, retry later 
2023-10-22 01:23:07,184 [INFO] CADModel:165 - CPN selected for project level
2023-10-22 01:23:07,184 [INFO] CADModel:114 - Register for checkConnection events
2023-10-22 01:23:07,184 [FATAL] Updater:308 - Updater called before beeing initialized
2023-10-22 01:23:07,184 [ERROR] CADModel:125 - Updater not yet initialized, retry later 
2023-10-22 01:23:07,189 [FATAL] Updater:308 - Updater called before beeing initialized
2023-10-22 01:23:07,331 [FATAL] Updater:308 - Updater called before beeing initialized
2023-10-22 01:23:07,345 [INFO] DbMcusAds:53 - JSON generation date=Tue Mar 07 15:50:55 ICT 2023 (1678179055114)
2023-10-22 01:23:07,346 [FATAL] Updater:308 - Updater called before beeing initialized
2023-10-22 01:23:07,456 [WARN] DetailPanel:346 - Failed to get advertising image, set to default
2023-10-22 01:23:07,576 [FATAL] Updater:308 - Updater called before beeing initialized
2023-10-22 01:23:07,578 [FATAL] Updater:308 - Updater called before beeing initialized
2023-10-22 01:23:07,578 [FATAL] Updater:308 - Updater called before beeing initialized
2023-10-22 01:23:07,578 [WARN] DetailPanel:346 - Failed to get advertising image, set to default
2023-10-22 01:23:07,579 [FATAL] Updater:308 - Updater called before beeing initialized
2023-10-22 01:23:07,643 [ERROR] Updater:1120 - MainUpdater not yet initialized. External WinMGr cannot be set.
2023-10-22 01:23:07,654 [INFO] Updater:1056 - Updater Version found : 6.9.0
2023-10-22 01:23:07,678 [INFO] ApplicationProperties:184 - Using Application install path: C:\ST\STM32CubeIDE_1.13.0\STM32CubeIDE\plugins\com.st.stm32cube.common.mx_6.9.0.202307051724
2023-10-22 01:23:08,041 [INFO] MainUpdater:2868 - connection check result : 10
2023-10-22 01:23:08,043 [INFO] MainUpdater:285 - Updater Check For Update Now.
2023-10-22 01:23:08,043 [INFO] MicroXplorer:498 - Change Database Version : DB.6.0.90
2023-10-22 01:23:08,072 [INFO] McuFinderGlobals:63 - Set McuFinder mode to 2 (CubeIDE integrated)
2023-10-22 01:23:08,072 [INFO] UserAuth:179 - activating auth plugin
2023-10-22 01:23:08,076 [INFO] UserAuth:393 - Internet connection configuration mode: 1
2023-10-22 01:23:08,110 [INFO] JxBrowserEngine:151 - Initiate JxBrowser Engine with user profile folder
2023-10-22 01:23:08,300 [INFO] CheckServerUpdateThread:120 - End of CheckServer Thread
2023-10-22 01:23:09,915 [WARN] PackLoader:240 - Cannot read IP mode file for STMicroelectronics.X-CUBE-SMBUS.2.1.0
2023-10-22 01:23:09,979 [WARN] PackLoader:240 - Cannot read IP mode file for STMicroelectronics.X-CUBE-AZRTOS-F7.1.1.0
2023-10-22 01:23:10,007 [WARN] PackLoader:240 - Cannot read IP mode file for STMicroelectronics.FP-SNS-MOTENV1.4.3.2
2023-10-22 01:23:10,027 [ERROR] RealEvaluatedCondition:428 - Found unsupported composite condition: GROUP='STM32_MetaDataManager' CLASS='Data Exchange'
2023-10-22 01:23:10,027 [ERROR] RealEvaluatedCondition:428 - Found unsupported composite condition: GROUP='STM32_MetaDataManager' CLASS='Data Exchange'
2023-10-22 01:23:10,028 [WARN] PackLoader:240 - Cannot read IP mode file for STMicroelectronics.FP-SNS-MOTENV1.4.3.1
2023-10-22 01:23:10,050 [WARN] PackLoader:240 - Cannot read IP mode file for STMicroelectronics.FP-SNS-FLIGHT1.5.0.1
2023-10-22 01:23:10,072 [WARN] PackLoader:240 - Cannot read IP mode file for STMicroelectronics.X-CUBE-BLE1.6.2.4
2023-10-22 01:23:10,086 [WARN] PackLoader:240 - Cannot read IP mode file for STMicroelectronics.FP-SNS-FLIGHT1.5.0.2
2023-10-22 01:23:10,107 [WARN] PackLoader:240 - Cannot read IP mode file for STMicroelectronics.X-CUBE-DISPLAY.3.0.0
2023-10-22 01:23:10,130 [WARN] PackLoader:240 - Cannot read IP mode file for STMicroelectronics.X-CUBE-BLE1.7.0.0
2023-10-22 01:23:10,148 [WARN] PackLoader:240 - Cannot read IP mode file for STMicroelectronics.X-CUBE-TOUCHGFX.4.22.0
2023-10-22 01:23:10,162 [WARN] PackLoader:240 - Cannot read IP mode file for STMicroelectronics.X-CUBE-TOUCHGFX.4.22.1
2023-10-22 01:23:10,178 [WARN] PackLoader:240 - Cannot read IP mode file for STMicroelectronics.FP-SNS-SMARTAG2.1.2.0
2023-10-22 01:23:10,208 [INFO] LogOutputStream:77 - [STDOUT_REDIRECT] 1 : Invalid condition id : UX_CORESTACK_Condition cause : null
2023-10-22 01:23:10,209 [INFO] LogOutputStream:77 - [STDOUT_REDIRECT] 1 : Invalid condition id : UX_CORESTACK_Condition cause : null
2023-10-22 01:23:10,210 [INFO] LogOutputStream:77 - [STDOUT_REDIRECT] 1 : Invalid condition id : UX_CORESTACK_Condition cause : null
2023-10-22 01:23:10,211 [INFO] LogOutputStream:77 - [STDOUT_REDIRECT] 1 : Invalid condition id : UX_CORESTACK_Condition cause : null
2023-10-22 01:23:10,213 [INFO] LogOutputStream:77 - [STDOUT_REDIRECT] 1 : Invalid condition id : UX_CORESTACK_Condition cause : null
2023-10-22 01:23:10,220 [WARN] PackLoader:240 - Cannot read IP mode file for STMicroelectronics.X-CUBE-AZRTOS-WL.2.0.0
2023-10-22 01:23:10,243 [WARN] PackLoader:240 - Cannot read IP mode file for WES.I-CUBE-Cesium.1.3.0
2023-10-22 01:23:10,261 [WARN] PackLoader:240 - Cannot read IP mode file for STMicroelectronics.X-CUBE-BLE2.3.3.0
2023-10-22 01:23:10,274 [WARN] PackLoader:240 - Cannot read IP mode file for STMicroelectronics.X-CUBE-DISPLAY.2.2.0
2023-10-22 01:23:10,311 [WARN] PackLoader:240 - Cannot read IP mode file for STMicroelectronics.X-CUBE-TOF1.3.2.0
2023-10-22 01:23:10,335 [WARN] PackLoader:240 - Cannot read IP mode file for STMicroelectronics.X-CUBE-TOUCHGFX.4.21.0
2023-10-22 01:23:10,349 [WARN] PackLoader:240 - Cannot read IP mode file for STMicroelectronics.X-CUBE-TOUCHGFX.4.21.4
2023-10-22 01:23:10,419 [WARN] PackLoader:240 - Cannot read IP mode file for STMicroelectronics.X-CUBE-MEMS1.9.4.0
2023-10-22 01:23:10,614 [WARN] PackLoader:240 - Cannot read IP mode file for STMicroelectronics.X-CUBE-AI.7.3.0
2023-10-22 01:23:10,630 [WARN] PackLoader:240 - Cannot read IP mode file for STMicroelectronics.X-CUBE-ALGOBUILD.1.3.0
2023-10-22 01:23:10,842 [WARN] PackLoader:240 - Cannot read IP mode file for STMicroelectronics.X-CUBE-AZRTOS-G0.1.1.0
2023-10-22 01:23:10,863 [WARN] PackLoader:240 - Cannot read IP mode file for STMicroelectronics.X-CUBE-NFC4.3.0.0
2023-10-22 01:23:10,894 [WARN] PackLoader:240 - Cannot read IP mode file for STMicroelectronics.X-CUBE-BLEMGR.1.3.0
2023-10-22 01:23:10,914 [WARN] PackLoader:240 - Cannot read IP mode file for STMicroelectronics.FP-ATR-SIGFOX1.3.2.0
2023-10-22 01:23:10,986 [WARN] PackLoader:240 - Cannot read IP mode file for SEGGER.I-CUBE-embOS.1.3.1
2023-10-22 01:23:11,174 [WARN] PackLoader:240 - Cannot read IP mode file for SEGGER.I-CUBE-embOS.1.3.0
2023-10-22 01:23:11,277 [WARN] PackLoader:240 - Cannot read IP mode file for STMicroelectronics.X-CUBE-GNSS1.6.0.0
2023-10-22 01:23:11,370 [WARN] PackLoader:240 - Cannot read IP mode file for STMicroelectronics.X-CUBE-AZRTOS-F4.1.1.0
2023-10-22 01:23:11,436 [WARN] PackLoader:240 - Cannot read IP mode file for STMicroelectronics.X-CUBE-AZRTOS-L5.2.0.0
2023-10-22 01:23:11,564 [WARN] PackLoader:240 - Cannot read IP mode file for STMicroelectronics.X-CUBE-MEMS1.9.6.0
2023-10-22 01:23:11,603 [INFO] WebApp:157 - Instantiating new browser for Auth
2023-10-22 01:23:11,848 [WARN] PackLoader:240 - Cannot read IP mode file for ITTIA_DB.I-CUBE-ITTIADB.8.8.0
2023-10-22 01:23:11,875 [WARN] PackLoader:240 - Cannot read IP mode file for emotas.I-CUBE-CANOPEN.1.1.3
2023-10-22 01:23:11,896 [WARN] PackLoader:240 - Cannot read IP mode file for STMicroelectronics.X-CUBE-BLEMGR.2.0.0
2023-10-22 01:23:11,922 [WARN] PackLoader:240 - Cannot read IP mode file for STMicroelectronics.X-CUBE-NFC4.2.0.5
2023-10-22 01:23:11,978 [WARN] ConditionMgr:438 - getConditionDescription Invalid condition id : UX DEVICE CLASS RTOS Condition cause : null
2023-10-22 01:23:11,979 [WARN] ConditionMgr:438 - getConditionDescription Invalid condition id : UX DEVICE CLASS RTOS Condition cause : null
2023-10-22 01:23:11,986 [WARN] PackLoader:240 - Cannot read IP mode file for STMicroelectronics.X-CUBE-AZRTOS-H7.3.1.0
2023-10-22 01:23:11,987 [WARN] ConditionMgr:1039 - genDependencies : Invalid condition id : UX DEVICE CLASS RTOS Condition cause : null
2023-10-22 01:23:11,987 [WARN] ConditionMgr:1039 - genDependencies : Invalid condition id : UX DEVICE CLASS RTOS Condition cause : null
2023-10-22 01:23:11,988 [WARN] ConditionMgr:1039 - genDependencies : Invalid condition id : UX DEVICE CLASS RTOS Condition cause : null
2023-10-22 01:23:11,989 [WARN] ConditionMgr:1039 - genDependencies : Invalid condition id : UX DEVICE CLASS RTOS Condition cause : null
2023-10-22 01:23:11,989 [WARN] ConditionMgr:1039 - genDependencies : Invalid condition id : UX DEVICE CLASS RTOS Condition cause : null
2023-10-22 01:23:12,013 [WARN] PackLoader:240 - Cannot read IP mode file for wolfSSL.I-CUBE-wolfSSL.5.5.4
2023-10-22 01:23:12,033 [WARN] PackLoader:240 - Cannot read IP mode file for STMicroelectronics.X-CUBE-NFC7.1.0.1
2023-10-22 01:23:12,047 [WARN] PackLoader:240 - Cannot read IP mode file for STMicroelectronics.X-CUBE-NFC7.1.0.0
2023-10-22 01:23:12,069 [WARN] PackLoader:240 - Cannot read IP mode file for STMicroelectronics.X-CUBE-NFC6.3.0.0
2023-10-22 01:23:12,088 [WARN] PackLoader:240 - Cannot read IP mode file for STMicroelectronics.X-CUBE-EEPRMA1.4.1.0
2023-10-22 01:23:12,105 [WARN] PackLoader:240 - Cannot read IP mode file for STMicroelectronics.X-CUBE-AI.8.1.0
2023-10-22 01:23:12,156 [WARN] ConditionMgr:438 - getConditionDescription Invalid condition id : LAN8742 Phy interface Condition cause : null
2023-10-22 01:23:12,157 [WARN] PackLoader:240 - Cannot read IP mode file for STMicroelectronics.X-CUBE-AZRTOS-L4.2.0.0
2023-10-22 01:23:12,158 [WARN] ConditionMgr:1039 - genDependencies : Invalid condition id : LAN8742 Phy interface Condition cause : null
2023-10-22 01:23:12,159 [WARN] ConditionMgr:1039 - genDependencies : Invalid condition id : LAN8742 Phy interface Condition cause : null
2023-10-22 01:23:12,161 [WARN] ConditionMgr:1039 - genDependencies : Invalid condition id : LAN8742 Phy interface Condition cause : null
2023-10-22 01:23:12,184 [WARN] PackLoader:240 - Cannot read IP mode file for STMicroelectronics.X-CUBE-SFXS2LP1.4.0.0
2023-10-22 01:23:12,231 [WARN] PackLoader:240 - Cannot read IP mode file for STMicroelectronics.X-CUBE-AZRTOS-H7.3.0.0
2023-10-22 01:23:12,257 [WARN] PackLoader:240 - Cannot read IP mode file for STMicroelectronics.X-CUBE-ISPU.1.1.0
2023-10-22 01:23:12,283 [WARN] PackLoader:240 - Cannot read IP mode file for RoweBots.I-CUBE-UNISONRTOS.5.5.0-4
2023-10-22 01:23:12,335 [WARN] ConditionMgr:438 - getConditionDescription Invalid condition id : UX DEVICE CLASS RTOS Condition cause : null
2023-10-22 01:23:12,336 [WARN] ConditionMgr:438 - getConditionDescription Invalid condition id : UX DEVICE CLASS RTOS Condition cause : null
2023-10-22 01:23:12,342 [WARN] PackLoader:240 - Cannot read IP mode file for STMicroelectronics.X-CUBE-AZRTOS-WB.2.0.0
2023-10-22 01:23:12,343 [WARN] ConditionMgr:1039 - genDependencies : Invalid condition id : UX DEVICE CLASS RTOS Condition cause : null
2023-10-22 01:23:12,344 [WARN] ConditionMgr:1039 - genDependencies : Invalid condition id : UX DEVICE CLASS RTOS Condition cause : null
2023-10-22 01:23:12,345 [WARN] ConditionMgr:1039 - genDependencies : Invalid condition id : UX DEVICE CLASS RTOS Condition cause : null
2023-10-22 01:23:12,346 [WARN] ConditionMgr:1039 - genDependencies : Invalid condition id : UX DEVICE CLASS RTOS Condition cause : null
2023-10-22 01:23:12,347 [WARN] ConditionMgr:1039 - genDependencies : Invalid condition id : UX DEVICE CLASS RTOS Condition cause : null
2023-10-22 01:23:12,378 [WARN] PackLoader:240 - Cannot read IP mode file for STMicroelectronics.X-CUBE-FREERTOS.1.0.1
2023-10-22 01:23:12,437 [WARN] PackLoader:240 - Cannot read IP mode file for STMicroelectronics.X-CUBE-AZRTOS-L5.1.1.0
2023-10-22 01:23:12,466 [WARN] PackLoader:240 - Cannot read IP mode file for STMicroelectronics.X-CUBE-AI.8.0.1
2023-10-22 01:23:12,658 [WARN] PackLoader:240 - Cannot read IP mode file for STMicroelectronics.X-CUBE-SUBG2.5.0.0
2023-10-22 01:23:12,719 [WARN] PackLoader:240 - Cannot read IP mode file for STMicroelectronics.X-CUBE-TOF1.3.3.1
2023-10-22 01:23:12,835 [WARN] PackLoader:240 - Cannot read IP mode file for STMicroelectronics.X-CUBE-AZRTOS-G4.2.0.0
2023-10-22 01:23:12,898 [INFO] WebApp:753 - Register for checkConnection events
2023-10-22 01:23:12,898 [INFO] WebApp:390 - Apply proxy settings
2023-10-22 01:23:12,899 [INFO] WebApp:475 - Chromium requires no authentication
2023-10-22 01:23:12,926 [WARN] PackLoader:240 - Cannot read IP mode file for STMicroelectronics.X-CUBE-TOF1.3.3.0
2023-10-22 01:23:12,936 [INFO] WebApp:418 - Direct internet connection detected
2023-10-22 01:23:12,970 [WARN] PackLoader:240 - Cannot read IP mode file for STMicroelectronics.FP-ATR-ASTRA1.1.1.1
2023-10-22 01:23:13,035 [WARN] PackLoader:240 - Cannot read IP mode file for Infineon.AIROC-Wi-Fi-Bluetooth-STM32.1.5.1
2023-10-22 01:23:13,091 [WARN] PackLoader:240 - Cannot read IP mode file for STMicroelectronics.X-CUBE-AZRTOS-G4.1.0.0
2023-10-22 01:23:13,138 [WARN] PackLoader:240 - Cannot read IP mode file for STMicroelectronics.X-CUBE-AZRTOS-L4.1.0.0
2023-10-22 01:23:13,162 [WARN] PackLoader:240 - Cannot read IP mode file for STMicroelectronics.X-CUBE-FREERTOS.1.1.0
2023-10-22 01:23:13,193 [WARN] PackLoader:240 - Cannot read IP mode file for STMicroelectronics.X-CUBE-AZRTOS-WL.1.0.0
2023-10-22 01:23:13,220 [WARN] PackLoader:240 - Cannot read IP mode file for portGmbH.I-Cube-SoM-uGOAL.1.1.0
2023-10-22 01:23:13,237 [WARN] PackLoader:240 - Cannot read IP mode file for STMicroelectronics.X-CUBE-ALS.1.0.1
2023-10-22 01:23:13,277 [WARN] PackLoader:240 - Cannot read IP mode file for STMicroelectronics.X-CUBE-AZRTOS-WB.1.1.0
2023-10-22 01:23:13,293 [WARN] PackLoader:240 - Cannot read IP mode file for STMicroelectronics.FP-ATR-ASTRA1.2.0.0
2023-10-22 01:23:13,294 [INFO] ThirdParty:978 - Integrity check success = true
2023-10-22 01:23:13,294 [INFO] IntegrityCheckThread:100 - exiting critical section [integrity check]
2023-10-22 01:23:13,294 [INFO] IntegrityCheckThread:103 - End integrity checks thread
2023-10-22 01:23:13,382 [INFO] WebApp:188 - Starting web application
2023-10-22 01:23:13,383 [INFO] WebApp:520 - Web application path used C:\ST\STM32CubeIDE_1.13.0\STM32CubeIDE\plugins\com.st.stm32cube.common.mx_6.9.0.202307051724\db\plugins\mcufinder\reactClient1\index.html
2023-10-22 01:23:34,970 [ERROR] LogOutputStream:75 - [STDERR_REDIRECT] SLF4J: Failed to load class "org.slf4j.impl.StaticLoggerBinder".
2023-10-22 01:23:34,971 [ERROR] LogOutputStream:75 - [STDERR_REDIRECT] SLF4J: Defaulting to no-operation (NOP) logger implementation
2023-10-22 01:23:34,975 [ERROR] LogOutputStream:75 - [STDERR_REDIRECT] SLF4J: See http://www.slf4j.org/codes.html#StaticLoggerBinder for further details.
2023-10-22 01:56:02,314 [ERROR] LogOutputStream:75 - [STDERR_REDIRECT] 
