2023-12-23 02:21:11,521 [INFO] Activator:176 - 


2023-12-23 02:21:11,531 [INFO] Activator:177 - !SESSION log4j initialized
2023-12-23 02:21:23,302 [INFO] LogOutputStream:77 - [STDOUT_REDIRECT] 
2023-12-23 02:21:47,348 [INFO] ApplicationProperties:184 - Using Application install path: C:\ST\STM32CubeIDE_1.13.0\STM32CubeIDE\plugins\com.st.stm32cube.common.mx_6.9.0.202307051724
2023-12-23 02:21:47,387 [INFO] DbMcusXml:78 - Set database path to: C:\ST\STM32CubeIDE_1.13.0\STM32CubeIDE\plugins\com.st.stm32cube.common.mx_6.9.0.202307051724\\db\/mcu/
2023-12-23 02:21:47,388 [INFO] ApiDb:274 - Set plugin database path to: C:\ST\STM32CubeIDE_1.13.0\STM32CubeIDE\plugins\com.st.stm32cube.common.mx_6.9.0.202307051724\\db\/plugins/boardmanager/
2023-12-23 02:21:47,389 [WARN] ApiDb:259 - Overriding images path with different value:  => C:\ST\STM32CubeIDE_1.13.0\STM32CubeIDE\plugins\com.st.stm32cube.common.mx_6.9.0.202307051724\\db\/plugins/mcufinder/images/
2023-12-23 02:21:47,414 [INFO] ApiDb:250 - Set database path to: C:\Users\ACER\.stmcufinder\plugins\mcufinder//mcu/
2023-12-23 02:21:47,416 [INFO] DbMcusAds:125 - Set database path to: C:\Users\ACER\.stmcufinder\plugins\mcufinder//mcu/
2023-12-23 02:21:47,714 [INFO] CrossReferenceDbSqlite:203 - Set database path to: C:\Users\ACER\.stmcufinder\plugins\mcufinder//mcu/cs/
2023-12-23 02:21:47,980 [INFO] RulesReader:64 - Compatibility file has been processed (293 Rules)
2023-12-23 02:21:48,191 [INFO] DbMcusXml:78 - Set database path to: C:\ST\STM32CubeIDE_1.13.0\STM32CubeIDE\plugins\com.st.stm32cube.common.mx_6.9.0.202307051724\\db\/mcu/
2023-12-23 02:21:48,192 [INFO] ApiDb:274 - Set plugin database path to: C:\ST\STM32CubeIDE_1.13.0\STM32CubeIDE\plugins\com.st.stm32cube.common.mx_6.9.0.202307051724\\db\/plugins/boardmanager/
2023-12-23 02:21:48,192 [INFO] ApiDb:261 - Set plugin images path to: C:\ST\STM32CubeIDE_1.13.0\STM32CubeIDE\plugins\com.st.stm32cube.common.mx_6.9.0.202307051724\\db\/plugins/mcufinder/images/
2023-12-23 02:21:48,193 [WARN] DbFile:41 - Overriding database path with different value: C:\Users\ACER\.stmcufinder\plugins\mcufinder/ => C:\Users\ACER\.stmcufinder\plugins\mcufinder
2023-12-23 02:21:48,193 [INFO] ApiDb:250 - Set database path to: C:\Users\ACER\.stmcufinder\plugins\mcufinder//mcu/
2023-12-23 02:21:48,193 [WARN] DbFile:41 - Overriding database path with different value: C:\Users\ACER\.stmcufinder\plugins\mcufinder/ => C:\Users\ACER\.stmcufinder\plugins\mcufinder
2023-12-23 02:21:48,194 [INFO] DbMcusAds:125 - Set database path to: C:\Users\ACER\.stmcufinder\plugins\mcufinder//mcu/
2023-12-23 02:21:48,194 [WARN] DbFile:41 - Overriding database path with different value: C:\Users\ACER\.stmcufinder\plugins\mcufinder/ => C:\Users\ACER\.stmcufinder\plugins\mcufinder
2023-12-23 02:21:48,194 [WARN] DbFile:41 - Overriding database path with different value: C:\Users\ACER\.stmcufinder\plugins\mcufinder/ => C:\Users\ACER\.stmcufinder\plugins\mcufinder
2023-12-23 02:21:48,195 [INFO] CrossReferenceDbSqlite:203 - Set database path to: C:\Users\ACER\.stmcufinder\plugins\mcufinder//mcu/cs/
2023-12-23 02:21:48,363 [INFO] MainPanel:262 - HeapMemory: 268435456
2023-12-23 02:21:48,539 [INFO] DbMcusXml:78 - Set database path to: C:\ST\STM32CubeIDE_1.13.0\STM32CubeIDE\plugins\com.st.stm32cube.common.mx_6.9.0.202307051724\\db\/mcu/
2023-12-23 02:21:48,539 [INFO] ApiDb:274 - Set plugin database path to: C:\ST\STM32CubeIDE_1.13.0\STM32CubeIDE\plugins\com.st.stm32cube.common.mx_6.9.0.202307051724\\db\/plugins/boardmanager/
2023-12-23 02:21:48,539 [INFO] ApiDb:261 - Set plugin images path to: C:\ST\STM32CubeIDE_1.13.0\STM32CubeIDE\plugins\com.st.stm32cube.common.mx_6.9.0.202307051724\\db\/plugins/mcufinder/images/
2023-12-23 02:21:48,541 [WARN] DbFile:41 - Overriding database path with different value: C:\Users\ACER\.stmcufinder\plugins\mcufinder/ => C:\Users\ACER\.stmcufinder\plugins\mcufinder
2023-12-23 02:21:48,541 [INFO] ApiDb:250 - Set database path to: C:\Users\ACER\.stmcufinder\plugins\mcufinder//mcu/
2023-12-23 02:21:48,541 [WARN] DbFile:41 - Overriding database path with different value: C:\Users\ACER\.stmcufinder\plugins\mcufinder/ => C:\Users\ACER\.stmcufinder\plugins\mcufinder
2023-12-23 02:21:48,542 [INFO] DbMcusAds:125 - Set database path to: C:\Users\ACER\.stmcufinder\plugins\mcufinder//mcu/
2023-12-23 02:21:48,542 [WARN] DbFile:41 - Overriding database path with different value: C:\Users\ACER\.stmcufinder\plugins\mcufinder/ => C:\Users\ACER\.stmcufinder\plugins\mcufinder
2023-12-23 02:21:48,542 [WARN] DbFile:41 - Overriding database path with different value: C:\Users\ACER\.stmcufinder\plugins\mcufinder/ => C:\Users\ACER\.stmcufinder\plugins\mcufinder
2023-12-23 02:21:48,542 [INFO] CrossReferenceDbSqlite:203 - Set database path to: C:\Users\ACER\.stmcufinder\plugins\mcufinder//mcu/cs/
2023-12-23 02:21:48,575 [INFO] ApplicationProperties:184 - Using Application install path: C:\ST\STM32CubeIDE_1.13.0\STM32CubeIDE\plugins\com.st.stm32cube.common.mx_6.9.0.202307051724
2023-12-23 02:21:48,579 [INFO] PluginManage:196 - Search for loadable plugins [exclusion list=, ]
2023-12-23 02:21:48,583 [INFO] PluginManage:310 - Check plugin analytics
2023-12-23 02:21:48,977 [INFO] AnalyticsPlugin:253 - Accepted Software Licenses: 
2023-12-23 02:21:48,977 [INFO] AnalyticsPlugin:255 - Accepted CMSIS Pack Licenses: 
2023-12-23 02:21:48,978 [INFO] AnalyticsPlugin:257 - Accepted Firmware Licenses: FW.WB.1.17.0
2023-12-23 02:21:48,981 [INFO] PluginManage:359 - Loaded plugin analytics (category:tool,tabindex:-1)
2023-12-23 02:21:48,982 [INFO] PluginManage:310 - Check plugin cadmodel
2023-12-23 02:21:49,006 [INFO] CADModel:105 - Init CAD model plugin
2023-12-23 02:21:49,007 [INFO] PluginManage:359 - Loaded plugin cadmodel (category:power,tabindex:5)
2023-12-23 02:21:49,007 [INFO] PluginManage:310 - Check plugin clock
2023-12-23 02:21:49,037 [INFO] PluginManage:359 - Loaded plugin clock (category:base,tabindex:2)
2023-12-23 02:21:49,037 [INFO] PluginManage:310 - Check plugin ddr
2023-12-23 02:21:49,041 [INFO] PluginManage:359 - Loaded plugin ddr (category:tool,tabindex:6)
2023-12-23 02:21:49,043 [INFO] PluginManage:310 - Check plugin filemanager
2023-12-23 02:21:49,316 [INFO] PluginManage:359 - Loaded plugin filemanager (category:base,tabindex:10)
2023-12-23 02:21:49,316 [INFO] PluginManage:310 - Check plugin ipmanager
2023-12-23 02:21:49,331 [INFO] PluginManage:359 - Loaded plugin ipmanager (category:base,tabindex:5)
2023-12-23 02:21:49,332 [INFO] PluginManage:310 - Check plugin lpbam
2023-12-23 02:21:49,363 [INFO] PluginManage:359 - Loaded plugin lpbam (category:base,tabindex:0)
2023-12-23 02:21:49,363 [INFO] PluginManage:310 - Check plugin memorymap
2023-12-23 02:21:49,402 [INFO] PluginManage:359 - Loaded plugin memorymap (category:base,tabindex:4)
2023-12-23 02:21:49,402 [INFO] PluginManage:310 - Check plugin pinoutandconfiguration
2023-12-23 02:21:49,431 [INFO] PluginManage:359 - Loaded plugin pinoutandconfiguration (category:base,tabindex:1)
2023-12-23 02:21:49,432 [INFO] PluginManage:310 - Check plugin pinoutconfig
2023-12-23 02:21:49,639 [WARN] SupportedApi:132 - Cannot load RTOS API schema: s4s-elt-must-match.1: The content of 'definitions' must match (annotation?, (simpleType | complexType)?, (unique | key | keyref)*)). A problem was found starting at: attribute.
2023-12-23 02:21:49,942 [INFO] PluginManage:359 - Loaded plugin pinoutconfig (category:base,tabindex:0)
2023-12-23 02:21:49,943 [INFO] PluginManage:310 - Check plugin power
2023-12-23 02:21:49,977 [INFO] PluginManage:359 - Loaded plugin power (category:power,tabindex:4)
2023-12-23 02:21:49,977 [INFO] PluginManage:310 - Check plugin projectmanager
2023-12-23 02:21:50,014 [INFO] PluginManage:359 - Loaded plugin projectmanager (category:projectmanager,tabindex:3)
2023-12-23 02:21:50,014 [INFO] PluginManage:310 - Check plugin thirdparty
2023-12-23 02:21:50,516 [INFO] PluginManage:359 - Loaded plugin thirdparty (category:base,tabindex:-1)
2023-12-23 02:21:50,515 [WARN] IntegrityCheckThread:84 - waiting for thirdparty lock release [integrity check]
2023-12-23 02:21:50,517 [INFO] PluginManage:310 - Check plugin tools
2023-12-23 02:21:50,517 [INFO] IntegrityCheckThread:86 - entering critical section [integrity check]
2023-12-23 02:21:50,517 [INFO] ThirdPartyUpdaterWithRetryManager:70 - Updater plugin not ready yet. [1/15]
2023-12-23 02:21:50,567 [INFO] PluginManage:359 - Loaded plugin tools (category:base,tabindex:7)
2023-12-23 02:21:50,567 [INFO] PluginManage:310 - Check plugin tutovideos
2023-12-23 02:21:50,969 [INFO] PluginManage:359 - Loaded plugin tutovideos (category:base,tabindex:-1)
2023-12-23 02:21:50,969 [INFO] PluginManage:310 - Check plugin updater
2023-12-23 02:21:50,991 [INFO] PluginManage:359 - Loaded plugin updater (category:base,tabindex:12)
2023-12-23 02:21:50,991 [INFO] PluginManage:310 - Check plugin userauth
2023-12-23 02:21:51,000 [INFO] UserAuth:113 - Init User Auth plugin
2023-12-23 02:21:51,000 [INFO] PluginManage:359 - Loaded plugin userauth (category:base,tabindex:14)
2023-12-23 02:21:51,001 [INFO] PluginManage:283 - PluginManage : Loaded plugins [17]
2023-12-23 02:21:51,478 [INFO] PinOutPanel:1499 - setPackage(No Configuration,No Configuration)
2023-12-23 02:21:51,693 [INFO] CADModel:165 - CPN selected for project level
2023-12-23 02:21:51,693 [INFO] CADModel:114 - Register for checkConnection events
2023-12-23 02:21:51,751 [INFO] IPUIPlugin:80 - create IPUIPlugin
2023-12-23 02:21:51,751 [INFO] PluginManager:220 - loadIPPluginJar : add adc
2023-12-23 02:21:51,812 [INFO] IPUIPlugin:80 - create IPUIPlugin
2023-12-23 02:21:51,812 [INFO] PluginManager:220 - loadIPPluginJar : add aes
2023-12-23 02:21:51,882 [INFO] IPUIPlugin:80 - create IPUIPlugin
2023-12-23 02:21:51,882 [INFO] PluginManager:220 - loadIPPluginJar : add can
2023-12-23 02:21:51,921 [INFO] IPUIPlugin:80 - create IPUIPlugin
2023-12-23 02:21:51,921 [INFO] PluginManager:220 - loadIPPluginJar : add comp
2023-12-23 02:21:51,993 [INFO] IPUIPlugin:80 - create IPUIPlugin
2023-12-23 02:21:51,994 [INFO] PluginManager:220 - loadIPPluginJar : add cryp
2023-12-23 02:21:52,069 [INFO] IPUIPlugin:80 - create IPUIPlugin
2023-12-23 02:21:52,069 [INFO] PluginManager:220 - loadIPPluginJar : add dfsdm
2023-12-23 02:21:52,099 [INFO] IPUIPlugin:80 - create IPUIPlugin
2023-12-23 02:21:52,101 [INFO] PluginManager:220 - loadIPPluginJar : add dma
2023-12-23 02:21:52,181 [INFO] IPUIPlugin:80 - create IPUIPlugin
2023-12-23 02:21:52,182 [INFO] PluginManager:220 - loadIPPluginJar : add dma3
2023-12-23 02:21:52,234 [INFO] IPUIPlugin:80 - create IPUIPlugin
2023-12-23 02:21:52,234 [INFO] PluginManager:220 - loadIPPluginJar : add fatfs
2023-12-23 02:21:52,323 [INFO] IPUIPlugin:80 - create IPUIPlugin
2023-12-23 02:21:52,323 [INFO] PluginManager:220 - loadIPPluginJar : add fmc
2023-12-23 02:21:52,351 [INFO] IPUIPlugin:80 - create IPUIPlugin
2023-12-23 02:21:52,351 [INFO] PluginManager:220 - loadIPPluginJar : add freertos
2023-12-23 02:21:52,384 [INFO] IPUIPlugin:80 - create IPUIPlugin
2023-12-23 02:21:52,384 [INFO] PluginManager:220 - loadIPPluginJar : add genericplugin
2023-12-23 02:21:52,563 [INFO] IPUIPlugin:80 - create IPUIPlugin
2023-12-23 02:21:52,563 [INFO] PluginManager:220 - loadIPPluginJar : add gfxmmu
2023-12-23 02:21:52,839 [INFO] IPUIPlugin:80 - create IPUIPlugin
2023-12-23 02:21:52,841 [INFO] PluginManager:220 - loadIPPluginJar : add gic
2023-12-23 02:21:52,867 [INFO] IPUIPlugin:80 - create IPUIPlugin
2023-12-23 02:21:52,867 [INFO] PluginManager:220 - loadIPPluginJar : add gpio
2023-12-23 02:21:53,036 [INFO] IPUIPlugin:80 - create IPUIPlugin
2023-12-23 02:21:53,037 [INFO] PluginManager:220 - loadIPPluginJar : add gtzc
2023-12-23 02:21:53,099 [INFO] IPUIPlugin:80 - create IPUIPlugin
2023-12-23 02:21:53,099 [INFO] PluginManager:220 - loadIPPluginJar : add hash
2023-12-23 02:21:53,213 [INFO] IPUIPlugin:80 - create IPUIPlugin
2023-12-23 02:21:53,214 [INFO] PluginManager:220 - loadIPPluginJar : add i2c
2023-12-23 02:21:53,311 [INFO] IPUIPlugin:80 - create IPUIPlugin
2023-12-23 02:21:53,311 [INFO] PluginManager:220 - loadIPPluginJar : add i2s
2023-12-23 02:21:53,372 [INFO] IPUIPlugin:80 - create IPUIPlugin
2023-12-23 02:21:53,373 [INFO] PluginManager:220 - loadIPPluginJar : add i3c
2023-12-23 02:21:53,522 [INFO] ThirdPartyUpdaterWithRetryManager:70 - Updater plugin not ready yet. [2/15]
2023-12-23 02:21:53,588 [INFO] IPUIPlugin:80 - create IPUIPlugin
2023-12-23 02:21:53,589 [INFO] PluginManager:220 - loadIPPluginJar : add ipddr
2023-12-23 02:21:53,706 [INFO] IPUIPlugin:80 - create IPUIPlugin
2023-12-23 02:21:53,706 [INFO] PluginManager:220 - loadIPPluginJar : add linkedlist
2023-12-23 02:21:53,782 [INFO] IPUIPlugin:80 - create IPUIPlugin
2023-12-23 02:21:53,782 [INFO] PluginManager:220 - loadIPPluginJar : add lorawan
2023-12-23 02:21:53,844 [INFO] IPUIPlugin:80 - create IPUIPlugin
2023-12-23 02:21:53,844 [INFO] PluginManager:220 - loadIPPluginJar : add ltdc
2023-12-23 02:21:53,867 [INFO] IPUIPlugin:80 - create IPUIPlugin
2023-12-23 02:21:53,868 [INFO] PluginManager:220 - loadIPPluginJar : add mdma
2023-12-23 02:21:53,883 [INFO] IPUIPlugin:80 - create IPUIPlugin
2023-12-23 02:21:53,884 [INFO] PluginManager:220 - loadIPPluginJar : add nvic
2023-12-23 02:21:53,933 [INFO] IPUIPlugin:80 - create IPUIPlugin
2023-12-23 02:21:53,934 [INFO] PluginManager:220 - loadIPPluginJar : add opamp
2023-12-23 02:21:54,036 [INFO] IPUIPlugin:80 - create IPUIPlugin
2023-12-23 02:21:54,036 [INFO] PluginManager:220 - loadIPPluginJar : add openamp
2023-12-23 02:21:54,121 [INFO] IPUIPlugin:80 - create IPUIPlugin
2023-12-23 02:21:54,121 [INFO] PluginManager:220 - loadIPPluginJar : add pdm2pcm
2023-12-23 02:21:54,145 [INFO] IPUIPlugin:80 - create IPUIPlugin
2023-12-23 02:21:54,149 [INFO] PluginManager:220 - loadIPPluginJar : add plateformsettings
2023-12-23 02:21:54,168 [INFO] IPUIPlugin:80 - create IPUIPlugin
2023-12-23 02:21:54,168 [INFO] PluginManager:220 - loadIPPluginJar : add quadspi
2023-12-23 02:21:54,185 [INFO] IPUIPlugin:80 - create IPUIPlugin
2023-12-23 02:21:54,185 [INFO] PluginManager:220 - loadIPPluginJar : add resmgrutility
2023-12-23 02:21:54,232 [INFO] IPUIPlugin:80 - create IPUIPlugin
2023-12-23 02:21:54,232 [INFO] PluginManager:220 - loadIPPluginJar : add sai
2023-12-23 02:21:54,285 [INFO] IPUIPlugin:80 - create IPUIPlugin
2023-12-23 02:21:54,285 [INFO] PluginManager:220 - loadIPPluginJar : add spi
2023-12-23 02:21:54,371 [INFO] IPUIPlugin:80 - create IPUIPlugin
2023-12-23 02:21:54,371 [INFO] PluginManager:220 - loadIPPluginJar : add stm32_wpan
2023-12-23 02:21:54,418 [INFO] IPUIPlugin:80 - create IPUIPlugin
2023-12-23 02:21:54,418 [INFO] PluginManager:220 - loadIPPluginJar : add tim
2023-12-23 02:21:54,492 [INFO] IPUIPlugin:80 - create IPUIPlugin
2023-12-23 02:21:54,492 [INFO] PluginManager:220 - loadIPPluginJar : add touchsensing
2023-12-23 02:21:54,528 [INFO] IPUIPlugin:80 - create IPUIPlugin
2023-12-23 02:21:54,528 [INFO] PluginManager:220 - loadIPPluginJar : add tracer_emb
2023-12-23 02:21:54,553 [INFO] IPUIPlugin:80 - create IPUIPlugin
2023-12-23 02:21:54,553 [INFO] PluginManager:220 - loadIPPluginJar : add ts
2023-12-23 02:21:54,599 [INFO] IPUIPlugin:80 - create IPUIPlugin
2023-12-23 02:21:54,600 [INFO] PluginManager:220 - loadIPPluginJar : add tsc
2023-12-23 02:21:54,648 [INFO] IPUIPlugin:80 - create IPUIPlugin
2023-12-23 02:21:54,648 [INFO] PluginManager:220 - loadIPPluginJar : add ucpd
2023-12-23 02:21:54,714 [INFO] IPUIPlugin:80 - create IPUIPlugin
2023-12-23 02:21:54,714 [INFO] PluginManager:220 - loadIPPluginJar : add usart
2023-12-23 02:21:54,821 [INFO] IPUIPlugin:80 - create IPUIPlugin
2023-12-23 02:21:54,821 [INFO] PluginManager:220 - loadIPPluginJar : add usbx
2023-12-23 02:21:55,026 [INFO] CADModel:165 - CPN selected for project level
2023-12-23 02:21:55,026 [INFO] CADModel:114 - Register for checkConnection events
2023-12-23 02:21:55,026 [FATAL] Updater:308 - Updater called before beeing initialized
2023-12-23 02:21:55,026 [ERROR] CADModel:125 - Updater not yet initialized, retry later 
2023-12-23 02:21:55,351 [INFO] CADModel:165 - CPN selected for project level
2023-12-23 02:21:55,351 [INFO] CADModel:114 - Register for checkConnection events
2023-12-23 02:21:55,352 [FATAL] Updater:308 - Updater called before beeing initialized
2023-12-23 02:21:55,352 [ERROR] CADModel:125 - Updater not yet initialized, retry later 
2023-12-23 02:21:55,359 [FATAL] Updater:308 - Updater called before beeing initialized
2023-12-23 02:21:55,526 [FATAL] Updater:308 - Updater called before beeing initialized
2023-12-23 02:21:55,547 [INFO] DbMcusAds:53 - JSON generation date=Wed Nov 29 17:52:27 ICT 2023 (1701255147349)
2023-12-23 02:21:55,547 [FATAL] Updater:308 - Updater called before beeing initialized
2023-12-23 02:21:55,678 [WARN] DetailPanel:346 - Failed to get advertising image, set to default
2023-12-23 02:21:55,876 [FATAL] Updater:308 - Updater called before beeing initialized
2023-12-23 02:21:55,881 [FATAL] Updater:308 - Updater called before beeing initialized
2023-12-23 02:21:55,881 [FATAL] Updater:308 - Updater called before beeing initialized
2023-12-23 02:21:55,881 [WARN] DetailPanel:346 - Failed to get advertising image, set to default
2023-12-23 02:21:55,883 [FATAL] Updater:308 - Updater called before beeing initialized
2023-12-23 02:21:55,972 [ERROR] Updater:1120 - MainUpdater not yet initialized. External WinMGr cannot be set.
2023-12-23 02:21:55,983 [INFO] Updater:1056 - Updater Version found : 6.9.0
2023-12-23 02:21:56,005 [INFO] ApplicationProperties:184 - Using Application install path: C:\ST\STM32CubeIDE_1.13.0\STM32CubeIDE\plugins\com.st.stm32cube.common.mx_6.9.0.202307051724
2023-12-23 02:21:56,467 [INFO] MainUpdater:2868 - connection check result : 10
2023-12-23 02:21:56,468 [INFO] MainUpdater:3562 - Updater definition file requires update
2023-12-23 02:21:56,470 [INFO] MainUpdater:285 - Updater Check For Update Now.
2023-12-23 02:21:56,471 [INFO] MicroXplorer:498 - Change Database Version : DB.6.0.90
2023-12-23 02:21:56,501 [INFO] McuFinderGlobals:63 - Set McuFinder mode to 2 (CubeIDE integrated)
2023-12-23 02:21:56,502 [INFO] UserAuth:179 - activating auth plugin
2023-12-23 02:21:56,508 [INFO] UserAuth:393 - Internet connection configuration mode: 1
2023-12-23 02:21:56,536 [WARN] MainUpdater:1189 - Updater busy. Cannot search thirdparties
2023-12-23 02:21:56,537 [INFO] ThirdPartyUpdaterWithRetryManager:96 - Updater plugin is busy. [1/15]
2023-12-23 02:21:56,543 [INFO] JxBrowserEngine:151 - Initiate JxBrowser Engine with user profile folder
2023-12-23 02:21:58,295 [INFO] ServerAccessManage:473 - Download File updaters.zip
2023-12-23 02:21:58,543 [INFO] FileExtend:240 - Unzip File : updaters.zip
2023-12-23 02:21:58,543 [INFO] FileExtend:255 - Standard Zip Deflate
2023-12-23 02:21:59,549 [WARN] MainUpdater:1189 - Updater busy. Cannot search thirdparties
2023-12-23 02:21:59,549 [INFO] ThirdPartyUpdaterWithRetryManager:96 - Updater plugin is busy. [2/15]
2023-12-23 02:22:00,293 [INFO] ServerAccessManage:473 - Download File PacksControlFlags.xml
2023-12-23 02:22:01,434 [INFO] WebApp:157 - Instantiating new browser for Auth
2023-12-23 02:22:01,546 [INFO] ServerAccessManage:473 - Download File cubemx.pidx
2023-12-23 02:22:01,895 [INFO] LoadServerUpdatesThread:373 - End of LoadServerUpdate Thread
2023-12-23 02:22:02,206 [INFO] CheckServerUpdateThread:120 - End of CheckServer Thread
2023-12-23 02:22:02,677 [INFO] WebApp:753 - Register for checkConnection events
2023-12-23 02:22:02,678 [INFO] WebApp:390 - Apply proxy settings
2023-12-23 02:22:02,678 [INFO] WebApp:475 - Chromium requires no authentication
2023-12-23 02:22:02,700 [INFO] WebApp:418 - Direct internet connection detected
2023-12-23 02:22:02,995 [WARN] PackLoader:240 - Cannot read IP mode file for STMicroelectronics.X-CUBE-SMBUS.2.1.0
2023-12-23 02:22:03,023 [WARN] PackLoader:240 - Cannot read IP mode file for STMicroelectronics.X-CUBE-TOUCHGFX.4.23.0
2023-12-23 02:22:03,102 [INFO] WebApp:188 - Starting web application
2023-12-23 02:22:03,102 [INFO] WebApp:520 - Web application path used C:\ST\STM32CubeIDE_1.13.0\STM32CubeIDE\plugins\com.st.stm32cube.common.mx_6.9.0.202307051724\db\plugins\mcufinder\reactClient1\index.html
2023-12-23 02:22:03,110 [WARN] PackLoader:240 - Cannot read IP mode file for STMicroelectronics.X-CUBE-AZRTOS-F7.1.1.0
2023-12-23 02:22:03,150 [WARN] PackLoader:240 - Cannot read IP mode file for STMicroelectronics.FP-SNS-MOTENV1.4.3.2
2023-12-23 02:22:03,182 [ERROR] RealEvaluatedCondition:428 - Found unsupported composite condition: GROUP='STM32_MetaDataManager' CLASS='Data Exchange'
2023-12-23 02:22:03,183 [ERROR] RealEvaluatedCondition:428 - Found unsupported composite condition: GROUP='STM32_MetaDataManager' CLASS='Data Exchange'
2023-12-23 02:22:03,186 [WARN] PackLoader:240 - Cannot read IP mode file for STMicroelectronics.FP-SNS-MOTENV1.4.3.1
2023-12-23 02:22:03,215 [WARN] PackLoader:240 - Cannot read IP mode file for STMicroelectronics.FP-SNS-FLIGHT1.5.0.1
2023-12-23 02:22:03,242 [WARN] PackLoader:240 - Cannot read IP mode file for STMicroelectronics.X-CUBE-BLE1.6.2.4
2023-12-23 02:22:03,265 [WARN] PackLoader:240 - Cannot read IP mode file for STMicroelectronics.FP-SNS-FLIGHT1.5.0.2
2023-12-23 02:22:03,306 [WARN] PackLoader:240 - Cannot read IP mode file for STMicroelectronics.X-CUBE-DISPLAY.3.0.0
2023-12-23 02:22:03,354 [WARN] PackLoader:240 - Cannot read IP mode file for STMicroelectronics.X-CUBE-BLE1.7.0.0
2023-12-23 02:22:03,382 [WARN] PackLoader:240 - Cannot read IP mode file for STMicroelectronics.X-CUBE-TOUCHGFX.4.22.0
2023-12-23 02:22:03,403 [WARN] PackLoader:240 - Cannot read IP mode file for STMicroelectronics.X-CUBE-TOUCHGFX.4.22.1
2023-12-23 02:22:03,421 [WARN] PackLoader:240 - Cannot read IP mode file for STMicroelectronics.FP-SNS-SMARTAG2.1.2.0
2023-12-23 02:22:03,464 [INFO] LogOutputStream:77 - [STDOUT_REDIRECT] 1 : Invalid condition id : UX_CORESTACK_Condition cause : null
2023-12-23 02:22:03,465 [INFO] LogOutputStream:77 - [STDOUT_REDIRECT] 1 : Invalid condition id : UX_CORESTACK_Condition cause : null
2023-12-23 02:22:03,468 [INFO] LogOutputStream:77 - [STDOUT_REDIRECT] 1 : Invalid condition id : UX_CORESTACK_Condition cause : null
2023-12-23 02:22:03,470 [INFO] LogOutputStream:77 - [STDOUT_REDIRECT] 1 : Invalid condition id : UX_CORESTACK_Condition cause : null
2023-12-23 02:22:03,472 [INFO] LogOutputStream:77 - [STDOUT_REDIRECT] 1 : Invalid condition id : UX_CORESTACK_Condition cause : null
2023-12-23 02:22:03,480 [WARN] PackLoader:240 - Cannot read IP mode file for STMicroelectronics.X-CUBE-AZRTOS-WL.2.0.0
2023-12-23 02:22:03,505 [WARN] PackLoader:240 - Cannot read IP mode file for WES.I-CUBE-Cesium.1.3.0
2023-12-23 02:22:03,529 [WARN] PackLoader:240 - Cannot read IP mode file for STMicroelectronics.X-CUBE-BLE2.3.3.0
2023-12-23 02:22:03,557 [WARN] PackLoader:240 - Cannot read IP mode file for STMicroelectronics.X-CUBE-DISPLAY.2.2.0
2023-12-23 02:22:03,616 [WARN] PackLoader:240 - Cannot read IP mode file for STMicroelectronics.X-CUBE-TOF1.3.2.0
2023-12-23 02:22:03,669 [WARN] PackLoader:240 - Cannot read IP mode file for STMicroelectronics.X-CUBE-TOUCHGFX.4.21.0
2023-12-23 02:22:03,685 [WARN] PackLoader:240 - Cannot read IP mode file for STMicroelectronics.X-CUBE-TOUCHGFX.4.21.4
2023-12-23 02:22:03,809 [WARN] PackLoader:240 - Cannot read IP mode file for STMicroelectronics.X-CUBE-MEMS1.9.4.0
2023-12-23 02:22:04,087 [WARN] PackLoader:240 - Cannot read IP mode file for STMicroelectronics.X-CUBE-AI.7.3.0
2023-12-23 02:22:04,108 [WARN] PackLoader:240 - Cannot read IP mode file for STMicroelectronics.X-CUBE-ALGOBUILD.1.3.0
2023-12-23 02:22:04,158 [WARN] PackLoader:240 - Cannot read IP mode file for STMicroelectronics.X-CUBE-AZRTOS-G0.1.1.0
2023-12-23 02:22:04,181 [WARN] PackLoader:240 - Cannot read IP mode file for STMicroelectronics.X-CUBE-NFC4.3.0.0
2023-12-23 02:22:04,213 [WARN] PackLoader:240 - Cannot read IP mode file for STMicroelectronics.X-CUBE-BLEMGR.3.0.0
2023-12-23 02:22:04,238 [WARN] PackLoader:240 - Cannot read IP mode file for STMicroelectronics.X-CUBE-BLEMGR.1.3.0
2023-12-23 02:22:04,270 [WARN] PackLoader:240 - Cannot read IP mode file for STMicroelectronics.FP-ATR-SIGFOX1.3.2.0
2023-12-23 02:22:04,337 [WARN] PackLoader:240 - Cannot read IP mode file for SEGGER.I-CUBE-embOS.1.3.1
2023-12-23 02:22:04,479 [WARN] PackLoader:240 - Cannot read IP mode file for SEGGER.I-CUBE-embOS.1.3.0
2023-12-23 02:22:04,566 [WARN] PackLoader:240 - Cannot read IP mode file for STMicroelectronics.X-CUBE-GNSS1.6.0.0
2023-12-23 02:22:04,613 [WARN] PackLoader:240 - Cannot read IP mode file for STMicroelectronics.X-CUBE-AZRTOS-F4.1.1.0
2023-12-23 02:22:04,674 [WARN] PackLoader:240 - Cannot read IP mode file for STMicroelectronics.X-CUBE-AZRTOS-L5.2.0.0
2023-12-23 02:22:04,761 [WARN] PackLoader:240 - Cannot read IP mode file for STMicroelectronics.X-CUBE-MEMS1.9.6.0
2023-12-23 02:22:05,068 [WARN] PackLoader:240 - Cannot read IP mode file for STMicroelectronics.X-CUBE-EEPRMA1.4.2.0
2023-12-23 02:22:05,082 [WARN] PackLoader:240 - Cannot read IP mode file for ITTIA_DB.I-CUBE-ITTIADB.8.8.0
2023-12-23 02:22:05,101 [WARN] PackLoader:240 - Cannot read IP mode file for emotas.I-CUBE-CANOPEN.1.1.3
2023-12-23 02:22:05,122 [WARN] PackLoader:240 - Cannot read IP mode file for STMicroelectronics.X-CUBE-BLEMGR.2.0.0
2023-12-23 02:22:05,136 [WARN] PackLoader:240 - Cannot read IP mode file for STMicroelectronics.X-CUBE-NFC4.2.0.5
2023-12-23 02:22:05,198 [WARN] ConditionMgr:438 - getConditionDescription Invalid condition id : UX DEVICE CLASS RTOS Condition cause : null
2023-12-23 02:22:05,199 [WARN] ConditionMgr:438 - getConditionDescription Invalid condition id : UX DEVICE CLASS RTOS Condition cause : null
2023-12-23 02:22:05,208 [WARN] PackLoader:240 - Cannot read IP mode file for STMicroelectronics.X-CUBE-AZRTOS-H7.3.1.0
2023-12-23 02:22:05,211 [WARN] ConditionMgr:1039 - genDependencies : Invalid condition id : UX DEVICE CLASS RTOS Condition cause : null
2023-12-23 02:22:05,211 [WARN] ConditionMgr:1039 - genDependencies : Invalid condition id : UX DEVICE CLASS RTOS Condition cause : null
2023-12-23 02:22:05,213 [WARN] ConditionMgr:1039 - genDependencies : Invalid condition id : UX DEVICE CLASS RTOS Condition cause : null
2023-12-23 02:22:05,214 [WARN] ConditionMgr:1039 - genDependencies : Invalid condition id : UX DEVICE CLASS RTOS Condition cause : null
2023-12-23 02:22:05,215 [WARN] ConditionMgr:1039 - genDependencies : Invalid condition id : UX DEVICE CLASS RTOS Condition cause : null
2023-12-23 02:22:05,239 [WARN] PackLoader:240 - Cannot read IP mode file for wolfSSL.I-CUBE-wolfSSL.5.5.4
2023-12-23 02:22:05,264 [WARN] PackLoader:240 - Cannot read IP mode file for STMicroelectronics.X-CUBE-NFC7.1.0.1
2023-12-23 02:22:05,291 [WARN] PackLoader:240 - Cannot read IP mode file for STMicroelectronics.X-CUBE-NFC7.1.0.0
2023-12-23 02:22:05,318 [WARN] PackLoader:240 - Cannot read IP mode file for STMicroelectronics.X-CUBE-NFC6.3.0.0
2023-12-23 02:22:05,351 [WARN] PackLoader:240 - Cannot read IP mode file for STMicroelectronics.X-CUBE-EEPRMA1.4.1.0
2023-12-23 02:22:05,376 [WARN] PackLoader:240 - Cannot read IP mode file for STMicroelectronics.X-CUBE-AI.8.1.0
2023-12-23 02:22:05,423 [WARN] ConditionMgr:438 - getConditionDescription Invalid condition id : LAN8742 Phy interface Condition cause : null
2023-12-23 02:22:05,424 [WARN] PackLoader:240 - Cannot read IP mode file for STMicroelectronics.X-CUBE-AZRTOS-L4.2.0.0
2023-12-23 02:22:05,425 [WARN] ConditionMgr:1039 - genDependencies : Invalid condition id : LAN8742 Phy interface Condition cause : null
2023-12-23 02:22:05,425 [WARN] ConditionMgr:1039 - genDependencies : Invalid condition id : LAN8742 Phy interface Condition cause : null
2023-12-23 02:22:05,426 [WARN] ConditionMgr:1039 - genDependencies : Invalid condition id : LAN8742 Phy interface Condition cause : null
2023-12-23 02:22:05,451 [WARN] PackLoader:240 - Cannot read IP mode file for STMicroelectronics.X-CUBE-SFXS2LP1.4.0.0
2023-12-23 02:22:05,511 [WARN] PackLoader:240 - Cannot read IP mode file for STMicroelectronics.X-CUBE-AZRTOS-H7.3.0.0
2023-12-23 02:22:05,534 [WARN] PackLoader:240 - Cannot read IP mode file for STMicroelectronics.X-CUBE-ISPU.1.1.0
2023-12-23 02:22:05,559 [WARN] PackLoader:240 - Cannot read IP mode file for RoweBots.I-CUBE-UNISONRTOS.5.5.0-4
2023-12-23 02:22:05,598 [WARN] ConditionMgr:438 - getConditionDescription Invalid condition id : UX DEVICE CLASS RTOS Condition cause : null
2023-12-23 02:22:05,599 [WARN] ConditionMgr:438 - getConditionDescription Invalid condition id : UX DEVICE CLASS RTOS Condition cause : null
2023-12-23 02:22:05,603 [WARN] PackLoader:240 - Cannot read IP mode file for STMicroelectronics.X-CUBE-AZRTOS-WB.2.0.0
2023-12-23 02:22:05,604 [WARN] ConditionMgr:1039 - genDependencies : Invalid condition id : UX DEVICE CLASS RTOS Condition cause : null
2023-12-23 02:22:05,604 [WARN] ConditionMgr:1039 - genDependencies : Invalid condition id : UX DEVICE CLASS RTOS Condition cause : null
2023-12-23 02:22:05,605 [WARN] ConditionMgr:1039 - genDependencies : Invalid condition id : UX DEVICE CLASS RTOS Condition cause : null
2023-12-23 02:22:05,606 [WARN] ConditionMgr:1039 - genDependencies : Invalid condition id : UX DEVICE CLASS RTOS Condition cause : null
2023-12-23 02:22:05,606 [WARN] ConditionMgr:1039 - genDependencies : Invalid condition id : UX DEVICE CLASS RTOS Condition cause : null
2023-12-23 02:22:05,624 [WARN] PackLoader:240 - Cannot read IP mode file for STMicroelectronics.X-CUBE-FREERTOS.1.0.1
2023-12-23 02:22:05,671 [WARN] PackLoader:240 - Cannot read IP mode file for STMicroelectronics.X-CUBE-AZRTOS-L5.1.1.0
2023-12-23 02:22:05,700 [WARN] PackLoader:240 - Cannot read IP mode file for STMicroelectronics.X-CUBE-AI.8.0.1
2023-12-23 02:22:05,739 [WARN] PackLoader:240 - Cannot read IP mode file for STMicroelectronics.X-CUBE-SUBG2.5.0.0
2023-12-23 02:22:05,778 [WARN] PackLoader:240 - Cannot read IP mode file for STMicroelectronics.X-CUBE-TOF1.3.3.1
2023-12-23 02:22:05,840 [WARN] PackLoader:240 - Cannot read IP mode file for STMicroelectronics.X-CUBE-AZRTOS-G4.2.0.0
2023-12-23 02:22:05,879 [WARN] PackLoader:240 - Cannot read IP mode file for STMicroelectronics.X-CUBE-TOF1.3.3.0
2023-12-23 02:22:05,914 [WARN] PackLoader:240 - Cannot read IP mode file for STMicroelectronics.FP-ATR-ASTRA1.1.1.1
2023-12-23 02:22:05,960 [WARN] PackLoader:240 - Cannot read IP mode file for Infineon.AIROC-Wi-Fi-Bluetooth-STM32.1.5.1
2023-12-23 02:22:05,993 [WARN] PackLoader:240 - Cannot read IP mode file for STMicroelectronics.FP-SNS-MOTENVWB1.1.3.0
2023-12-23 02:22:06,009 [WARN] PackLoader:240 - Cannot read IP mode file for STMicroelectronics.FP-SNS-MOTENVWB1.1.3.1
2023-12-23 02:22:06,052 [WARN] PackLoader:240 - Cannot read IP mode file for STMicroelectronics.X-CUBE-AZRTOS-G4.1.0.0
2023-12-23 02:22:06,107 [WARN] PackLoader:240 - Cannot read IP mode file for STMicroelectronics.X-CUBE-AZRTOS-L4.1.0.0
2023-12-23 02:22:06,132 [WARN] PackLoader:240 - Cannot read IP mode file for STMicroelectronics.X-CUBE-ISPU.2.0.0
2023-12-23 02:22:06,212 [WARN] PackLoader:240 - Cannot read IP mode file for STMicroelectronics.X-CUBE-MEMS1.10.0.0
2023-12-23 02:22:06,409 [WARN] PackLoader:240 - Cannot read IP mode file for STMicroelectronics.X-CUBE-FREERTOS.1.1.0
2023-12-23 02:22:06,435 [WARN] PackLoader:240 - Cannot read IP mode file for STMicroelectronics.X-CUBE-AZRTOS-WL.1.0.0
2023-12-23 02:22:06,465 [WARN] PackLoader:240 - Cannot read IP mode file for portGmbH.I-Cube-SoM-uGOAL.1.1.0
2023-12-23 02:22:06,484 [WARN] PackLoader:240 - Cannot read IP mode file for STMicroelectronics.X-CUBE-ALS.1.0.1
2023-12-23 02:22:06,519 [WARN] PackLoader:240 - Cannot read IP mode file for STMicroelectronics.X-CUBE-AZRTOS-WB.1.1.0
2023-12-23 02:22:06,539 [WARN] PackLoader:240 - Cannot read IP mode file for STMicroelectronics.FP-ATR-ASTRA1.2.0.0
2023-12-23 02:22:06,567 [WARN] PackLoader:240 - Cannot read IP mode file for STMicroelectronics.X-CUBE-TOF1.3.4.0
2023-12-23 02:22:06,632 [WARN] PackLoader:240 - Cannot read IP mode file for STMicroelectronics.X-CUBE-AZRTOS-H7.3.2.0
2023-12-23 02:22:06,638 [INFO] ThirdParty:978 - Integrity check success = true
2023-12-23 02:22:06,638 [INFO] IntegrityCheckThread:100 - exiting critical section [integrity check]
2023-12-23 02:22:06,638 [INFO] IntegrityCheckThread:103 - End integrity checks thread
2023-12-23 02:22:24,882 [ERROR] LogOutputStream:75 - [STDERR_REDIRECT] SLF4J: Failed to load class "org.slf4j.impl.StaticLoggerBinder".
2023-12-23 02:22:24,883 [ERROR] LogOutputStream:75 - [STDERR_REDIRECT] SLF4J: Defaulting to no-operation (NOP) logger implementation
2023-12-23 02:22:24,886 [ERROR] LogOutputStream:75 - [STDERR_REDIRECT] SLF4J: See http://www.slf4j.org/codes.html#StaticLoggerBinder for further details.
