2023-09-22 14:37:18,209 [INFO] Activator:176 - 


2023-09-22 14:37:18,230 [INFO] Activator:177 - !SESSION log4j initialized
2023-09-22 14:37:40,918 [INFO] LogOutputStream:77 - [STDOUT_REDIRECT] 
2023-09-22 14:38:04,237 [ERROR] ConfigurationRetriever:142 - IOException on connection: Connect timed out
2023-09-22 14:38:14,749 [ERROR] ConfigurationRetriever:142 - IOException on connection: Connect timed out
2023-09-22 14:46:18,078 [INFO] ApplicationProperties:184 - Using Application install path: D:\NAM\ST\STM32CubeIDE_1.13.0\STM32CubeIDE\plugins\com.st.stm32cube.common.mx_6.9.0.202307051724
2023-09-22 14:46:18,105 [INFO] DbMcusXml:78 - Set database path to: D:\NAM\ST\STM32CubeIDE_1.13.0\STM32CubeIDE\plugins\com.st.stm32cube.common.mx_6.9.0.202307051724\\db\/mcu/
2023-09-22 14:46:18,106 [INFO] ApiDb:274 - Set plugin database path to: D:\NAM\ST\STM32CubeIDE_1.13.0\STM32CubeIDE\plugins\com.st.stm32cube.common.mx_6.9.0.202307051724\\db\/plugins/boardmanager/
2023-09-22 14:46:18,106 [WARN] ApiDb:259 - Overriding images path with different value:  => D:\NAM\ST\STM32CubeIDE_1.13.0\STM32CubeIDE\plugins\com.st.stm32cube.common.mx_6.9.0.202307051724\\db\/plugins/mcufinder/images/
2023-09-22 14:46:18,129 [INFO] ApiDb:250 - Set database path to: C:\Users\ACER\.stmcufinder\plugins\mcufinder//mcu/
2023-09-22 14:46:18,130 [INFO] DbMcusAds:125 - Set database path to: C:\Users\ACER\.stmcufinder\plugins\mcufinder//mcu/
2023-09-22 14:46:18,217 [INFO] CrossReferenceDbSqlite:203 - Set database path to: C:\Users\ACER\.stmcufinder\plugins\mcufinder//mcu/cs/
2023-09-22 14:46:18,386 [INFO] RulesReader:64 - Compatibility file has been processed (293 Rules)
2023-09-22 14:46:18,503 [INFO] DbMcusXml:78 - Set database path to: D:\NAM\ST\STM32CubeIDE_1.13.0\STM32CubeIDE\plugins\com.st.stm32cube.common.mx_6.9.0.202307051724\\db\/mcu/
2023-09-22 14:46:18,503 [INFO] ApiDb:274 - Set plugin database path to: D:\NAM\ST\STM32CubeIDE_1.13.0\STM32CubeIDE\plugins\com.st.stm32cube.common.mx_6.9.0.202307051724\\db\/plugins/boardmanager/
2023-09-22 14:46:18,503 [INFO] ApiDb:261 - Set plugin images path to: D:\NAM\ST\STM32CubeIDE_1.13.0\STM32CubeIDE\plugins\com.st.stm32cube.common.mx_6.9.0.202307051724\\db\/plugins/mcufinder/images/
2023-09-22 14:46:18,503 [WARN] DbFile:41 - Overriding database path with different value: C:\Users\ACER\.stmcufinder\plugins\mcufinder/ => C:\Users\ACER\.stmcufinder\plugins\mcufinder
2023-09-22 14:46:18,503 [INFO] ApiDb:250 - Set database path to: C:\Users\ACER\.stmcufinder\plugins\mcufinder//mcu/
2023-09-22 14:46:18,504 [WARN] DbFile:41 - Overriding database path with different value: C:\Users\ACER\.stmcufinder\plugins\mcufinder/ => C:\Users\ACER\.stmcufinder\plugins\mcufinder
2023-09-22 14:46:18,504 [INFO] DbMcusAds:125 - Set database path to: C:\Users\ACER\.stmcufinder\plugins\mcufinder//mcu/
2023-09-22 14:46:18,504 [WARN] DbFile:41 - Overriding database path with different value: C:\Users\ACER\.stmcufinder\plugins\mcufinder/ => C:\Users\ACER\.stmcufinder\plugins\mcufinder
2023-09-22 14:46:18,504 [WARN] DbFile:41 - Overriding database path with different value: C:\Users\ACER\.stmcufinder\plugins\mcufinder/ => C:\Users\ACER\.stmcufinder\plugins\mcufinder
2023-09-22 14:46:18,504 [INFO] CrossReferenceDbSqlite:203 - Set database path to: C:\Users\ACER\.stmcufinder\plugins\mcufinder//mcu/cs/
2023-09-22 14:46:18,616 [INFO] MainPanel:262 - HeapMemory: 429916160
2023-09-22 14:46:18,749 [INFO] DbMcusXml:78 - Set database path to: D:\NAM\ST\STM32CubeIDE_1.13.0\STM32CubeIDE\plugins\com.st.stm32cube.common.mx_6.9.0.202307051724\\db\/mcu/
2023-09-22 14:46:18,749 [INFO] ApiDb:274 - Set plugin database path to: D:\NAM\ST\STM32CubeIDE_1.13.0\STM32CubeIDE\plugins\com.st.stm32cube.common.mx_6.9.0.202307051724\\db\/plugins/boardmanager/
2023-09-22 14:46:18,749 [INFO] ApiDb:261 - Set plugin images path to: D:\NAM\ST\STM32CubeIDE_1.13.0\STM32CubeIDE\plugins\com.st.stm32cube.common.mx_6.9.0.202307051724\\db\/plugins/mcufinder/images/
2023-09-22 14:46:18,749 [WARN] DbFile:41 - Overriding database path with different value: C:\Users\ACER\.stmcufinder\plugins\mcufinder/ => C:\Users\ACER\.stmcufinder\plugins\mcufinder
2023-09-22 14:46:18,750 [INFO] ApiDb:250 - Set database path to: C:\Users\ACER\.stmcufinder\plugins\mcufinder//mcu/
2023-09-22 14:46:18,750 [WARN] DbFile:41 - Overriding database path with different value: C:\Users\ACER\.stmcufinder\plugins\mcufinder/ => C:\Users\ACER\.stmcufinder\plugins\mcufinder
2023-09-22 14:46:18,750 [INFO] DbMcusAds:125 - Set database path to: C:\Users\ACER\.stmcufinder\plugins\mcufinder//mcu/
2023-09-22 14:46:18,750 [WARN] DbFile:41 - Overriding database path with different value: C:\Users\ACER\.stmcufinder\plugins\mcufinder/ => C:\Users\ACER\.stmcufinder\plugins\mcufinder
2023-09-22 14:46:18,750 [WARN] DbFile:41 - Overriding database path with different value: C:\Users\ACER\.stmcufinder\plugins\mcufinder/ => C:\Users\ACER\.stmcufinder\plugins\mcufinder
2023-09-22 14:46:18,750 [INFO] CrossReferenceDbSqlite:203 - Set database path to: C:\Users\ACER\.stmcufinder\plugins\mcufinder//mcu/cs/
2023-09-22 14:46:18,771 [INFO] ApplicationProperties:184 - Using Application install path: D:\NAM\ST\STM32CubeIDE_1.13.0\STM32CubeIDE\plugins\com.st.stm32cube.common.mx_6.9.0.202307051724
2023-09-22 14:46:18,772 [INFO] PluginManage:196 - Search for loadable plugins [exclusion list=, ]
2023-09-22 14:46:18,774 [INFO] PluginManage:310 - Check plugin analytics
2023-09-22 14:46:24,010 [INFO] AnalyticsPlugin:253 - Accepted Software Licenses: 
2023-09-22 14:46:24,010 [INFO] AnalyticsPlugin:255 - Accepted CMSIS Pack Licenses: 
2023-09-22 14:46:24,011 [INFO] AnalyticsPlugin:257 - Accepted Firmware Licenses: FW.WB.1.17.0
2023-09-22 14:46:24,014 [INFO] PluginManage:359 - Loaded plugin analytics (category:tool,tabindex:-1)
2023-09-22 14:46:24,015 [INFO] PluginManage:310 - Check plugin cadmodel
2023-09-22 14:46:24,034 [INFO] CADModel:105 - Init CAD model plugin
2023-09-22 14:46:24,034 [INFO] PluginManage:359 - Loaded plugin cadmodel (category:power,tabindex:5)
2023-09-22 14:46:24,034 [INFO] PluginManage:310 - Check plugin clock
2023-09-22 14:46:24,056 [INFO] PluginManage:359 - Loaded plugin clock (category:base,tabindex:2)
2023-09-22 14:46:24,056 [INFO] PluginManage:310 - Check plugin ddr
2023-09-22 14:46:24,059 [INFO] PluginManage:359 - Loaded plugin ddr (category:tool,tabindex:6)
2023-09-22 14:46:24,059 [INFO] PluginManage:310 - Check plugin filemanager
2023-09-22 14:46:24,257 [INFO] PluginManage:359 - Loaded plugin filemanager (category:base,tabindex:10)
2023-09-22 14:46:24,257 [INFO] PluginManage:310 - Check plugin ipmanager
2023-09-22 14:46:24,273 [INFO] PluginManage:359 - Loaded plugin ipmanager (category:base,tabindex:5)
2023-09-22 14:46:24,273 [INFO] PluginManage:310 - Check plugin lpbam
2023-09-22 14:46:24,300 [INFO] PluginManage:359 - Loaded plugin lpbam (category:base,tabindex:0)
2023-09-22 14:46:24,300 [INFO] PluginManage:310 - Check plugin memorymap
2023-09-22 14:46:24,341 [INFO] PluginManage:359 - Loaded plugin memorymap (category:base,tabindex:4)
2023-09-22 14:46:24,342 [INFO] PluginManage:310 - Check plugin pinoutandconfiguration
2023-09-22 14:46:24,369 [INFO] PluginManage:359 - Loaded plugin pinoutandconfiguration (category:base,tabindex:1)
2023-09-22 14:46:24,369 [INFO] PluginManage:310 - Check plugin pinoutconfig
2023-09-22 14:46:24,545 [WARN] SupportedApi:132 - Cannot load RTOS API schema: s4s-elt-must-match.1: The content of 'definitions' must match (annotation?, (simpleType | complexType)?, (unique | key | keyref)*)). A problem was found starting at: attribute.
2023-09-22 14:46:24,852 [INFO] PluginManage:359 - Loaded plugin pinoutconfig (category:base,tabindex:0)
2023-09-22 14:46:24,853 [INFO] PluginManage:310 - Check plugin power
2023-09-22 14:46:24,887 [INFO] PluginManage:359 - Loaded plugin power (category:power,tabindex:4)
2023-09-22 14:46:24,887 [INFO] PluginManage:310 - Check plugin projectmanager
2023-09-22 14:46:24,907 [INFO] PluginManage:359 - Loaded plugin projectmanager (category:projectmanager,tabindex:3)
2023-09-22 14:46:24,908 [INFO] PluginManage:310 - Check plugin thirdparty
2023-09-22 14:46:25,424 [INFO] PluginManage:359 - Loaded plugin thirdparty (category:base,tabindex:-1)
2023-09-22 14:46:25,424 [WARN] IntegrityCheckThread:84 - waiting for thirdparty lock release [integrity check]
2023-09-22 14:46:25,425 [INFO] IntegrityCheckThread:86 - entering critical section [integrity check]
2023-09-22 14:46:25,425 [INFO] PluginManage:310 - Check plugin tools
2023-09-22 14:46:25,426 [INFO] ThirdPartyUpdaterWithRetryManager:70 - Updater plugin not ready yet. [1/15]
2023-09-22 14:46:25,477 [INFO] PluginManage:359 - Loaded plugin tools (category:base,tabindex:7)
2023-09-22 14:46:25,478 [INFO] PluginManage:310 - Check plugin tutovideos
2023-09-22 14:46:25,598 [FATAL] PluginManage:371 - Exception caught
java.lang.reflect.InvocationTargetException: null
	at jdk.internal.reflect.NativeConstructorAccessorImpl.newInstance0(Native Method) ~[?:?]
	at jdk.internal.reflect.NativeConstructorAccessorImpl.newInstance(NativeConstructorAccessorImpl.java:77) ~[?:?]
	at jdk.internal.reflect.DelegatingConstructorAccessorImpl.newInstance(DelegatingConstructorAccessorImpl.java:45) ~[?:?]
	at java.lang.reflect.Constructor.newInstanceWithCaller(Constructor.java:499) ~[?:?]
	at java.lang.reflect.Constructor.newInstance(Constructor.java:480) ~[?:?]
	at com.st.microxplorer.plugin.PluginManage.loadPluginJar(PluginManage.java:352) ~[STM32CubeMX.jar:?]
	at com.st.microxplorer.plugin.PluginManage.PluginSearch(PluginManage.java:224) ~[STM32CubeMX.jar:?]
	at com.st.microxplorer.plugin.PluginManage.PluginDiscovery(PluginManage.java:67) ~[STM32CubeMX.jar:?]
	at com.st.microxplorer.maingui.MainPanel.initialization(MainPanel.java:314) ~[STM32CubeMX.jar:?]
	at com.st.microxplorer.maingui.AppletMainFrameCubeIde.init(AppletMainFrameCubeIde.java:242) ~[STM32CubeMX.jar:?]
	at com.st.stm32cube.common.mx.core.CubeMxInstance.<init>(CubeMxInstance.java:117) ~[com.st.stm32cube.common.mx_6.9.0.202307051724/:?]
	at com.st.stm32cube.common.mx.core.CubeMxInstance.getInstance(CubeMxInstance.java:91) ~[com.st.stm32cube.common.mx_6.9.0.202307051724/:?]
	at com.st.stm32cube.common.mx.userauth.UserAuthAdapter.<init>(UserAuthAdapter.java:18) ~[com.st.stm32cube.common.mx_6.9.0.202307051724/:?]
	at com.st.stm32cube.common.mx.userauth.UserAuthProvider.getUserAuthAdapter(UserAuthProvider.java:9) ~[com.st.stm32cube.common.mx_6.9.0.202307051724/:?]
	at com.st.stm32cube.common.ecosystemintegration.ui.core.MCUEcoSystemIntegrationUiHelper.getUserAuth(MCUEcoSystemIntegrationUiHelper.java:100) ~[?:?]
	at com.st.stm32cube.ide.mcu.userauth.UserAuthStartup.earlyStartup(UserAuthStartup.java:41) ~[?:?]
	at org.eclipse.ui.internal.EarlyStartupRunnable.runEarlyStartup(EarlyStartupRunnable.java:79) ~[?:?]
	at org.eclipse.ui.internal.EarlyStartupRunnable.run(EarlyStartupRunnable.java:55) ~[?:?]
	at org.eclipse.core.runtime.SafeRunner.run(SafeRunner.java:45) ~[org.eclipse.equinox.common_3.17.100.v20230202-1341.jar:?]
	at org.eclipse.ui.internal.Workbench$39.run(Workbench.java:2656) ~[?:?]
	at org.eclipse.core.internal.jobs.Worker.run(Worker.java:63) ~[?:?]
Caused by: java.lang.ExceptionInInitializerError
	at com.fasterxml.jackson.databind.ObjectMapper.<init>(ObjectMapper.java:576) ~[STM32CubeMX.jar:?]
	at com.fasterxml.jackson.databind.ObjectMapper.<init>(ObjectMapper.java:480) ~[STM32CubeMX.jar:?]
	at com.st.microxplorer.plugins.tutovideos.TutoVideosMain.loadTutoVideoDB(TutoVideosMain.java:153) ~[?:?]
	at com.st.microxplorer.plugins.tutovideos.TutoVideosPlugin.<init>(TutoVideosPlugin.java:76) ~[?:?]
	... 21 more
Caused by: java.lang.IllegalStateException: Module has been uninstalled. osgi.identity; type="osgi.bundle"; version:Version="6.9.0.202307051724"; osgi.identity="com.st.stm32cube.common.mx"; singleton:="true" [id=15]
	at org.eclipse.osgi.container.Module.checkValid(Module.java:560) ~[?:?]
	at org.eclipse.osgi.container.Module.start(Module.java:421) ~[?:?]
	at org.eclipse.osgi.framework.util.SecureAction.start(SecureAction.java:513) ~[?:?]
	at org.eclipse.osgi.internal.hooks.EclipseLazyStarter.postFindLocalClass(EclipseLazyStarter.java:117) ~[?:?]
	at org.eclipse.osgi.internal.loader.classpath.ClasspathManager.findLocalClass(ClasspathManager.java:570) ~[?:?]
	at org.eclipse.osgi.internal.loader.ModuleClassLoader.findLocalClass(ModuleClassLoader.java:335) ~[?:?]
	at org.eclipse.osgi.internal.loader.BundleLoader.findLocalClass(BundleLoader.java:397) ~[?:?]
	at org.eclipse.osgi.internal.loader.BundleLoader.findClass0(BundleLoader.java:500) ~[?:?]
	at org.eclipse.osgi.internal.loader.BundleLoader.findClass(BundleLoader.java:416) ~[?:?]
	at org.eclipse.osgi.internal.loader.ModuleClassLoader.loadClass(ModuleClassLoader.java:168) ~[?:?]
	at java.lang.ClassLoader.loadClass(ClassLoader.java:520) ~[?:?]
	at com.fasterxml.jackson.databind.SerializerProvider.<clinit>(SerializerProvider.java:57) ~[STM32CubeMX.jar:?]
	at com.fasterxml.jackson.databind.ObjectMapper.<init>(ObjectMapper.java:576) ~[STM32CubeMX.jar:?]
	at com.fasterxml.jackson.databind.ObjectMapper.<init>(ObjectMapper.java:480) ~[STM32CubeMX.jar:?]
	at com.st.microxplorer.plugins.tutovideos.TutoVideosMain.loadTutoVideoDB(TutoVideosMain.java:153) ~[?:?]
	at com.st.microxplorer.plugins.tutovideos.TutoVideosPlugin.<init>(TutoVideosPlugin.java:76) ~[?:?]
	... 21 more
2023-09-22 14:46:25,664 [INFO] UserAuth:113 - Init User Auth plugin
