2024-01-04 06:20:10,528 [ERROR] LogOutputStream:75 - [STDERR_REDIRECT] 
2024-01-04 08:46:49,246 [INFO] Activator:176 - 


2024-01-04 08:46:49,248 [INFO] Activator:177 - !SESSION log4j initialized
2024-01-04 08:46:58,758 [INFO] LogOutputStream:77 - [STDOUT_REDIRECT] 
2024-01-04 08:47:31,782 [INFO] ApplicationProperties:184 - Using Application install path: C:\ST\STM32CubeIDE_1.13.0\STM32CubeIDE\plugins\com.st.stm32cube.common.mx_6.9.0.202307051724
2024-01-04 08:47:31,812 [INFO] DbMcusXml:78 - Set database path to: C:\ST\STM32CubeIDE_1.13.0\STM32CubeIDE\plugins\com.st.stm32cube.common.mx_6.9.0.202307051724\\db\/mcu/
2024-01-04 08:47:31,812 [INFO] ApiDb:274 - Set plugin database path to: C:\ST\STM32CubeIDE_1.13.0\STM32CubeIDE\plugins\com.st.stm32cube.common.mx_6.9.0.202307051724\\db\/plugins/boardmanager/
2024-01-04 08:47:31,814 [WARN] ApiDb:259 - Overriding images path with different value:  => C:\ST\STM32CubeIDE_1.13.0\STM32CubeIDE\plugins\com.st.stm32cube.common.mx_6.9.0.202307051724\\db\/plugins/mcufinder/images/
2024-01-04 08:47:31,836 [INFO] ApiDb:250 - Set database path to: C:\Users\ACER\.stmcufinder\plugins\mcufinder//mcu/
2024-01-04 08:47:31,837 [INFO] DbMcusAds:125 - Set database path to: C:\Users\ACER\.stmcufinder\plugins\mcufinder//mcu/
2024-01-04 08:47:31,869 [INFO] CrossReferenceDbSqlite:203 - Set database path to: C:\Users\ACER\.stmcufinder\plugins\mcufinder//mcu/cs/
2024-01-04 08:47:32,029 [INFO] RulesReader:64 - Compatibility file has been processed (293 Rules)
2024-01-04 08:47:32,145 [INFO] DbMcusXml:78 - Set database path to: C:\ST\STM32CubeIDE_1.13.0\STM32CubeIDE\plugins\com.st.stm32cube.common.mx_6.9.0.202307051724\\db\/mcu/
2024-01-04 08:47:32,145 [INFO] ApiDb:274 - Set plugin database path to: C:\ST\STM32CubeIDE_1.13.0\STM32CubeIDE\plugins\com.st.stm32cube.common.mx_6.9.0.202307051724\\db\/plugins/boardmanager/
2024-01-04 08:47:32,145 [INFO] ApiDb:261 - Set plugin images path to: C:\ST\STM32CubeIDE_1.13.0\STM32CubeIDE\plugins\com.st.stm32cube.common.mx_6.9.0.202307051724\\db\/plugins/mcufinder/images/
2024-01-04 08:47:32,146 [WARN] DbFile:41 - Overriding database path with different value: C:\Users\ACER\.stmcufinder\plugins\mcufinder/ => C:\Users\ACER\.stmcufinder\plugins\mcufinder
2024-01-04 08:47:32,146 [INFO] ApiDb:250 - Set database path to: C:\Users\ACER\.stmcufinder\plugins\mcufinder//mcu/
2024-01-04 08:47:32,146 [WARN] DbFile:41 - Overriding database path with different value: C:\Users\ACER\.stmcufinder\plugins\mcufinder/ => C:\Users\ACER\.stmcufinder\plugins\mcufinder
2024-01-04 08:47:32,146 [INFO] DbMcusAds:125 - Set database path to: C:\Users\ACER\.stmcufinder\plugins\mcufinder//mcu/
2024-01-04 08:47:32,146 [WARN] DbFile:41 - Overriding database path with different value: C:\Users\ACER\.stmcufinder\plugins\mcufinder/ => C:\Users\ACER\.stmcufinder\plugins\mcufinder
2024-01-04 08:47:32,146 [WARN] DbFile:41 - Overriding database path with different value: C:\Users\ACER\.stmcufinder\plugins\mcufinder/ => C:\Users\ACER\.stmcufinder\plugins\mcufinder
2024-01-04 08:47:32,147 [INFO] CrossReferenceDbSqlite:203 - Set database path to: C:\Users\ACER\.stmcufinder\plugins\mcufinder//mcu/cs/
2024-01-04 08:47:32,254 [INFO] MainPanel:262 - HeapMemory: 268435456
2024-01-04 08:47:32,393 [INFO] DbMcusXml:78 - Set database path to: C:\ST\STM32CubeIDE_1.13.0\STM32CubeIDE\plugins\com.st.stm32cube.common.mx_6.9.0.202307051724\\db\/mcu/
2024-01-04 08:47:32,395 [INFO] ApiDb:274 - Set plugin database path to: C:\ST\STM32CubeIDE_1.13.0\STM32CubeIDE\plugins\com.st.stm32cube.common.mx_6.9.0.202307051724\\db\/plugins/boardmanager/
2024-01-04 08:47:32,396 [INFO] ApiDb:261 - Set plugin images path to: C:\ST\STM32CubeIDE_1.13.0\STM32CubeIDE\plugins\com.st.stm32cube.common.mx_6.9.0.202307051724\\db\/plugins/mcufinder/images/
2024-01-04 08:47:32,397 [WARN] DbFile:41 - Overriding database path with different value: C:\Users\ACER\.stmcufinder\plugins\mcufinder/ => C:\Users\ACER\.stmcufinder\plugins\mcufinder
2024-01-04 08:47:32,397 [INFO] ApiDb:250 - Set database path to: C:\Users\ACER\.stmcufinder\plugins\mcufinder//mcu/
2024-01-04 08:47:32,397 [WARN] DbFile:41 - Overriding database path with different value: C:\Users\ACER\.stmcufinder\plugins\mcufinder/ => C:\Users\ACER\.stmcufinder\plugins\mcufinder
2024-01-04 08:47:32,397 [INFO] DbMcusAds:125 - Set database path to: C:\Users\ACER\.stmcufinder\plugins\mcufinder//mcu/
2024-01-04 08:47:32,397 [WARN] DbFile:41 - Overriding database path with different value: C:\Users\ACER\.stmcufinder\plugins\mcufinder/ => C:\Users\ACER\.stmcufinder\plugins\mcufinder
2024-01-04 08:47:32,397 [WARN] DbFile:41 - Overriding database path with different value: C:\Users\ACER\.stmcufinder\plugins\mcufinder/ => C:\Users\ACER\.stmcufinder\plugins\mcufinder
2024-01-04 08:47:32,397 [INFO] CrossReferenceDbSqlite:203 - Set database path to: C:\Users\ACER\.stmcufinder\plugins\mcufinder//mcu/cs/
2024-01-04 08:47:32,421 [INFO] ApplicationProperties:184 - Using Application install path: C:\ST\STM32CubeIDE_1.13.0\STM32CubeIDE\plugins\com.st.stm32cube.common.mx_6.9.0.202307051724
2024-01-04 08:47:32,422 [INFO] PluginManage:196 - Search for loadable plugins [exclusion list=, ]
2024-01-04 08:47:32,425 [INFO] PluginManage:310 - Check plugin analytics
2024-01-04 08:47:42,170 [INFO] AnalyticsPlugin:253 - Accepted Software Licenses: 
2024-01-04 08:47:42,171 [INFO] AnalyticsPlugin:255 - Accepted CMSIS Pack Licenses: 
2024-01-04 08:47:42,171 [INFO] AnalyticsPlugin:257 - Accepted Firmware Licenses: FW.WB.1.17.0
2024-01-04 08:47:42,178 [INFO] PluginManage:359 - Loaded plugin analytics (category:tool,tabindex:-1)
2024-01-04 08:47:42,179 [INFO] PluginManage:310 - Check plugin cadmodel
2024-01-04 08:47:42,196 [INFO] CADModel:105 - Init CAD model plugin
2024-01-04 08:47:42,197 [INFO] PluginManage:359 - Loaded plugin cadmodel (category:power,tabindex:5)
2024-01-04 08:47:42,197 [INFO] PluginManage:310 - Check plugin clock
2024-01-04 08:47:42,215 [INFO] PluginManage:359 - Loaded plugin clock (category:base,tabindex:2)
2024-01-04 08:47:42,216 [INFO] PluginManage:310 - Check plugin ddr
2024-01-04 08:47:42,219 [INFO] PluginManage:359 - Loaded plugin ddr (category:tool,tabindex:6)
2024-01-04 08:47:42,219 [INFO] PluginManage:310 - Check plugin filemanager
2024-01-04 08:47:42,399 [INFO] PluginManage:359 - Loaded plugin filemanager (category:base,tabindex:10)
2024-01-04 08:47:42,399 [INFO] PluginManage:310 - Check plugin ipmanager
2024-01-04 08:47:42,414 [INFO] PluginManage:359 - Loaded plugin ipmanager (category:base,tabindex:5)
2024-01-04 08:47:42,414 [INFO] PluginManage:310 - Check plugin lpbam
2024-01-04 08:47:42,435 [INFO] PluginManage:359 - Loaded plugin lpbam (category:base,tabindex:0)
2024-01-04 08:47:42,435 [INFO] PluginManage:310 - Check plugin memorymap
2024-01-04 08:47:42,474 [INFO] PluginManage:359 - Loaded plugin memorymap (category:base,tabindex:4)
2024-01-04 08:47:42,475 [INFO] PluginManage:310 - Check plugin pinoutandconfiguration
2024-01-04 08:47:42,488 [INFO] PluginManage:359 - Loaded plugin pinoutandconfiguration (category:base,tabindex:1)
2024-01-04 08:47:42,488 [INFO] PluginManage:310 - Check plugin pinoutconfig
2024-01-04 08:47:42,607 [WARN] SupportedApi:132 - Cannot load RTOS API schema: s4s-elt-must-match.1: The content of 'definitions' must match (annotation?, (simpleType | complexType)?, (unique | key | keyref)*)). A problem was found starting at: attribute.
2024-01-04 08:47:42,818 [INFO] PluginManage:359 - Loaded plugin pinoutconfig (category:base,tabindex:0)
2024-01-04 08:47:42,818 [INFO] PluginManage:310 - Check plugin power
2024-01-04 08:47:42,839 [INFO] PluginManage:359 - Loaded plugin power (category:power,tabindex:4)
2024-01-04 08:47:42,839 [INFO] PluginManage:310 - Check plugin projectmanager
2024-01-04 08:47:42,861 [INFO] PluginManage:359 - Loaded plugin projectmanager (category:projectmanager,tabindex:3)
2024-01-04 08:47:42,861 [INFO] PluginManage:310 - Check plugin thirdparty
2024-01-04 08:47:43,199 [INFO] PluginManage:359 - Loaded plugin thirdparty (category:base,tabindex:-1)
2024-01-04 08:47:43,199 [WARN] IntegrityCheckThread:84 - waiting for thirdparty lock release [integrity check]
2024-01-04 08:47:43,199 [INFO] PluginManage:310 - Check plugin tools
2024-01-04 08:47:43,199 [INFO] IntegrityCheckThread:86 - entering critical section [integrity check]
2024-01-04 08:47:43,200 [INFO] ThirdPartyUpdaterWithRetryManager:70 - Updater plugin not ready yet. [1/15]
2024-01-04 08:47:43,248 [INFO] PluginManage:359 - Loaded plugin tools (category:base,tabindex:7)
2024-01-04 08:47:43,248 [INFO] PluginManage:310 - Check plugin tutovideos
2024-01-04 08:47:43,481 [INFO] PluginManage:359 - Loaded plugin tutovideos (category:base,tabindex:-1)
2024-01-04 08:47:43,481 [INFO] PluginManage:310 - Check plugin updater
2024-01-04 08:47:43,492 [INFO] PluginManage:359 - Loaded plugin updater (category:base,tabindex:12)
2024-01-04 08:47:43,492 [INFO] PluginManage:310 - Check plugin userauth
2024-01-04 08:47:43,498 [INFO] UserAuth:113 - Init User Auth plugin
2024-01-04 08:47:43,498 [INFO] PluginManage:359 - Loaded plugin userauth (category:base,tabindex:14)
2024-01-04 08:47:43,499 [INFO] PluginManage:283 - PluginManage : Loaded plugins [17]
2024-01-04 08:47:43,798 [INFO] PinOutPanel:1499 - setPackage(No Configuration,No Configuration)
2024-01-04 08:47:43,923 [INFO] CADModel:165 - CPN selected for project level
2024-01-04 08:47:43,924 [INFO] CADModel:114 - Register for checkConnection events
2024-01-04 08:47:43,947 [INFO] IPUIPlugin:80 - create IPUIPlugin
2024-01-04 08:47:43,947 [INFO] PluginManager:220 - loadIPPluginJar : add adc
2024-01-04 08:47:43,982 [INFO] IPUIPlugin:80 - create IPUIPlugin
2024-01-04 08:47:43,982 [INFO] PluginManager:220 - loadIPPluginJar : add aes
2024-01-04 08:47:44,028 [INFO] IPUIPlugin:80 - create IPUIPlugin
2024-01-04 08:47:44,028 [INFO] PluginManager:220 - loadIPPluginJar : add can
2024-01-04 08:47:44,062 [INFO] IPUIPlugin:80 - create IPUIPlugin
2024-01-04 08:47:44,062 [INFO] PluginManager:220 - loadIPPluginJar : add comp
2024-01-04 08:47:44,098 [INFO] IPUIPlugin:80 - create IPUIPlugin
2024-01-04 08:47:44,098 [INFO] PluginManager:220 - loadIPPluginJar : add cryp
2024-01-04 08:47:44,128 [INFO] IPUIPlugin:80 - create IPUIPlugin
2024-01-04 08:47:44,128 [INFO] PluginManager:220 - loadIPPluginJar : add dfsdm
2024-01-04 08:47:44,141 [INFO] IPUIPlugin:80 - create IPUIPlugin
2024-01-04 08:47:44,142 [INFO] PluginManager:220 - loadIPPluginJar : add dma
2024-01-04 08:47:44,185 [INFO] IPUIPlugin:80 - create IPUIPlugin
2024-01-04 08:47:44,185 [INFO] PluginManager:220 - loadIPPluginJar : add dma3
2024-01-04 08:47:44,206 [INFO] IPUIPlugin:80 - create IPUIPlugin
2024-01-04 08:47:44,206 [INFO] PluginManager:220 - loadIPPluginJar : add fatfs
2024-01-04 08:47:44,257 [INFO] IPUIPlugin:80 - create IPUIPlugin
2024-01-04 08:47:44,257 [INFO] PluginManager:220 - loadIPPluginJar : add fmc
2024-01-04 08:47:44,270 [INFO] IPUIPlugin:80 - create IPUIPlugin
2024-01-04 08:47:44,270 [INFO] PluginManager:220 - loadIPPluginJar : add freertos
2024-01-04 08:47:44,291 [INFO] IPUIPlugin:80 - create IPUIPlugin
2024-01-04 08:47:44,291 [INFO] PluginManager:220 - loadIPPluginJar : add genericplugin
2024-01-04 08:47:44,396 [INFO] IPUIPlugin:80 - create IPUIPlugin
2024-01-04 08:47:44,396 [INFO] PluginManager:220 - loadIPPluginJar : add gfxmmu
2024-01-04 08:47:44,530 [INFO] IPUIPlugin:80 - create IPUIPlugin
2024-01-04 08:47:44,530 [INFO] PluginManager:220 - loadIPPluginJar : add gic
2024-01-04 08:47:44,544 [INFO] IPUIPlugin:80 - create IPUIPlugin
2024-01-04 08:47:44,544 [INFO] PluginManager:220 - loadIPPluginJar : add gpio
2024-01-04 08:47:44,640 [INFO] IPUIPlugin:80 - create IPUIPlugin
2024-01-04 08:47:44,640 [INFO] PluginManager:220 - loadIPPluginJar : add gtzc
2024-01-04 08:47:44,672 [INFO] IPUIPlugin:80 - create IPUIPlugin
2024-01-04 08:47:44,673 [INFO] PluginManager:220 - loadIPPluginJar : add hash
2024-01-04 08:47:44,739 [INFO] IPUIPlugin:80 - create IPUIPlugin
2024-01-04 08:47:44,740 [INFO] PluginManager:220 - loadIPPluginJar : add i2c
2024-01-04 08:47:44,793 [INFO] IPUIPlugin:80 - create IPUIPlugin
2024-01-04 08:47:44,793 [INFO] PluginManager:220 - loadIPPluginJar : add i2s
2024-01-04 08:47:44,835 [INFO] IPUIPlugin:80 - create IPUIPlugin
2024-01-04 08:47:44,835 [INFO] PluginManager:220 - loadIPPluginJar : add i3c
2024-01-04 08:47:44,946 [INFO] IPUIPlugin:80 - create IPUIPlugin
2024-01-04 08:47:44,946 [INFO] PluginManager:220 - loadIPPluginJar : add ipddr
2024-01-04 08:47:45,049 [INFO] IPUIPlugin:80 - create IPUIPlugin
2024-01-04 08:47:45,049 [INFO] PluginManager:220 - loadIPPluginJar : add linkedlist
2024-01-04 08:47:45,091 [INFO] IPUIPlugin:80 - create IPUIPlugin
2024-01-04 08:47:45,091 [INFO] PluginManager:220 - loadIPPluginJar : add lorawan
2024-01-04 08:47:45,137 [INFO] IPUIPlugin:80 - create IPUIPlugin
2024-01-04 08:47:45,138 [INFO] PluginManager:220 - loadIPPluginJar : add ltdc
2024-01-04 08:47:45,151 [INFO] IPUIPlugin:80 - create IPUIPlugin
2024-01-04 08:47:45,151 [INFO] PluginManager:220 - loadIPPluginJar : add mdma
2024-01-04 08:47:45,164 [INFO] IPUIPlugin:80 - create IPUIPlugin
2024-01-04 08:47:45,164 [INFO] PluginManager:220 - loadIPPluginJar : add nvic
2024-01-04 08:47:45,201 [INFO] IPUIPlugin:80 - create IPUIPlugin
2024-01-04 08:47:45,202 [INFO] PluginManager:220 - loadIPPluginJar : add opamp
2024-01-04 08:47:45,272 [INFO] IPUIPlugin:80 - create IPUIPlugin
2024-01-04 08:47:45,274 [INFO] PluginManager:220 - loadIPPluginJar : add openamp
2024-01-04 08:47:45,327 [INFO] IPUIPlugin:80 - create IPUIPlugin
2024-01-04 08:47:45,327 [INFO] PluginManager:220 - loadIPPluginJar : add pdm2pcm
2024-01-04 08:47:45,342 [INFO] IPUIPlugin:80 - create IPUIPlugin
2024-01-04 08:47:45,345 [INFO] PluginManager:220 - loadIPPluginJar : add plateformsettings
2024-01-04 08:47:45,367 [INFO] IPUIPlugin:80 - create IPUIPlugin
2024-01-04 08:47:45,367 [INFO] PluginManager:220 - loadIPPluginJar : add quadspi
2024-01-04 08:47:45,378 [INFO] IPUIPlugin:80 - create IPUIPlugin
2024-01-04 08:47:45,378 [INFO] PluginManager:220 - loadIPPluginJar : add resmgrutility
2024-01-04 08:47:45,434 [INFO] IPUIPlugin:80 - create IPUIPlugin
2024-01-04 08:47:45,434 [INFO] PluginManager:220 - loadIPPluginJar : add sai
2024-01-04 08:47:45,472 [INFO] IPUIPlugin:80 - create IPUIPlugin
2024-01-04 08:47:45,472 [INFO] PluginManager:220 - loadIPPluginJar : add spi
2024-01-04 08:47:45,529 [INFO] IPUIPlugin:80 - create IPUIPlugin
2024-01-04 08:47:45,529 [INFO] PluginManager:220 - loadIPPluginJar : add stm32_wpan
2024-01-04 08:47:45,553 [INFO] IPUIPlugin:80 - create IPUIPlugin
2024-01-04 08:47:45,554 [INFO] PluginManager:220 - loadIPPluginJar : add tim
2024-01-04 08:47:45,621 [INFO] IPUIPlugin:80 - create IPUIPlugin
2024-01-04 08:47:45,622 [INFO] PluginManager:220 - loadIPPluginJar : add touchsensing
2024-01-04 08:47:45,646 [INFO] IPUIPlugin:80 - create IPUIPlugin
2024-01-04 08:47:45,646 [INFO] PluginManager:220 - loadIPPluginJar : add tracer_emb
2024-01-04 08:47:45,669 [INFO] IPUIPlugin:80 - create IPUIPlugin
2024-01-04 08:47:45,670 [INFO] PluginManager:220 - loadIPPluginJar : add ts
2024-01-04 08:47:45,692 [INFO] IPUIPlugin:80 - create IPUIPlugin
2024-01-04 08:47:45,692 [INFO] PluginManager:220 - loadIPPluginJar : add tsc
2024-01-04 08:47:45,712 [INFO] IPUIPlugin:80 - create IPUIPlugin
2024-01-04 08:47:45,712 [INFO] PluginManager:220 - loadIPPluginJar : add ucpd
2024-01-04 08:47:45,780 [INFO] IPUIPlugin:80 - create IPUIPlugin
2024-01-04 08:47:45,781 [INFO] PluginManager:220 - loadIPPluginJar : add usart
2024-01-04 08:47:45,836 [INFO] IPUIPlugin:80 - create IPUIPlugin
2024-01-04 08:47:45,836 [INFO] PluginManager:220 - loadIPPluginJar : add usbx
2024-01-04 08:47:45,969 [INFO] CADModel:165 - CPN selected for project level
2024-01-04 08:47:45,970 [INFO] CADModel:114 - Register for checkConnection events
2024-01-04 08:47:45,970 [FATAL] Updater:308 - Updater called before beeing initialized
2024-01-04 08:47:45,970 [ERROR] CADModel:125 - Updater not yet initialized, retry later 
2024-01-04 08:47:46,193 [INFO] CADModel:165 - CPN selected for project level
2024-01-04 08:47:46,193 [INFO] CADModel:114 - Register for checkConnection events
2024-01-04 08:47:46,193 [FATAL] Updater:308 - Updater called before beeing initialized
2024-01-04 08:47:46,193 [ERROR] CADModel:125 - Updater not yet initialized, retry later 
2024-01-04 08:47:46,196 [FATAL] Updater:308 - Updater called before beeing initialized
2024-01-04 08:47:46,202 [INFO] ThirdPartyUpdaterWithRetryManager:70 - Updater plugin not ready yet. [2/15]
2024-01-04 08:47:46,332 [FATAL] Updater:308 - Updater called before beeing initialized
2024-01-04 08:47:46,344 [INFO] DbMcusAds:53 - JSON generation date=Wed Nov 29 17:52:27 ICT 2023 (1701255147349)
2024-01-04 08:47:46,344 [FATAL] Updater:308 - Updater called before beeing initialized
2024-01-04 08:47:46,432 [WARN] DetailPanel:346 - Failed to get advertising image, set to default
2024-01-04 08:47:46,538 [FATAL] Updater:308 - Updater called before beeing initialized
2024-01-04 08:47:46,540 [FATAL] Updater:308 - Updater called before beeing initialized
2024-01-04 08:47:46,540 [FATAL] Updater:308 - Updater called before beeing initialized
2024-01-04 08:47:46,540 [WARN] DetailPanel:346 - Failed to get advertising image, set to default
2024-01-04 08:47:46,541 [FATAL] Updater:308 - Updater called before beeing initialized
2024-01-04 08:47:46,645 [ERROR] Updater:1120 - MainUpdater not yet initialized. External WinMGr cannot be set.
2024-01-04 08:47:46,661 [INFO] Updater:1056 - Updater Version found : 6.9.0
2024-01-04 08:47:46,677 [INFO] ApplicationProperties:184 - Using Application install path: C:\ST\STM32CubeIDE_1.13.0\STM32CubeIDE\plugins\com.st.stm32cube.common.mx_6.9.0.202307051724
2024-01-04 08:47:46,995 [INFO] MainUpdater:2868 - connection check result : 10
2024-01-04 08:47:46,997 [INFO] MainUpdater:285 - Updater Check For Update Now.
2024-01-04 08:47:46,997 [INFO] MicroXplorer:498 - Change Database Version : DB.6.0.90
2024-01-04 08:47:47,032 [INFO] McuFinderGlobals:63 - Set McuFinder mode to 2 (CubeIDE integrated)
2024-01-04 08:47:47,034 [INFO] UserAuth:179 - activating auth plugin
2024-01-04 08:47:47,039 [INFO] UserAuth:393 - Internet connection configuration mode: 1
2024-01-04 08:47:47,079 [INFO] JxBrowserEngine:151 - Initiate JxBrowser Engine with user profile folder
2024-01-04 08:47:47,257 [INFO] CheckServerUpdateThread:120 - End of CheckServer Thread
2024-01-04 08:47:49,663 [WARN] PackLoader:240 - Cannot read IP mode file for STMicroelectronics.X-CUBE-SMBUS.2.1.0
2024-01-04 08:47:49,758 [WARN] PackLoader:240 - Cannot read IP mode file for STMicroelectronics.X-CUBE-TOUCHGFX.4.23.0
2024-01-04 08:47:49,850 [WARN] PackLoader:240 - Cannot read IP mode file for STMicroelectronics.X-CUBE-AZRTOS-F7.1.1.0
2024-01-04 08:47:49,888 [WARN] PackLoader:240 - Cannot read IP mode file for STMicroelectronics.FP-SNS-MOTENV1.4.3.2
2024-01-04 08:47:49,914 [ERROR] RealEvaluatedCondition:428 - Found unsupported composite condition: GROUP='STM32_MetaDataManager' CLASS='Data Exchange'
2024-01-04 08:47:49,914 [ERROR] RealEvaluatedCondition:428 - Found unsupported composite condition: GROUP='STM32_MetaDataManager' CLASS='Data Exchange'
2024-01-04 08:47:49,917 [WARN] PackLoader:240 - Cannot read IP mode file for STMicroelectronics.FP-SNS-MOTENV1.4.3.1
2024-01-04 08:47:49,947 [WARN] PackLoader:240 - Cannot read IP mode file for STMicroelectronics.FP-SNS-FLIGHT1.5.0.1
2024-01-04 08:47:49,970 [WARN] PackLoader:240 - Cannot read IP mode file for STMicroelectronics.X-CUBE-BLE1.6.2.4
2024-01-04 08:47:49,990 [WARN] PackLoader:240 - Cannot read IP mode file for STMicroelectronics.FP-SNS-FLIGHT1.5.0.2
2024-01-04 08:47:50,005 [INFO] WebApp:157 - Instantiating new browser for Auth
2024-01-04 08:47:50,011 [WARN] PackLoader:240 - Cannot read IP mode file for STMicroelectronics.X-CUBE-DISPLAY.3.0.0
2024-01-04 08:47:50,061 [WARN] PackLoader:240 - Cannot read IP mode file for STMicroelectronics.X-CUBE-BLE1.7.0.0
2024-01-04 08:47:50,084 [WARN] PackLoader:240 - Cannot read IP mode file for STMicroelectronics.X-CUBE-TOUCHGFX.4.22.0
2024-01-04 08:47:50,104 [WARN] PackLoader:240 - Cannot read IP mode file for STMicroelectronics.X-CUBE-TOUCHGFX.4.22.1
2024-01-04 08:47:50,124 [WARN] PackLoader:240 - Cannot read IP mode file for STMicroelectronics.FP-SNS-SMARTAG2.1.2.0
2024-01-04 08:47:50,155 [INFO] LogOutputStream:77 - [STDOUT_REDIRECT] 1 : Invalid condition id : UX_CORESTACK_Condition cause : null
2024-01-04 08:47:50,157 [INFO] LogOutputStream:77 - [STDOUT_REDIRECT] 1 : Invalid condition id : UX_CORESTACK_Condition cause : null
2024-01-04 08:47:50,159 [INFO] LogOutputStream:77 - [STDOUT_REDIRECT] 1 : Invalid condition id : UX_CORESTACK_Condition cause : null
2024-01-04 08:47:50,162 [INFO] LogOutputStream:77 - [STDOUT_REDIRECT] 1 : Invalid condition id : UX_CORESTACK_Condition cause : null
2024-01-04 08:47:50,164 [INFO] LogOutputStream:77 - [STDOUT_REDIRECT] 1 : Invalid condition id : UX_CORESTACK_Condition cause : null
2024-01-04 08:47:50,171 [WARN] PackLoader:240 - Cannot read IP mode file for STMicroelectronics.X-CUBE-AZRTOS-WL.2.0.0
2024-01-04 08:47:50,204 [WARN] PackLoader:240 - Cannot read IP mode file for WES.I-CUBE-Cesium.1.3.0
2024-01-04 08:47:50,228 [WARN] PackLoader:240 - Cannot read IP mode file for STMicroelectronics.X-CUBE-BLE2.3.3.0
2024-01-04 08:47:50,258 [WARN] PackLoader:240 - Cannot read IP mode file for STMicroelectronics.X-CUBE-DISPLAY.2.2.0
2024-01-04 08:47:50,303 [WARN] PackLoader:240 - Cannot read IP mode file for STMicroelectronics.X-CUBE-TOF1.3.2.0
2024-01-04 08:47:50,345 [WARN] PackLoader:240 - Cannot read IP mode file for STMicroelectronics.X-CUBE-TOUCHGFX.4.21.0
2024-01-04 08:47:50,367 [WARN] PackLoader:240 - Cannot read IP mode file for STMicroelectronics.X-CUBE-TOUCHGFX.4.21.4
2024-01-04 08:47:50,465 [WARN] PackLoader:240 - Cannot read IP mode file for STMicroelectronics.X-CUBE-MEMS1.9.4.0
2024-01-04 08:47:50,671 [WARN] PackLoader:240 - Cannot read IP mode file for STMicroelectronics.X-CUBE-AI.7.3.0
2024-01-04 08:47:50,697 [WARN] PackLoader:240 - Cannot read IP mode file for STMicroelectronics.X-CUBE-ALGOBUILD.1.3.0
2024-01-04 08:47:50,754 [WARN] PackLoader:240 - Cannot read IP mode file for STMicroelectronics.X-CUBE-AZRTOS-G0.1.1.0
2024-01-04 08:47:50,836 [WARN] PackLoader:240 - Cannot read IP mode file for STMicroelectronics.X-CUBE-NFC4.3.0.0
2024-01-04 08:47:50,880 [WARN] PackLoader:240 - Cannot read IP mode file for STMicroelectronics.X-CUBE-BLEMGR.3.0.0
2024-01-04 08:47:50,910 [WARN] PackLoader:240 - Cannot read IP mode file for STMicroelectronics.X-CUBE-BLEMGR.1.3.0
2024-01-04 08:47:50,934 [WARN] PackLoader:240 - Cannot read IP mode file for STMicroelectronics.FP-ATR-SIGFOX1.3.2.0
2024-01-04 08:47:51,013 [WARN] PackLoader:240 - Cannot read IP mode file for SEGGER.I-CUBE-embOS.1.3.1
2024-01-04 08:47:51,138 [WARN] PackLoader:240 - Cannot read IP mode file for SEGGER.I-CUBE-embOS.1.3.0
2024-01-04 08:47:51,202 [WARN] PackLoader:240 - Cannot read IP mode file for STMicroelectronics.X-CUBE-GNSS1.6.0.0
2024-01-04 08:47:51,248 [WARN] PackLoader:240 - Cannot read IP mode file for STMicroelectronics.X-CUBE-AZRTOS-F4.1.1.0
2024-01-04 08:47:51,294 [WARN] PackLoader:240 - Cannot read IP mode file for STMicroelectronics.X-CUBE-AZRTOS-L5.2.0.0
2024-01-04 08:47:51,329 [INFO] WebApp:753 - Register for checkConnection events
2024-01-04 08:47:51,330 [INFO] WebApp:390 - Apply proxy settings
2024-01-04 08:47:51,330 [INFO] WebApp:475 - Chromium requires no authentication
2024-01-04 08:47:51,349 [INFO] WebApp:418 - Direct internet connection detected
2024-01-04 08:47:51,374 [WARN] PackLoader:240 - Cannot read IP mode file for STMicroelectronics.X-CUBE-MEMS1.9.6.0
2024-01-04 08:47:51,641 [WARN] PackLoader:240 - Cannot read IP mode file for STMicroelectronics.X-CUBE-EEPRMA1.4.2.0
2024-01-04 08:47:51,662 [WARN] PackLoader:240 - Cannot read IP mode file for ITTIA_DB.I-CUBE-ITTIADB.8.8.0
2024-01-04 08:47:51,679 [WARN] PackLoader:240 - Cannot read IP mode file for emotas.I-CUBE-CANOPEN.1.1.3
2024-01-04 08:47:51,700 [WARN] PackLoader:240 - Cannot read IP mode file for STMicroelectronics.X-CUBE-BLEMGR.2.0.0
2024-01-04 08:47:51,724 [WARN] PackLoader:240 - Cannot read IP mode file for STMicroelectronics.X-CUBE-NFC4.2.0.5
2024-01-04 08:47:51,784 [INFO] WebApp:188 - Starting web application
2024-01-04 08:47:51,785 [INFO] WebApp:520 - Web application path used C:\ST\STM32CubeIDE_1.13.0\STM32CubeIDE\plugins\com.st.stm32cube.common.mx_6.9.0.202307051724\db\plugins\mcufinder\reactClient1\index.html
2024-01-04 08:47:51,787 [WARN] ConditionMgr:438 - getConditionDescription Invalid condition id : UX DEVICE CLASS RTOS Condition cause : null
2024-01-04 08:47:51,788 [WARN] ConditionMgr:438 - getConditionDescription Invalid condition id : UX DEVICE CLASS RTOS Condition cause : null
2024-01-04 08:47:51,796 [WARN] PackLoader:240 - Cannot read IP mode file for STMicroelectronics.X-CUBE-AZRTOS-H7.3.1.0
2024-01-04 08:47:51,798 [WARN] ConditionMgr:1039 - genDependencies : Invalid condition id : UX DEVICE CLASS RTOS Condition cause : null
2024-01-04 08:47:51,798 [WARN] ConditionMgr:1039 - genDependencies : Invalid condition id : UX DEVICE CLASS RTOS Condition cause : null
2024-01-04 08:47:51,799 [WARN] ConditionMgr:1039 - genDependencies : Invalid condition id : UX DEVICE CLASS RTOS Condition cause : null
2024-01-04 08:47:51,800 [WARN] ConditionMgr:1039 - genDependencies : Invalid condition id : UX DEVICE CLASS RTOS Condition cause : null
2024-01-04 08:47:51,801 [WARN] ConditionMgr:1039 - genDependencies : Invalid condition id : UX DEVICE CLASS RTOS Condition cause : null
2024-01-04 08:47:51,824 [WARN] PackLoader:240 - Cannot read IP mode file for wolfSSL.I-CUBE-wolfSSL.5.5.4
2024-01-04 08:47:51,852 [WARN] PackLoader:240 - Cannot read IP mode file for STMicroelectronics.X-CUBE-NFC7.1.0.1
2024-01-04 08:47:51,874 [WARN] PackLoader:240 - Cannot read IP mode file for STMicroelectronics.X-CUBE-NFC7.1.0.0
2024-01-04 08:47:51,905 [WARN] PackLoader:240 - Cannot read IP mode file for STMicroelectronics.X-CUBE-NFC6.3.0.0
2024-01-04 08:47:51,934 [WARN] PackLoader:240 - Cannot read IP mode file for STMicroelectronics.X-CUBE-EEPRMA1.4.1.0
2024-01-04 08:47:51,952 [WARN] PackLoader:240 - Cannot read IP mode file for STMicroelectronics.X-CUBE-AI.8.1.0
2024-01-04 08:47:51,990 [WARN] ConditionMgr:438 - getConditionDescription Invalid condition id : LAN8742 Phy interface Condition cause : null
2024-01-04 08:47:51,991 [WARN] PackLoader:240 - Cannot read IP mode file for STMicroelectronics.X-CUBE-AZRTOS-L4.2.0.0
2024-01-04 08:47:51,992 [WARN] ConditionMgr:1039 - genDependencies : Invalid condition id : LAN8742 Phy interface Condition cause : null
2024-01-04 08:47:51,993 [WARN] ConditionMgr:1039 - genDependencies : Invalid condition id : LAN8742 Phy interface Condition cause : null
2024-01-04 08:47:51,994 [WARN] ConditionMgr:1039 - genDependencies : Invalid condition id : LAN8742 Phy interface Condition cause : null
2024-01-04 08:47:52,018 [WARN] PackLoader:240 - Cannot read IP mode file for STMicroelectronics.X-CUBE-SFXS2LP1.4.0.0
2024-01-04 08:47:52,070 [WARN] PackLoader:240 - Cannot read IP mode file for STMicroelectronics.X-CUBE-AZRTOS-H7.3.0.0
2024-01-04 08:47:52,097 [WARN] PackLoader:240 - Cannot read IP mode file for STMicroelectronics.X-CUBE-ISPU.1.1.0
2024-01-04 08:47:52,136 [WARN] PackLoader:240 - Cannot read IP mode file for RoweBots.I-CUBE-UNISONRTOS.5.5.0-4
2024-01-04 08:47:52,188 [WARN] ConditionMgr:438 - getConditionDescription Invalid condition id : UX DEVICE CLASS RTOS Condition cause : null
2024-01-04 08:47:52,189 [WARN] ConditionMgr:438 - getConditionDescription Invalid condition id : UX DEVICE CLASS RTOS Condition cause : null
2024-01-04 08:47:52,193 [WARN] PackLoader:240 - Cannot read IP mode file for STMicroelectronics.X-CUBE-AZRTOS-WB.2.0.0
2024-01-04 08:47:52,194 [WARN] ConditionMgr:1039 - genDependencies : Invalid condition id : UX DEVICE CLASS RTOS Condition cause : null
2024-01-04 08:47:52,195 [WARN] ConditionMgr:1039 - genDependencies : Invalid condition id : UX DEVICE CLASS RTOS Condition cause : null
2024-01-04 08:47:52,197 [WARN] ConditionMgr:1039 - genDependencies : Invalid condition id : UX DEVICE CLASS RTOS Condition cause : null
2024-01-04 08:47:52,198 [WARN] ConditionMgr:1039 - genDependencies : Invalid condition id : UX DEVICE CLASS RTOS Condition cause : null
2024-01-04 08:47:52,199 [WARN] ConditionMgr:1039 - genDependencies : Invalid condition id : UX DEVICE CLASS RTOS Condition cause : null
2024-01-04 08:47:52,228 [WARN] PackLoader:240 - Cannot read IP mode file for STMicroelectronics.X-CUBE-FREERTOS.1.0.1
2024-01-04 08:47:52,271 [WARN] PackLoader:240 - Cannot read IP mode file for STMicroelectronics.X-CUBE-AZRTOS-L5.1.1.0
2024-01-04 08:47:52,294 [WARN] PackLoader:240 - Cannot read IP mode file for STMicroelectronics.X-CUBE-AI.8.0.1
2024-01-04 08:47:52,337 [WARN] PackLoader:240 - Cannot read IP mode file for STMicroelectronics.X-CUBE-SUBG2.5.0.0
2024-01-04 08:47:52,371 [WARN] PackLoader:240 - Cannot read IP mode file for STMicroelectronics.X-CUBE-TOF1.3.3.1
2024-01-04 08:47:52,410 [WARN] PackLoader:240 - Cannot read IP mode file for STMicroelectronics.X-CUBE-AZRTOS-G4.2.0.0
2024-01-04 08:47:52,442 [WARN] PackLoader:240 - Cannot read IP mode file for STMicroelectronics.X-CUBE-TOF1.3.3.0
2024-01-04 08:47:52,472 [WARN] PackLoader:240 - Cannot read IP mode file for STMicroelectronics.FP-ATR-ASTRA1.1.1.1
2024-01-04 08:47:52,506 [WARN] PackLoader:240 - Cannot read IP mode file for Infineon.AIROC-Wi-Fi-Bluetooth-STM32.1.5.1
2024-01-04 08:47:52,528 [WARN] PackLoader:240 - Cannot read IP mode file for STMicroelectronics.FP-SNS-MOTENVWB1.1.3.0
2024-01-04 08:47:52,556 [WARN] PackLoader:240 - Cannot read IP mode file for STMicroelectronics.FP-SNS-MOTENVWB1.1.3.1
2024-01-04 08:47:52,627 [WARN] PackLoader:240 - Cannot read IP mode file for STMicroelectronics.X-CUBE-AZRTOS-G4.1.0.0
2024-01-04 08:47:52,691 [WARN] PackLoader:240 - Cannot read IP mode file for STMicroelectronics.X-CUBE-AZRTOS-L4.1.0.0
2024-01-04 08:47:52,721 [WARN] PackLoader:240 - Cannot read IP mode file for STMicroelectronics.X-CUBE-ISPU.2.0.0
2024-01-04 08:47:52,872 [WARN] PackLoader:240 - Cannot read IP mode file for STMicroelectronics.X-CUBE-MEMS1.10.0.0
2024-01-04 08:47:53,040 [WARN] PackLoader:240 - Cannot read IP mode file for STMicroelectronics.X-CUBE-FREERTOS.1.1.0
2024-01-04 08:47:53,076 [WARN] PackLoader:240 - Cannot read IP mode file for STMicroelectronics.X-CUBE-AZRTOS-WL.1.0.0
2024-01-04 08:47:53,103 [WARN] PackLoader:240 - Cannot read IP mode file for portGmbH.I-Cube-SoM-uGOAL.1.1.0
2024-01-04 08:47:53,137 [WARN] PackLoader:240 - Cannot read IP mode file for STMicroelectronics.X-CUBE-ALS.1.0.1
2024-01-04 08:47:53,177 [WARN] PackLoader:240 - Cannot read IP mode file for STMicroelectronics.X-CUBE-AZRTOS-WB.1.1.0
2024-01-04 08:47:53,199 [WARN] PackLoader:240 - Cannot read IP mode file for STMicroelectronics.FP-ATR-ASTRA1.2.0.0
2024-01-04 08:47:53,236 [WARN] PackLoader:240 - Cannot read IP mode file for STMicroelectronics.X-CUBE-TOF1.3.4.0
2024-01-04 08:47:53,310 [WARN] PackLoader:240 - Cannot read IP mode file for STMicroelectronics.X-CUBE-AZRTOS-H7.3.2.0
2024-01-04 08:47:53,316 [INFO] ThirdParty:978 - Integrity check success = true
2024-01-04 08:47:53,316 [INFO] IntegrityCheckThread:100 - exiting critical section [integrity check]
2024-01-04 08:47:53,317 [INFO] IntegrityCheckThread:103 - End integrity checks thread
2024-01-04 08:48:13,434 [ERROR] LogOutputStream:75 - [STDERR_REDIRECT] SLF4J: Failed to load class "org.slf4j.impl.StaticLoggerBinder".
2024-01-04 08:48:13,435 [ERROR] LogOutputStream:75 - [STDERR_REDIRECT] SLF4J: Defaulting to no-operation (NOP) logger implementation
2024-01-04 08:48:13,437 [ERROR] LogOutputStream:75 - [STDERR_REDIRECT] SLF4J: See http://www.slf4j.org/codes.html#StaticLoggerBinder for further details.
2024-01-04 12:08:50,474 [INFO] McuFinderGlobals:63 - Set McuFinder mode to 2 (CubeIDE integrated)
2024-01-04 12:08:50,500 [INFO] MainUpdater:2868 - connection check result : 10
2024-01-04 12:08:50,506 [INFO] MainUpdater:2868 - connection check result : 10
2024-01-04 12:08:50,687 [INFO] MicroXplorer:468 - Change Database Path : 
2024-01-04 12:08:50,687 [INFO] MicroXplorer:498 - Change Database Version : DB.6.0.90
2024-01-04 12:08:50,691 [WARN] ThirdParty:871 - waiting for thirdparty lock release [close project]
2024-01-04 12:08:50,691 [INFO] ThirdParty:873 - entering critical section [close project]
2024-01-04 12:08:50,693 [INFO] ThirdParty:883 - exiting critical section [close project]
2024-01-04 12:08:50,696 [INFO] PinOutPanel:1499 - setPackage(No Configuration,No Configuration)
2024-01-04 12:08:50,710 [INFO] UtilMem:75 - Begin LoadConfig() Used Memory: 499309656 Bytes (1048576000)
2024-01-04 12:08:50,713 [INFO] MicroXplorer:468 - Change Database Path : 
2024-01-04 12:08:50,714 [INFO] MicroXplorer:498 - Change Database Version : DB.6.0.90
2024-01-04 12:08:50,714 [INFO] OpenFileManager:308 - Change cursor
2024-01-04 12:08:50,771 [INFO] Mcu:1946 - Initializing MCU STM32F103C(8-B)Tx STM32F103C8Tx STM32F103C8T6
2024-01-04 12:08:51,979 [INFO] Context:659 - Trying to add GPIOservice into a context  which must be forbidden
2024-01-04 12:08:52,654 [INFO] RtosManager:555 - Registered RTOS mode: class=CMSIS, group=RTOS, mode=CMSIS_V1, owner=FREERTOS
2024-01-04 12:08:52,654 [INFO] RtosManager:555 - Registered RTOS mode: class=CMSIS, group=RTOS2, mode=CMSIS_V2, owner=FREERTOS
2024-01-04 12:08:52,654 [INFO] RtosManager:555 - Registered RTOS mode: class=RTOS, group=Core, mode=CMSIS_V1, owner=FREERTOS
2024-01-04 12:08:52,654 [INFO] RtosManager:555 - Registered RTOS mode: class=RTOS, group=Core, mode=CMSIS_V2, owner=FREERTOS
2024-01-04 12:08:52,654 [WARN] ModelIntegratedComponent:184 - Missing modes for component STMicroelectronics:FreeRTOS:0.0.1:STMicroelectronics:RTOS:FreeRTOS:Core:::10.2.0:
2024-01-04 12:08:52,674 [WARN] ModelIntegratedComponent:63 - No mode defined for component null
2024-01-04 12:08:52,675 [WARN] ModelIntegratedComponent:63 - No mode defined for component null
2024-01-04 12:08:52,675 [WARN] ModelIntegratedComponent:63 - No mode defined for component null
2024-01-04 12:08:52,675 [WARN] ModelIntegratedComponent:63 - No mode defined for component null
2024-01-04 12:08:52,675 [WARN] ModelIntegratedComponent:63 - No mode defined for component null
2024-01-04 12:08:52,675 [WARN] ModelIntegratedComponent:63 - No mode defined for component null
2024-01-04 12:08:52,675 [WARN] ModelIntegratedComponent:63 - No mode defined for component null
2024-01-04 12:08:52,675 [WARN] ModelIntegratedComponent:63 - No mode defined for component null
2024-01-04 12:08:52,675 [WARN] ModelIntegratedComponent:63 - No mode defined for component null
2024-01-04 12:08:52,675 [WARN] ModelIntegratedComponent:63 - No mode defined for component null
2024-01-04 12:08:52,675 [WARN] ModelIntegratedComponent:63 - No mode defined for component null
2024-01-04 12:08:52,675 [WARN] ModelIntegratedComponent:63 - No mode defined for component null
2024-01-04 12:08:52,675 [WARN] ModelIntegratedComponent:63 - No mode defined for component null
2024-01-04 12:08:52,676 [WARN] ModelIntegratedComponent:63 - No mode defined for component null
2024-01-04 12:08:52,676 [WARN] ModelIntegratedComponent:63 - No mode defined for component null
2024-01-04 12:08:52,676 [WARN] ModelIntegratedComponent:63 - No mode defined for component null
2024-01-04 12:08:52,676 [WARN] ModelIntegratedComponent:63 - No mode defined for component null
2024-01-04 12:08:52,677 [WARN] ModelIntegratedComponent:63 - No mode defined for component null
2024-01-04 12:08:52,677 [WARN] ModelIntegratedComponent:63 - No mode defined for component null
2024-01-04 12:08:52,677 [WARN] ModelIntegratedComponent:63 - No mode defined for component null
2024-01-04 12:08:52,677 [WARN] ModelIntegratedComponent:63 - No mode defined for component null
2024-01-04 12:08:52,677 [WARN] ModelIntegratedComponent:63 - No mode defined for component null
2024-01-04 12:08:52,677 [WARN] ModelIntegratedComponent:63 - No mode defined for component null
2024-01-04 12:08:52,677 [WARN] ModelIntegratedComponent:63 - No mode defined for component null
2024-01-04 12:08:52,677 [WARN] ModelIntegratedComponent:63 - No mode defined for component null
2024-01-04 12:08:52,677 [WARN] ModelIntegratedComponent:63 - No mode defined for component null
2024-01-04 12:08:52,677 [WARN] ModelIntegratedComponent:63 - No mode defined for component null
2024-01-04 12:08:52,677 [WARN] ModelIntegratedComponent:63 - No mode defined for component null
2024-01-04 12:08:52,678 [WARN] ModelIntegratedComponent:63 - No mode defined for component null
2024-01-04 12:08:52,678 [WARN] ModelIntegratedComponent:63 - No mode defined for component null
2024-01-04 12:08:52,678 [WARN] ModelIntegratedComponent:63 - No mode defined for component null
2024-01-04 12:08:52,678 [WARN] ModelIntegratedComponent:63 - No mode defined for component null
2024-01-04 12:08:52,678 [WARN] ModelIntegratedComponent:63 - No mode defined for component null
2024-01-04 12:08:52,826 [INFO] ThirdPartyModel:298 - Start build external matchings
2024-01-04 12:08:54,112 [INFO] ThirdPartyModel:316 - End build external matchings
2024-01-04 12:08:54,139 [INFO] ImportTextPane:194 - (OptionalMessage_ERROR) IP (RCC) : Invalid parameter (FamilyName)
2024-01-04 12:08:54,140 [INFO] ImportTextPane:194 - (OptionalMessage_ERROR) IP (RCC) : Parameter (USBFreq_Value) has invalid value (32000000)
2024-01-04 12:08:54,438 [INFO] UtilMem:75 - End LoadConfig() Used Memory: 729990848 Bytes (1052770304)
2024-01-04 12:08:54,604 [INFO] ApiDb:581 - Connected to CubeFinder SQLite database (C:\Users\ACER\.stmcufinder\plugins\mcufinder\mcu\cube-finder-db.db)
2024-01-04 12:08:54,694 [INFO] ApiDb:668 - CubeFinder database Data Model version=2.1
2024-01-04 12:08:54,694 [INFO] ApiDb:669 - CubeFinder database Configuration version=3.0.39
2024-01-04 12:08:54,696 [INFO] ApiDb:670 - CubeFinder database generation date=2023-12-08 (1702028721)
2024-01-04 12:08:54,696 [INFO] ApiDb:671 - CubeFinder database FW Pack versions=[FP-ATR-ASTRA1_V2.0.0, FP-SNS-FLIGHT1_V5.0.1, FP-SNS-FLIGHT1_V5.0.2, FP-SNS-MOTENV1_V4.3.1, FP-SNS-MOTENV1_V4.3.2, FP-SNS-MOTENVWB1_V1.3.1, FP-SNS-SMARTAG2_V1.2.0, STM32Cube_FW_C0_V1.1.0, STM32Cube_FW_F4_V1.28.0, STM32Cube_FW_F7_V1.17.0, STM32Cube_FW_G0_V1.6.1, STM32Cube_FW_G4_V1.5.1, STM32Cube_FW_H5_V0.5.1, STM32Cube_FW_H5_V1.1.1, STM32Cube_FW_H5_V1.2.0RC2, STM32Cube_FW_H7_V1.11.0, STM32Cube_FW_L0_V1.12.2, STM32Cube_FW_L5_V1.5.0, STM32Cube_FW_U5_V1.3.0RC4, STM32Cube_FW_U5_V1.4.0, STM32Cube_FW_WBA_V1.0.0RC1, STM32Cube_FW_WBA_V1.1.0RC1, STM32Cube_FW_WBA_V1.2.0, STM32Cube_FW_WBA_V1.2.0RC2, STM32Cube_FW_WB_V1.15.0RC1, STM32Cube_FW_WB_V1.16.0, STM32Cube_FW_WB_V1.16.0RC2, STM32Cube_FW_WB_V1.18.0, STM32Cube_FW_WL_V1.3.0, X-CUBE-ALGOBUILD_V1.3.0, X-CUBE-ALS_V1.0.1, X-CUBE-AZRTOS-F4_V1.1.0, X-CUBE-AZRTOS-F7_V1.1.0, X-CUBE-AZRTOS-G0_V1.1.0, X-CUBE-AZRTOS-G4_V2.0.0, X-CUBE-AZRTOS-H7_V3.1.0, X-CUBE-AZRTOS-L4_V1.0.0, X-CUBE-AZRTOS-L4_V2.0.0, X-CUBE-AZRTOS-L5_V1.1.0, X-CUBE-AZRTOS-WB_V2.0.0, X-CUBE-AZRTOS-WL_V2.0.0, X-CUBE-BLE1_V7.0.0, X-CUBE-BLE2_V3.3.0, X-CUBE-BLEMGR_V3.0.0, X-CUBE-EEPRMA1_V4.1.0, X-CUBE-EEPRMA1_V4.2.0, X-CUBE-FREERTOS_V1.1.0, X-CUBE-GNSS1_V6.0.0, X-CUBE-MEMS1_V10.0.0, X-CUBE-MEMS1_V9.1.0, X-CUBE-MEMS1_V9.4.0, X-CUBE-MEMS1_V9.6.0, X-CUBE-NFC4_V3.0.0, X-CUBE-NFC7_V1.0.1, X-CUBE-SFXS2LP1_V4.0.0, X-CUBE-SUBG2_V5.0.0, X-CUBE-TOF1_V3.4.0]
2024-01-04 12:08:57,303 [INFO] ApiDb:240 - Found 323 in-development CPN: [B-G473E-ZEST1S, B-WB1M-WPAN1, B-WL5M-SUBG1, NUCLEO-C031C6, NUCLEO-H503RB, NUCLEO-H563ZI, NUCLEO-U545RE-Q, NUCLEO-U5A5ZJ-Q, NUCLEO-WBA52CG, STEVAL-PROTEUS1, STEVAL-SMARTAG2, STEVAL-STWINBX1, STM320518-EVAL, STM32C0116-DK, STM32C011D6Y3TR, STM32C011D6Y6TR, STM32C011F4P3, STM32C011F4P6, STM32C011F4U3, STM32C011F4U6TR, STM32C011F6P3, STM32C011F6P6, STM32C011F6U3, STM32C011F6U6TR, STM32C011J4M3, STM32C011J4M6, STM32C011J6M3, STM32C011J6M6, STM32C0316-DK, STM32C031C4T3, STM32C031C4T6, STM32C031C4U3, STM32C031C4U6, STM32C031C6T3, STM32C031C6T6, STM32C031C6U3, STM32C031C6U6, STM32C031F4P3, STM32C031F4P6, STM32C031F6P3, STM32C031F6P6, STM32C031G4U3, STM32C031G4U6, STM32C031G6U3, STM32C031G6U6, STM32C031K4T3, STM32C031K4T6, STM32C031K4U3, STM32C031K4U6, STM32C031K6T3, STM32C031K6T6, STM32C031K6U3, STM32C031K6U6, STM32G071K8TXN, STM32G071K8UXN, STM32G081GBU6N, STM32G081KBT6N, STM32G081KBUXN, STM32G0B1CCT6N, STM32G0B1KCT6, STM32G0B1NEY6TR, STM32G0B1RCT6N, STM32G0C1CCT6, STM32G0C1CCT6N, STM32G0C1CCU6N, STM32G0C1CET6N, STM32G0C1CEU6N, STM32G0C1KCT6, STM32G0C1NEY6TR, STM32G0C1RCI6N, STM32G0C1RCT6N, STM32G0C1REI6N, STM32G0C1RET6N, STM32G0C1VCI6, STM32G0C1VEI6, STM32G471CCT6, STM32G471CCU6, STM32G471CET3, STM32G471CET6, STM32G471CEU3, STM32G471CEU6, STM32G471MCT6, STM32G471MET3, STM32G471MET6, STM32G471MEY6TR, STM32G471QCT6, STM32G471QET3, STM32G471RCT6, STM32G471RET3, STM32G471RET6, STM32G471VCH6, STM32G471VCI6, STM32G471VCT6, STM32G471VEH3, STM32G471VEH6, STM32G471VEI3, STM32G471VEI6, STM32G471VET3, STM32G471VET6, STM32G474CCT6, STM32H503CBT6, STM32H503CBU6, STM32H503EBY6TR, STM32H503KBU6, STM32H503RBT6, STM32H562AGI6, STM32H562AII6, STM32H562IGK6, STM32H562IGT6, STM32H562IIK6, STM32H562IIT6, STM32H562RGT6, STM32H562RGV6, STM32H562RIT6, STM32H562RIV6, STM32H562VGT6, STM32H562VIT6, STM32H562ZGT6, STM32H562ZIT6, STM32H563AGI6, STM32H563AII3Q, STM32H563AII6, STM32H563IGK6, STM32H563IGT6, STM32H563IIK3Q, STM32H563IIK6, STM32H563IIT3Q, STM32H563IIT6, STM32H563MIY3QTR, STM32H563RGT6, STM32H563RGV6, STM32H563RIT6, STM32H563RIV6, STM32H563VGT6, STM32H563VIT3Q, STM32H563VIT6, STM32H563ZGT6, STM32H563ZIT3Q, STM32H563ZIT6, STM32H573AII3Q, STM32H573AII6, STM32H573I-DK, STM32H573IIK3Q, STM32H573IIK6, STM32H573IIT3Q, STM32H573IIT6, STM32H573MIY3QTR, STM32H573RIT6, STM32H573RIV6, STM32H573VIT3Q, STM32H573VIT6, STM32H573ZIT3Q, STM32H573ZIT6, STM32L4R5QGI6STR, STM32MP131AAE3, STM32MP131AAF3, STM32MP131AAG3, STM32MP131CAE3, STM32MP131CAF3, STM32MP131CAG3, STM32MP131DAE7, STM32MP131DAF7, STM32MP131DAG7, STM32MP131FAE7, STM32MP131FAF7, STM32MP131FAG7, STM32MP133AAE3, STM32MP133AAF3, STM32MP133AAG3, STM32MP133CAE3, STM32MP133CAF3, STM32MP133CAG3, STM32MP133DAE7, STM32MP133DAF7, STM32MP133DAG7, STM32MP133FAE7, STM32MP133FAF7, STM32MP133FAG7, STM32MP135AAE3, STM32MP135AAF3, STM32MP135AAG3, STM32MP135CAE3, STM32MP135CAF3, STM32MP135CAG3, STM32MP135DAE7, STM32MP135DAF7, STM32MP135DAG7, STM32MP135F-DK, STM32MP135FAE7, STM32MP135FAF7, STM32MP135FAF7T, STM32MP135FAF7U, STM32MP135FAG7, STM32U535CBT6, STM32U535CBT6Q, STM32U535CBU6, STM32U535CBU6Q, STM32U535CCT6, STM32U535CCT6Q, STM32U535CCU6, STM32U535CCU6Q, STM32U535CET6, STM32U535CET6Q, STM32U535CEU6, STM32U535CEU6Q, STM32U535JEY6QTR, STM32U535NCY6QTR, STM32U535NEY6QTR, STM32U535RBI6, STM32U535RBI6Q, STM32U535RBT6, STM32U535RBT6Q, STM32U535RCI6, STM32U535RCI6Q, STM32U535RCT6, STM32U535RCT6Q, STM32U535REI6, STM32U535REI6Q, STM32U535RET6, STM32U535RET6Q, STM32U535VCI6, STM32U535VCI6Q, STM32U535VCT6, STM32U535VCT6Q, STM32U535VEI6, STM32U535VEI6Q, STM32U535VET6, STM32U535VET6Q, STM32U545CET6, STM32U545CET6Q, STM32U545CEU6, STM32U545CEU6Q, STM32U545JEY6QTR, STM32U545NEY6QTR, STM32U545REI6, STM32U545REI6Q, STM32U545RET6, STM32U545RET6Q, STM32U545VEI6, STM32U545VEI6Q, STM32U545VET6, STM32U545VET6Q, STM32U595AIH6, STM32U595AIH6Q, STM32U595AJH6, STM32U595AJH6Q, STM32U595QII6, STM32U595QII6Q, STM32U595QJI6, STM32U595QJI6Q, STM32U595RIT6, STM32U595RIT6Q, STM32U595RJT6, STM32U595RJT6Q, STM32U595VIT6, STM32U595VIT6Q, STM32U595VJT6, STM32U595VJT6Q, STM32U595ZIT6, STM32U595ZIT6Q, STM32U595ZIY6QTR, STM32U595ZJT6, STM32U595ZJT6Q, STM32U595ZJY6QTR, STM32U599BJY6QTR, STM32U599NIH6Q, STM32U599NJH6Q, STM32U599VIT6Q, STM32U599VJT6, STM32U599VJT6Q, STM32U599ZIT6Q, STM32U599ZIY6QTR, STM32U599ZJT6Q, STM32U599ZJY6QTR, STM32U5A5AJH6, STM32U5A5AJH6Q, STM32U5A5QJI6, STM32U5A5QJI6Q, STM32U5A5RJT6, STM32U5A5RJT6Q, STM32U5A5VJT6, STM32U5A5VJT6Q, STM32U5A5ZJT6, STM32U5A5ZJT6Q, STM32U5A5ZJY6QTR, STM32U5A9BJY6QTR, STM32U5A9J-DK, STM32U5A9NJH6Q, STM32U5A9VJT6Q, STM32U5A9ZJT6Q, STM32U5A9ZJY6QTR, STM32U5F7VIT6, STM32U5F7VIT6Q, STM32U5F7VJT6, STM32U5F7VJT6Q, STM32U5F9BJY6QTR, STM32U5F9NJH6Q, STM32U5F9VIT6Q, STM32U5F9VJT6Q, STM32U5F9ZIJ6QTR, STM32U5F9ZIT6Q, STM32U5F9ZJJ6QTR, STM32U5F9ZJT6Q, STM32U5G7VJT6, STM32U5G7VJT6Q, STM32U5G9BJY6QTR, STM32U5G9J-DK1, STM32U5G9J-DK2, STM32U5G9NJH6Q, STM32U5G9VJT6Q, STM32U5G9ZJJ6QTR, STM32U5G9ZJT6Q, STM32WB1MMCH6, STM32WBA52CEU6, STM32WBA52CEU6T, STM32WBA52CGU6, STM32WBA52CGU6T, STM32WBA52KEU6, STM32WBA52KEU6T, STM32WBA52KGU6, STM32WBA52KGU6T, STM32WL5MOCH6, STM32WL5MOCH6TR]
2024-01-04 12:08:57,307 [INFO] DbMcus:217 - Found 3882 MCUs, 3882 are supported
2024-01-04 12:08:57,308 [INFO] ApiDb:423 - Load user favorites file C:\Users\ACER/.stm32cubeide/favorites.mcus.txt: 0 item(s)
2024-01-04 12:08:57,308 [INFO] ApiDb:427 - User favorites MCUs=[]
2024-01-04 12:08:57,308 [INFO] DbMcus:223 - Set 0 / 0 favorites MCUs
2024-01-04 12:08:57,642 [WARN] ThirdParty:833 - waiting for thirdparty lock release [change project]
2024-01-04 12:08:57,642 [INFO] ThirdParty:835 - entering critical section [change project]
2024-01-04 12:08:57,642 [INFO] ThirdParty:1030 - CMSIS Pack Vendor :STMicroelectronics X-CUBE-ISPU 1.1.0
2024-01-04 12:08:57,642 [INFO] ThirdParty:1030 - CMSIS Pack Vendor :STMicroelectronics USBPD 4.1
2024-01-04 12:08:57,642 [INFO] ThirdParty:1030 - CMSIS Pack Vendor :RoweBots I-CUBE-UNISONRTOS 5.5.0-4
2024-01-04 12:08:57,642 [INFO] ThirdParty:1030 - CMSIS Pack Vendor :STMicroelectronics X-CUBE-GNSS1 6.0.0
2024-01-04 12:08:57,642 [INFO] ThirdParty:1030 - CMSIS Pack Vendor :STMicroelectronics USB_HOST 2.0.0
2024-01-04 12:08:57,642 [INFO] ThirdParty:1030 - CMSIS Pack Vendor :STMicroelectronics X-CUBE-AZRTOS-F4 1.1.0
2024-01-04 12:08:57,642 [INFO] ThirdParty:1030 - CMSIS Pack Vendor :STMicroelectronics LIBJPEG 8.0.0
2024-01-04 12:08:57,642 [INFO] ThirdParty:1030 - CMSIS Pack Vendor :STMicroelectronics X-CUBE-SMBUS 2.1.0
2024-01-04 12:08:57,642 [INFO] ThirdParty:1030 - CMSIS Pack Vendor :STMicroelectronics USB_DEVICE 3.0.0
2024-01-04 12:08:57,642 [INFO] ThirdParty:1030 - CMSIS Pack Vendor :STMicroelectronics X-CUBE-AZRTOS-WB 2.0.0
2024-01-04 12:08:57,643 [INFO] ThirdParty:1030 - CMSIS Pack Vendor :STMicroelectronics X-CUBE-FREERTOS 1.0.1
2024-01-04 12:08:57,643 [INFO] ThirdParty:1030 - CMSIS Pack Vendor :STMicroelectronics X-CUBE-TOUCHGFX 4.21.0
2024-01-04 12:08:57,643 [INFO] ThirdParty:1030 - CMSIS Pack Vendor :STMicroelectronics X-CUBE-TOUCHGFX 4.23.0
2024-01-04 12:08:57,643 [INFO] ThirdParty:1030 - CMSIS Pack Vendor :STMicroelectronics X-CUBE-AZRTOS-F7 1.1.0
2024-01-04 12:08:57,643 [INFO] ThirdParty:1030 - CMSIS Pack Vendor :STMicroelectronics X-CUBE-TOUCHGFX 4.21.4
2024-01-04 12:08:57,643 [INFO] ThirdParty:1030 - CMSIS Pack Vendor :STMicroelectronics X-CUBE-AZRTOS-L5 2.0.0
2024-01-04 12:08:57,643 [INFO] ThirdParty:1030 - CMSIS Pack Vendor :STMicroelectronics X-CUBE-MEMS1 9.4.0
2024-01-04 12:08:57,643 [INFO] ThirdParty:1030 - CMSIS Pack Vendor :STMicroelectronics USB_DEVICE 2.0.0
2024-01-04 12:08:57,643 [INFO] ThirdParty:1030 - CMSIS Pack Vendor :STMicroelectronics X-CUBE-AI 7.3.0
2024-01-04 12:08:57,643 [INFO] ThirdParty:1030 - CMSIS Pack Vendor :STMicroelectronics X-CUBE-MEMS1 9.6.0
2024-01-04 12:08:57,643 [INFO] ThirdParty:1030 - CMSIS Pack Vendor :STMicroelectronics X-CUBE-EEPRMA1 4.2.0
2024-01-04 12:08:57,643 [INFO] ThirdParty:1030 - CMSIS Pack Vendor :ITTIA_DB I-CUBE-ITTIADB 8.8.0
2024-01-04 12:08:57,643 [INFO] ThirdParty:1030 - CMSIS Pack Vendor :STMicroelectronics FP-SNS-MOTENV1 4.3.2
2024-01-04 12:08:57,643 [INFO] ThirdParty:1030 - CMSIS Pack Vendor :STMicroelectronics FP-SNS-MOTENV1 4.3.1
2024-01-04 12:08:57,643 [INFO] ThirdParty:1030 - CMSIS Pack Vendor :STMicroelectronics FP-SNS-FLIGHT1 5.0.1
2024-01-04 12:08:57,643 [INFO] ThirdParty:1030 - CMSIS Pack Vendor :STMicroelectronics X-CUBE-ALGOBUILD 1.3.0
2024-01-04 12:08:57,643 [INFO] ThirdParty:1030 - CMSIS Pack Vendor :STMicroelectronics X-CUBE-BLE1 6.2.4
2024-01-04 12:08:57,643 [INFO] ThirdParty:1030 - CMSIS Pack Vendor :STMicroelectronics X-CUBE-AZRTOS-L5 1.1.0
2024-01-04 12:08:57,643 [INFO] ThirdParty:1030 - CMSIS Pack Vendor :STMicroelectronics FreeRTOS 0.0.1
2024-01-04 12:08:57,643 [INFO] ThirdParty:1030 - CMSIS Pack Vendor :STMicroelectronics X-CUBE-AZRTOS-G0 1.1.0
2024-01-04 12:08:57,643 [INFO] ThirdParty:1030 - CMSIS Pack Vendor :emotas I-CUBE-CANOPEN 1.1.3
2024-01-04 12:08:57,643 [INFO] ThirdParty:1030 - CMSIS Pack Vendor :STMicroelectronics X-CUBE-BLEMGR 2.0.0
2024-01-04 12:08:57,644 [INFO] ThirdParty:1030 - CMSIS Pack Vendor :STMicroelectronics X-CUBE-AI 8.0.1
2024-01-04 12:08:57,644 [INFO] ThirdParty:1030 - CMSIS Pack Vendor :STMicroelectronics X-CUBE-NFC4 3.0.0
2024-01-04 12:08:57,644 [INFO] ThirdParty:1030 - CMSIS Pack Vendor :STMicroelectronics X-CUBE-SUBG2 5.0.0
2024-01-04 12:08:57,644 [INFO] ThirdParty:1030 - CMSIS Pack Vendor :STMicroelectronics STM32_WPAN 1.0.0
2024-01-04 12:08:57,644 [INFO] ThirdParty:1030 - CMSIS Pack Vendor :STMicroelectronics lwIP 2.0.3
2024-01-04 12:08:57,644 [INFO] ThirdParty:1030 - CMSIS Pack Vendor :STMicroelectronics FP-SNS-FLIGHT1 5.0.2
2024-01-04 12:08:57,644 [INFO] ThirdParty:1030 - CMSIS Pack Vendor :STMicroelectronics X-CUBE-NFC4 2.0.5
2024-01-04 12:08:57,644 [INFO] ThirdParty:1030 - CMSIS Pack Vendor :STMicroelectronics USB_HOST 1.0.0
2024-01-04 12:08:57,644 [INFO] ThirdParty:1030 - CMSIS Pack Vendor :STMicroelectronics X-CUBE-TOF1 3.3.1
2024-01-04 12:08:57,644 [INFO] ThirdParty:1030 - CMSIS Pack Vendor :STMicroelectronics X-CUBE-AZRTOS-G4 2.0.0
2024-01-04 12:08:57,644 [INFO] ThirdParty:1030 - CMSIS Pack Vendor :STMicroelectronics PDM2PCM 3.1.0
2024-01-04 12:08:57,644 [INFO] ThirdParty:1030 - CMSIS Pack Vendor :STMicroelectronics X-CUBE-AZRTOS-H7 3.1.0
2024-01-04 12:08:57,644 [INFO] ThirdParty:1030 - CMSIS Pack Vendor :STMicroelectronics X-CUBE-TOF1 3.3.0
2024-01-04 12:08:57,644 [INFO] ThirdParty:1030 - CMSIS Pack Vendor :STMicroelectronics FP-ATR-ASTRA1 1.1.1
2024-01-04 12:08:57,644 [INFO] ThirdParty:1030 - CMSIS Pack Vendor :Infineon AIROC-Wi-Fi-Bluetooth-STM32 1.5.1
2024-01-04 12:08:57,644 [INFO] ThirdParty:1030 - CMSIS Pack Vendor :STMicroelectronics X-CUBE-BLEMGR 3.0.0
2024-01-04 12:08:57,644 [INFO] ThirdParty:1030 - CMSIS Pack Vendor :STMicroelectronics PDM2PCM 3.3.0
2024-01-04 12:08:57,644 [INFO] ThirdParty:1030 - CMSIS Pack Vendor :STMicroelectronics X-CUBE-DISPLAY 3.0.0
2024-01-04 12:08:57,644 [INFO] ThirdParty:1030 - CMSIS Pack Vendor :STMicroelectronics X-CUBE-BLEMGR 1.3.0
2024-01-04 12:08:57,644 [INFO] ThirdParty:1030 - CMSIS Pack Vendor :STMicroelectronics FP-SNS-MOTENVWB1 1.3.0
2024-01-04 12:08:57,644 [INFO] ThirdParty:1030 - CMSIS Pack Vendor :STMicroelectronics FP-SNS-MOTENVWB1 1.3.1
2024-01-04 12:08:57,644 [INFO] ThirdParty:1030 - CMSIS Pack Vendor :STMicroelectronics X-CUBE-BLE1 7.0.0
2024-01-04 12:08:57,644 [INFO] ThirdParty:1030 - CMSIS Pack Vendor :STMicroelectronics FP-ATR-SIGFOX1 3.2.0
2024-01-04 12:08:57,644 [INFO] ThirdParty:1030 - CMSIS Pack Vendor :STMicroelectronics X-CUBE-AZRTOS-G4 1.0.0
2024-01-04 12:08:57,645 [INFO] ThirdParty:1030 - CMSIS Pack Vendor :wolfSSL I-CUBE-wolfSSL 5.5.4
2024-01-04 12:08:57,645 [INFO] ThirdParty:1030 - CMSIS Pack Vendor :STMicroelectronics X-CUBE-AZRTOS-L4 1.0.0
2024-01-04 12:08:57,645 [INFO] ThirdParty:1030 - CMSIS Pack Vendor :STMicroelectronics X-CUBE-ISPU 2.0.0
2024-01-04 12:08:57,645 [INFO] ThirdParty:1030 - CMSIS Pack Vendor :STMicroelectronics HAL Drivers 0.0.0
2024-01-04 12:08:57,645 [INFO] ThirdParty:1030 - CMSIS Pack Vendor :STMicroelectronics MBEDTLS 2.16.2
2024-01-04 12:08:57,645 [INFO] ThirdParty:1030 - CMSIS Pack Vendor :STMicroelectronics X-CUBE-MEMS1 10.0.0
2024-01-04 12:08:57,645 [INFO] ThirdParty:1030 - CMSIS Pack Vendor :STMicroelectronics X-CUBE-FREERTOS 1.1.0
2024-01-04 12:08:57,645 [INFO] ThirdParty:1030 - CMSIS Pack Vendor :STMicroelectronics X-CUBE-TOUCHGFX 4.22.0
2024-01-04 12:08:57,645 [INFO] ThirdParty:1030 - CMSIS Pack Vendor :STMicroelectronics X-CUBE-NFC7 1.0.1
2024-01-04 12:08:57,645 [INFO] ThirdParty:1030 - CMSIS Pack Vendor :STMicroelectronics MBEDTLS 2.14.1
2024-01-04 12:08:57,645 [INFO] ThirdParty:1030 - CMSIS Pack Vendor :STMicroelectronics X-CUBE-NFC7 1.0.0
2024-01-04 12:08:57,645 [INFO] ThirdParty:1030 - CMSIS Pack Vendor :STMicroelectronics X-CUBE-TOUCHGFX 4.22.1
2024-01-04 12:08:57,645 [INFO] ThirdParty:1030 - CMSIS Pack Vendor :STMicroelectronics X-CUBE-AZRTOS-WL 1.0.0
2024-01-04 12:08:57,645 [INFO] ThirdParty:1030 - CMSIS Pack Vendor :STMicroelectronics X-CUBE-NFC6 3.0.0
2024-01-04 12:08:57,645 [INFO] ThirdParty:1030 - CMSIS Pack Vendor :STMicroelectronics X-CUBE-EEPRMA1 4.1.0
2024-01-04 12:08:57,645 [INFO] ThirdParty:1030 - CMSIS Pack Vendor :portGmbH I-Cube-SoM-uGOAL 1.1.0
2024-01-04 12:08:57,645 [INFO] ThirdParty:1030 - CMSIS Pack Vendor :STMicroelectronics X-CUBE-ALS 1.0.1
2024-01-04 12:08:57,646 [INFO] ThirdParty:1030 - CMSIS Pack Vendor :STMicroelectronics ThreadX 1.0.0
2024-01-04 12:08:57,646 [INFO] ThirdParty:1030 - CMSIS Pack Vendor :STMicroelectronics FP-SNS-SMARTAG2 1.2.0
2024-01-04 12:08:57,646 [INFO] ThirdParty:1030 - CMSIS Pack Vendor :STMicroelectronics X-CUBE-AZRTOS-WB 1.1.0
2024-01-04 12:08:57,646 [INFO] ThirdParty:1030 - CMSIS Pack Vendor :STMicroelectronics X-CUBE-AZRTOS-WL 2.0.0
2024-01-04 12:08:57,646 [INFO] ThirdParty:1030 - CMSIS Pack Vendor :SEGGER I-CUBE-embOS 1.3.1
2024-01-04 12:08:57,646 [INFO] ThirdParty:1030 - CMSIS Pack Vendor :STMicroelectronics USB_DEVICE 1.0.0
2024-01-04 12:08:57,646 [INFO] ThirdParty:1030 - CMSIS Pack Vendor :STMicroelectronics X-CUBE-AI 8.1.0
2024-01-04 12:08:57,646 [INFO] ThirdParty:1030 - CMSIS Pack Vendor :SEGGER I-CUBE-embOS 1.3.0
2024-01-04 12:08:57,646 [INFO] ThirdParty:1030 - CMSIS Pack Vendor :STMicroelectronics X-CUBE-AZRTOS-L4 2.0.0
2024-01-04 12:08:57,646 [INFO] ThirdParty:1030 - CMSIS Pack Vendor :STMicroelectronics ThreadX 0.0.2
2024-01-04 12:08:57,646 [INFO] ThirdParty:1030 - CMSIS Pack Vendor :WES I-CUBE-Cesium 1.3.0
2024-01-04 12:08:57,646 [INFO] ThirdParty:1030 - CMSIS Pack Vendor :STMicroelectronics FP-ATR-ASTRA1 2.0.0
2024-01-04 12:08:57,646 [INFO] ThirdParty:1030 - CMSIS Pack Vendor :STMicroelectronics lwIP 2.1.2
2024-01-04 12:08:57,646 [INFO] ThirdParty:1030 - CMSIS Pack Vendor :STMicroelectronics X-CUBE-SFXS2LP1 4.0.0
2024-01-04 12:08:57,646 [INFO] ThirdParty:1030 - CMSIS Pack Vendor :STMicroelectronics X-CUBE-BLE2 3.3.0
2024-01-04 12:08:57,646 [INFO] ThirdParty:1030 - CMSIS Pack Vendor :STMicroelectronics X-CUBE-TOF1 3.4.0
2024-01-04 12:08:57,646 [INFO] ThirdParty:1030 - CMSIS Pack Vendor :STMicroelectronics X-CUBE-DISPLAY 2.2.0
2024-01-04 12:08:57,646 [INFO] ThirdParty:1030 - CMSIS Pack Vendor :STMicroelectronics X-CUBE-TOF1 3.2.0
2024-01-04 12:08:57,646 [INFO] ThirdParty:1030 - CMSIS Pack Vendor :STMicroelectronics X-CUBE-AZRTOS-H7 3.2.0
2024-01-04 12:08:57,646 [INFO] ThirdParty:1030 - CMSIS Pack Vendor :STMicroelectronics PDM2PCM 3.2.0
2024-01-04 12:08:57,646 [INFO] ThirdParty:1030 - CMSIS Pack Vendor :STMicroelectronics X-CUBE-AZRTOS-H7 3.0.0
2024-01-04 12:08:57,647 [INFO] ThirdParty:841 - exiting critical section [change project]
2024-01-04 12:08:58,011 [INFO] PinOutPanel:1499 - setPackage(No Configuration,No Configuration)
2024-01-04 12:08:58,013 [INFO] PinOutPanel:1499 - setPackage(STM32F103C8Tx,LQFP48)
2024-01-04 12:08:58,691 [INFO] UtilMem:75 - Before build in PCC Used Memory: 585784192 Bytes (1052770304)
2024-01-04 12:08:59,713 [INFO] UtilMem:75 - After build in PCC Used Memory: 685188864 Bytes (1052770304)
2024-01-04 12:08:59,745 [INFO] IPUIPlugin:80 - create IPUIPlugin
2024-01-04 12:08:59,745 [INFO] IPUIPlugin:80 - create IPUIPlugin
2024-01-04 12:08:59,745 [INFO] IPUIPlugin:80 - create IPUIPlugin
2024-01-04 12:08:59,746 [INFO] IPUIPlugin:80 - create IPUIPlugin
2024-01-04 12:08:59,746 [INFO] IPUIPlugin:80 - create IPUIPlugin
2024-01-04 12:08:59,746 [INFO] IPUIPlugin:80 - create IPUIPlugin
2024-01-04 12:08:59,746 [INFO] IPUIPlugin:80 - create IPUIPlugin
2024-01-04 12:08:59,746 [INFO] IPUIPlugin:80 - create IPUIPlugin
2024-01-04 12:08:59,747 [INFO] IPUIPlugin:80 - create IPUIPlugin
2024-01-04 12:08:59,747 [INFO] IPUIPlugin:80 - create IPUIPlugin
2024-01-04 12:08:59,747 [INFO] IPUIPlugin:80 - create IPUIPlugin
2024-01-04 12:08:59,747 [INFO] IPUIPlugin:80 - create IPUIPlugin
2024-01-04 12:08:59,747 [INFO] IPUIPlugin:80 - create IPUIPlugin
2024-01-04 12:08:59,748 [INFO] IPUIPlugin:80 - create IPUIPlugin
2024-01-04 12:08:59,748 [INFO] IPUIPlugin:80 - create IPUIPlugin
2024-01-04 12:08:59,748 [INFO] IPUIPlugin:80 - create IPUIPlugin
2024-01-04 12:08:59,749 [INFO] IPUIPlugin:80 - create IPUIPlugin
2024-01-04 12:08:59,749 [INFO] IPUIPlugin:80 - create IPUIPlugin
2024-01-04 12:08:59,750 [INFO] IPUIPlugin:80 - create IPUIPlugin
2024-01-04 12:08:59,750 [INFO] IPUIPlugin:80 - create IPUIPlugin
2024-01-04 12:08:59,751 [INFO] IPUIPlugin:80 - create IPUIPlugin
2024-01-04 12:08:59,751 [INFO] IPUIPlugin:80 - create IPUIPlugin
2024-01-04 12:08:59,751 [INFO] IPUIPlugin:80 - create IPUIPlugin
2024-01-04 12:08:59,752 [INFO] IPUIPlugin:80 - create IPUIPlugin
2024-01-04 12:08:59,752 [INFO] IPUIPlugin:80 - create IPUIPlugin
2024-01-04 12:08:59,752 [INFO] IPUIPlugin:80 - create IPUIPlugin
2024-01-04 12:08:59,753 [INFO] IPUIPlugin:80 - create IPUIPlugin
2024-01-04 12:08:59,767 [WARN] IP:2114 - I2C_Coeff_DF not found: check if there is a RefParameter without a condition.
2024-01-04 12:08:59,767 [WARN] IP:2114 - Analog_Filter not found: check if there is a RefParameter without a condition.
2024-01-04 12:09:00,038 [INFO] CADModel:165 - CPN selected for project levelSTM32F103C8T6
2024-01-04 12:09:00,038 [INFO] CADModel:114 - Register for checkConnection events
2024-01-04 12:09:00,093 [INFO] OpenFileManager:328 - Restore cursor
2024-01-04 12:09:00,317 [WARN] IP:2114 - I2C_Coeff_DF not found: check if there is a RefParameter without a condition.
2024-01-04 12:09:00,318 [WARN] IP:2114 - Analog_Filter not found: check if there is a RefParameter without a condition.
2024-01-04 12:09:00,319 [WARN] IP:2114 - I2C_Coeff_DF not found: check if there is a RefParameter without a condition.
2024-01-04 12:09:00,319 [WARN] IP:2114 - Analog_Filter not found: check if there is a RefParameter without a condition.
