2023-08-19 22:48:23,193 [INFO] Activator:176 - 


2023-08-19 22:48:23,207 [INFO] Activator:177 - !SESSION log4j initialized
2023-08-19 22:48:35,229 [INFO] LogOutputStream:77 - [STDOUT_REDIRECT] 
2023-08-19 22:48:42,551 [INFO] ApplicationProperties:184 - Using Application install path: C:\ST\STM32CubeIDE_1.13.0\STM32CubeIDE\plugins\com.st.stm32cube.common.mx_6.9.0.202307051724
2023-08-19 22:48:42,581 [INFO] DbMcusXml:78 - Set database path to: C:\ST\STM32CubeIDE_1.13.0\STM32CubeIDE\plugins\com.st.stm32cube.common.mx_6.9.0.202307051724\\db\/mcu/
2023-08-19 22:48:42,581 [INFO] ApiDb:274 - Set plugin database path to: C:\ST\STM32CubeIDE_1.13.0\STM32CubeIDE\plugins\com.st.stm32cube.common.mx_6.9.0.202307051724\\db\/plugins/boardmanager/
2023-08-19 22:48:42,583 [WARN] ApiDb:259 - Overriding images path with different value:  => C:\ST\STM32CubeIDE_1.13.0\STM32CubeIDE\plugins\com.st.stm32cube.common.mx_6.9.0.202307051724\\db\/plugins/mcufinder/images/
2023-08-19 22:48:42,618 [INFO] ApiDb:250 - Set database path to: C:\Users\ACER\.stmcufinder\plugins\mcufinder//mcu/
2023-08-19 22:48:42,620 [INFO] DbMcusAds:125 - Set database path to: C:\Users\ACER\.stmcufinder\plugins\mcufinder//mcu/
2023-08-19 22:48:42,623 [INFO] CrossReferenceDbSqlite:203 - Set database path to: C:\Users\ACER\.stmcufinder\plugins\mcufinder//mcu/cs/
2023-08-19 22:48:42,784 [INFO] RulesReader:64 - Compatibility file has been processed (293 Rules)
2023-08-19 22:48:42,971 [INFO] DbMcusXml:78 - Set database path to: C:\ST\STM32CubeIDE_1.13.0\STM32CubeIDE\plugins\com.st.stm32cube.common.mx_6.9.0.202307051724\\db\/mcu/
2023-08-19 22:48:42,971 [INFO] ApiDb:274 - Set plugin database path to: C:\ST\STM32CubeIDE_1.13.0\STM32CubeIDE\plugins\com.st.stm32cube.common.mx_6.9.0.202307051724\\db\/plugins/boardmanager/
2023-08-19 22:48:42,971 [INFO] ApiDb:261 - Set plugin images path to: C:\ST\STM32CubeIDE_1.13.0\STM32CubeIDE\plugins\com.st.stm32cube.common.mx_6.9.0.202307051724\\db\/plugins/mcufinder/images/
2023-08-19 22:48:42,972 [WARN] DbFile:41 - Overriding database path with different value: C:\Users\ACER\.stmcufinder\plugins\mcufinder/ => C:\Users\ACER\.stmcufinder\plugins\mcufinder
2023-08-19 22:48:42,972 [INFO] ApiDb:250 - Set database path to: C:\Users\ACER\.stmcufinder\plugins\mcufinder//mcu/
2023-08-19 22:48:42,972 [WARN] DbFile:41 - Overriding database path with different value: C:\Users\ACER\.stmcufinder\plugins\mcufinder/ => C:\Users\ACER\.stmcufinder\plugins\mcufinder
2023-08-19 22:48:42,973 [INFO] DbMcusAds:125 - Set database path to: C:\Users\ACER\.stmcufinder\plugins\mcufinder//mcu/
2023-08-19 22:48:42,973 [WARN] DbFile:41 - Overriding database path with different value: C:\Users\ACER\.stmcufinder\plugins\mcufinder/ => C:\Users\ACER\.stmcufinder\plugins\mcufinder
2023-08-19 22:48:42,973 [WARN] DbFile:41 - Overriding database path with different value: C:\Users\ACER\.stmcufinder\plugins\mcufinder/ => C:\Users\ACER\.stmcufinder\plugins\mcufinder
2023-08-19 22:48:42,973 [INFO] CrossReferenceDbSqlite:203 - Set database path to: C:\Users\ACER\.stmcufinder\plugins\mcufinder//mcu/cs/
2023-08-19 22:48:43,118 [INFO] MainPanel:262 - HeapMemory: 268435456
2023-08-19 22:48:43,304 [INFO] DbMcusXml:78 - Set database path to: C:\ST\STM32CubeIDE_1.13.0\STM32CubeIDE\plugins\com.st.stm32cube.common.mx_6.9.0.202307051724\\db\/mcu/
2023-08-19 22:48:43,305 [INFO] ApiDb:274 - Set plugin database path to: C:\ST\STM32CubeIDE_1.13.0\STM32CubeIDE\plugins\com.st.stm32cube.common.mx_6.9.0.202307051724\\db\/plugins/boardmanager/
2023-08-19 22:48:43,305 [INFO] ApiDb:261 - Set plugin images path to: C:\ST\STM32CubeIDE_1.13.0\STM32CubeIDE\plugins\com.st.stm32cube.common.mx_6.9.0.202307051724\\db\/plugins/mcufinder/images/
2023-08-19 22:48:43,307 [WARN] DbFile:41 - Overriding database path with different value: C:\Users\ACER\.stmcufinder\plugins\mcufinder/ => C:\Users\ACER\.stmcufinder\plugins\mcufinder
2023-08-19 22:48:43,307 [INFO] ApiDb:250 - Set database path to: C:\Users\ACER\.stmcufinder\plugins\mcufinder//mcu/
2023-08-19 22:48:43,308 [WARN] DbFile:41 - Overriding database path with different value: C:\Users\ACER\.stmcufinder\plugins\mcufinder/ => C:\Users\ACER\.stmcufinder\plugins\mcufinder
2023-08-19 22:48:43,308 [INFO] DbMcusAds:125 - Set database path to: C:\Users\ACER\.stmcufinder\plugins\mcufinder//mcu/
2023-08-19 22:48:43,308 [WARN] DbFile:41 - Overriding database path with different value: C:\Users\ACER\.stmcufinder\plugins\mcufinder/ => C:\Users\ACER\.stmcufinder\plugins\mcufinder
2023-08-19 22:48:43,309 [WARN] DbFile:41 - Overriding database path with different value: C:\Users\ACER\.stmcufinder\plugins\mcufinder/ => C:\Users\ACER\.stmcufinder\plugins\mcufinder
2023-08-19 22:48:43,309 [INFO] CrossReferenceDbSqlite:203 - Set database path to: C:\Users\ACER\.stmcufinder\plugins\mcufinder//mcu/cs/
2023-08-19 22:48:43,347 [INFO] ApplicationProperties:184 - Using Application install path: C:\ST\STM32CubeIDE_1.13.0\STM32CubeIDE\plugins\com.st.stm32cube.common.mx_6.9.0.202307051724
2023-08-19 22:48:43,350 [INFO] PluginManage:196 - Search for loadable plugins [exclusion list=, ]
2023-08-19 22:48:43,353 [INFO] PluginManage:310 - Check plugin analytics
2023-08-19 22:48:43,601 [INFO] AnalyticsPlugin:253 - Accepted Software Licenses: 
2023-08-19 22:48:43,601 [INFO] AnalyticsPlugin:255 - Accepted CMSIS Pack Licenses: 
2023-08-19 22:48:43,601 [INFO] AnalyticsPlugin:257 - Accepted Firmware Licenses: FW.WB.1.17.0
2023-08-19 22:48:43,606 [INFO] PluginManage:359 - Loaded plugin analytics (category:tool,tabindex:-1)
2023-08-19 22:48:43,606 [INFO] PluginManage:310 - Check plugin cadmodel
2023-08-19 22:48:43,624 [INFO] CADModel:105 - Init CAD model plugin
2023-08-19 22:48:43,624 [INFO] PluginManage:359 - Loaded plugin cadmodel (category:power,tabindex:5)
2023-08-19 22:48:43,625 [INFO] PluginManage:310 - Check plugin clock
2023-08-19 22:48:43,649 [INFO] PluginManage:359 - Loaded plugin clock (category:base,tabindex:2)
2023-08-19 22:48:43,650 [INFO] PluginManage:310 - Check plugin ddr
2023-08-19 22:48:43,656 [INFO] PluginManage:359 - Loaded plugin ddr (category:tool,tabindex:6)
2023-08-19 22:48:43,656 [INFO] PluginManage:310 - Check plugin filemanager
2023-08-19 22:48:43,909 [INFO] PluginManage:359 - Loaded plugin filemanager (category:base,tabindex:10)
2023-08-19 22:48:43,909 [INFO] PluginManage:310 - Check plugin ipmanager
2023-08-19 22:48:43,922 [INFO] PluginManage:359 - Loaded plugin ipmanager (category:base,tabindex:5)
2023-08-19 22:48:43,922 [INFO] PluginManage:310 - Check plugin lpbam
2023-08-19 22:48:43,948 [INFO] PluginManage:359 - Loaded plugin lpbam (category:base,tabindex:0)
2023-08-19 22:48:43,948 [INFO] PluginManage:310 - Check plugin memorymap
2023-08-19 22:48:43,981 [INFO] PluginManage:359 - Loaded plugin memorymap (category:base,tabindex:4)
2023-08-19 22:48:43,982 [INFO] PluginManage:310 - Check plugin pinoutandconfiguration
2023-08-19 22:48:44,003 [INFO] PluginManage:359 - Loaded plugin pinoutandconfiguration (category:base,tabindex:1)
2023-08-19 22:48:44,003 [INFO] PluginManage:310 - Check plugin pinoutconfig
2023-08-19 22:48:44,163 [WARN] SupportedApi:132 - Cannot load RTOS API schema: s4s-elt-must-match.1: The content of 'definitions' must match (annotation?, (simpleType | complexType)?, (unique | key | keyref)*)). A problem was found starting at: attribute.
2023-08-19 22:48:44,375 [INFO] PluginManage:359 - Loaded plugin pinoutconfig (category:base,tabindex:0)
2023-08-19 22:48:44,375 [INFO] PluginManage:310 - Check plugin power
2023-08-19 22:48:44,401 [INFO] PluginManage:359 - Loaded plugin power (category:power,tabindex:4)
2023-08-19 22:48:44,401 [INFO] PluginManage:310 - Check plugin projectmanager
2023-08-19 22:48:44,424 [INFO] PluginManage:359 - Loaded plugin projectmanager (category:projectmanager,tabindex:3)
2023-08-19 22:48:44,424 [INFO] PluginManage:310 - Check plugin thirdparty
2023-08-19 22:48:44,801 [INFO] PluginManage:359 - Loaded plugin thirdparty (category:base,tabindex:-1)
2023-08-19 22:48:44,801 [WARN] IntegrityCheckThread:84 - waiting for thirdparty lock release [integrity check]
2023-08-19 22:48:44,801 [INFO] PluginManage:310 - Check plugin tools
2023-08-19 22:48:44,801 [INFO] IntegrityCheckThread:86 - entering critical section [integrity check]
2023-08-19 22:48:44,802 [INFO] ThirdPartyUpdaterWithRetryManager:70 - Updater plugin not ready yet. [1/15]
2023-08-19 22:48:44,845 [INFO] PluginManage:359 - Loaded plugin tools (category:base,tabindex:7)
2023-08-19 22:48:44,845 [INFO] PluginManage:310 - Check plugin tutovideos
2023-08-19 22:48:45,210 [INFO] PluginManage:359 - Loaded plugin tutovideos (category:base,tabindex:-1)
2023-08-19 22:48:45,210 [INFO] PluginManage:310 - Check plugin updater
2023-08-19 22:48:45,228 [INFO] PluginManage:359 - Loaded plugin updater (category:base,tabindex:12)
2023-08-19 22:48:45,229 [INFO] PluginManage:310 - Check plugin userauth
2023-08-19 22:48:45,240 [INFO] UserAuth:113 - Init User Auth plugin
2023-08-19 22:48:45,240 [INFO] PluginManage:359 - Loaded plugin userauth (category:base,tabindex:14)
2023-08-19 22:48:45,241 [INFO] PluginManage:283 - PluginManage : Loaded plugins [17]
2023-08-19 22:48:45,692 [INFO] PinOutPanel:1499 - setPackage(No Configuration,No Configuration)
2023-08-19 22:48:45,897 [INFO] CADModel:165 - CPN selected for project level
2023-08-19 22:48:45,898 [INFO] CADModel:114 - Register for checkConnection events
2023-08-19 22:48:45,932 [INFO] IPUIPlugin:80 - create IPUIPlugin
2023-08-19 22:48:45,932 [INFO] PluginManager:220 - loadIPPluginJar : add adc
2023-08-19 22:48:45,968 [INFO] IPUIPlugin:80 - create IPUIPlugin
2023-08-19 22:48:45,969 [INFO] PluginManager:220 - loadIPPluginJar : add aes
2023-08-19 22:48:46,012 [INFO] IPUIPlugin:80 - create IPUIPlugin
2023-08-19 22:48:46,012 [INFO] PluginManager:220 - loadIPPluginJar : add can
2023-08-19 22:48:46,035 [INFO] IPUIPlugin:80 - create IPUIPlugin
2023-08-19 22:48:46,036 [INFO] PluginManager:220 - loadIPPluginJar : add comp
2023-08-19 22:48:46,070 [INFO] IPUIPlugin:80 - create IPUIPlugin
2023-08-19 22:48:46,070 [INFO] PluginManager:220 - loadIPPluginJar : add cryp
2023-08-19 22:48:46,122 [INFO] IPUIPlugin:80 - create IPUIPlugin
2023-08-19 22:48:46,122 [INFO] PluginManager:220 - loadIPPluginJar : add dfsdm
2023-08-19 22:48:46,150 [INFO] IPUIPlugin:80 - create IPUIPlugin
2023-08-19 22:48:46,151 [INFO] PluginManager:220 - loadIPPluginJar : add dma
2023-08-19 22:48:46,196 [INFO] IPUIPlugin:80 - create IPUIPlugin
2023-08-19 22:48:46,196 [INFO] PluginManager:220 - loadIPPluginJar : add dma3
2023-08-19 22:48:46,221 [INFO] IPUIPlugin:80 - create IPUIPlugin
2023-08-19 22:48:46,221 [INFO] PluginManager:220 - loadIPPluginJar : add fatfs
2023-08-19 22:48:46,289 [INFO] IPUIPlugin:80 - create IPUIPlugin
2023-08-19 22:48:46,289 [INFO] PluginManager:220 - loadIPPluginJar : add fmc
2023-08-19 22:48:46,327 [INFO] IPUIPlugin:80 - create IPUIPlugin
2023-08-19 22:48:46,327 [INFO] PluginManager:220 - loadIPPluginJar : add freertos
2023-08-19 22:48:46,347 [INFO] IPUIPlugin:80 - create IPUIPlugin
2023-08-19 22:48:46,347 [INFO] PluginManager:220 - loadIPPluginJar : add genericplugin
2023-08-19 22:48:46,483 [INFO] IPUIPlugin:80 - create IPUIPlugin
2023-08-19 22:48:46,483 [INFO] PluginManager:220 - loadIPPluginJar : add gfxmmu
2023-08-19 22:48:46,616 [INFO] IPUIPlugin:80 - create IPUIPlugin
2023-08-19 22:48:46,616 [INFO] PluginManager:220 - loadIPPluginJar : add gic
2023-08-19 22:48:46,652 [INFO] IPUIPlugin:80 - create IPUIPlugin
2023-08-19 22:48:46,652 [INFO] PluginManager:220 - loadIPPluginJar : add gpio
2023-08-19 22:48:46,765 [INFO] IPUIPlugin:80 - create IPUIPlugin
2023-08-19 22:48:46,766 [INFO] PluginManager:220 - loadIPPluginJar : add gtzc
2023-08-19 22:48:46,810 [INFO] IPUIPlugin:80 - create IPUIPlugin
2023-08-19 22:48:46,810 [INFO] PluginManager:220 - loadIPPluginJar : add hash
2023-08-19 22:48:46,888 [INFO] IPUIPlugin:80 - create IPUIPlugin
2023-08-19 22:48:46,889 [INFO] PluginManager:220 - loadIPPluginJar : add i2c
2023-08-19 22:48:46,985 [INFO] IPUIPlugin:80 - create IPUIPlugin
2023-08-19 22:48:46,985 [INFO] PluginManager:220 - loadIPPluginJar : add i2s
2023-08-19 22:48:47,063 [INFO] IPUIPlugin:80 - create IPUIPlugin
2023-08-19 22:48:47,064 [INFO] PluginManager:220 - loadIPPluginJar : add i3c
2023-08-19 22:48:47,178 [INFO] IPUIPlugin:80 - create IPUIPlugin
2023-08-19 22:48:47,179 [INFO] PluginManager:220 - loadIPPluginJar : add ipddr
2023-08-19 22:48:47,288 [INFO] IPUIPlugin:80 - create IPUIPlugin
2023-08-19 22:48:47,288 [INFO] PluginManager:220 - loadIPPluginJar : add linkedlist
2023-08-19 22:48:47,325 [INFO] IPUIPlugin:80 - create IPUIPlugin
2023-08-19 22:48:47,325 [INFO] PluginManager:220 - loadIPPluginJar : add lorawan
2023-08-19 22:48:47,362 [INFO] IPUIPlugin:80 - create IPUIPlugin
2023-08-19 22:48:47,363 [INFO] PluginManager:220 - loadIPPluginJar : add ltdc
2023-08-19 22:48:47,378 [INFO] IPUIPlugin:80 - create IPUIPlugin
2023-08-19 22:48:47,379 [INFO] PluginManager:220 - loadIPPluginJar : add mdma
2023-08-19 22:48:47,392 [INFO] IPUIPlugin:80 - create IPUIPlugin
2023-08-19 22:48:47,393 [INFO] PluginManager:220 - loadIPPluginJar : add nvic
2023-08-19 22:48:47,430 [INFO] IPUIPlugin:80 - create IPUIPlugin
2023-08-19 22:48:47,430 [INFO] PluginManager:220 - loadIPPluginJar : add opamp
2023-08-19 22:48:47,492 [INFO] IPUIPlugin:80 - create IPUIPlugin
2023-08-19 22:48:47,493 [INFO] PluginManager:220 - loadIPPluginJar : add openamp
2023-08-19 22:48:47,542 [INFO] IPUIPlugin:80 - create IPUIPlugin
2023-08-19 22:48:47,542 [INFO] PluginManager:220 - loadIPPluginJar : add pdm2pcm
2023-08-19 22:48:47,562 [INFO] IPUIPlugin:80 - create IPUIPlugin
2023-08-19 22:48:47,567 [INFO] PluginManager:220 - loadIPPluginJar : add plateformsettings
2023-08-19 22:48:47,589 [INFO] IPUIPlugin:80 - create IPUIPlugin
2023-08-19 22:48:47,589 [INFO] PluginManager:220 - loadIPPluginJar : add quadspi
2023-08-19 22:48:47,604 [INFO] IPUIPlugin:80 - create IPUIPlugin
2023-08-19 22:48:47,604 [INFO] PluginManager:220 - loadIPPluginJar : add resmgrutility
2023-08-19 22:48:47,657 [INFO] IPUIPlugin:80 - create IPUIPlugin
2023-08-19 22:48:47,658 [INFO] PluginManager:220 - loadIPPluginJar : add sai
2023-08-19 22:48:47,697 [INFO] IPUIPlugin:80 - create IPUIPlugin
2023-08-19 22:48:47,697 [INFO] PluginManager:220 - loadIPPluginJar : add spi
2023-08-19 22:48:47,779 [INFO] IPUIPlugin:80 - create IPUIPlugin
2023-08-19 22:48:47,779 [INFO] PluginManager:220 - loadIPPluginJar : add stm32_wpan
2023-08-19 22:48:47,803 [INFO] ThirdPartyUpdaterWithRetryManager:70 - Updater plugin not ready yet. [2/15]
2023-08-19 22:48:47,827 [INFO] IPUIPlugin:80 - create IPUIPlugin
2023-08-19 22:48:47,827 [INFO] PluginManager:220 - loadIPPluginJar : add tim
2023-08-19 22:48:47,884 [INFO] IPUIPlugin:80 - create IPUIPlugin
2023-08-19 22:48:47,884 [INFO] PluginManager:220 - loadIPPluginJar : add touchsensing
2023-08-19 22:48:47,926 [INFO] IPUIPlugin:80 - create IPUIPlugin
2023-08-19 22:48:47,926 [INFO] PluginManager:220 - loadIPPluginJar : add tracer_emb
2023-08-19 22:48:47,971 [INFO] IPUIPlugin:80 - create IPUIPlugin
2023-08-19 22:48:47,971 [INFO] PluginManager:220 - loadIPPluginJar : add ts
2023-08-19 22:48:48,000 [INFO] IPUIPlugin:80 - create IPUIPlugin
2023-08-19 22:48:48,000 [INFO] PluginManager:220 - loadIPPluginJar : add tsc
2023-08-19 22:48:48,023 [INFO] IPUIPlugin:80 - create IPUIPlugin
2023-08-19 22:48:48,023 [INFO] PluginManager:220 - loadIPPluginJar : add ucpd
2023-08-19 22:48:48,068 [INFO] IPUIPlugin:80 - create IPUIPlugin
2023-08-19 22:48:48,068 [INFO] PluginManager:220 - loadIPPluginJar : add usart
2023-08-19 22:48:48,113 [INFO] IPUIPlugin:80 - create IPUIPlugin
2023-08-19 22:48:48,113 [INFO] PluginManager:220 - loadIPPluginJar : add usbx
2023-08-19 22:48:48,286 [INFO] CADModel:165 - CPN selected for project level
2023-08-19 22:48:48,287 [INFO] CADModel:114 - Register for checkConnection events
2023-08-19 22:48:48,287 [FATAL] Updater:308 - Updater called before beeing initialized
2023-08-19 22:48:48,287 [ERROR] CADModel:125 - Updater not yet initialized, retry later 
2023-08-19 22:48:48,590 [INFO] CADModel:165 - CPN selected for project level
2023-08-19 22:48:48,590 [INFO] CADModel:114 - Register for checkConnection events
2023-08-19 22:48:48,590 [FATAL] Updater:308 - Updater called before beeing initialized
2023-08-19 22:48:48,590 [ERROR] CADModel:125 - Updater not yet initialized, retry later 
2023-08-19 22:48:48,596 [FATAL] Updater:308 - Updater called before beeing initialized
2023-08-19 22:48:48,832 [FATAL] Updater:308 - Updater called before beeing initialized
2023-08-19 22:48:48,849 [INFO] DbMcusAds:53 - JSON generation date=Tue Mar 07 15:50:55 ICT 2023 (1678179055114)
2023-08-19 22:48:48,849 [FATAL] Updater:308 - Updater called before beeing initialized
2023-08-19 22:48:48,925 [WARN] DetailPanel:346 - Failed to get advertising image, set to default
2023-08-19 22:48:49,082 [FATAL] Updater:308 - Updater called before beeing initialized
2023-08-19 22:48:49,087 [FATAL] Updater:308 - Updater called before beeing initialized
2023-08-19 22:48:49,087 [FATAL] Updater:308 - Updater called before beeing initialized
2023-08-19 22:48:49,088 [WARN] DetailPanel:346 - Failed to get advertising image, set to default
2023-08-19 22:48:49,089 [FATAL] Updater:308 - Updater called before beeing initialized
2023-08-19 22:48:49,174 [ERROR] Updater:1120 - MainUpdater not yet initialized. External WinMGr cannot be set.
2023-08-19 22:48:49,186 [INFO] Updater:1056 - Updater Version found : 6.9.0
2023-08-19 22:48:49,209 [INFO] ApplicationProperties:184 - Using Application install path: C:\ST\STM32CubeIDE_1.13.0\STM32CubeIDE\plugins\com.st.stm32cube.common.mx_6.9.0.202307051724
2023-08-19 22:48:49,637 [INFO] MainUpdater:2868 - connection check result : 10
2023-08-19 22:48:49,638 [INFO] MainUpdater:3562 - Updater definition file requires update
2023-08-19 22:48:49,640 [INFO] MainUpdater:285 - Updater Check For Update Now.
2023-08-19 22:48:49,641 [INFO] MicroXplorer:498 - Change Database Version : DB.6.0.90
2023-08-19 22:48:49,672 [INFO] McuFinderGlobals:63 - Set McuFinder mode to 2 (CubeIDE integrated)
2023-08-19 22:48:49,673 [INFO] UserAuth:179 - activating auth plugin
2023-08-19 22:48:49,678 [INFO] UserAuth:393 - Internet connection configuration mode: 1
2023-08-19 22:48:49,700 [INFO] ServerAccessManage:473 - Download File updaters.zip
2023-08-19 22:48:49,724 [INFO] JxBrowserEngine:151 - Initiate JxBrowser Engine with user profile folder
2023-08-19 22:48:49,907 [INFO] FileExtend:240 - Unzip File : updaters.zip
2023-08-19 22:48:49,907 [INFO] FileExtend:255 - Standard Zip Deflate
2023-08-19 22:48:50,661 [INFO] ServerAccessManage:473 - Download File PacksControlFlags.xml
2023-08-19 22:48:50,820 [WARN] MainUpdater:1189 - Updater busy. Cannot search thirdparties
2023-08-19 22:48:50,821 [INFO] ThirdPartyUpdaterWithRetryManager:96 - Updater plugin is busy. [1/15]
2023-08-19 22:48:50,841 [INFO] ServerAccessManage:473 - Download File cubemx.pidx
2023-08-19 22:48:51,114 [INFO] LoadServerUpdatesThread:373 - End of LoadServerUpdate Thread
2023-08-19 22:48:51,470 [INFO] CheckServerUpdateThread:120 - End of CheckServer Thread
2023-08-19 22:48:54,242 [INFO] WebApp:157 - Instantiating new browser for Auth
2023-08-19 22:48:54,290 [WARN] PackLoader:240 - Cannot read IP mode file for STMicroelectronics.X-CUBE-SMBUS.2.1.0
2023-08-19 22:48:54,384 [WARN] PackLoader:240 - Cannot read IP mode file for STMicroelectronics.X-CUBE-AZRTOS-F7.1.1.0
2023-08-19 22:48:54,421 [WARN] PackLoader:240 - Cannot read IP mode file for STMicroelectronics.FP-SNS-MOTENV1.4.3.2
2023-08-19 22:48:54,449 [ERROR] RealEvaluatedCondition:428 - Found unsupported composite condition: CLASS='Data Exchange' GROUP='STM32_MetaDataManager'
2023-08-19 22:48:54,449 [ERROR] RealEvaluatedCondition:428 - Found unsupported composite condition: CLASS='Data Exchange' GROUP='STM32_MetaDataManager'
2023-08-19 22:48:54,452 [WARN] PackLoader:240 - Cannot read IP mode file for STMicroelectronics.FP-SNS-MOTENV1.4.3.1
2023-08-19 22:48:54,483 [WARN] PackLoader:240 - Cannot read IP mode file for STMicroelectronics.FP-SNS-FLIGHT1.5.0.1
2023-08-19 22:48:54,514 [WARN] PackLoader:240 - Cannot read IP mode file for STMicroelectronics.X-CUBE-BLE1.6.2.4
2023-08-19 22:48:54,540 [WARN] PackLoader:240 - Cannot read IP mode file for STMicroelectronics.FP-SNS-FLIGHT1.5.0.2
2023-08-19 22:48:54,565 [WARN] PackLoader:240 - Cannot read IP mode file for STMicroelectronics.X-CUBE-DISPLAY.3.0.0
2023-08-19 22:48:54,591 [WARN] PackLoader:240 - Cannot read IP mode file for STMicroelectronics.X-CUBE-BLE1.7.0.0
2023-08-19 22:48:54,607 [WARN] PackLoader:240 - Cannot read IP mode file for STMicroelectronics.X-CUBE-TOUCHGFX.4.22.0
2023-08-19 22:48:54,632 [INFO] LogOutputStream:77 - [STDOUT_REDIRECT] 1 : Invalid condition id : UX_CORESTACK_Condition cause : null
2023-08-19 22:48:54,633 [INFO] LogOutputStream:77 - [STDOUT_REDIRECT] 1 : Invalid condition id : UX_CORESTACK_Condition cause : null
2023-08-19 22:48:54,636 [INFO] LogOutputStream:77 - [STDOUT_REDIRECT] 1 : Invalid condition id : UX_CORESTACK_Condition cause : null
2023-08-19 22:48:54,638 [INFO] LogOutputStream:77 - [STDOUT_REDIRECT] 1 : Invalid condition id : UX_CORESTACK_Condition cause : null
2023-08-19 22:48:54,640 [INFO] LogOutputStream:77 - [STDOUT_REDIRECT] 1 : Invalid condition id : UX_CORESTACK_Condition cause : null
2023-08-19 22:48:54,654 [WARN] PackLoader:240 - Cannot read IP mode file for STMicroelectronics.X-CUBE-AZRTOS-WL.2.0.0
2023-08-19 22:48:54,685 [WARN] PackLoader:240 - Cannot read IP mode file for WES.I-CUBE-Cesium.1.3.0
2023-08-19 22:48:54,706 [WARN] PackLoader:240 - Cannot read IP mode file for STMicroelectronics.X-CUBE-BLE2.3.3.0
2023-08-19 22:48:54,733 [WARN] PackLoader:240 - Cannot read IP mode file for STMicroelectronics.X-CUBE-DISPLAY.2.2.0
2023-08-19 22:48:54,788 [WARN] PackLoader:240 - Cannot read IP mode file for STMicroelectronics.X-CUBE-TOF1.3.2.0
2023-08-19 22:48:54,829 [WARN] PackLoader:240 - Cannot read IP mode file for STMicroelectronics.X-CUBE-TOUCHGFX.4.21.0
2023-08-19 22:48:54,845 [WARN] PackLoader:240 - Cannot read IP mode file for STMicroelectronics.X-CUBE-TOUCHGFX.4.21.4
2023-08-19 22:48:54,943 [WARN] PackLoader:240 - Cannot read IP mode file for STMicroelectronics.X-CUBE-MEMS1.9.4.0
2023-08-19 22:48:55,196 [WARN] PackLoader:240 - Cannot read IP mode file for STMicroelectronics.X-CUBE-AI.7.3.0
2023-08-19 22:48:55,220 [WARN] PackLoader:240 - Cannot read IP mode file for STMicroelectronics.X-CUBE-ALGOBUILD.1.3.0
2023-08-19 22:48:55,265 [WARN] PackLoader:240 - Cannot read IP mode file for STMicroelectronics.X-CUBE-AZRTOS-G0.1.1.0
2023-08-19 22:48:55,292 [WARN] PackLoader:240 - Cannot read IP mode file for STMicroelectronics.X-CUBE-NFC4.3.0.0
2023-08-19 22:48:55,317 [WARN] PackLoader:240 - Cannot read IP mode file for STMicroelectronics.X-CUBE-BLEMGR.1.3.0
2023-08-19 22:48:55,337 [WARN] PackLoader:240 - Cannot read IP mode file for STMicroelectronics.FP-ATR-SIGFOX1.3.2.0
2023-08-19 22:48:55,412 [WARN] PackLoader:240 - Cannot read IP mode file for SEGGER.I-CUBE-embOS.1.3.1
2023-08-19 22:48:55,428 [INFO] WebApp:753 - Register for checkConnection events
2023-08-19 22:48:55,429 [INFO] WebApp:390 - Apply proxy settings
2023-08-19 22:48:55,429 [INFO] WebApp:475 - Chromium requires no authentication
2023-08-19 22:48:55,448 [INFO] WebApp:418 - Direct internet connection detected
2023-08-19 22:48:55,532 [WARN] PackLoader:240 - Cannot read IP mode file for SEGGER.I-CUBE-embOS.1.3.0
2023-08-19 22:48:55,606 [WARN] PackLoader:240 - Cannot read IP mode file for STMicroelectronics.X-CUBE-GNSS1.6.0.0
2023-08-19 22:48:55,645 [WARN] PackLoader:240 - Cannot read IP mode file for STMicroelectronics.X-CUBE-AZRTOS-F4.1.1.0
2023-08-19 22:48:55,698 [WARN] PackLoader:240 - Cannot read IP mode file for STMicroelectronics.X-CUBE-AZRTOS-L5.2.0.0
2023-08-19 22:48:55,791 [WARN] PackLoader:240 - Cannot read IP mode file for STMicroelectronics.X-CUBE-MEMS1.9.6.0
2023-08-19 22:48:55,821 [INFO] WebApp:188 - Starting web application
2023-08-19 22:48:55,821 [INFO] WebApp:520 - Web application path used C:\ST\STM32CubeIDE_1.13.0\STM32CubeIDE\plugins\com.st.stm32cube.common.mx_6.9.0.202307051724\db\plugins\mcufinder\reactClient1\index.html
2023-08-19 22:48:55,982 [WARN] PackLoader:240 - Cannot read IP mode file for emotas.I-CUBE-CANOPEN.1.1.3
2023-08-19 22:48:56,007 [WARN] PackLoader:240 - Cannot read IP mode file for STMicroelectronics.X-CUBE-BLEMGR.2.0.0
2023-08-19 22:48:56,028 [WARN] PackLoader:240 - Cannot read IP mode file for STMicroelectronics.X-CUBE-NFC4.2.0.5
2023-08-19 22:48:56,096 [WARN] ConditionMgr:438 - getConditionDescription Invalid condition id : UX DEVICE CLASS RTOS Condition cause : null
2023-08-19 22:48:56,099 [WARN] ConditionMgr:438 - getConditionDescription Invalid condition id : UX DEVICE CLASS RTOS Condition cause : null
2023-08-19 22:48:56,106 [WARN] PackLoader:240 - Cannot read IP mode file for STMicroelectronics.X-CUBE-AZRTOS-H7.3.1.0
2023-08-19 22:48:56,108 [WARN] ConditionMgr:1039 - genDependencies : Invalid condition id : UX DEVICE CLASS RTOS Condition cause : null
2023-08-19 22:48:56,109 [WARN] ConditionMgr:1039 - genDependencies : Invalid condition id : UX DEVICE CLASS RTOS Condition cause : null
2023-08-19 22:48:56,110 [WARN] ConditionMgr:1039 - genDependencies : Invalid condition id : UX DEVICE CLASS RTOS Condition cause : null
2023-08-19 22:48:56,112 [WARN] ConditionMgr:1039 - genDependencies : Invalid condition id : UX DEVICE CLASS RTOS Condition cause : null
2023-08-19 22:48:56,112 [WARN] ConditionMgr:1039 - genDependencies : Invalid condition id : UX DEVICE CLASS RTOS Condition cause : null
2023-08-19 22:48:56,140 [WARN] PackLoader:240 - Cannot read IP mode file for wolfSSL.I-CUBE-wolfSSL.5.5.4
2023-08-19 22:48:56,164 [WARN] PackLoader:240 - Cannot read IP mode file for STMicroelectronics.X-CUBE-NFC7.1.0.1
2023-08-19 22:48:56,189 [WARN] PackLoader:240 - Cannot read IP mode file for STMicroelectronics.X-CUBE-NFC7.1.0.0
2023-08-19 22:48:56,221 [WARN] PackLoader:240 - Cannot read IP mode file for STMicroelectronics.X-CUBE-EEPRMA1.4.1.0
2023-08-19 22:48:56,243 [WARN] PackLoader:240 - Cannot read IP mode file for STMicroelectronics.X-CUBE-AI.8.1.0
2023-08-19 22:48:56,333 [WARN] ConditionMgr:438 - getConditionDescription Invalid condition id : LAN8742 Phy interface Condition cause : null
2023-08-19 22:48:56,335 [WARN] PackLoader:240 - Cannot read IP mode file for STMicroelectronics.X-CUBE-AZRTOS-L4.2.0.0
2023-08-19 22:48:56,337 [WARN] ConditionMgr:1039 - genDependencies : Invalid condition id : LAN8742 Phy interface Condition cause : null
2023-08-19 22:48:56,338 [WARN] ConditionMgr:1039 - genDependencies : Invalid condition id : LAN8742 Phy interface Condition cause : null
2023-08-19 22:48:56,339 [WARN] ConditionMgr:1039 - genDependencies : Invalid condition id : LAN8742 Phy interface Condition cause : null
2023-08-19 22:48:56,375 [WARN] PackLoader:240 - Cannot read IP mode file for STMicroelectronics.X-CUBE-SFXS2LP1.4.0.0
2023-08-19 22:48:56,436 [WARN] PackLoader:240 - Cannot read IP mode file for STMicroelectronics.X-CUBE-AZRTOS-H7.3.0.0
2023-08-19 22:48:56,471 [WARN] PackLoader:240 - Cannot read IP mode file for STMicroelectronics.X-CUBE-ISPU.1.1.0
2023-08-19 22:48:56,493 [WARN] PackLoader:240 - Cannot read IP mode file for RoweBots.I-CUBE-UNISONRTOS.5.5.0-4
2023-08-19 22:48:56,551 [WARN] ConditionMgr:438 - getConditionDescription Invalid condition id : UX DEVICE CLASS RTOS Condition cause : null
2023-08-19 22:48:56,551 [WARN] ConditionMgr:438 - getConditionDescription Invalid condition id : UX DEVICE CLASS RTOS Condition cause : null
2023-08-19 22:48:56,555 [WARN] PackLoader:240 - Cannot read IP mode file for STMicroelectronics.X-CUBE-AZRTOS-WB.2.0.0
2023-08-19 22:48:56,556 [WARN] ConditionMgr:1039 - genDependencies : Invalid condition id : UX DEVICE CLASS RTOS Condition cause : null
2023-08-19 22:48:56,556 [WARN] ConditionMgr:1039 - genDependencies : Invalid condition id : UX DEVICE CLASS RTOS Condition cause : null
2023-08-19 22:48:56,557 [WARN] ConditionMgr:1039 - genDependencies : Invalid condition id : UX DEVICE CLASS RTOS Condition cause : null
2023-08-19 22:48:56,558 [WARN] ConditionMgr:1039 - genDependencies : Invalid condition id : UX DEVICE CLASS RTOS Condition cause : null
2023-08-19 22:48:56,558 [WARN] ConditionMgr:1039 - genDependencies : Invalid condition id : UX DEVICE CLASS RTOS Condition cause : null
2023-08-19 22:48:56,584 [WARN] PackLoader:240 - Cannot read IP mode file for STMicroelectronics.X-CUBE-FREERTOS.1.0.1
2023-08-19 22:48:56,624 [WARN] PackLoader:240 - Cannot read IP mode file for STMicroelectronics.X-CUBE-AZRTOS-L5.1.1.0
2023-08-19 22:48:56,648 [WARN] PackLoader:240 - Cannot read IP mode file for STMicroelectronics.X-CUBE-AI.8.0.1
2023-08-19 22:48:56,676 [WARN] PackLoader:240 - Cannot read IP mode file for STMicroelectronics.X-CUBE-SUBG2.5.0.0
2023-08-19 22:48:56,719 [WARN] PackLoader:240 - Cannot read IP mode file for STMicroelectronics.X-CUBE-TOF1.3.3.1
2023-08-19 22:48:56,776 [WARN] PackLoader:240 - Cannot read IP mode file for STMicroelectronics.X-CUBE-AZRTOS-G4.2.0.0
2023-08-19 22:48:56,816 [WARN] PackLoader:240 - Cannot read IP mode file for STMicroelectronics.X-CUBE-TOF1.3.3.0
2023-08-19 22:48:56,846 [WARN] PackLoader:240 - Cannot read IP mode file for STMicroelectronics.FP-ATR-ASTRA1.1.1.1
2023-08-19 22:48:56,880 [WARN] PackLoader:240 - Cannot read IP mode file for STMicroelectronics.X-CUBE-AZRTOS-G4.1.0.0
2023-08-19 22:48:56,927 [WARN] PackLoader:240 - Cannot read IP mode file for STMicroelectronics.X-CUBE-AZRTOS-L4.1.0.0
2023-08-19 22:48:56,964 [WARN] PackLoader:240 - Cannot read IP mode file for STMicroelectronics.X-CUBE-AZRTOS-WL.1.0.0
2023-08-19 22:48:56,995 [WARN] PackLoader:240 - Cannot read IP mode file for portGmbH.I-Cube-SoM-uGOAL.1.1.0
2023-08-19 22:48:57,016 [WARN] PackLoader:240 - Cannot read IP mode file for STMicroelectronics.X-CUBE-ALS.1.0.1
2023-08-19 22:48:57,055 [WARN] PackLoader:240 - Cannot read IP mode file for STMicroelectronics.X-CUBE-AZRTOS-WB.1.1.0
2023-08-19 22:48:57,090 [WARN] PackLoader:240 - Cannot read IP mode file for STMicroelectronics.FP-ATR-ASTRA1.2.0.0
2023-08-19 22:48:57,090 [INFO] ThirdParty:978 - Integrity check success = true
2023-08-19 22:48:57,091 [INFO] IntegrityCheckThread:100 - exiting critical section [integrity check]
2023-08-19 22:48:57,091 [INFO] IntegrityCheckThread:103 - End integrity checks thread
2023-08-19 22:49:17,453 [ERROR] LogOutputStream:75 - [STDERR_REDIRECT] SLF4J: Failed to load class "org.slf4j.impl.StaticLoggerBinder".
2023-08-19 22:49:17,454 [ERROR] LogOutputStream:75 - [STDERR_REDIRECT] SLF4J: Defaulting to no-operation (NOP) logger implementation
2023-08-19 22:49:17,456 [ERROR] LogOutputStream:75 - [STDERR_REDIRECT] SLF4J: See http://www.slf4j.org/codes.html#StaticLoggerBinder for further details.
2023-08-19 23:55:13,532 [ERROR] LogOutputStream:75 - [STDERR_REDIRECT] 
