2023-10-30 00:46:45,793 [ERROR] ConfigurationRetriever:142 - IOException on connection: sw-center.st.com
2023-10-30 00:46:45,809 [ERROR] ConfigurationRetriever:142 - IOException on connection: sw-center.st.com
2023-10-30 00:46:45,809 [ERROR] ConfigurationRetriever:142 - IOException on connection: sw-center.st.com
2023-10-30 00:46:46,968 [ERROR] LogOutputStream:75 - [STDERR_REDIRECT] 
2023-10-30 17:07:37,508 [INFO] Activator:176 - 


2023-10-30 17:07:37,513 [INFO] Activator:177 - !SESSION log4j initialized
2023-10-30 17:07:46,865 [INFO] LogOutputStream:77 - [STDOUT_REDIRECT] 
2023-10-30 17:08:24,393 [INFO] ApplicationProperties:184 - Using Application install path: C:\ST\STM32CubeIDE_1.13.0\STM32CubeIDE\plugins\com.st.stm32cube.common.mx_6.9.0.202307051724
2023-10-30 17:08:24,442 [INFO] DbMcusXml:78 - Set database path to: C:\ST\STM32CubeIDE_1.13.0\STM32CubeIDE\plugins\com.st.stm32cube.common.mx_6.9.0.202307051724\\db\/mcu/
2023-10-30 17:08:24,448 [INFO] ApiDb:274 - Set plugin database path to: C:\ST\STM32CubeIDE_1.13.0\STM32CubeIDE\plugins\com.st.stm32cube.common.mx_6.9.0.202307051724\\db\/plugins/boardmanager/
2023-10-30 17:08:24,448 [WARN] ApiDb:259 - Overriding images path with different value:  => C:\ST\STM32CubeIDE_1.13.0\STM32CubeIDE\plugins\com.st.stm32cube.common.mx_6.9.0.202307051724\\db\/plugins/mcufinder/images/
2023-10-30 17:08:24,482 [INFO] ApiDb:250 - Set database path to: C:\Users\ACER\.stmcufinder\plugins\mcufinder//mcu/
2023-10-30 17:08:24,487 [INFO] DbMcusAds:125 - Set database path to: C:\Users\ACER\.stmcufinder\plugins\mcufinder//mcu/
2023-10-30 17:08:24,582 [INFO] CrossReferenceDbSqlite:203 - Set database path to: C:\Users\ACER\.stmcufinder\plugins\mcufinder//mcu/cs/
2023-10-30 17:08:24,938 [INFO] RulesReader:64 - Compatibility file has been processed (293 Rules)
2023-10-30 17:08:25,188 [INFO] DbMcusXml:78 - Set database path to: C:\ST\STM32CubeIDE_1.13.0\STM32CubeIDE\plugins\com.st.stm32cube.common.mx_6.9.0.202307051724\\db\/mcu/
2023-10-30 17:08:25,188 [INFO] ApiDb:274 - Set plugin database path to: C:\ST\STM32CubeIDE_1.13.0\STM32CubeIDE\plugins\com.st.stm32cube.common.mx_6.9.0.202307051724\\db\/plugins/boardmanager/
2023-10-30 17:08:25,192 [INFO] ApiDb:261 - Set plugin images path to: C:\ST\STM32CubeIDE_1.13.0\STM32CubeIDE\plugins\com.st.stm32cube.common.mx_6.9.0.202307051724\\db\/plugins/mcufinder/images/
2023-10-30 17:08:25,193 [WARN] DbFile:41 - Overriding database path with different value: C:\Users\ACER\.stmcufinder\plugins\mcufinder/ => C:\Users\ACER\.stmcufinder\plugins\mcufinder
2023-10-30 17:08:25,193 [INFO] ApiDb:250 - Set database path to: C:\Users\ACER\.stmcufinder\plugins\mcufinder//mcu/
2023-10-30 17:08:25,193 [WARN] DbFile:41 - Overriding database path with different value: C:\Users\ACER\.stmcufinder\plugins\mcufinder/ => C:\Users\ACER\.stmcufinder\plugins\mcufinder
2023-10-30 17:08:25,193 [INFO] DbMcusAds:125 - Set database path to: C:\Users\ACER\.stmcufinder\plugins\mcufinder//mcu/
2023-10-30 17:08:25,193 [WARN] DbFile:41 - Overriding database path with different value: C:\Users\ACER\.stmcufinder\plugins\mcufinder/ => C:\Users\ACER\.stmcufinder\plugins\mcufinder
2023-10-30 17:08:25,195 [WARN] DbFile:41 - Overriding database path with different value: C:\Users\ACER\.stmcufinder\plugins\mcufinder/ => C:\Users\ACER\.stmcufinder\plugins\mcufinder
2023-10-30 17:08:25,195 [INFO] CrossReferenceDbSqlite:203 - Set database path to: C:\Users\ACER\.stmcufinder\plugins\mcufinder//mcu/cs/
2023-10-30 17:08:25,430 [INFO] MainPanel:262 - HeapMemory: 268435456
2023-10-30 17:08:25,716 [INFO] DbMcusXml:78 - Set database path to: C:\ST\STM32CubeIDE_1.13.0\STM32CubeIDE\plugins\com.st.stm32cube.common.mx_6.9.0.202307051724\\db\/mcu/
2023-10-30 17:08:25,716 [INFO] ApiDb:274 - Set plugin database path to: C:\ST\STM32CubeIDE_1.13.0\STM32CubeIDE\plugins\com.st.stm32cube.common.mx_6.9.0.202307051724\\db\/plugins/boardmanager/
2023-10-30 17:08:25,716 [INFO] ApiDb:261 - Set plugin images path to: C:\ST\STM32CubeIDE_1.13.0\STM32CubeIDE\plugins\com.st.stm32cube.common.mx_6.9.0.202307051724\\db\/plugins/mcufinder/images/
2023-10-30 17:08:25,716 [WARN] DbFile:41 - Overriding database path with different value: C:\Users\ACER\.stmcufinder\plugins\mcufinder/ => C:\Users\ACER\.stmcufinder\plugins\mcufinder
2023-10-30 17:08:25,716 [INFO] ApiDb:250 - Set database path to: C:\Users\ACER\.stmcufinder\plugins\mcufinder//mcu/
2023-10-30 17:08:25,716 [WARN] DbFile:41 - Overriding database path with different value: C:\Users\ACER\.stmcufinder\plugins\mcufinder/ => C:\Users\ACER\.stmcufinder\plugins\mcufinder
2023-10-30 17:08:25,716 [INFO] DbMcusAds:125 - Set database path to: C:\Users\ACER\.stmcufinder\plugins\mcufinder//mcu/
2023-10-30 17:08:25,716 [WARN] DbFile:41 - Overriding database path with different value: C:\Users\ACER\.stmcufinder\plugins\mcufinder/ => C:\Users\ACER\.stmcufinder\plugins\mcufinder
2023-10-30 17:08:25,716 [WARN] DbFile:41 - Overriding database path with different value: C:\Users\ACER\.stmcufinder\plugins\mcufinder/ => C:\Users\ACER\.stmcufinder\plugins\mcufinder
2023-10-30 17:08:25,716 [INFO] CrossReferenceDbSqlite:203 - Set database path to: C:\Users\ACER\.stmcufinder\plugins\mcufinder//mcu/cs/
2023-10-30 17:08:25,765 [INFO] ApplicationProperties:184 - Using Application install path: C:\ST\STM32CubeIDE_1.13.0\STM32CubeIDE\plugins\com.st.stm32cube.common.mx_6.9.0.202307051724
2023-10-30 17:08:25,773 [INFO] PluginManage:196 - Search for loadable plugins [exclusion list=, ]
2023-10-30 17:08:25,773 [INFO] PluginManage:310 - Check plugin analytics
2023-10-30 17:08:31,262 [INFO] AnalyticsPlugin:253 - Accepted Software Licenses: 
2023-10-30 17:08:31,262 [INFO] AnalyticsPlugin:255 - Accepted CMSIS Pack Licenses: 
2023-10-30 17:08:31,262 [INFO] AnalyticsPlugin:257 - Accepted Firmware Licenses: FW.WB.1.17.0
2023-10-30 17:08:31,283 [INFO] PluginManage:359 - Loaded plugin analytics (category:tool,tabindex:-1)
2023-10-30 17:08:31,283 [INFO] PluginManage:310 - Check plugin cadmodel
2023-10-30 17:08:31,315 [INFO] CADModel:105 - Init CAD model plugin
2023-10-30 17:08:31,315 [INFO] PluginManage:359 - Loaded plugin cadmodel (category:power,tabindex:5)
2023-10-30 17:08:31,315 [INFO] PluginManage:310 - Check plugin clock
2023-10-30 17:08:31,352 [INFO] PluginManage:359 - Loaded plugin clock (category:base,tabindex:2)
2023-10-30 17:08:31,352 [INFO] PluginManage:310 - Check plugin ddr
2023-10-30 17:08:31,357 [INFO] PluginManage:359 - Loaded plugin ddr (category:tool,tabindex:6)
2023-10-30 17:08:31,357 [INFO] PluginManage:310 - Check plugin filemanager
2023-10-30 17:08:31,718 [INFO] PluginManage:359 - Loaded plugin filemanager (category:base,tabindex:10)
2023-10-30 17:08:31,718 [INFO] PluginManage:310 - Check plugin ipmanager
2023-10-30 17:08:31,738 [INFO] PluginManage:359 - Loaded plugin ipmanager (category:base,tabindex:5)
2023-10-30 17:08:31,738 [INFO] PluginManage:310 - Check plugin lpbam
2023-10-30 17:08:31,775 [INFO] PluginManage:359 - Loaded plugin lpbam (category:base,tabindex:0)
2023-10-30 17:08:31,775 [INFO] PluginManage:310 - Check plugin memorymap
2023-10-30 17:08:31,827 [INFO] PluginManage:359 - Loaded plugin memorymap (category:base,tabindex:4)
2023-10-30 17:08:31,827 [INFO] PluginManage:310 - Check plugin pinoutandconfiguration
2023-10-30 17:08:31,858 [INFO] PluginManage:359 - Loaded plugin pinoutandconfiguration (category:base,tabindex:1)
2023-10-30 17:08:31,858 [INFO] PluginManage:310 - Check plugin pinoutconfig
2023-10-30 17:08:32,107 [WARN] SupportedApi:132 - Cannot load RTOS API schema: s4s-elt-must-match.1: The content of 'definitions' must match (annotation?, (simpleType | complexType)?, (unique | key | keyref)*)). A problem was found starting at: attribute.
2023-10-30 17:08:32,512 [INFO] PluginManage:359 - Loaded plugin pinoutconfig (category:base,tabindex:0)
2023-10-30 17:08:32,512 [INFO] PluginManage:310 - Check plugin power
2023-10-30 17:08:32,572 [INFO] PluginManage:359 - Loaded plugin power (category:power,tabindex:4)
2023-10-30 17:08:32,575 [INFO] PluginManage:310 - Check plugin projectmanager
2023-10-30 17:08:32,608 [INFO] PluginManage:359 - Loaded plugin projectmanager (category:projectmanager,tabindex:3)
2023-10-30 17:08:32,609 [INFO] PluginManage:310 - Check plugin thirdparty
2023-10-30 17:08:33,201 [INFO] PluginManage:359 - Loaded plugin thirdparty (category:base,tabindex:-1)
2023-10-30 17:08:33,194 [WARN] IntegrityCheckThread:84 - waiting for thirdparty lock release [integrity check]
2023-10-30 17:08:33,201 [INFO] IntegrityCheckThread:86 - entering critical section [integrity check]
2023-10-30 17:08:33,201 [INFO] PluginManage:310 - Check plugin tools
2023-10-30 17:08:33,202 [INFO] ThirdPartyUpdaterWithRetryManager:70 - Updater plugin not ready yet. [1/15]
2023-10-30 17:08:33,283 [INFO] PluginManage:359 - Loaded plugin tools (category:base,tabindex:7)
2023-10-30 17:08:33,283 [INFO] PluginManage:310 - Check plugin tutovideos
2023-10-30 17:08:33,872 [INFO] PluginManage:359 - Loaded plugin tutovideos (category:base,tabindex:-1)
2023-10-30 17:08:33,872 [INFO] PluginManage:310 - Check plugin updater
2023-10-30 17:08:33,905 [INFO] PluginManage:359 - Loaded plugin updater (category:base,tabindex:12)
2023-10-30 17:08:33,907 [INFO] PluginManage:310 - Check plugin userauth
2023-10-30 17:08:33,913 [INFO] UserAuth:113 - Init User Auth plugin
2023-10-30 17:08:33,913 [INFO] PluginManage:359 - Loaded plugin userauth (category:base,tabindex:14)
2023-10-30 17:08:33,922 [INFO] PluginManage:283 - PluginManage : Loaded plugins [17]
2023-10-30 17:08:34,545 [INFO] PinOutPanel:1499 - setPackage(No Configuration,No Configuration)
2023-10-30 17:08:34,862 [INFO] CADModel:165 - CPN selected for project level
2023-10-30 17:08:34,862 [INFO] CADModel:114 - Register for checkConnection events
2023-10-30 17:08:34,932 [INFO] IPUIPlugin:80 - create IPUIPlugin
2023-10-30 17:08:34,932 [INFO] PluginManager:220 - loadIPPluginJar : add adc
2023-10-30 17:08:35,025 [INFO] IPUIPlugin:80 - create IPUIPlugin
2023-10-30 17:08:35,025 [INFO] PluginManager:220 - loadIPPluginJar : add aes
2023-10-30 17:08:35,153 [INFO] IPUIPlugin:80 - create IPUIPlugin
2023-10-30 17:08:35,153 [INFO] PluginManager:220 - loadIPPluginJar : add can
2023-10-30 17:08:35,230 [INFO] IPUIPlugin:80 - create IPUIPlugin
2023-10-30 17:08:35,230 [INFO] PluginManager:220 - loadIPPluginJar : add comp
2023-10-30 17:08:35,332 [INFO] IPUIPlugin:80 - create IPUIPlugin
2023-10-30 17:08:35,332 [INFO] PluginManager:220 - loadIPPluginJar : add cryp
2023-10-30 17:08:35,431 [INFO] IPUIPlugin:80 - create IPUIPlugin
2023-10-30 17:08:35,431 [INFO] PluginManager:220 - loadIPPluginJar : add dfsdm
2023-10-30 17:08:35,482 [INFO] IPUIPlugin:80 - create IPUIPlugin
2023-10-30 17:08:35,488 [INFO] PluginManager:220 - loadIPPluginJar : add dma
2023-10-30 17:08:35,614 [INFO] IPUIPlugin:80 - create IPUIPlugin
2023-10-30 17:08:35,614 [INFO] PluginManager:220 - loadIPPluginJar : add dma3
2023-10-30 17:08:35,672 [INFO] IPUIPlugin:80 - create IPUIPlugin
2023-10-30 17:08:35,672 [INFO] PluginManager:220 - loadIPPluginJar : add fatfs
2023-10-30 17:08:35,802 [INFO] IPUIPlugin:80 - create IPUIPlugin
2023-10-30 17:08:35,802 [INFO] PluginManager:220 - loadIPPluginJar : add fmc
2023-10-30 17:08:35,858 [INFO] IPUIPlugin:80 - create IPUIPlugin
2023-10-30 17:08:35,858 [INFO] PluginManager:220 - loadIPPluginJar : add freertos
2023-10-30 17:08:35,913 [INFO] IPUIPlugin:80 - create IPUIPlugin
2023-10-30 17:08:35,913 [INFO] PluginManager:220 - loadIPPluginJar : add genericplugin
2023-10-30 17:08:36,137 [INFO] IPUIPlugin:80 - create IPUIPlugin
2023-10-30 17:08:36,142 [INFO] PluginManager:220 - loadIPPluginJar : add gfxmmu
2023-10-30 17:08:36,218 [INFO] ThirdPartyUpdaterWithRetryManager:70 - Updater plugin not ready yet. [2/15]
2023-10-30 17:08:36,526 [INFO] IPUIPlugin:80 - create IPUIPlugin
2023-10-30 17:08:36,526 [INFO] PluginManager:220 - loadIPPluginJar : add gic
2023-10-30 17:08:36,572 [INFO] IPUIPlugin:80 - create IPUIPlugin
2023-10-30 17:08:36,572 [INFO] PluginManager:220 - loadIPPluginJar : add gpio
2023-10-30 17:08:36,843 [INFO] IPUIPlugin:80 - create IPUIPlugin
2023-10-30 17:08:36,843 [INFO] PluginManager:220 - loadIPPluginJar : add gtzc
2023-10-30 17:08:36,948 [INFO] IPUIPlugin:80 - create IPUIPlugin
2023-10-30 17:08:36,948 [INFO] PluginManager:220 - loadIPPluginJar : add hash
2023-10-30 17:08:37,102 [INFO] IPUIPlugin:80 - create IPUIPlugin
2023-10-30 17:08:37,102 [INFO] PluginManager:220 - loadIPPluginJar : add i2c
2023-10-30 17:08:37,226 [INFO] IPUIPlugin:80 - create IPUIPlugin
2023-10-30 17:08:37,226 [INFO] PluginManager:220 - loadIPPluginJar : add i2s
2023-10-30 17:08:37,352 [INFO] IPUIPlugin:80 - create IPUIPlugin
2023-10-30 17:08:37,352 [INFO] PluginManager:220 - loadIPPluginJar : add i3c
2023-10-30 17:08:37,662 [INFO] IPUIPlugin:80 - create IPUIPlugin
2023-10-30 17:08:37,662 [INFO] PluginManager:220 - loadIPPluginJar : add ipddr
2023-10-30 17:08:37,930 [INFO] IPUIPlugin:80 - create IPUIPlugin
2023-10-30 17:08:37,930 [INFO] PluginManager:220 - loadIPPluginJar : add linkedlist
2023-10-30 17:08:38,042 [INFO] IPUIPlugin:80 - create IPUIPlugin
2023-10-30 17:08:38,042 [INFO] PluginManager:220 - loadIPPluginJar : add lorawan
2023-10-30 17:08:38,144 [INFO] IPUIPlugin:80 - create IPUIPlugin
2023-10-30 17:08:38,144 [INFO] PluginManager:220 - loadIPPluginJar : add ltdc
2023-10-30 17:08:38,185 [INFO] IPUIPlugin:80 - create IPUIPlugin
2023-10-30 17:08:38,185 [INFO] PluginManager:220 - loadIPPluginJar : add mdma
2023-10-30 17:08:38,202 [INFO] IPUIPlugin:80 - create IPUIPlugin
2023-10-30 17:08:38,210 [INFO] PluginManager:220 - loadIPPluginJar : add nvic
2023-10-30 17:08:38,293 [INFO] IPUIPlugin:80 - create IPUIPlugin
2023-10-30 17:08:38,293 [INFO] PluginManager:220 - loadIPPluginJar : add opamp
2023-10-30 17:08:38,482 [INFO] IPUIPlugin:80 - create IPUIPlugin
2023-10-30 17:08:38,482 [INFO] PluginManager:220 - loadIPPluginJar : add openamp
2023-10-30 17:08:38,623 [INFO] IPUIPlugin:80 - create IPUIPlugin
2023-10-30 17:08:38,623 [INFO] PluginManager:220 - loadIPPluginJar : add pdm2pcm
2023-10-30 17:08:38,663 [INFO] IPUIPlugin:80 - create IPUIPlugin
2023-10-30 17:08:38,671 [INFO] PluginManager:220 - loadIPPluginJar : add plateformsettings
2023-10-30 17:08:38,713 [INFO] IPUIPlugin:80 - create IPUIPlugin
2023-10-30 17:08:38,720 [INFO] PluginManager:220 - loadIPPluginJar : add quadspi
2023-10-30 17:08:38,753 [INFO] IPUIPlugin:80 - create IPUIPlugin
2023-10-30 17:08:38,753 [INFO] PluginManager:220 - loadIPPluginJar : add resmgrutility
2023-10-30 17:08:38,888 [INFO] IPUIPlugin:80 - create IPUIPlugin
2023-10-30 17:08:38,888 [INFO] PluginManager:220 - loadIPPluginJar : add sai
2023-10-30 17:08:39,002 [INFO] IPUIPlugin:80 - create IPUIPlugin
2023-10-30 17:08:39,002 [INFO] PluginManager:220 - loadIPPluginJar : add spi
2023-10-30 17:08:39,202 [INFO] IPUIPlugin:80 - create IPUIPlugin
2023-10-30 17:08:39,202 [INFO] PluginManager:220 - loadIPPluginJar : add stm32_wpan
2023-10-30 17:08:39,227 [INFO] ThirdPartyUpdaterWithRetryManager:70 - Updater plugin not ready yet. [3/15]
2023-10-30 17:08:39,264 [INFO] IPUIPlugin:80 - create IPUIPlugin
2023-10-30 17:08:39,264 [INFO] PluginManager:220 - loadIPPluginJar : add tim
2023-10-30 17:08:39,432 [INFO] IPUIPlugin:80 - create IPUIPlugin
2023-10-30 17:08:39,432 [INFO] PluginManager:220 - loadIPPluginJar : add touchsensing
2023-10-30 17:08:39,503 [INFO] IPUIPlugin:80 - create IPUIPlugin
2023-10-30 17:08:39,503 [INFO] PluginManager:220 - loadIPPluginJar : add tracer_emb
2023-10-30 17:08:39,572 [INFO] IPUIPlugin:80 - create IPUIPlugin
2023-10-30 17:08:39,572 [INFO] PluginManager:220 - loadIPPluginJar : add ts
2023-10-30 17:08:39,632 [INFO] IPUIPlugin:80 - create IPUIPlugin
2023-10-30 17:08:39,632 [INFO] PluginManager:220 - loadIPPluginJar : add tsc
2023-10-30 17:08:39,695 [INFO] IPUIPlugin:80 - create IPUIPlugin
2023-10-30 17:08:39,702 [INFO] PluginManager:220 - loadIPPluginJar : add ucpd
2023-10-30 17:08:39,822 [INFO] IPUIPlugin:80 - create IPUIPlugin
2023-10-30 17:08:39,822 [INFO] PluginManager:220 - loadIPPluginJar : add usart
2023-10-30 17:08:39,964 [INFO] IPUIPlugin:80 - create IPUIPlugin
2023-10-30 17:08:39,964 [INFO] PluginManager:220 - loadIPPluginJar : add usbx
2023-10-30 17:08:40,194 [INFO] CADModel:165 - CPN selected for project level
2023-10-30 17:08:40,194 [INFO] CADModel:114 - Register for checkConnection events
2023-10-30 17:08:40,202 [FATAL] Updater:308 - Updater called before beeing initialized
2023-10-30 17:08:40,202 [ERROR] CADModel:125 - Updater not yet initialized, retry later 
2023-10-30 17:08:40,622 [INFO] CADModel:165 - CPN selected for project level
2023-10-30 17:08:40,622 [INFO] CADModel:114 - Register for checkConnection events
2023-10-30 17:08:40,622 [FATAL] Updater:308 - Updater called before beeing initialized
2023-10-30 17:08:40,622 [ERROR] CADModel:125 - Updater not yet initialized, retry later 
2023-10-30 17:08:40,632 [FATAL] Updater:308 - Updater called before beeing initialized
2023-10-30 17:08:40,918 [FATAL] Updater:308 - Updater called before beeing initialized
2023-10-30 17:08:40,942 [INFO] DbMcusAds:53 - JSON generation date=Tue Mar 07 15:50:55 ICT 2023 (1678179055114)
2023-10-30 17:08:40,942 [FATAL] Updater:308 - Updater called before beeing initialized
2023-10-30 17:08:41,152 [WARN] DetailPanel:346 - Failed to get advertising image, set to default
2023-10-30 17:08:41,422 [FATAL] Updater:308 - Updater called before beeing initialized
2023-10-30 17:08:41,426 [FATAL] Updater:308 - Updater called before beeing initialized
2023-10-30 17:08:41,426 [FATAL] Updater:308 - Updater called before beeing initialized
2023-10-30 17:08:41,426 [WARN] DetailPanel:346 - Failed to get advertising image, set to default
2023-10-30 17:08:41,434 [FATAL] Updater:308 - Updater called before beeing initialized
2023-10-30 17:08:41,594 [ERROR] Updater:1120 - MainUpdater not yet initialized. External WinMGr cannot be set.
2023-10-30 17:08:41,606 [INFO] Updater:1056 - Updater Version found : 6.9.0
2023-10-30 17:08:41,654 [INFO] ApplicationProperties:184 - Using Application install path: C:\ST\STM32CubeIDE_1.13.0\STM32CubeIDE\plugins\com.st.stm32cube.common.mx_6.9.0.202307051724
2023-10-30 17:08:42,184 [INFO] MainUpdater:2868 - connection check result : 10
2023-10-30 17:08:42,184 [INFO] MainUpdater:3562 - Updater definition file requires update
2023-10-30 17:08:42,188 [INFO] MainUpdater:285 - Updater Check For Update Now.
2023-10-30 17:08:42,188 [INFO] MicroXplorer:498 - Change Database Version : DB.6.0.90
2023-10-30 17:08:42,224 [INFO] McuFinderGlobals:63 - Set McuFinder mode to 2 (CubeIDE integrated)
2023-10-30 17:08:42,224 [INFO] UserAuth:179 - activating auth plugin
2023-10-30 17:08:42,232 [INFO] UserAuth:393 - Internet connection configuration mode: 1
2023-10-30 17:08:42,236 [WARN] MainUpdater:1189 - Updater busy. Cannot search thirdparties
2023-10-30 17:08:42,236 [INFO] ThirdPartyUpdaterWithRetryManager:96 - Updater plugin is busy. [1/15]
2023-10-30 17:08:42,252 [INFO] ServerAccessManage:473 - Download File updaters.zip
2023-10-30 17:08:42,302 [INFO] JxBrowserEngine:151 - Initiate JxBrowser Engine with user profile folder
2023-10-30 17:08:42,512 [INFO] FileExtend:240 - Unzip File : updaters.zip
2023-10-30 17:08:42,517 [INFO] FileExtend:255 - Standard Zip Deflate
2023-10-30 17:08:43,472 [INFO] ServerAccessManage:473 - Download File PacksControlFlags.xml
2023-10-30 17:08:43,663 [INFO] ServerAccessManage:473 - Download File cubemx.pidx
2023-10-30 17:08:43,994 [INFO] LoadServerUpdatesThread:373 - End of LoadServerUpdate Thread
2023-10-30 17:08:44,424 [INFO] CheckServerUpdateThread:120 - End of CheckServer Thread
2023-10-30 17:08:45,752 [WARN] PackLoader:240 - Cannot read IP mode file for STMicroelectronics.X-CUBE-SMBUS.2.1.0
2023-10-30 17:08:45,857 [WARN] PackLoader:240 - Cannot read IP mode file for STMicroelectronics.X-CUBE-AZRTOS-F7.1.1.0
2023-10-30 17:08:45,907 [WARN] PackLoader:240 - Cannot read IP mode file for STMicroelectronics.FP-SNS-MOTENV1.4.3.2
2023-10-30 17:08:45,942 [ERROR] RealEvaluatedCondition:428 - Found unsupported composite condition: CLASS='Data Exchange' GROUP='STM32_MetaDataManager'
2023-10-30 17:08:45,948 [ERROR] RealEvaluatedCondition:428 - Found unsupported composite condition: GROUP='STM32_MetaDataManager' CLASS='Data Exchange'
2023-10-30 17:08:45,952 [WARN] PackLoader:240 - Cannot read IP mode file for STMicroelectronics.FP-SNS-MOTENV1.4.3.1
2023-10-30 17:08:45,992 [WARN] PackLoader:240 - Cannot read IP mode file for STMicroelectronics.FP-SNS-FLIGHT1.5.0.1
2023-10-30 17:08:46,032 [WARN] PackLoader:240 - Cannot read IP mode file for STMicroelectronics.X-CUBE-BLE1.6.2.4
2023-10-30 17:08:46,054 [WARN] PackLoader:240 - Cannot read IP mode file for STMicroelectronics.FP-SNS-FLIGHT1.5.0.2
2023-10-30 17:08:46,092 [WARN] PackLoader:240 - Cannot read IP mode file for STMicroelectronics.X-CUBE-DISPLAY.3.0.0
2023-10-30 17:08:46,125 [WARN] PackLoader:240 - Cannot read IP mode file for STMicroelectronics.X-CUBE-BLE1.7.0.0
2023-10-30 17:08:46,173 [WARN] PackLoader:240 - Cannot read IP mode file for STMicroelectronics.X-CUBE-TOUCHGFX.4.22.0
2023-10-30 17:08:46,192 [WARN] PackLoader:240 - Cannot read IP mode file for STMicroelectronics.X-CUBE-TOUCHGFX.4.22.1
2023-10-30 17:08:46,215 [WARN] PackLoader:240 - Cannot read IP mode file for STMicroelectronics.FP-SNS-SMARTAG2.1.2.0
2023-10-30 17:08:46,255 [INFO] LogOutputStream:77 - [STDOUT_REDIRECT] 1 : Invalid condition id : UX_CORESTACK_Condition cause : null
2023-10-30 17:08:46,257 [INFO] LogOutputStream:77 - [STDOUT_REDIRECT] 1 : Invalid condition id : UX_CORESTACK_Condition cause : null
2023-10-30 17:08:46,261 [INFO] LogOutputStream:77 - [STDOUT_REDIRECT] 1 : Invalid condition id : UX_CORESTACK_Condition cause : null
2023-10-30 17:08:46,263 [INFO] LogOutputStream:77 - [STDOUT_REDIRECT] 1 : Invalid condition id : UX_CORESTACK_Condition cause : null
2023-10-30 17:08:46,265 [INFO] LogOutputStream:77 - [STDOUT_REDIRECT] 1 : Invalid condition id : UX_CORESTACK_Condition cause : null
2023-10-30 17:08:46,274 [WARN] PackLoader:240 - Cannot read IP mode file for STMicroelectronics.X-CUBE-AZRTOS-WL.2.0.0
2023-10-30 17:08:46,298 [WARN] PackLoader:240 - Cannot read IP mode file for WES.I-CUBE-Cesium.1.3.0
2023-10-30 17:08:46,314 [WARN] PackLoader:240 - Cannot read IP mode file for STMicroelectronics.X-CUBE-BLE2.3.3.0
2023-10-30 17:08:46,339 [WARN] PackLoader:240 - Cannot read IP mode file for STMicroelectronics.X-CUBE-DISPLAY.2.2.0
2023-10-30 17:08:46,372 [WARN] PackLoader:240 - Cannot read IP mode file for STMicroelectronics.X-CUBE-TOF1.3.2.0
2023-10-30 17:08:46,403 [WARN] PackLoader:240 - Cannot read IP mode file for STMicroelectronics.X-CUBE-TOUCHGFX.4.21.0
2023-10-30 17:08:46,422 [WARN] PackLoader:240 - Cannot read IP mode file for STMicroelectronics.X-CUBE-TOUCHGFX.4.21.4
2023-10-30 17:08:46,522 [WARN] PackLoader:240 - Cannot read IP mode file for STMicroelectronics.X-CUBE-MEMS1.9.4.0
2023-10-30 17:08:46,745 [WARN] PackLoader:240 - Cannot read IP mode file for STMicroelectronics.X-CUBE-AI.7.3.0
2023-10-30 17:08:46,768 [WARN] PackLoader:240 - Cannot read IP mode file for STMicroelectronics.X-CUBE-ALGOBUILD.1.3.0
2023-10-30 17:08:46,812 [WARN] PackLoader:240 - Cannot read IP mode file for STMicroelectronics.X-CUBE-AZRTOS-G0.1.1.0
2023-10-30 17:08:46,833 [WARN] PackLoader:240 - Cannot read IP mode file for STMicroelectronics.X-CUBE-NFC4.3.0.0
2023-10-30 17:08:46,856 [WARN] PackLoader:240 - Cannot read IP mode file for STMicroelectronics.X-CUBE-BLEMGR.1.3.0
2023-10-30 17:08:46,875 [WARN] PackLoader:240 - Cannot read IP mode file for STMicroelectronics.FP-ATR-SIGFOX1.3.2.0
2023-10-30 17:08:46,936 [WARN] PackLoader:240 - Cannot read IP mode file for SEGGER.I-CUBE-embOS.1.3.1
2023-10-30 17:08:47,040 [WARN] PackLoader:240 - Cannot read IP mode file for SEGGER.I-CUBE-embOS.1.3.0
2023-10-30 17:08:47,093 [WARN] PackLoader:240 - Cannot read IP mode file for STMicroelectronics.X-CUBE-GNSS1.6.0.0
2023-10-30 17:08:47,129 [WARN] PackLoader:240 - Cannot read IP mode file for STMicroelectronics.X-CUBE-AZRTOS-F4.1.1.0
2023-10-30 17:08:47,174 [WARN] PackLoader:240 - Cannot read IP mode file for STMicroelectronics.X-CUBE-AZRTOS-L5.2.0.0
2023-10-30 17:08:47,243 [WARN] PackLoader:240 - Cannot read IP mode file for STMicroelectronics.X-CUBE-MEMS1.9.6.0
2023-10-30 17:08:47,408 [WARN] PackLoader:240 - Cannot read IP mode file for STMicroelectronics.X-CUBE-EEPRMA1.4.2.0
2023-10-30 17:08:47,427 [WARN] PackLoader:240 - Cannot read IP mode file for ITTIA_DB.I-CUBE-ITTIADB.8.8.0
2023-10-30 17:08:47,448 [WARN] PackLoader:240 - Cannot read IP mode file for emotas.I-CUBE-CANOPEN.1.1.3
2023-10-30 17:08:47,472 [WARN] PackLoader:240 - Cannot read IP mode file for STMicroelectronics.X-CUBE-BLEMGR.2.0.0
2023-10-30 17:08:47,494 [WARN] PackLoader:240 - Cannot read IP mode file for STMicroelectronics.X-CUBE-NFC4.2.0.5
2023-10-30 17:08:47,692 [WARN] ConditionMgr:438 - getConditionDescription Invalid condition id : UX DEVICE CLASS RTOS Condition cause : null
2023-10-30 17:08:47,692 [WARN] ConditionMgr:438 - getConditionDescription Invalid condition id : UX DEVICE CLASS RTOS Condition cause : null
2023-10-30 17:08:47,697 [WARN] PackLoader:240 - Cannot read IP mode file for STMicroelectronics.X-CUBE-AZRTOS-H7.3.1.0
2023-10-30 17:08:47,697 [WARN] ConditionMgr:1039 - genDependencies : Invalid condition id : UX DEVICE CLASS RTOS Condition cause : null
2023-10-30 17:08:47,697 [WARN] ConditionMgr:1039 - genDependencies : Invalid condition id : UX DEVICE CLASS RTOS Condition cause : null
2023-10-30 17:08:47,697 [WARN] ConditionMgr:1039 - genDependencies : Invalid condition id : UX DEVICE CLASS RTOS Condition cause : null
2023-10-30 17:08:47,697 [WARN] ConditionMgr:1039 - genDependencies : Invalid condition id : UX DEVICE CLASS RTOS Condition cause : null
2023-10-30 17:08:47,697 [WARN] ConditionMgr:1039 - genDependencies : Invalid condition id : UX DEVICE CLASS RTOS Condition cause : null
2023-10-30 17:08:47,717 [WARN] PackLoader:240 - Cannot read IP mode file for wolfSSL.I-CUBE-wolfSSL.5.5.4
2023-10-30 17:08:47,732 [WARN] PackLoader:240 - Cannot read IP mode file for STMicroelectronics.X-CUBE-NFC7.1.0.1
2023-10-30 17:08:47,749 [WARN] PackLoader:240 - Cannot read IP mode file for STMicroelectronics.X-CUBE-NFC7.1.0.0
2023-10-30 17:08:47,773 [WARN] PackLoader:240 - Cannot read IP mode file for STMicroelectronics.X-CUBE-NFC6.3.0.0
2023-10-30 17:08:47,792 [WARN] PackLoader:240 - Cannot read IP mode file for STMicroelectronics.X-CUBE-EEPRMA1.4.1.0
2023-10-30 17:08:47,805 [WARN] PackLoader:240 - Cannot read IP mode file for STMicroelectronics.X-CUBE-AI.8.1.0
2023-10-30 17:08:47,852 [WARN] ConditionMgr:438 - getConditionDescription Invalid condition id : LAN8742 Phy interface Condition cause : null
2023-10-30 17:08:47,852 [WARN] PackLoader:240 - Cannot read IP mode file for STMicroelectronics.X-CUBE-AZRTOS-L4.2.0.0
2023-10-30 17:08:47,852 [WARN] ConditionMgr:1039 - genDependencies : Invalid condition id : LAN8742 Phy interface Condition cause : null
2023-10-30 17:08:47,855 [WARN] ConditionMgr:1039 - genDependencies : Invalid condition id : LAN8742 Phy interface Condition cause : null
2023-10-30 17:08:47,855 [WARN] ConditionMgr:1039 - genDependencies : Invalid condition id : LAN8742 Phy interface Condition cause : null
2023-10-30 17:08:47,872 [WARN] PackLoader:240 - Cannot read IP mode file for STMicroelectronics.X-CUBE-SFXS2LP1.4.0.0
2023-10-30 17:08:47,937 [WARN] PackLoader:240 - Cannot read IP mode file for STMicroelectronics.X-CUBE-AZRTOS-H7.3.0.0
2023-10-30 17:08:47,962 [WARN] PackLoader:240 - Cannot read IP mode file for STMicroelectronics.X-CUBE-ISPU.1.1.0
2023-10-30 17:08:48,027 [WARN] PackLoader:240 - Cannot read IP mode file for RoweBots.I-CUBE-UNISONRTOS.5.5.0-4
2023-10-30 17:08:48,085 [WARN] ConditionMgr:438 - getConditionDescription Invalid condition id : UX DEVICE CLASS RTOS Condition cause : null
2023-10-30 17:08:48,085 [WARN] ConditionMgr:438 - getConditionDescription Invalid condition id : UX DEVICE CLASS RTOS Condition cause : null
2023-10-30 17:08:48,085 [WARN] PackLoader:240 - Cannot read IP mode file for STMicroelectronics.X-CUBE-AZRTOS-WB.2.0.0
2023-10-30 17:08:48,085 [WARN] ConditionMgr:1039 - genDependencies : Invalid condition id : UX DEVICE CLASS RTOS Condition cause : null
2023-10-30 17:08:48,085 [WARN] ConditionMgr:1039 - genDependencies : Invalid condition id : UX DEVICE CLASS RTOS Condition cause : null
2023-10-30 17:08:48,085 [WARN] ConditionMgr:1039 - genDependencies : Invalid condition id : UX DEVICE CLASS RTOS Condition cause : null
2023-10-30 17:08:48,092 [WARN] ConditionMgr:1039 - genDependencies : Invalid condition id : UX DEVICE CLASS RTOS Condition cause : null
2023-10-30 17:08:48,093 [WARN] ConditionMgr:1039 - genDependencies : Invalid condition id : UX DEVICE CLASS RTOS Condition cause : null
2023-10-30 17:08:48,122 [WARN] PackLoader:240 - Cannot read IP mode file for STMicroelectronics.X-CUBE-FREERTOS.1.0.1
2023-10-30 17:08:48,174 [WARN] PackLoader:240 - Cannot read IP mode file for STMicroelectronics.X-CUBE-AZRTOS-L5.1.1.0
2023-10-30 17:08:48,199 [WARN] PackLoader:240 - Cannot read IP mode file for STMicroelectronics.X-CUBE-AI.8.0.1
2023-10-30 17:08:48,232 [WARN] PackLoader:240 - Cannot read IP mode file for STMicroelectronics.X-CUBE-SUBG2.5.0.0
2023-10-30 17:08:48,270 [WARN] PackLoader:240 - Cannot read IP mode file for STMicroelectronics.X-CUBE-TOF1.3.3.1
2023-10-30 17:08:48,282 [INFO] WebApp:157 - Instantiating new browser for Auth
2023-10-30 17:08:48,312 [WARN] PackLoader:240 - Cannot read IP mode file for STMicroelectronics.X-CUBE-AZRTOS-G4.2.0.0
2023-10-30 17:08:48,356 [WARN] PackLoader:240 - Cannot read IP mode file for STMicroelectronics.X-CUBE-TOF1.3.3.0
2023-10-30 17:08:48,382 [WARN] PackLoader:240 - Cannot read IP mode file for STMicroelectronics.FP-ATR-ASTRA1.1.1.1
2023-10-30 17:08:48,417 [WARN] PackLoader:240 - Cannot read IP mode file for Infineon.AIROC-Wi-Fi-Bluetooth-STM32.1.5.1
2023-10-30 17:08:48,472 [WARN] PackLoader:240 - Cannot read IP mode file for STMicroelectronics.X-CUBE-AZRTOS-G4.1.0.0
2023-10-30 17:08:48,538 [WARN] PackLoader:240 - Cannot read IP mode file for STMicroelectronics.X-CUBE-AZRTOS-L4.1.0.0
2023-10-30 17:08:48,635 [WARN] PackLoader:240 - Cannot read IP mode file for STMicroelectronics.X-CUBE-MEMS1.10.0.0
2023-10-30 17:08:48,814 [WARN] PackLoader:240 - Cannot read IP mode file for STMicroelectronics.X-CUBE-FREERTOS.1.1.0
2023-10-30 17:08:48,847 [WARN] PackLoader:240 - Cannot read IP mode file for STMicroelectronics.X-CUBE-AZRTOS-WL.1.0.0
2023-10-30 17:08:48,876 [WARN] PackLoader:240 - Cannot read IP mode file for portGmbH.I-Cube-SoM-uGOAL.1.1.0
2023-10-30 17:08:48,896 [WARN] PackLoader:240 - Cannot read IP mode file for STMicroelectronics.X-CUBE-ALS.1.0.1
2023-10-30 17:08:48,932 [WARN] PackLoader:240 - Cannot read IP mode file for STMicroelectronics.X-CUBE-AZRTOS-WB.1.1.0
2023-10-30 17:08:48,952 [WARN] PackLoader:240 - Cannot read IP mode file for STMicroelectronics.FP-ATR-ASTRA1.2.0.0
2023-10-30 17:08:48,952 [INFO] ThirdParty:978 - Integrity check success = true
2023-10-30 17:08:48,952 [INFO] IntegrityCheckThread:100 - exiting critical section [integrity check]
2023-10-30 17:08:48,952 [INFO] IntegrityCheckThread:103 - End integrity checks thread
2023-10-30 17:08:49,412 [INFO] WebApp:753 - Register for checkConnection events
2023-10-30 17:08:49,412 [INFO] WebApp:390 - Apply proxy settings
2023-10-30 17:08:49,412 [INFO] WebApp:475 - Chromium requires no authentication
2023-10-30 17:08:49,427 [INFO] WebApp:418 - Direct internet connection detected
2023-10-30 17:08:49,642 [INFO] WebApp:188 - Starting web application
2023-10-30 17:08:49,642 [INFO] WebApp:520 - Web application path used C:\ST\STM32CubeIDE_1.13.0\STM32CubeIDE\plugins\com.st.stm32cube.common.mx_6.9.0.202307051724\db\plugins\mcufinder\reactClient1\index.html
2023-10-30 17:09:10,981 [ERROR] LogOutputStream:75 - [STDERR_REDIRECT] SLF4J: Failed to load class "org.slf4j.impl.StaticLoggerBinder".
2023-10-30 17:09:10,981 [ERROR] LogOutputStream:75 - [STDERR_REDIRECT] SLF4J: Defaulting to no-operation (NOP) logger implementation
2023-10-30 17:09:10,984 [ERROR] LogOutputStream:75 - [STDERR_REDIRECT] SLF4J: See http://www.slf4j.org/codes.html#StaticLoggerBinder for further details.
