2023-08-17 18:58:20,675 [INFO] Activator:176 - 


2023-08-17 18:58:20,680 [INFO] Activator:177 - !SESSION log4j initialized
2023-08-17 18:58:30,835 [INFO] LogOutputStream:77 - [STDOUT_REDIRECT] 
2023-08-17 18:58:38,278 [INFO] ApplicationProperties:184 - Using Application install path: C:\ST\STM32CubeIDE_1.13.0\STM32CubeIDE\plugins\com.st.stm32cube.common.mx_6.9.0.202307051724
2023-08-17 18:58:38,301 [INFO] DbMcusXml:78 - Set database path to: C:\ST\STM32CubeIDE_1.13.0\STM32CubeIDE\plugins\com.st.stm32cube.common.mx_6.9.0.202307051724\\db\/mcu/
2023-08-17 18:58:38,301 [INFO] ApiDb:274 - Set plugin database path to: C:\ST\STM32CubeIDE_1.13.0\STM32CubeIDE\plugins\com.st.stm32cube.common.mx_6.9.0.202307051724\\db\/plugins/boardmanager/
2023-08-17 18:58:38,302 [WARN] ApiDb:259 - Overriding images path with different value:  => C:\ST\STM32CubeIDE_1.13.0\STM32CubeIDE\plugins\com.st.stm32cube.common.mx_6.9.0.202307051724\\db\/plugins/mcufinder/images/
2023-08-17 18:58:38,326 [INFO] ApiDb:250 - Set database path to: C:\Users\ACER\.stmcufinder\plugins\mcufinder//mcu/
2023-08-17 18:58:38,328 [INFO] DbMcusAds:125 - Set database path to: C:\Users\ACER\.stmcufinder\plugins\mcufinder//mcu/
2023-08-17 18:58:38,331 [INFO] CrossReferenceDbSqlite:203 - Set database path to: C:\Users\ACER\.stmcufinder\plugins\mcufinder//mcu/cs/
2023-08-17 18:58:38,474 [INFO] RulesReader:64 - Compatibility file has been processed (293 Rules)
2023-08-17 18:58:38,588 [INFO] DbMcusXml:78 - Set database path to: C:\ST\STM32CubeIDE_1.13.0\STM32CubeIDE\plugins\com.st.stm32cube.common.mx_6.9.0.202307051724\\db\/mcu/
2023-08-17 18:58:38,588 [INFO] ApiDb:274 - Set plugin database path to: C:\ST\STM32CubeIDE_1.13.0\STM32CubeIDE\plugins\com.st.stm32cube.common.mx_6.9.0.202307051724\\db\/plugins/boardmanager/
2023-08-17 18:58:38,588 [INFO] ApiDb:261 - Set plugin images path to: C:\ST\STM32CubeIDE_1.13.0\STM32CubeIDE\plugins\com.st.stm32cube.common.mx_6.9.0.202307051724\\db\/plugins/mcufinder/images/
2023-08-17 18:58:38,589 [WARN] DbFile:41 - Overriding database path with different value: C:\Users\ACER\.stmcufinder\plugins\mcufinder/ => C:\Users\ACER\.stmcufinder\plugins\mcufinder
2023-08-17 18:58:38,589 [INFO] ApiDb:250 - Set database path to: C:\Users\ACER\.stmcufinder\plugins\mcufinder//mcu/
2023-08-17 18:58:38,589 [WARN] DbFile:41 - Overriding database path with different value: C:\Users\ACER\.stmcufinder\plugins\mcufinder/ => C:\Users\ACER\.stmcufinder\plugins\mcufinder
2023-08-17 18:58:38,589 [INFO] DbMcusAds:125 - Set database path to: C:\Users\ACER\.stmcufinder\plugins\mcufinder//mcu/
2023-08-17 18:58:38,589 [WARN] DbFile:41 - Overriding database path with different value: C:\Users\ACER\.stmcufinder\plugins\mcufinder/ => C:\Users\ACER\.stmcufinder\plugins\mcufinder
2023-08-17 18:58:38,589 [WARN] DbFile:41 - Overriding database path with different value: C:\Users\ACER\.stmcufinder\plugins\mcufinder/ => C:\Users\ACER\.stmcufinder\plugins\mcufinder
2023-08-17 18:58:38,590 [INFO] CrossReferenceDbSqlite:203 - Set database path to: C:\Users\ACER\.stmcufinder\plugins\mcufinder//mcu/cs/
2023-08-17 18:58:38,701 [INFO] MainPanel:262 - HeapMemory: 268435456
2023-08-17 18:58:38,848 [INFO] DbMcusXml:78 - Set database path to: C:\ST\STM32CubeIDE_1.13.0\STM32CubeIDE\plugins\com.st.stm32cube.common.mx_6.9.0.202307051724\\db\/mcu/
2023-08-17 18:58:38,849 [INFO] ApiDb:274 - Set plugin database path to: C:\ST\STM32CubeIDE_1.13.0\STM32CubeIDE\plugins\com.st.stm32cube.common.mx_6.9.0.202307051724\\db\/plugins/boardmanager/
2023-08-17 18:58:38,849 [INFO] ApiDb:261 - Set plugin images path to: C:\ST\STM32CubeIDE_1.13.0\STM32CubeIDE\plugins\com.st.stm32cube.common.mx_6.9.0.202307051724\\db\/plugins/mcufinder/images/
2023-08-17 18:58:38,851 [WARN] DbFile:41 - Overriding database path with different value: C:\Users\ACER\.stmcufinder\plugins\mcufinder/ => C:\Users\ACER\.stmcufinder\plugins\mcufinder
2023-08-17 18:58:38,851 [INFO] ApiDb:250 - Set database path to: C:\Users\ACER\.stmcufinder\plugins\mcufinder//mcu/
2023-08-17 18:58:38,851 [WARN] DbFile:41 - Overriding database path with different value: C:\Users\ACER\.stmcufinder\plugins\mcufinder/ => C:\Users\ACER\.stmcufinder\plugins\mcufinder
2023-08-17 18:58:38,851 [INFO] DbMcusAds:125 - Set database path to: C:\Users\ACER\.stmcufinder\plugins\mcufinder//mcu/
2023-08-17 18:58:38,851 [WARN] DbFile:41 - Overriding database path with different value: C:\Users\ACER\.stmcufinder\plugins\mcufinder/ => C:\Users\ACER\.stmcufinder\plugins\mcufinder
2023-08-17 18:58:38,851 [WARN] DbFile:41 - Overriding database path with different value: C:\Users\ACER\.stmcufinder\plugins\mcufinder/ => C:\Users\ACER\.stmcufinder\plugins\mcufinder
2023-08-17 18:58:38,852 [INFO] CrossReferenceDbSqlite:203 - Set database path to: C:\Users\ACER\.stmcufinder\plugins\mcufinder//mcu/cs/
2023-08-17 18:58:38,875 [INFO] ApplicationProperties:184 - Using Application install path: C:\ST\STM32CubeIDE_1.13.0\STM32CubeIDE\plugins\com.st.stm32cube.common.mx_6.9.0.202307051724
2023-08-17 18:58:38,877 [INFO] PluginManage:196 - Search for loadable plugins [exclusion list=, ]
2023-08-17 18:58:38,880 [INFO] PluginManage:310 - Check plugin analytics
2023-08-17 18:58:39,134 [INFO] AnalyticsPlugin:253 - Accepted Software Licenses: 
2023-08-17 18:58:39,134 [INFO] AnalyticsPlugin:255 - Accepted CMSIS Pack Licenses: 
2023-08-17 18:58:39,135 [INFO] AnalyticsPlugin:257 - Accepted Firmware Licenses: FW.WB.1.17.0
2023-08-17 18:58:39,138 [INFO] PluginManage:359 - Loaded plugin analytics (category:tool,tabindex:-1)
2023-08-17 18:58:39,138 [INFO] PluginManage:310 - Check plugin cadmodel
2023-08-17 18:58:39,160 [INFO] CADModel:105 - Init CAD model plugin
2023-08-17 18:58:39,160 [INFO] PluginManage:359 - Loaded plugin cadmodel (category:power,tabindex:5)
2023-08-17 18:58:39,160 [INFO] PluginManage:310 - Check plugin clock
2023-08-17 18:58:39,186 [INFO] PluginManage:359 - Loaded plugin clock (category:base,tabindex:2)
2023-08-17 18:58:39,186 [INFO] PluginManage:310 - Check plugin ddr
2023-08-17 18:58:39,190 [INFO] PluginManage:359 - Loaded plugin ddr (category:tool,tabindex:6)
2023-08-17 18:58:39,190 [INFO] PluginManage:310 - Check plugin filemanager
2023-08-17 18:58:39,365 [INFO] PluginManage:359 - Loaded plugin filemanager (category:base,tabindex:10)
2023-08-17 18:58:39,365 [INFO] PluginManage:310 - Check plugin ipmanager
2023-08-17 18:58:39,374 [INFO] PluginManage:359 - Loaded plugin ipmanager (category:base,tabindex:5)
2023-08-17 18:58:39,375 [INFO] PluginManage:310 - Check plugin lpbam
2023-08-17 18:58:39,393 [INFO] PluginManage:359 - Loaded plugin lpbam (category:base,tabindex:0)
2023-08-17 18:58:39,394 [INFO] PluginManage:310 - Check plugin memorymap
2023-08-17 18:58:39,417 [INFO] PluginManage:359 - Loaded plugin memorymap (category:base,tabindex:4)
2023-08-17 18:58:39,417 [INFO] PluginManage:310 - Check plugin pinoutandconfiguration
2023-08-17 18:58:39,436 [INFO] PluginManage:359 - Loaded plugin pinoutandconfiguration (category:base,tabindex:1)
2023-08-17 18:58:39,437 [INFO] PluginManage:310 - Check plugin pinoutconfig
2023-08-17 18:58:39,559 [WARN] SupportedApi:132 - Cannot load RTOS API schema: s4s-elt-must-match.1: The content of 'definitions' must match (annotation?, (simpleType | complexType)?, (unique | key | keyref)*)). A problem was found starting at: attribute.
2023-08-17 18:58:39,726 [INFO] PluginManage:359 - Loaded plugin pinoutconfig (category:base,tabindex:0)
2023-08-17 18:58:39,726 [INFO] PluginManage:310 - Check plugin power
2023-08-17 18:58:39,749 [INFO] PluginManage:359 - Loaded plugin power (category:power,tabindex:4)
2023-08-17 18:58:39,749 [INFO] PluginManage:310 - Check plugin projectmanager
2023-08-17 18:58:39,766 [INFO] PluginManage:359 - Loaded plugin projectmanager (category:projectmanager,tabindex:3)
2023-08-17 18:58:39,766 [INFO] PluginManage:310 - Check plugin thirdparty
2023-08-17 18:58:40,108 [INFO] PluginManage:359 - Loaded plugin thirdparty (category:base,tabindex:-1)
2023-08-17 18:58:40,108 [WARN] IntegrityCheckThread:84 - waiting for thirdparty lock release [integrity check]
2023-08-17 18:58:40,109 [INFO] PluginManage:310 - Check plugin tools
2023-08-17 18:58:40,109 [INFO] IntegrityCheckThread:86 - entering critical section [integrity check]
2023-08-17 18:58:40,109 [INFO] ThirdPartyUpdaterWithRetryManager:70 - Updater plugin not ready yet. [1/15]
2023-08-17 18:58:40,145 [INFO] PluginManage:359 - Loaded plugin tools (category:base,tabindex:7)
2023-08-17 18:58:40,146 [INFO] PluginManage:310 - Check plugin tutovideos
2023-08-17 18:58:40,373 [INFO] PluginManage:359 - Loaded plugin tutovideos (category:base,tabindex:-1)
2023-08-17 18:58:40,373 [INFO] PluginManage:310 - Check plugin updater
2023-08-17 18:58:40,402 [INFO] PluginManage:359 - Loaded plugin updater (category:base,tabindex:12)
2023-08-17 18:58:40,402 [INFO] PluginManage:310 - Check plugin userauth
2023-08-17 18:58:40,408 [INFO] UserAuth:113 - Init User Auth plugin
2023-08-17 18:58:40,408 [INFO] PluginManage:359 - Loaded plugin userauth (category:base,tabindex:14)
2023-08-17 18:58:40,409 [INFO] PluginManage:283 - PluginManage : Loaded plugins [17]
2023-08-17 18:58:40,675 [INFO] PinOutPanel:1499 - setPackage(No Configuration,No Configuration)
2023-08-17 18:58:40,800 [INFO] CADModel:165 - CPN selected for project level
2023-08-17 18:58:40,800 [INFO] CADModel:114 - Register for checkConnection events
2023-08-17 18:58:40,832 [INFO] IPUIPlugin:80 - create IPUIPlugin
2023-08-17 18:58:40,832 [INFO] PluginManager:220 - loadIPPluginJar : add adc
2023-08-17 18:58:40,870 [INFO] IPUIPlugin:80 - create IPUIPlugin
2023-08-17 18:58:40,870 [INFO] PluginManager:220 - loadIPPluginJar : add aes
2023-08-17 18:58:40,911 [INFO] IPUIPlugin:80 - create IPUIPlugin
2023-08-17 18:58:40,911 [INFO] PluginManager:220 - loadIPPluginJar : add can
2023-08-17 18:58:40,944 [INFO] IPUIPlugin:80 - create IPUIPlugin
2023-08-17 18:58:40,944 [INFO] PluginManager:220 - loadIPPluginJar : add comp
2023-08-17 18:58:40,985 [INFO] IPUIPlugin:80 - create IPUIPlugin
2023-08-17 18:58:40,985 [INFO] PluginManager:220 - loadIPPluginJar : add cryp
2023-08-17 18:58:41,017 [INFO] IPUIPlugin:80 - create IPUIPlugin
2023-08-17 18:58:41,017 [INFO] PluginManager:220 - loadIPPluginJar : add dfsdm
2023-08-17 18:58:41,036 [INFO] IPUIPlugin:80 - create IPUIPlugin
2023-08-17 18:58:41,037 [INFO] PluginManager:220 - loadIPPluginJar : add dma
2023-08-17 18:58:41,081 [INFO] IPUIPlugin:80 - create IPUIPlugin
2023-08-17 18:58:41,082 [INFO] PluginManager:220 - loadIPPluginJar : add dma3
2023-08-17 18:58:41,103 [INFO] IPUIPlugin:80 - create IPUIPlugin
2023-08-17 18:58:41,103 [INFO] PluginManager:220 - loadIPPluginJar : add fatfs
2023-08-17 18:58:41,151 [INFO] IPUIPlugin:80 - create IPUIPlugin
2023-08-17 18:58:41,152 [INFO] PluginManager:220 - loadIPPluginJar : add fmc
2023-08-17 18:58:41,168 [INFO] IPUIPlugin:80 - create IPUIPlugin
2023-08-17 18:58:41,168 [INFO] PluginManager:220 - loadIPPluginJar : add freertos
2023-08-17 18:58:41,190 [INFO] IPUIPlugin:80 - create IPUIPlugin
2023-08-17 18:58:41,190 [INFO] PluginManager:220 - loadIPPluginJar : add genericplugin
2023-08-17 18:58:41,285 [INFO] IPUIPlugin:80 - create IPUIPlugin
2023-08-17 18:58:41,285 [INFO] PluginManager:220 - loadIPPluginJar : add gfxmmu
2023-08-17 18:58:41,420 [INFO] IPUIPlugin:80 - create IPUIPlugin
2023-08-17 18:58:41,420 [INFO] PluginManager:220 - loadIPPluginJar : add gic
2023-08-17 18:58:41,449 [INFO] IPUIPlugin:80 - create IPUIPlugin
2023-08-17 18:58:41,449 [INFO] PluginManager:220 - loadIPPluginJar : add gpio
2023-08-17 18:58:41,539 [INFO] IPUIPlugin:80 - create IPUIPlugin
2023-08-17 18:58:41,539 [INFO] PluginManager:220 - loadIPPluginJar : add gtzc
2023-08-17 18:58:41,585 [INFO] IPUIPlugin:80 - create IPUIPlugin
2023-08-17 18:58:41,585 [INFO] PluginManager:220 - loadIPPluginJar : add hash
2023-08-17 18:58:41,639 [INFO] IPUIPlugin:80 - create IPUIPlugin
2023-08-17 18:58:41,639 [INFO] PluginManager:220 - loadIPPluginJar : add i2c
2023-08-17 18:58:41,678 [INFO] IPUIPlugin:80 - create IPUIPlugin
2023-08-17 18:58:41,679 [INFO] PluginManager:220 - loadIPPluginJar : add i2s
2023-08-17 18:58:41,720 [INFO] IPUIPlugin:80 - create IPUIPlugin
2023-08-17 18:58:41,720 [INFO] PluginManager:220 - loadIPPluginJar : add i3c
2023-08-17 18:58:41,839 [INFO] IPUIPlugin:80 - create IPUIPlugin
2023-08-17 18:58:41,839 [INFO] PluginManager:220 - loadIPPluginJar : add ipddr
2023-08-17 18:58:41,960 [INFO] IPUIPlugin:80 - create IPUIPlugin
2023-08-17 18:58:41,960 [INFO] PluginManager:220 - loadIPPluginJar : add linkedlist
2023-08-17 18:58:41,997 [INFO] IPUIPlugin:80 - create IPUIPlugin
2023-08-17 18:58:41,998 [INFO] PluginManager:220 - loadIPPluginJar : add lorawan
2023-08-17 18:58:42,033 [INFO] IPUIPlugin:80 - create IPUIPlugin
2023-08-17 18:58:42,033 [INFO] PluginManager:220 - loadIPPluginJar : add ltdc
2023-08-17 18:58:42,050 [INFO] IPUIPlugin:80 - create IPUIPlugin
2023-08-17 18:58:42,050 [INFO] PluginManager:220 - loadIPPluginJar : add mdma
2023-08-17 18:58:42,063 [INFO] IPUIPlugin:80 - create IPUIPlugin
2023-08-17 18:58:42,063 [INFO] PluginManager:220 - loadIPPluginJar : add nvic
2023-08-17 18:58:42,100 [INFO] IPUIPlugin:80 - create IPUIPlugin
2023-08-17 18:58:42,100 [INFO] PluginManager:220 - loadIPPluginJar : add opamp
2023-08-17 18:58:42,163 [INFO] IPUIPlugin:80 - create IPUIPlugin
2023-08-17 18:58:42,163 [INFO] PluginManager:220 - loadIPPluginJar : add openamp
2023-08-17 18:58:42,208 [INFO] IPUIPlugin:80 - create IPUIPlugin
2023-08-17 18:58:42,208 [INFO] PluginManager:220 - loadIPPluginJar : add pdm2pcm
2023-08-17 18:58:42,223 [INFO] IPUIPlugin:80 - create IPUIPlugin
2023-08-17 18:58:42,225 [INFO] PluginManager:220 - loadIPPluginJar : add plateformsettings
2023-08-17 18:58:42,249 [INFO] IPUIPlugin:80 - create IPUIPlugin
2023-08-17 18:58:42,249 [INFO] PluginManager:220 - loadIPPluginJar : add quadspi
2023-08-17 18:58:42,264 [INFO] IPUIPlugin:80 - create IPUIPlugin
2023-08-17 18:58:42,264 [INFO] PluginManager:220 - loadIPPluginJar : add resmgrutility
2023-08-17 18:58:42,311 [INFO] IPUIPlugin:80 - create IPUIPlugin
2023-08-17 18:58:42,312 [INFO] PluginManager:220 - loadIPPluginJar : add sai
2023-08-17 18:58:42,349 [INFO] IPUIPlugin:80 - create IPUIPlugin
2023-08-17 18:58:42,349 [INFO] PluginManager:220 - loadIPPluginJar : add spi
2023-08-17 18:58:42,407 [INFO] IPUIPlugin:80 - create IPUIPlugin
2023-08-17 18:58:42,407 [INFO] PluginManager:220 - loadIPPluginJar : add stm32_wpan
2023-08-17 18:58:42,431 [INFO] IPUIPlugin:80 - create IPUIPlugin
2023-08-17 18:58:42,431 [INFO] PluginManager:220 - loadIPPluginJar : add tim
2023-08-17 18:58:42,489 [INFO] IPUIPlugin:80 - create IPUIPlugin
2023-08-17 18:58:42,489 [INFO] PluginManager:220 - loadIPPluginJar : add touchsensing
2023-08-17 18:58:42,511 [INFO] IPUIPlugin:80 - create IPUIPlugin
2023-08-17 18:58:42,511 [INFO] PluginManager:220 - loadIPPluginJar : add tracer_emb
2023-08-17 18:58:42,536 [INFO] IPUIPlugin:80 - create IPUIPlugin
2023-08-17 18:58:42,536 [INFO] PluginManager:220 - loadIPPluginJar : add ts
2023-08-17 18:58:42,557 [INFO] IPUIPlugin:80 - create IPUIPlugin
2023-08-17 18:58:42,557 [INFO] PluginManager:220 - loadIPPluginJar : add tsc
2023-08-17 18:58:42,580 [INFO] IPUIPlugin:80 - create IPUIPlugin
2023-08-17 18:58:42,580 [INFO] PluginManager:220 - loadIPPluginJar : add ucpd
2023-08-17 18:58:42,624 [INFO] IPUIPlugin:80 - create IPUIPlugin
2023-08-17 18:58:42,624 [INFO] PluginManager:220 - loadIPPluginJar : add usart
2023-08-17 18:58:42,669 [INFO] IPUIPlugin:80 - create IPUIPlugin
2023-08-17 18:58:42,669 [INFO] PluginManager:220 - loadIPPluginJar : add usbx
2023-08-17 18:58:42,803 [INFO] CADModel:165 - CPN selected for project level
2023-08-17 18:58:42,803 [INFO] CADModel:114 - Register for checkConnection events
2023-08-17 18:58:42,803 [FATAL] Updater:308 - Updater called before beeing initialized
2023-08-17 18:58:42,803 [ERROR] CADModel:125 - Updater not yet initialized, retry later 
2023-08-17 18:58:43,002 [INFO] CADModel:165 - CPN selected for project level
2023-08-17 18:58:43,002 [INFO] CADModel:114 - Register for checkConnection events
2023-08-17 18:58:43,002 [FATAL] Updater:308 - Updater called before beeing initialized
2023-08-17 18:58:43,002 [ERROR] CADModel:125 - Updater not yet initialized, retry later 
2023-08-17 18:58:43,007 [FATAL] Updater:308 - Updater called before beeing initialized
2023-08-17 18:58:43,111 [INFO] ThirdPartyUpdaterWithRetryManager:70 - Updater plugin not ready yet. [2/15]
2023-08-17 18:58:43,130 [FATAL] Updater:308 - Updater called before beeing initialized
2023-08-17 18:58:43,145 [INFO] DbMcusAds:53 - JSON generation date=Tue Mar 07 15:50:55 ICT 2023 (1678179055114)
2023-08-17 18:58:43,145 [FATAL] Updater:308 - Updater called before beeing initialized
2023-08-17 18:58:43,192 [WARN] DetailPanel:346 - Failed to get advertising image, set to default
2023-08-17 18:58:43,280 [FATAL] Updater:308 - Updater called before beeing initialized
2023-08-17 18:58:43,283 [FATAL] Updater:308 - Updater called before beeing initialized
2023-08-17 18:58:43,283 [FATAL] Updater:308 - Updater called before beeing initialized
2023-08-17 18:58:43,283 [WARN] DetailPanel:346 - Failed to get advertising image, set to default
2023-08-17 18:58:43,284 [FATAL] Updater:308 - Updater called before beeing initialized
2023-08-17 18:58:43,353 [ERROR] Updater:1120 - MainUpdater not yet initialized. External WinMGr cannot be set.
2023-08-17 18:58:43,364 [INFO] Updater:1056 - Updater Version found : 6.9.0
2023-08-17 18:58:43,384 [INFO] ApplicationProperties:184 - Using Application install path: C:\ST\STM32CubeIDE_1.13.0\STM32CubeIDE\plugins\com.st.stm32cube.common.mx_6.9.0.202307051724
2023-08-17 18:58:43,718 [INFO] MainUpdater:2868 - connection check result : 10
2023-08-17 18:58:43,718 [INFO] MainUpdater:285 - Updater Check For Update Now.
2023-08-17 18:58:43,718 [INFO] MicroXplorer:498 - Change Database Version : DB.6.0.90
2023-08-17 18:58:43,741 [INFO] McuFinderGlobals:63 - Set McuFinder mode to 2 (CubeIDE integrated)
2023-08-17 18:58:43,742 [INFO] UserAuth:179 - activating auth plugin
2023-08-17 18:58:43,746 [INFO] UserAuth:393 - Internet connection configuration mode: 1
2023-08-17 18:58:43,789 [INFO] JxBrowserEngine:151 - Initiate JxBrowser Engine with user profile folder
2023-08-17 18:58:43,951 [INFO] CheckServerUpdateThread:120 - End of CheckServer Thread
2023-08-17 18:58:46,421 [WARN] PackLoader:240 - Cannot read IP mode file for STMicroelectronics.X-CUBE-SMBUS.2.1.0
2023-08-17 18:58:46,501 [WARN] PackLoader:240 - Cannot read IP mode file for STMicroelectronics.X-CUBE-AZRTOS-F7.1.1.0
2023-08-17 18:58:46,537 [WARN] PackLoader:240 - Cannot read IP mode file for STMicroelectronics.FP-SNS-MOTENV1.4.3.2
2023-08-17 18:58:46,585 [ERROR] RealEvaluatedCondition:428 - Found unsupported composite condition: CLASS='Data Exchange' GROUP='STM32_MetaDataManager'
2023-08-17 18:58:46,586 [ERROR] RealEvaluatedCondition:428 - Found unsupported composite condition: CLASS='Data Exchange' GROUP='STM32_MetaDataManager'
2023-08-17 18:58:46,589 [WARN] PackLoader:240 - Cannot read IP mode file for STMicroelectronics.FP-SNS-MOTENV1.4.3.1
2023-08-17 18:58:46,626 [WARN] PackLoader:240 - Cannot read IP mode file for STMicroelectronics.FP-SNS-FLIGHT1.5.0.1
2023-08-17 18:58:46,655 [WARN] PackLoader:240 - Cannot read IP mode file for STMicroelectronics.X-CUBE-BLE1.6.2.4
2023-08-17 18:58:46,690 [WARN] PackLoader:240 - Cannot read IP mode file for STMicroelectronics.FP-SNS-FLIGHT1.5.0.2
2023-08-17 18:58:46,720 [WARN] PackLoader:240 - Cannot read IP mode file for STMicroelectronics.X-CUBE-DISPLAY.3.0.0
2023-08-17 18:58:46,727 [INFO] WebApp:157 - Instantiating new browser for Auth
2023-08-17 18:58:46,749 [WARN] PackLoader:240 - Cannot read IP mode file for STMicroelectronics.X-CUBE-BLE1.7.0.0
2023-08-17 18:58:46,791 [WARN] PackLoader:240 - Cannot read IP mode file for STMicroelectronics.X-CUBE-TOUCHGFX.4.22.0
2023-08-17 18:58:46,837 [INFO] LogOutputStream:77 - [STDOUT_REDIRECT] 1 : Invalid condition id : UX_CORESTACK_Condition cause : null
2023-08-17 18:58:46,838 [INFO] LogOutputStream:77 - [STDOUT_REDIRECT] 1 : Invalid condition id : UX_CORESTACK_Condition cause : null
2023-08-17 18:58:46,840 [INFO] LogOutputStream:77 - [STDOUT_REDIRECT] 1 : Invalid condition id : UX_CORESTACK_Condition cause : null
2023-08-17 18:58:46,842 [INFO] LogOutputStream:77 - [STDOUT_REDIRECT] 1 : Invalid condition id : UX_CORESTACK_Condition cause : null
2023-08-17 18:58:46,844 [INFO] LogOutputStream:77 - [STDOUT_REDIRECT] 1 : Invalid condition id : UX_CORESTACK_Condition cause : null
2023-08-17 18:58:46,850 [WARN] PackLoader:240 - Cannot read IP mode file for STMicroelectronics.X-CUBE-AZRTOS-WL.2.0.0
2023-08-17 18:58:46,892 [WARN] PackLoader:240 - Cannot read IP mode file for WES.I-CUBE-Cesium.1.3.0
2023-08-17 18:58:46,921 [WARN] PackLoader:240 - Cannot read IP mode file for STMicroelectronics.X-CUBE-BLE2.3.3.0
2023-08-17 18:58:46,960 [WARN] PackLoader:240 - Cannot read IP mode file for STMicroelectronics.X-CUBE-DISPLAY.2.2.0
2023-08-17 18:58:47,019 [WARN] PackLoader:240 - Cannot read IP mode file for STMicroelectronics.X-CUBE-TOF1.3.2.0
2023-08-17 18:58:47,071 [WARN] PackLoader:240 - Cannot read IP mode file for STMicroelectronics.X-CUBE-TOUCHGFX.4.21.0
2023-08-17 18:58:47,093 [WARN] PackLoader:240 - Cannot read IP mode file for STMicroelectronics.X-CUBE-TOUCHGFX.4.21.4
2023-08-17 18:58:47,198 [WARN] PackLoader:240 - Cannot read IP mode file for STMicroelectronics.X-CUBE-MEMS1.9.4.0
2023-08-17 18:58:47,456 [WARN] PackLoader:240 - Cannot read IP mode file for STMicroelectronics.X-CUBE-AI.7.3.0
2023-08-17 18:58:47,481 [WARN] PackLoader:240 - Cannot read IP mode file for STMicroelectronics.X-CUBE-ALGOBUILD.1.3.0
2023-08-17 18:58:47,530 [WARN] PackLoader:240 - Cannot read IP mode file for STMicroelectronics.X-CUBE-AZRTOS-G0.1.1.0
2023-08-17 18:58:47,558 [WARN] PackLoader:240 - Cannot read IP mode file for STMicroelectronics.X-CUBE-NFC4.3.0.0
2023-08-17 18:58:47,584 [WARN] PackLoader:240 - Cannot read IP mode file for STMicroelectronics.X-CUBE-BLEMGR.1.3.0
2023-08-17 18:58:47,606 [WARN] PackLoader:240 - Cannot read IP mode file for STMicroelectronics.FP-ATR-SIGFOX1.3.2.0
2023-08-17 18:58:47,666 [WARN] PackLoader:240 - Cannot read IP mode file for SEGGER.I-CUBE-embOS.1.3.1
2023-08-17 18:58:47,778 [WARN] PackLoader:240 - Cannot read IP mode file for SEGGER.I-CUBE-embOS.1.3.0
2023-08-17 18:58:47,893 [WARN] PackLoader:240 - Cannot read IP mode file for STMicroelectronics.X-CUBE-GNSS1.6.0.0
2023-08-17 18:58:47,943 [WARN] PackLoader:240 - Cannot read IP mode file for STMicroelectronics.X-CUBE-AZRTOS-F4.1.1.0
2023-08-17 18:58:47,954 [INFO] WebApp:753 - Register for checkConnection events
2023-08-17 18:58:47,955 [INFO] WebApp:390 - Apply proxy settings
2023-08-17 18:58:47,955 [INFO] WebApp:475 - Chromium requires no authentication
2023-08-17 18:58:47,975 [INFO] WebApp:418 - Direct internet connection detected
2023-08-17 18:58:47,990 [WARN] PackLoader:240 - Cannot read IP mode file for STMicroelectronics.X-CUBE-AZRTOS-L5.2.0.0
2023-08-17 18:58:48,078 [WARN] PackLoader:240 - Cannot read IP mode file for STMicroelectronics.X-CUBE-MEMS1.9.6.0
2023-08-17 18:58:48,325 [WARN] PackLoader:240 - Cannot read IP mode file for emotas.I-CUBE-CANOPEN.1.1.3
2023-08-17 18:58:48,342 [INFO] WebApp:188 - Starting web application
2023-08-17 18:58:48,343 [INFO] WebApp:520 - Web application path used C:\ST\STM32CubeIDE_1.13.0\STM32CubeIDE\plugins\com.st.stm32cube.common.mx_6.9.0.202307051724\db\plugins\mcufinder\reactClient1\index.html
2023-08-17 18:58:48,355 [WARN] PackLoader:240 - Cannot read IP mode file for STMicroelectronics.X-CUBE-BLEMGR.2.0.0
2023-08-17 18:58:48,387 [WARN] PackLoader:240 - Cannot read IP mode file for STMicroelectronics.X-CUBE-NFC4.2.0.5
2023-08-17 18:58:48,450 [WARN] ConditionMgr:438 - getConditionDescription Invalid condition id : UX DEVICE CLASS RTOS Condition cause : null
2023-08-17 18:58:48,450 [WARN] ConditionMgr:438 - getConditionDescription Invalid condition id : UX DEVICE CLASS RTOS Condition cause : null
2023-08-17 18:58:48,456 [WARN] PackLoader:240 - Cannot read IP mode file for STMicroelectronics.X-CUBE-AZRTOS-H7.3.1.0
2023-08-17 18:58:48,460 [WARN] ConditionMgr:1039 - genDependencies : Invalid condition id : UX DEVICE CLASS RTOS Condition cause : null
2023-08-17 18:58:48,460 [WARN] ConditionMgr:1039 - genDependencies : Invalid condition id : UX DEVICE CLASS RTOS Condition cause : null
2023-08-17 18:58:48,461 [WARN] ConditionMgr:1039 - genDependencies : Invalid condition id : UX DEVICE CLASS RTOS Condition cause : null
2023-08-17 18:58:48,462 [WARN] ConditionMgr:1039 - genDependencies : Invalid condition id : UX DEVICE CLASS RTOS Condition cause : null
2023-08-17 18:58:48,462 [WARN] ConditionMgr:1039 - genDependencies : Invalid condition id : UX DEVICE CLASS RTOS Condition cause : null
2023-08-17 18:58:48,487 [WARN] PackLoader:240 - Cannot read IP mode file for wolfSSL.I-CUBE-wolfSSL.5.5.4
2023-08-17 18:58:48,511 [WARN] PackLoader:240 - Cannot read IP mode file for STMicroelectronics.X-CUBE-NFC7.1.0.1
2023-08-17 18:58:48,538 [WARN] PackLoader:240 - Cannot read IP mode file for STMicroelectronics.X-CUBE-NFC7.1.0.0
2023-08-17 18:58:48,562 [WARN] PackLoader:240 - Cannot read IP mode file for STMicroelectronics.X-CUBE-EEPRMA1.4.1.0
2023-08-17 18:58:48,586 [WARN] PackLoader:240 - Cannot read IP mode file for STMicroelectronics.X-CUBE-AI.8.1.0
2023-08-17 18:58:48,666 [WARN] ConditionMgr:438 - getConditionDescription Invalid condition id : LAN8742 Phy interface Condition cause : null
2023-08-17 18:58:48,668 [WARN] PackLoader:240 - Cannot read IP mode file for STMicroelectronics.X-CUBE-AZRTOS-L4.2.0.0
2023-08-17 18:58:48,671 [WARN] ConditionMgr:1039 - genDependencies : Invalid condition id : LAN8742 Phy interface Condition cause : null
2023-08-17 18:58:48,672 [WARN] ConditionMgr:1039 - genDependencies : Invalid condition id : LAN8742 Phy interface Condition cause : null
2023-08-17 18:58:48,673 [WARN] ConditionMgr:1039 - genDependencies : Invalid condition id : LAN8742 Phy interface Condition cause : null
2023-08-17 18:58:48,708 [WARN] PackLoader:240 - Cannot read IP mode file for STMicroelectronics.X-CUBE-SFXS2LP1.4.0.0
2023-08-17 18:58:48,820 [WARN] PackLoader:240 - Cannot read IP mode file for STMicroelectronics.X-CUBE-AZRTOS-H7.3.0.0
2023-08-17 18:58:48,876 [WARN] PackLoader:240 - Cannot read IP mode file for STMicroelectronics.X-CUBE-ISPU.1.1.0
2023-08-17 18:58:48,917 [WARN] PackLoader:240 - Cannot read IP mode file for RoweBots.I-CUBE-UNISONRTOS.5.5.0-4
2023-08-17 18:58:48,991 [WARN] ConditionMgr:438 - getConditionDescription Invalid condition id : UX DEVICE CLASS RTOS Condition cause : null
2023-08-17 18:58:48,992 [WARN] ConditionMgr:438 - getConditionDescription Invalid condition id : UX DEVICE CLASS RTOS Condition cause : null
2023-08-17 18:58:48,998 [WARN] PackLoader:240 - Cannot read IP mode file for STMicroelectronics.X-CUBE-AZRTOS-WB.2.0.0
2023-08-17 18:58:49,000 [WARN] ConditionMgr:1039 - genDependencies : Invalid condition id : UX DEVICE CLASS RTOS Condition cause : null
2023-08-17 18:58:49,000 [WARN] ConditionMgr:1039 - genDependencies : Invalid condition id : UX DEVICE CLASS RTOS Condition cause : null
2023-08-17 18:58:49,001 [WARN] ConditionMgr:1039 - genDependencies : Invalid condition id : UX DEVICE CLASS RTOS Condition cause : null
2023-08-17 18:58:49,001 [WARN] ConditionMgr:1039 - genDependencies : Invalid condition id : UX DEVICE CLASS RTOS Condition cause : null
2023-08-17 18:58:49,002 [WARN] ConditionMgr:1039 - genDependencies : Invalid condition id : UX DEVICE CLASS RTOS Condition cause : null
2023-08-17 18:58:49,034 [WARN] PackLoader:240 - Cannot read IP mode file for STMicroelectronics.X-CUBE-FREERTOS.1.0.1
2023-08-17 18:58:49,097 [WARN] PackLoader:240 - Cannot read IP mode file for STMicroelectronics.X-CUBE-AZRTOS-L5.1.1.0
2023-08-17 18:58:49,138 [WARN] PackLoader:240 - Cannot read IP mode file for STMicroelectronics.X-CUBE-AI.8.0.1
2023-08-17 18:58:49,179 [WARN] PackLoader:240 - Cannot read IP mode file for STMicroelectronics.X-CUBE-SUBG2.5.0.0
2023-08-17 18:58:49,219 [WARN] PackLoader:240 - Cannot read IP mode file for STMicroelectronics.X-CUBE-TOF1.3.3.1
2023-08-17 18:58:49,284 [WARN] PackLoader:240 - Cannot read IP mode file for STMicroelectronics.X-CUBE-AZRTOS-G4.2.0.0
2023-08-17 18:58:49,328 [WARN] PackLoader:240 - Cannot read IP mode file for STMicroelectronics.X-CUBE-TOF1.3.3.0
2023-08-17 18:58:49,367 [WARN] PackLoader:240 - Cannot read IP mode file for STMicroelectronics.FP-ATR-ASTRA1.1.1.1
2023-08-17 18:58:49,415 [WARN] PackLoader:240 - Cannot read IP mode file for STMicroelectronics.X-CUBE-AZRTOS-G4.1.0.0
2023-08-17 18:58:49,471 [WARN] PackLoader:240 - Cannot read IP mode file for STMicroelectronics.X-CUBE-AZRTOS-L4.1.0.0
2023-08-17 18:58:49,512 [WARN] PackLoader:240 - Cannot read IP mode file for STMicroelectronics.X-CUBE-AZRTOS-WL.1.0.0
2023-08-17 18:58:49,538 [WARN] PackLoader:240 - Cannot read IP mode file for portGmbH.I-Cube-SoM-uGOAL.1.1.0
2023-08-17 18:58:49,559 [WARN] PackLoader:240 - Cannot read IP mode file for STMicroelectronics.X-CUBE-ALS.1.0.1
2023-08-17 18:58:49,609 [WARN] PackLoader:240 - Cannot read IP mode file for STMicroelectronics.X-CUBE-AZRTOS-WB.1.1.0
2023-08-17 18:58:49,632 [WARN] PackLoader:240 - Cannot read IP mode file for STMicroelectronics.FP-ATR-ASTRA1.2.0.0
2023-08-17 18:58:49,633 [INFO] ThirdParty:978 - Integrity check success = true
2023-08-17 18:58:49,633 [INFO] IntegrityCheckThread:100 - exiting critical section [integrity check]
2023-08-17 18:58:49,633 [INFO] IntegrityCheckThread:103 - End integrity checks thread
2023-08-17 18:59:10,020 [ERROR] LogOutputStream:75 - [STDERR_REDIRECT] SLF4J: Failed to load class "org.slf4j.impl.StaticLoggerBinder".
2023-08-17 18:59:10,021 [ERROR] LogOutputStream:75 - [STDERR_REDIRECT] SLF4J: Defaulting to no-operation (NOP) logger implementation
2023-08-17 18:59:10,023 [ERROR] LogOutputStream:75 - [STDERR_REDIRECT] SLF4J: See http://www.slf4j.org/codes.html#StaticLoggerBinder for further details.
2023-08-17 20:11:46,067 [ERROR] LogOutputStream:75 - [STDERR_REDIRECT] 
