2023-11-04 14:26:25,827 [INFO] Activator:176 - 


2023-11-04 14:26:25,827 [INFO] Activator:177 - !SESSION log4j initialized
2023-11-04 14:26:33,074 [INFO] LogOutputStream:77 - [STDOUT_REDIRECT] 
2023-11-04 14:26:52,250 [INFO] ApplicationProperties:184 - Using Application install path: C:\ST\STM32CubeIDE_1.13.0\STM32CubeIDE\plugins\com.st.stm32cube.common.mx_6.9.0.202307051724
2023-11-04 14:26:52,285 [INFO] DbMcusXml:78 - Set database path to: C:\ST\STM32CubeIDE_1.13.0\STM32CubeIDE\plugins\com.st.stm32cube.common.mx_6.9.0.202307051724\\db\/mcu/
2023-11-04 14:26:52,285 [INFO] ApiDb:274 - Set plugin database path to: C:\ST\STM32CubeIDE_1.13.0\STM32CubeIDE\plugins\com.st.stm32cube.common.mx_6.9.0.202307051724\\db\/plugins/boardmanager/
2023-11-04 14:26:52,287 [WARN] ApiDb:259 - Overriding images path with different value:  => C:\ST\STM32CubeIDE_1.13.0\STM32CubeIDE\plugins\com.st.stm32cube.common.mx_6.9.0.202307051724\\db\/plugins/mcufinder/images/
2023-11-04 14:26:52,306 [INFO] ApiDb:250 - Set database path to: C:\Users\ACER\.stmcufinder\plugins\mcufinder//mcu/
2023-11-04 14:26:52,307 [INFO] DbMcusAds:125 - Set database path to: C:\Users\ACER\.stmcufinder\plugins\mcufinder//mcu/
2023-11-04 14:26:52,354 [INFO] CrossReferenceDbSqlite:203 - Set database path to: C:\Users\ACER\.stmcufinder\plugins\mcufinder//mcu/cs/
2023-11-04 14:26:52,489 [INFO] RulesReader:64 - Compatibility file has been processed (293 Rules)
2023-11-04 14:26:52,609 [INFO] DbMcusXml:78 - Set database path to: C:\ST\STM32CubeIDE_1.13.0\STM32CubeIDE\plugins\com.st.stm32cube.common.mx_6.9.0.202307051724\\db\/mcu/
2023-11-04 14:26:52,609 [INFO] ApiDb:274 - Set plugin database path to: C:\ST\STM32CubeIDE_1.13.0\STM32CubeIDE\plugins\com.st.stm32cube.common.mx_6.9.0.202307051724\\db\/plugins/boardmanager/
2023-11-04 14:26:52,610 [INFO] ApiDb:261 - Set plugin images path to: C:\ST\STM32CubeIDE_1.13.0\STM32CubeIDE\plugins\com.st.stm32cube.common.mx_6.9.0.202307051724\\db\/plugins/mcufinder/images/
2023-11-04 14:26:52,610 [WARN] DbFile:41 - Overriding database path with different value: C:\Users\ACER\.stmcufinder\plugins\mcufinder/ => C:\Users\ACER\.stmcufinder\plugins\mcufinder
2023-11-04 14:26:52,610 [INFO] ApiDb:250 - Set database path to: C:\Users\ACER\.stmcufinder\plugins\mcufinder//mcu/
2023-11-04 14:26:52,610 [WARN] DbFile:41 - Overriding database path with different value: C:\Users\ACER\.stmcufinder\plugins\mcufinder/ => C:\Users\ACER\.stmcufinder\plugins\mcufinder
2023-11-04 14:26:52,611 [INFO] DbMcusAds:125 - Set database path to: C:\Users\ACER\.stmcufinder\plugins\mcufinder//mcu/
2023-11-04 14:26:52,611 [WARN] DbFile:41 - Overriding database path with different value: C:\Users\ACER\.stmcufinder\plugins\mcufinder/ => C:\Users\ACER\.stmcufinder\plugins\mcufinder
2023-11-04 14:26:52,611 [WARN] DbFile:41 - Overriding database path with different value: C:\Users\ACER\.stmcufinder\plugins\mcufinder/ => C:\Users\ACER\.stmcufinder\plugins\mcufinder
2023-11-04 14:26:52,611 [INFO] CrossReferenceDbSqlite:203 - Set database path to: C:\Users\ACER\.stmcufinder\plugins\mcufinder//mcu/cs/
2023-11-04 14:26:52,739 [INFO] MainPanel:262 - HeapMemory: 268435456
2023-11-04 14:26:52,875 [INFO] DbMcusXml:78 - Set database path to: C:\ST\STM32CubeIDE_1.13.0\STM32CubeIDE\plugins\com.st.stm32cube.common.mx_6.9.0.202307051724\\db\/mcu/
2023-11-04 14:26:52,876 [INFO] ApiDb:274 - Set plugin database path to: C:\ST\STM32CubeIDE_1.13.0\STM32CubeIDE\plugins\com.st.stm32cube.common.mx_6.9.0.202307051724\\db\/plugins/boardmanager/
2023-11-04 14:26:52,876 [INFO] ApiDb:261 - Set plugin images path to: C:\ST\STM32CubeIDE_1.13.0\STM32CubeIDE\plugins\com.st.stm32cube.common.mx_6.9.0.202307051724\\db\/plugins/mcufinder/images/
2023-11-04 14:26:52,876 [WARN] DbFile:41 - Overriding database path with different value: C:\Users\ACER\.stmcufinder\plugins\mcufinder/ => C:\Users\ACER\.stmcufinder\plugins\mcufinder
2023-11-04 14:26:52,877 [INFO] ApiDb:250 - Set database path to: C:\Users\ACER\.stmcufinder\plugins\mcufinder//mcu/
2023-11-04 14:26:52,877 [WARN] DbFile:41 - Overriding database path with different value: C:\Users\ACER\.stmcufinder\plugins\mcufinder/ => C:\Users\ACER\.stmcufinder\plugins\mcufinder
2023-11-04 14:26:52,877 [INFO] DbMcusAds:125 - Set database path to: C:\Users\ACER\.stmcufinder\plugins\mcufinder//mcu/
2023-11-04 14:26:52,877 [WARN] DbFile:41 - Overriding database path with different value: C:\Users\ACER\.stmcufinder\plugins\mcufinder/ => C:\Users\ACER\.stmcufinder\plugins\mcufinder
2023-11-04 14:26:52,877 [WARN] DbFile:41 - Overriding database path with different value: C:\Users\ACER\.stmcufinder\plugins\mcufinder/ => C:\Users\ACER\.stmcufinder\plugins\mcufinder
2023-11-04 14:26:52,877 [INFO] CrossReferenceDbSqlite:203 - Set database path to: C:\Users\ACER\.stmcufinder\plugins\mcufinder//mcu/cs/
2023-11-04 14:26:52,899 [INFO] ApplicationProperties:184 - Using Application install path: C:\ST\STM32CubeIDE_1.13.0\STM32CubeIDE\plugins\com.st.stm32cube.common.mx_6.9.0.202307051724
2023-11-04 14:26:52,900 [INFO] PluginManage:196 - Search for loadable plugins [exclusion list=, ]
2023-11-04 14:26:52,902 [INFO] PluginManage:310 - Check plugin analytics
2023-11-04 14:26:58,095 [INFO] AnalyticsPlugin:253 - Accepted Software Licenses: 
2023-11-04 14:26:58,095 [INFO] AnalyticsPlugin:255 - Accepted CMSIS Pack Licenses: 
2023-11-04 14:26:58,095 [INFO] AnalyticsPlugin:257 - Accepted Firmware Licenses: FW.WB.1.17.0
2023-11-04 14:26:58,098 [INFO] PluginManage:359 - Loaded plugin analytics (category:tool,tabindex:-1)
2023-11-04 14:26:58,098 [INFO] PluginManage:310 - Check plugin cadmodel
2023-11-04 14:26:58,114 [INFO] CADModel:105 - Init CAD model plugin
2023-11-04 14:26:58,114 [INFO] PluginManage:359 - Loaded plugin cadmodel (category:power,tabindex:5)
2023-11-04 14:26:58,115 [INFO] PluginManage:310 - Check plugin clock
2023-11-04 14:26:58,133 [INFO] PluginManage:359 - Loaded plugin clock (category:base,tabindex:2)
2023-11-04 14:26:58,133 [INFO] PluginManage:310 - Check plugin ddr
2023-11-04 14:26:58,135 [INFO] PluginManage:359 - Loaded plugin ddr (category:tool,tabindex:6)
2023-11-04 14:26:58,135 [INFO] PluginManage:310 - Check plugin filemanager
2023-11-04 14:26:58,285 [INFO] PluginManage:359 - Loaded plugin filemanager (category:base,tabindex:10)
2023-11-04 14:26:58,286 [INFO] PluginManage:310 - Check plugin ipmanager
2023-11-04 14:26:58,293 [INFO] PluginManage:359 - Loaded plugin ipmanager (category:base,tabindex:5)
2023-11-04 14:26:58,293 [INFO] PluginManage:310 - Check plugin lpbam
2023-11-04 14:26:58,308 [INFO] PluginManage:359 - Loaded plugin lpbam (category:base,tabindex:0)
2023-11-04 14:26:58,308 [INFO] PluginManage:310 - Check plugin memorymap
2023-11-04 14:26:58,332 [INFO] PluginManage:359 - Loaded plugin memorymap (category:base,tabindex:4)
2023-11-04 14:26:58,332 [INFO] PluginManage:310 - Check plugin pinoutandconfiguration
2023-11-04 14:26:58,347 [INFO] PluginManage:359 - Loaded plugin pinoutandconfiguration (category:base,tabindex:1)
2023-11-04 14:26:58,347 [INFO] PluginManage:310 - Check plugin pinoutconfig
2023-11-04 14:26:58,448 [WARN] SupportedApi:132 - Cannot load RTOS API schema: s4s-elt-must-match.1: The content of 'definitions' must match (annotation?, (simpleType | complexType)?, (unique | key | keyref)*)). A problem was found starting at: attribute.
2023-11-04 14:26:58,585 [INFO] PluginManage:359 - Loaded plugin pinoutconfig (category:base,tabindex:0)
2023-11-04 14:26:58,585 [INFO] PluginManage:310 - Check plugin power
2023-11-04 14:26:58,607 [INFO] PluginManage:359 - Loaded plugin power (category:power,tabindex:4)
2023-11-04 14:26:58,607 [INFO] PluginManage:310 - Check plugin projectmanager
2023-11-04 14:26:58,622 [INFO] PluginManage:359 - Loaded plugin projectmanager (category:projectmanager,tabindex:3)
2023-11-04 14:26:58,622 [INFO] PluginManage:310 - Check plugin thirdparty
2023-11-04 14:26:58,909 [INFO] PluginManage:359 - Loaded plugin thirdparty (category:base,tabindex:-1)
2023-11-04 14:26:58,909 [WARN] IntegrityCheckThread:84 - waiting for thirdparty lock release [integrity check]
2023-11-04 14:26:58,910 [INFO] PluginManage:310 - Check plugin tools
2023-11-04 14:26:58,910 [INFO] IntegrityCheckThread:86 - entering critical section [integrity check]
2023-11-04 14:26:58,910 [INFO] ThirdPartyUpdaterWithRetryManager:70 - Updater plugin not ready yet. [1/15]
2023-11-04 14:26:58,940 [INFO] PluginManage:359 - Loaded plugin tools (category:base,tabindex:7)
2023-11-04 14:26:58,940 [INFO] PluginManage:310 - Check plugin tutovideos
2023-11-04 14:26:59,152 [INFO] PluginManage:359 - Loaded plugin tutovideos (category:base,tabindex:-1)
2023-11-04 14:26:59,153 [INFO] PluginManage:310 - Check plugin updater
2023-11-04 14:26:59,169 [INFO] PluginManage:359 - Loaded plugin updater (category:base,tabindex:12)
2023-11-04 14:26:59,170 [INFO] PluginManage:310 - Check plugin userauth
2023-11-04 14:26:59,177 [INFO] UserAuth:113 - Init User Auth plugin
2023-11-04 14:26:59,177 [INFO] PluginManage:359 - Loaded plugin userauth (category:base,tabindex:14)
2023-11-04 14:26:59,179 [INFO] PluginManage:283 - PluginManage : Loaded plugins [17]
2023-11-04 14:26:59,400 [INFO] PinOutPanel:1499 - setPackage(No Configuration,No Configuration)
2023-11-04 14:26:59,509 [INFO] CADModel:165 - CPN selected for project level
2023-11-04 14:26:59,510 [INFO] CADModel:114 - Register for checkConnection events
2023-11-04 14:26:59,534 [INFO] IPUIPlugin:80 - create IPUIPlugin
2023-11-04 14:26:59,534 [INFO] PluginManager:220 - loadIPPluginJar : add adc
2023-11-04 14:26:59,566 [INFO] IPUIPlugin:80 - create IPUIPlugin
2023-11-04 14:26:59,566 [INFO] PluginManager:220 - loadIPPluginJar : add aes
2023-11-04 14:26:59,601 [INFO] IPUIPlugin:80 - create IPUIPlugin
2023-11-04 14:26:59,601 [INFO] PluginManager:220 - loadIPPluginJar : add can
2023-11-04 14:26:59,621 [INFO] IPUIPlugin:80 - create IPUIPlugin
2023-11-04 14:26:59,621 [INFO] PluginManager:220 - loadIPPluginJar : add comp
2023-11-04 14:26:59,651 [INFO] IPUIPlugin:80 - create IPUIPlugin
2023-11-04 14:26:59,651 [INFO] PluginManager:220 - loadIPPluginJar : add cryp
2023-11-04 14:26:59,677 [INFO] IPUIPlugin:80 - create IPUIPlugin
2023-11-04 14:26:59,677 [INFO] PluginManager:220 - loadIPPluginJar : add dfsdm
2023-11-04 14:26:59,691 [INFO] IPUIPlugin:80 - create IPUIPlugin
2023-11-04 14:26:59,692 [INFO] PluginManager:220 - loadIPPluginJar : add dma
2023-11-04 14:26:59,728 [INFO] IPUIPlugin:80 - create IPUIPlugin
2023-11-04 14:26:59,728 [INFO] PluginManager:220 - loadIPPluginJar : add dma3
2023-11-04 14:26:59,745 [INFO] IPUIPlugin:80 - create IPUIPlugin
2023-11-04 14:26:59,745 [INFO] PluginManager:220 - loadIPPluginJar : add fatfs
2023-11-04 14:26:59,788 [INFO] IPUIPlugin:80 - create IPUIPlugin
2023-11-04 14:26:59,788 [INFO] PluginManager:220 - loadIPPluginJar : add fmc
2023-11-04 14:26:59,802 [INFO] IPUIPlugin:80 - create IPUIPlugin
2023-11-04 14:26:59,803 [INFO] PluginManager:220 - loadIPPluginJar : add freertos
2023-11-04 14:26:59,820 [INFO] IPUIPlugin:80 - create IPUIPlugin
2023-11-04 14:26:59,820 [INFO] PluginManager:220 - loadIPPluginJar : add genericplugin
2023-11-04 14:26:59,898 [INFO] IPUIPlugin:80 - create IPUIPlugin
2023-11-04 14:26:59,899 [INFO] PluginManager:220 - loadIPPluginJar : add gfxmmu
2023-11-04 14:27:00,025 [INFO] IPUIPlugin:80 - create IPUIPlugin
2023-11-04 14:27:00,025 [INFO] PluginManager:220 - loadIPPluginJar : add gic
2023-11-04 14:27:00,049 [INFO] IPUIPlugin:80 - create IPUIPlugin
2023-11-04 14:27:00,050 [INFO] PluginManager:220 - loadIPPluginJar : add gpio
2023-11-04 14:27:00,131 [INFO] IPUIPlugin:80 - create IPUIPlugin
2023-11-04 14:27:00,132 [INFO] PluginManager:220 - loadIPPluginJar : add gtzc
2023-11-04 14:27:00,168 [INFO] IPUIPlugin:80 - create IPUIPlugin
2023-11-04 14:27:00,168 [INFO] PluginManager:220 - loadIPPluginJar : add hash
2023-11-04 14:27:00,211 [INFO] IPUIPlugin:80 - create IPUIPlugin
2023-11-04 14:27:00,211 [INFO] PluginManager:220 - loadIPPluginJar : add i2c
2023-11-04 14:27:00,243 [INFO] IPUIPlugin:80 - create IPUIPlugin
2023-11-04 14:27:00,243 [INFO] PluginManager:220 - loadIPPluginJar : add i2s
2023-11-04 14:27:00,278 [INFO] IPUIPlugin:80 - create IPUIPlugin
2023-11-04 14:27:00,278 [INFO] PluginManager:220 - loadIPPluginJar : add i3c
2023-11-04 14:27:00,383 [INFO] IPUIPlugin:80 - create IPUIPlugin
2023-11-04 14:27:00,384 [INFO] PluginManager:220 - loadIPPluginJar : add ipddr
2023-11-04 14:27:00,467 [INFO] IPUIPlugin:80 - create IPUIPlugin
2023-11-04 14:27:00,468 [INFO] PluginManager:220 - loadIPPluginJar : add linkedlist
2023-11-04 14:27:00,508 [INFO] IPUIPlugin:80 - create IPUIPlugin
2023-11-04 14:27:00,508 [INFO] PluginManager:220 - loadIPPluginJar : add lorawan
2023-11-04 14:27:00,540 [INFO] IPUIPlugin:80 - create IPUIPlugin
2023-11-04 14:27:00,541 [INFO] PluginManager:220 - loadIPPluginJar : add ltdc
2023-11-04 14:27:00,556 [INFO] IPUIPlugin:80 - create IPUIPlugin
2023-11-04 14:27:00,556 [INFO] PluginManager:220 - loadIPPluginJar : add mdma
2023-11-04 14:27:00,569 [INFO] IPUIPlugin:80 - create IPUIPlugin
2023-11-04 14:27:00,569 [INFO] PluginManager:220 - loadIPPluginJar : add nvic
2023-11-04 14:27:00,600 [INFO] IPUIPlugin:80 - create IPUIPlugin
2023-11-04 14:27:00,600 [INFO] PluginManager:220 - loadIPPluginJar : add opamp
2023-11-04 14:27:00,653 [INFO] IPUIPlugin:80 - create IPUIPlugin
2023-11-04 14:27:00,653 [INFO] PluginManager:220 - loadIPPluginJar : add openamp
2023-11-04 14:27:00,691 [INFO] IPUIPlugin:80 - create IPUIPlugin
2023-11-04 14:27:00,691 [INFO] PluginManager:220 - loadIPPluginJar : add pdm2pcm
2023-11-04 14:27:00,705 [INFO] IPUIPlugin:80 - create IPUIPlugin
2023-11-04 14:27:00,707 [INFO] PluginManager:220 - loadIPPluginJar : add plateformsettings
2023-11-04 14:27:00,726 [INFO] IPUIPlugin:80 - create IPUIPlugin
2023-11-04 14:27:00,727 [INFO] PluginManager:220 - loadIPPluginJar : add quadspi
2023-11-04 14:27:00,738 [INFO] IPUIPlugin:80 - create IPUIPlugin
2023-11-04 14:27:00,738 [INFO] PluginManager:220 - loadIPPluginJar : add resmgrutility
2023-11-04 14:27:00,781 [INFO] IPUIPlugin:80 - create IPUIPlugin
2023-11-04 14:27:00,781 [INFO] PluginManager:220 - loadIPPluginJar : add sai
2023-11-04 14:27:00,813 [INFO] IPUIPlugin:80 - create IPUIPlugin
2023-11-04 14:27:00,814 [INFO] PluginManager:220 - loadIPPluginJar : add spi
2023-11-04 14:27:00,867 [INFO] IPUIPlugin:80 - create IPUIPlugin
2023-11-04 14:27:00,867 [INFO] PluginManager:220 - loadIPPluginJar : add stm32_wpan
2023-11-04 14:27:00,887 [INFO] IPUIPlugin:80 - create IPUIPlugin
2023-11-04 14:27:00,887 [INFO] PluginManager:220 - loadIPPluginJar : add tim
2023-11-04 14:27:00,936 [INFO] IPUIPlugin:80 - create IPUIPlugin
2023-11-04 14:27:00,936 [INFO] PluginManager:220 - loadIPPluginJar : add touchsensing
2023-11-04 14:27:00,957 [INFO] IPUIPlugin:80 - create IPUIPlugin
2023-11-04 14:27:00,958 [INFO] PluginManager:220 - loadIPPluginJar : add tracer_emb
2023-11-04 14:27:00,977 [INFO] IPUIPlugin:80 - create IPUIPlugin
2023-11-04 14:27:00,977 [INFO] PluginManager:220 - loadIPPluginJar : add ts
2023-11-04 14:27:00,996 [INFO] IPUIPlugin:80 - create IPUIPlugin
2023-11-04 14:27:00,996 [INFO] PluginManager:220 - loadIPPluginJar : add tsc
2023-11-04 14:27:01,018 [INFO] IPUIPlugin:80 - create IPUIPlugin
2023-11-04 14:27:01,018 [INFO] PluginManager:220 - loadIPPluginJar : add ucpd
2023-11-04 14:27:01,059 [INFO] IPUIPlugin:80 - create IPUIPlugin
2023-11-04 14:27:01,059 [INFO] PluginManager:220 - loadIPPluginJar : add usart
2023-11-04 14:27:01,096 [INFO] IPUIPlugin:80 - create IPUIPlugin
2023-11-04 14:27:01,096 [INFO] PluginManager:220 - loadIPPluginJar : add usbx
2023-11-04 14:27:01,219 [INFO] CADModel:165 - CPN selected for project level
2023-11-04 14:27:01,220 [INFO] CADModel:114 - Register for checkConnection events
2023-11-04 14:27:01,220 [FATAL] Updater:308 - Updater called before beeing initialized
2023-11-04 14:27:01,220 [ERROR] CADModel:125 - Updater not yet initialized, retry later 
2023-11-04 14:27:01,419 [INFO] CADModel:165 - CPN selected for project level
2023-11-04 14:27:01,420 [INFO] CADModel:114 - Register for checkConnection events
2023-11-04 14:27:01,420 [FATAL] Updater:308 - Updater called before beeing initialized
2023-11-04 14:27:01,420 [ERROR] CADModel:125 - Updater not yet initialized, retry later 
2023-11-04 14:27:01,425 [FATAL] Updater:308 - Updater called before beeing initialized
2023-11-04 14:27:01,560 [FATAL] Updater:308 - Updater called before beeing initialized
2023-11-04 14:27:01,572 [INFO] DbMcusAds:53 - JSON generation date=Tue Mar 07 15:50:55 ICT 2023 (1678179055114)
2023-11-04 14:27:01,572 [FATAL] Updater:308 - Updater called before beeing initialized
2023-11-04 14:27:01,648 [WARN] DetailPanel:346 - Failed to get advertising image, set to default
2023-11-04 14:27:01,744 [FATAL] Updater:308 - Updater called before beeing initialized
2023-11-04 14:27:01,747 [FATAL] Updater:308 - Updater called before beeing initialized
2023-11-04 14:27:01,747 [FATAL] Updater:308 - Updater called before beeing initialized
2023-11-04 14:27:01,747 [WARN] DetailPanel:346 - Failed to get advertising image, set to default
2023-11-04 14:27:01,748 [FATAL] Updater:308 - Updater called before beeing initialized
2023-11-04 14:27:01,809 [ERROR] Updater:1120 - MainUpdater not yet initialized. External WinMGr cannot be set.
2023-11-04 14:27:01,817 [INFO] Updater:1056 - Updater Version found : 6.9.0
2023-11-04 14:27:01,833 [INFO] ApplicationProperties:184 - Using Application install path: C:\ST\STM32CubeIDE_1.13.0\STM32CubeIDE\plugins\com.st.stm32cube.common.mx_6.9.0.202307051724
2023-11-04 14:27:01,913 [INFO] ThirdPartyUpdaterWithRetryManager:70 - Updater plugin not ready yet. [2/15]
2023-11-04 14:27:02,121 [INFO] MainUpdater:2868 - connection check result : 10
2023-11-04 14:27:02,123 [INFO] MainUpdater:285 - Updater Check For Update Now.
2023-11-04 14:27:02,123 [INFO] MicroXplorer:498 - Change Database Version : DB.6.0.90
2023-11-04 14:27:02,141 [INFO] McuFinderGlobals:63 - Set McuFinder mode to 2 (CubeIDE integrated)
2023-11-04 14:27:02,141 [INFO] UserAuth:179 - activating auth plugin
2023-11-04 14:27:02,144 [INFO] UserAuth:393 - Internet connection configuration mode: 1
2023-11-04 14:27:02,186 [INFO] JxBrowserEngine:151 - Initiate JxBrowser Engine with user profile folder
2023-11-04 14:27:02,385 [INFO] CheckServerUpdateThread:120 - End of CheckServer Thread
2023-11-04 14:27:04,562 [INFO] WebApp:157 - Instantiating new browser for Auth
2023-11-04 14:27:05,246 [WARN] PackLoader:240 - Cannot read IP mode file for STMicroelectronics.X-CUBE-SMBUS.2.1.0
2023-11-04 14:27:05,338 [WARN] PackLoader:240 - Cannot read IP mode file for STMicroelectronics.X-CUBE-AZRTOS-F7.1.1.0
2023-11-04 14:27:05,376 [WARN] PackLoader:240 - Cannot read IP mode file for STMicroelectronics.FP-SNS-MOTENV1.4.3.2
2023-11-04 14:27:05,404 [ERROR] RealEvaluatedCondition:428 - Found unsupported composite condition: GROUP='STM32_MetaDataManager' CLASS='Data Exchange'
2023-11-04 14:27:05,404 [ERROR] RealEvaluatedCondition:428 - Found unsupported composite condition: GROUP='STM32_MetaDataManager' CLASS='Data Exchange'
2023-11-04 14:27:05,407 [WARN] PackLoader:240 - Cannot read IP mode file for STMicroelectronics.FP-SNS-MOTENV1.4.3.1
2023-11-04 14:27:05,437 [WARN] PackLoader:240 - Cannot read IP mode file for STMicroelectronics.FP-SNS-FLIGHT1.5.0.1
2023-11-04 14:27:05,466 [WARN] PackLoader:240 - Cannot read IP mode file for STMicroelectronics.X-CUBE-BLE1.6.2.4
2023-11-04 14:27:05,484 [WARN] PackLoader:240 - Cannot read IP mode file for STMicroelectronics.FP-SNS-FLIGHT1.5.0.2
2023-11-04 14:27:05,496 [INFO] WebApp:753 - Register for checkConnection events
2023-11-04 14:27:05,496 [INFO] WebApp:390 - Apply proxy settings
2023-11-04 14:27:05,496 [INFO] WebApp:475 - Chromium requires no authentication
2023-11-04 14:27:05,515 [INFO] WebApp:418 - Direct internet connection detected
2023-11-04 14:27:05,516 [WARN] PackLoader:240 - Cannot read IP mode file for STMicroelectronics.X-CUBE-DISPLAY.3.0.0
2023-11-04 14:27:05,544 [WARN] PackLoader:240 - Cannot read IP mode file for STMicroelectronics.X-CUBE-BLE1.7.0.0
2023-11-04 14:27:05,566 [WARN] PackLoader:240 - Cannot read IP mode file for STMicroelectronics.X-CUBE-TOUCHGFX.4.22.0
2023-11-04 14:27:05,583 [WARN] PackLoader:240 - Cannot read IP mode file for STMicroelectronics.X-CUBE-TOUCHGFX.4.22.1
2023-11-04 14:27:05,603 [WARN] PackLoader:240 - Cannot read IP mode file for STMicroelectronics.FP-SNS-SMARTAG2.1.2.0
2023-11-04 14:27:05,659 [INFO] LogOutputStream:77 - [STDOUT_REDIRECT] 1 : Invalid condition id : UX_CORESTACK_Condition cause : null
2023-11-04 14:27:05,660 [INFO] LogOutputStream:77 - [STDOUT_REDIRECT] 1 : Invalid condition id : UX_CORESTACK_Condition cause : null
2023-11-04 14:27:05,662 [INFO] LogOutputStream:77 - [STDOUT_REDIRECT] 1 : Invalid condition id : UX_CORESTACK_Condition cause : null
2023-11-04 14:27:05,664 [INFO] LogOutputStream:77 - [STDOUT_REDIRECT] 1 : Invalid condition id : UX_CORESTACK_Condition cause : null
2023-11-04 14:27:05,667 [INFO] LogOutputStream:77 - [STDOUT_REDIRECT] 1 : Invalid condition id : UX_CORESTACK_Condition cause : null
2023-11-04 14:27:05,675 [WARN] PackLoader:240 - Cannot read IP mode file for STMicroelectronics.X-CUBE-AZRTOS-WL.2.0.0
2023-11-04 14:27:05,703 [WARN] PackLoader:240 - Cannot read IP mode file for WES.I-CUBE-Cesium.1.3.0
2023-11-04 14:27:05,726 [WARN] PackLoader:240 - Cannot read IP mode file for STMicroelectronics.X-CUBE-BLE2.3.3.0
2023-11-04 14:27:05,749 [WARN] PackLoader:240 - Cannot read IP mode file for STMicroelectronics.X-CUBE-DISPLAY.2.2.0
2023-11-04 14:27:05,790 [WARN] PackLoader:240 - Cannot read IP mode file for STMicroelectronics.X-CUBE-TOF1.3.2.0
2023-11-04 14:27:05,820 [WARN] PackLoader:240 - Cannot read IP mode file for STMicroelectronics.X-CUBE-TOUCHGFX.4.21.0
2023-11-04 14:27:05,835 [WARN] PackLoader:240 - Cannot read IP mode file for STMicroelectronics.X-CUBE-TOUCHGFX.4.21.4
2023-11-04 14:27:05,929 [INFO] WebApp:188 - Starting web application
2023-11-04 14:27:05,930 [INFO] WebApp:520 - Web application path used C:\ST\STM32CubeIDE_1.13.0\STM32CubeIDE\plugins\com.st.stm32cube.common.mx_6.9.0.202307051724\db\plugins\mcufinder\reactClient1\index.html
2023-11-04 14:27:05,936 [WARN] PackLoader:240 - Cannot read IP mode file for STMicroelectronics.X-CUBE-MEMS1.9.4.0
2023-11-04 14:27:06,211 [WARN] PackLoader:240 - Cannot read IP mode file for STMicroelectronics.X-CUBE-AI.7.3.0
2023-11-04 14:27:06,236 [WARN] PackLoader:240 - Cannot read IP mode file for STMicroelectronics.X-CUBE-ALGOBUILD.1.3.0
2023-11-04 14:27:06,323 [WARN] PackLoader:240 - Cannot read IP mode file for STMicroelectronics.X-CUBE-AZRTOS-G0.1.1.0
2023-11-04 14:27:06,374 [WARN] PackLoader:240 - Cannot read IP mode file for STMicroelectronics.X-CUBE-NFC4.3.0.0
2023-11-04 14:27:06,399 [WARN] PackLoader:240 - Cannot read IP mode file for STMicroelectronics.X-CUBE-BLEMGR.1.3.0
2023-11-04 14:27:06,414 [WARN] PackLoader:240 - Cannot read IP mode file for STMicroelectronics.FP-ATR-SIGFOX1.3.2.0
2023-11-04 14:27:06,476 [WARN] PackLoader:240 - Cannot read IP mode file for SEGGER.I-CUBE-embOS.1.3.1
2023-11-04 14:27:06,602 [WARN] PackLoader:240 - Cannot read IP mode file for SEGGER.I-CUBE-embOS.1.3.0
2023-11-04 14:27:06,662 [WARN] PackLoader:240 - Cannot read IP mode file for STMicroelectronics.X-CUBE-GNSS1.6.0.0
2023-11-04 14:27:06,696 [WARN] PackLoader:240 - Cannot read IP mode file for STMicroelectronics.X-CUBE-AZRTOS-F4.1.1.0
2023-11-04 14:27:06,733 [WARN] PackLoader:240 - Cannot read IP mode file for STMicroelectronics.X-CUBE-AZRTOS-L5.2.0.0
2023-11-04 14:27:06,816 [WARN] PackLoader:240 - Cannot read IP mode file for STMicroelectronics.X-CUBE-MEMS1.9.6.0
2023-11-04 14:27:07,057 [WARN] PackLoader:240 - Cannot read IP mode file for STMicroelectronics.X-CUBE-EEPRMA1.4.2.0
2023-11-04 14:27:07,078 [WARN] PackLoader:240 - Cannot read IP mode file for ITTIA_DB.I-CUBE-ITTIADB.8.8.0
2023-11-04 14:27:07,100 [WARN] PackLoader:240 - Cannot read IP mode file for emotas.I-CUBE-CANOPEN.1.1.3
2023-11-04 14:27:07,122 [WARN] PackLoader:240 - Cannot read IP mode file for STMicroelectronics.X-CUBE-BLEMGR.2.0.0
2023-11-04 14:27:07,142 [WARN] PackLoader:240 - Cannot read IP mode file for STMicroelectronics.X-CUBE-NFC4.2.0.5
2023-11-04 14:27:07,174 [WARN] ConditionMgr:438 - getConditionDescription Invalid condition id : UX DEVICE CLASS RTOS Condition cause : null
2023-11-04 14:27:07,174 [WARN] ConditionMgr:438 - getConditionDescription Invalid condition id : UX DEVICE CLASS RTOS Condition cause : null
2023-11-04 14:27:07,177 [WARN] PackLoader:240 - Cannot read IP mode file for STMicroelectronics.X-CUBE-AZRTOS-H7.3.1.0
2023-11-04 14:27:07,178 [WARN] ConditionMgr:1039 - genDependencies : Invalid condition id : UX DEVICE CLASS RTOS Condition cause : null
2023-11-04 14:27:07,178 [WARN] ConditionMgr:1039 - genDependencies : Invalid condition id : UX DEVICE CLASS RTOS Condition cause : null
2023-11-04 14:27:07,179 [WARN] ConditionMgr:1039 - genDependencies : Invalid condition id : UX DEVICE CLASS RTOS Condition cause : null
2023-11-04 14:27:07,179 [WARN] ConditionMgr:1039 - genDependencies : Invalid condition id : UX DEVICE CLASS RTOS Condition cause : null
2023-11-04 14:27:07,179 [WARN] ConditionMgr:1039 - genDependencies : Invalid condition id : UX DEVICE CLASS RTOS Condition cause : null
2023-11-04 14:27:07,196 [WARN] PackLoader:240 - Cannot read IP mode file for wolfSSL.I-CUBE-wolfSSL.5.5.4
2023-11-04 14:27:07,208 [WARN] PackLoader:240 - Cannot read IP mode file for STMicroelectronics.X-CUBE-NFC7.1.0.1
2023-11-04 14:27:07,221 [WARN] PackLoader:240 - Cannot read IP mode file for STMicroelectronics.X-CUBE-NFC7.1.0.0
2023-11-04 14:27:07,236 [WARN] PackLoader:240 - Cannot read IP mode file for STMicroelectronics.X-CUBE-NFC6.3.0.0
2023-11-04 14:27:07,249 [WARN] PackLoader:240 - Cannot read IP mode file for STMicroelectronics.X-CUBE-EEPRMA1.4.1.0
2023-11-04 14:27:07,261 [WARN] PackLoader:240 - Cannot read IP mode file for STMicroelectronics.X-CUBE-AI.8.1.0
2023-11-04 14:27:07,295 [WARN] ConditionMgr:438 - getConditionDescription Invalid condition id : LAN8742 Phy interface Condition cause : null
2023-11-04 14:27:07,296 [WARN] PackLoader:240 - Cannot read IP mode file for STMicroelectronics.X-CUBE-AZRTOS-L4.2.0.0
2023-11-04 14:27:07,297 [WARN] ConditionMgr:1039 - genDependencies : Invalid condition id : LAN8742 Phy interface Condition cause : null
2023-11-04 14:27:07,297 [WARN] ConditionMgr:1039 - genDependencies : Invalid condition id : LAN8742 Phy interface Condition cause : null
2023-11-04 14:27:07,298 [WARN] ConditionMgr:1039 - genDependencies : Invalid condition id : LAN8742 Phy interface Condition cause : null
2023-11-04 14:27:07,311 [WARN] PackLoader:240 - Cannot read IP mode file for STMicroelectronics.X-CUBE-SFXS2LP1.4.0.0
2023-11-04 14:27:07,342 [WARN] PackLoader:240 - Cannot read IP mode file for STMicroelectronics.X-CUBE-AZRTOS-H7.3.0.0
2023-11-04 14:27:07,355 [WARN] PackLoader:240 - Cannot read IP mode file for STMicroelectronics.X-CUBE-ISPU.1.1.0
2023-11-04 14:27:07,368 [WARN] PackLoader:240 - Cannot read IP mode file for RoweBots.I-CUBE-UNISONRTOS.5.5.0-4
2023-11-04 14:27:07,393 [WARN] ConditionMgr:438 - getConditionDescription Invalid condition id : UX DEVICE CLASS RTOS Condition cause : null
2023-11-04 14:27:07,393 [WARN] ConditionMgr:438 - getConditionDescription Invalid condition id : UX DEVICE CLASS RTOS Condition cause : null
2023-11-04 14:27:07,395 [WARN] PackLoader:240 - Cannot read IP mode file for STMicroelectronics.X-CUBE-AZRTOS-WB.2.0.0
2023-11-04 14:27:07,395 [WARN] ConditionMgr:1039 - genDependencies : Invalid condition id : UX DEVICE CLASS RTOS Condition cause : null
2023-11-04 14:27:07,395 [WARN] ConditionMgr:1039 - genDependencies : Invalid condition id : UX DEVICE CLASS RTOS Condition cause : null
2023-11-04 14:27:07,396 [WARN] ConditionMgr:1039 - genDependencies : Invalid condition id : UX DEVICE CLASS RTOS Condition cause : null
2023-11-04 14:27:07,396 [WARN] ConditionMgr:1039 - genDependencies : Invalid condition id : UX DEVICE CLASS RTOS Condition cause : null
2023-11-04 14:27:07,396 [WARN] ConditionMgr:1039 - genDependencies : Invalid condition id : UX DEVICE CLASS RTOS Condition cause : null
2023-11-04 14:27:07,409 [WARN] PackLoader:240 - Cannot read IP mode file for STMicroelectronics.X-CUBE-FREERTOS.1.0.1
2023-11-04 14:27:07,434 [WARN] PackLoader:240 - Cannot read IP mode file for STMicroelectronics.X-CUBE-AZRTOS-L5.1.1.0
2023-11-04 14:27:07,446 [WARN] PackLoader:240 - Cannot read IP mode file for STMicroelectronics.X-CUBE-AI.8.0.1
2023-11-04 14:27:07,467 [WARN] PackLoader:240 - Cannot read IP mode file for STMicroelectronics.X-CUBE-SUBG2.5.0.0
2023-11-04 14:27:07,488 [WARN] PackLoader:240 - Cannot read IP mode file for STMicroelectronics.X-CUBE-TOF1.3.3.1
2023-11-04 14:27:07,524 [WARN] PackLoader:240 - Cannot read IP mode file for STMicroelectronics.X-CUBE-AZRTOS-G4.2.0.0
2023-11-04 14:27:07,542 [WARN] PackLoader:240 - Cannot read IP mode file for STMicroelectronics.X-CUBE-TOF1.3.3.0
2023-11-04 14:27:07,557 [WARN] PackLoader:240 - Cannot read IP mode file for STMicroelectronics.FP-ATR-ASTRA1.1.1.1
2023-11-04 14:27:07,577 [WARN] PackLoader:240 - Cannot read IP mode file for Infineon.AIROC-Wi-Fi-Bluetooth-STM32.1.5.1
2023-11-04 14:27:07,604 [WARN] PackLoader:240 - Cannot read IP mode file for STMicroelectronics.X-CUBE-AZRTOS-G4.1.0.0
2023-11-04 14:27:07,632 [WARN] PackLoader:240 - Cannot read IP mode file for STMicroelectronics.X-CUBE-AZRTOS-L4.1.0.0
2023-11-04 14:27:07,706 [WARN] PackLoader:240 - Cannot read IP mode file for STMicroelectronics.X-CUBE-MEMS1.10.0.0
2023-11-04 14:27:07,862 [WARN] PackLoader:240 - Cannot read IP mode file for STMicroelectronics.X-CUBE-FREERTOS.1.1.0
2023-11-04 14:27:07,882 [WARN] PackLoader:240 - Cannot read IP mode file for STMicroelectronics.X-CUBE-AZRTOS-WL.1.0.0
2023-11-04 14:27:07,895 [WARN] PackLoader:240 - Cannot read IP mode file for portGmbH.I-Cube-SoM-uGOAL.1.1.0
2023-11-04 14:27:07,906 [WARN] PackLoader:240 - Cannot read IP mode file for STMicroelectronics.X-CUBE-ALS.1.0.1
2023-11-04 14:27:07,927 [WARN] PackLoader:240 - Cannot read IP mode file for STMicroelectronics.X-CUBE-AZRTOS-WB.1.1.0
2023-11-04 14:27:07,939 [WARN] PackLoader:240 - Cannot read IP mode file for STMicroelectronics.FP-ATR-ASTRA1.2.0.0
2023-11-04 14:27:07,940 [INFO] ThirdParty:978 - Integrity check success = true
2023-11-04 14:27:07,940 [INFO] IntegrityCheckThread:100 - exiting critical section [integrity check]
2023-11-04 14:27:07,940 [INFO] IntegrityCheckThread:103 - End integrity checks thread
2023-11-04 14:27:27,309 [ERROR] LogOutputStream:75 - [STDERR_REDIRECT] SLF4J: Failed to load class "org.slf4j.impl.StaticLoggerBinder".
2023-11-04 14:27:27,310 [ERROR] LogOutputStream:75 - [STDERR_REDIRECT] SLF4J: Defaulting to no-operation (NOP) logger implementation
2023-11-04 14:27:27,310 [ERROR] LogOutputStream:75 - [STDERR_REDIRECT] SLF4J: See http://www.slf4j.org/codes.html#StaticLoggerBinder for further details.
2023-11-04 14:27:48,741 [INFO] McuFinderGlobals:63 - Set McuFinder mode to 2 (CubeIDE integrated)
2023-11-04 14:27:48,762 [INFO] MainUpdater:2868 - connection check result : 10
2023-11-04 14:27:48,767 [INFO] MainUpdater:2868 - connection check result : 10
2023-11-04 14:27:48,927 [INFO] MicroXplorer:468 - Change Database Path : 
2023-11-04 14:27:48,927 [INFO] MicroXplorer:498 - Change Database Version : DB.6.0.90
2023-11-04 14:27:48,931 [WARN] ThirdParty:871 - waiting for thirdparty lock release [close project]
2023-11-04 14:27:48,931 [INFO] ThirdParty:873 - entering critical section [close project]
2023-11-04 14:27:48,932 [INFO] ThirdParty:883 - exiting critical section [close project]
2023-11-04 14:27:48,934 [INFO] PinOutPanel:1499 - setPackage(No Configuration,No Configuration)
2023-11-04 14:27:48,940 [INFO] UtilMem:75 - Begin LoadConfig() Used Memory: 363764752 Bytes (510656512)
2023-11-04 14:27:48,942 [INFO] MicroXplorer:468 - Change Database Path : 
2023-11-04 14:27:48,942 [INFO] MicroXplorer:498 - Change Database Version : DB.6.0.90
2023-11-04 14:27:48,942 [INFO] OpenFileManager:308 - Change cursor
2023-11-04 14:27:48,985 [INFO] Mcu:1946 - Initializing MCU STM32F103C(8-B)Tx STM32F103C8Tx STM32F103C8T6
2023-11-04 14:27:50,338 [INFO] Context:659 - Trying to add GPIOservice into a context  which must be forbidden
2023-11-04 14:27:51,066 [INFO] RtosManager:555 - Registered RTOS mode: class=CMSIS, group=RTOS, mode=CMSIS_V1, owner=FREERTOS
2023-11-04 14:27:51,066 [INFO] RtosManager:555 - Registered RTOS mode: class=CMSIS, group=RTOS2, mode=CMSIS_V2, owner=FREERTOS
2023-11-04 14:27:51,066 [INFO] RtosManager:555 - Registered RTOS mode: class=RTOS, group=Core, mode=CMSIS_V1, owner=FREERTOS
2023-11-04 14:27:51,067 [INFO] RtosManager:555 - Registered RTOS mode: class=RTOS, group=Core, mode=CMSIS_V2, owner=FREERTOS
2023-11-04 14:27:51,068 [WARN] ModelIntegratedComponent:184 - Missing modes for component STMicroelectronics:FreeRTOS:0.0.1:STMicroelectronics:RTOS:FreeRTOS:Core:::10.2.0:
2023-11-04 14:27:51,083 [WARN] ModelIntegratedComponent:63 - No mode defined for component null
2023-11-04 14:27:51,084 [WARN] ModelIntegratedComponent:63 - No mode defined for component null
2023-11-04 14:27:51,084 [WARN] ModelIntegratedComponent:63 - No mode defined for component null
2023-11-04 14:27:51,084 [WARN] ModelIntegratedComponent:63 - No mode defined for component null
2023-11-04 14:27:51,084 [WARN] ModelIntegratedComponent:63 - No mode defined for component null
2023-11-04 14:27:51,084 [WARN] ModelIntegratedComponent:63 - No mode defined for component null
2023-11-04 14:27:51,084 [WARN] ModelIntegratedComponent:63 - No mode defined for component null
2023-11-04 14:27:51,084 [WARN] ModelIntegratedComponent:63 - No mode defined for component null
2023-11-04 14:27:51,084 [WARN] ModelIntegratedComponent:63 - No mode defined for component null
2023-11-04 14:27:51,084 [WARN] ModelIntegratedComponent:63 - No mode defined for component null
2023-11-04 14:27:51,084 [WARN] ModelIntegratedComponent:63 - No mode defined for component null
2023-11-04 14:27:51,084 [WARN] ModelIntegratedComponent:63 - No mode defined for component null
2023-11-04 14:27:51,084 [WARN] ModelIntegratedComponent:63 - No mode defined for component null
2023-11-04 14:27:51,085 [WARN] ModelIntegratedComponent:63 - No mode defined for component null
2023-11-04 14:27:51,085 [WARN] ModelIntegratedComponent:63 - No mode defined for component null
2023-11-04 14:27:51,085 [WARN] ModelIntegratedComponent:63 - No mode defined for component null
2023-11-04 14:27:51,085 [WARN] ModelIntegratedComponent:63 - No mode defined for component null
2023-11-04 14:27:51,085 [WARN] ModelIntegratedComponent:63 - No mode defined for component null
2023-11-04 14:27:51,085 [WARN] ModelIntegratedComponent:63 - No mode defined for component null
2023-11-04 14:27:51,085 [WARN] ModelIntegratedComponent:63 - No mode defined for component null
2023-11-04 14:27:51,085 [WARN] ModelIntegratedComponent:63 - No mode defined for component null
2023-11-04 14:27:51,085 [WARN] ModelIntegratedComponent:63 - No mode defined for component null
2023-11-04 14:27:51,085 [WARN] ModelIntegratedComponent:63 - No mode defined for component null
2023-11-04 14:27:51,085 [WARN] ModelIntegratedComponent:63 - No mode defined for component null
2023-11-04 14:27:51,085 [WARN] ModelIntegratedComponent:63 - No mode defined for component null
2023-11-04 14:27:51,085 [WARN] ModelIntegratedComponent:63 - No mode defined for component null
2023-11-04 14:27:51,085 [WARN] ModelIntegratedComponent:63 - No mode defined for component null
2023-11-04 14:27:51,086 [WARN] ModelIntegratedComponent:63 - No mode defined for component null
2023-11-04 14:27:51,086 [WARN] ModelIntegratedComponent:63 - No mode defined for component null
2023-11-04 14:27:51,086 [WARN] ModelIntegratedComponent:63 - No mode defined for component null
2023-11-04 14:27:51,086 [WARN] ModelIntegratedComponent:63 - No mode defined for component null
2023-11-04 14:27:51,086 [WARN] ModelIntegratedComponent:63 - No mode defined for component null
2023-11-04 14:27:51,086 [WARN] ModelIntegratedComponent:63 - No mode defined for component null
2023-11-04 14:27:51,218 [INFO] ThirdPartyModel:298 - Start build external matchings
2023-11-04 14:27:52,762 [INFO] ThirdPartyModel:316 - End build external matchings
2023-11-04 14:27:53,124 [INFO] UtilMem:75 - End LoadConfig() Used Memory: 640066016 Bytes (828375040)
2023-11-04 14:27:53,329 [INFO] ApiDb:581 - Connected to CubeFinder SQLite database (C:\Users\ACER\.stmcufinder\plugins\mcufinder\mcu\cube-finder-db.db)
2023-11-04 14:27:53,416 [INFO] ApiDb:668 - CubeFinder database Data Model version=2.1
2023-11-04 14:27:53,417 [INFO] ApiDb:669 - CubeFinder database Configuration version=3.0.37
2023-11-04 14:27:53,417 [INFO] ApiDb:670 - CubeFinder database generation date=2023-10-13 (1697197505)
2023-11-04 14:27:53,417 [INFO] ApiDb:671 - CubeFinder database FW Pack versions=[FP-ATR-ASTRA1_V2.0.0, FP-SNS-FLIGHT1_V5.0.1, FP-SNS-FLIGHT1_V5.0.2, FP-SNS-MOTENV1_V4.3.1, FP-SNS-MOTENV1_V4.3.2, FP-SNS-SMARTAG2_V1.2.0, I-CUBE-ITTIADB_V8.6.3-1, STM32Cube_FW_C0_V1.1.0, STM32Cube_FW_F4_V1.27.1, STM32Cube_FW_F7_V1.17.0, STM32Cube_FW_G0_V1.6.1, STM32Cube_FW_G4_V1.5.1, STM32Cube_FW_H5_V0.5.1, STM32Cube_FW_H5_V1.1.1, STM32Cube_FW_H7_V1.11.0, STM32Cube_FW_L0_V1.12.2, STM32Cube_FW_L5_V1.5.0, STM32Cube_FW_U5_V1.3.0, STM32Cube_FW_U5_V1.3.0RC4, STM32Cube_FW_WBA_V1.0.0RC1, STM32Cube_FW_WBA_V1.1.0RC1, STM32Cube_FW_WBA_V1.1.1, STM32Cube_FW_WB_V1.15.0RC1, STM32Cube_FW_WB_V1.16.0, STM32Cube_FW_WB_V1.16.0RC2, STM32Cube_FW_WB_V1.17.3, STM32Cube_FW_WL_V1.3.0, X-CUBE-ALGOBUILD_V1.3.0, X-CUBE-ALS_V1.0.1, X-CUBE-AZRTOS-F4_V1.1.0, X-CUBE-AZRTOS-F7_V1.1.0, X-CUBE-AZRTOS-G0_V1.1.0, X-CUBE-AZRTOS-G4_V2.0.0, X-CUBE-AZRTOS-H7_V3.1.0, X-CUBE-AZRTOS-L4_V1.0.0, X-CUBE-AZRTOS-L4_V2.0.0, X-CUBE-AZRTOS-L5_V1.1.0, X-CUBE-AZRTOS-WB_V2.0.0, X-CUBE-AZRTOS-WL_V2.0.0, X-CUBE-BLE1_V7.0.0, X-CUBE-BLE2_V3.3.0, X-CUBE-BLEMGR_V2.0.0, X-CUBE-EEPRMA1_V4.1.0, X-CUBE-FREERTOS_V1.1.0, X-CUBE-GNSS1_V6.0.0, X-CUBE-MEMS1_V10.0.0, X-CUBE-MEMS1_V9.1.0, X-CUBE-MEMS1_V9.4.0, X-CUBE-MEMS1_V9.6.0, X-CUBE-NFC4_V3.0.0, X-CUBE-NFC7_V1.0.1, X-CUBE-SFXS2LP1_V4.0.0, X-CUBE-SUBG2_V5.0.0, X-CUBE-TOF1_V3.3.1]
2023-11-04 14:27:56,106 [INFO] ApiDb:240 - Found 323 in-development CPN: [B-G473E-ZEST1S, B-WB1M-WPAN1, B-WL5M-SUBG1, NUCLEO-C031C6, NUCLEO-H503RB, NUCLEO-H563ZI, NUCLEO-U545RE-Q, NUCLEO-U5A5ZJ-Q, NUCLEO-WBA52CG, STEVAL-PROTEUS1, STEVAL-SMARTAG2, STEVAL-STWINBX1, STM320518-EVAL, STM32C0116-DK, STM32C011D6Y3TR, STM32C011D6Y6TR, STM32C011F4P3, STM32C011F4P6, STM32C011F4U3, STM32C011F4U6TR, STM32C011F6P3, STM32C011F6P6, STM32C011F6U3, STM32C011F6U6TR, STM32C011J4M3, STM32C011J4M6, STM32C011J6M3, STM32C011J6M6, STM32C0316-DK, STM32C031C4T3, STM32C031C4T6, STM32C031C4U3, STM32C031C4U6, STM32C031C6T3, STM32C031C6T6, STM32C031C6U3, STM32C031C6U6, STM32C031F4P3, STM32C031F4P6, STM32C031F6P3, STM32C031F6P6, STM32C031G4U3, STM32C031G4U6, STM32C031G6U3, STM32C031G6U6, STM32C031K4T3, STM32C031K4T6, STM32C031K4U3, STM32C031K4U6, STM32C031K6T3, STM32C031K6T6, STM32C031K6U3, STM32C031K6U6, STM32G071K8TXN, STM32G071K8UXN, STM32G081GBU6N, STM32G081KBT6N, STM32G081KBUXN, STM32G0B1CCT6N, STM32G0B1KCT6, STM32G0B1NEY6TR, STM32G0B1RCT6N, STM32G0C1CCT6, STM32G0C1CCT6N, STM32G0C1CCU6N, STM32G0C1CET6N, STM32G0C1CEU6N, STM32G0C1KCT6, STM32G0C1NEY6TR, STM32G0C1RCI6N, STM32G0C1RCT6N, STM32G0C1REI6N, STM32G0C1RET6N, STM32G0C1VCI6, STM32G0C1VEI6, STM32G471CCT6, STM32G471CCU6, STM32G471CET3, STM32G471CET6, STM32G471CEU3, STM32G471CEU6, STM32G471MCT6, STM32G471MET3, STM32G471MET6, STM32G471MEY6TR, STM32G471QCT6, STM32G471QET3, STM32G471RCT6, STM32G471RET3, STM32G471RET6, STM32G471VCH6, STM32G471VCI6, STM32G471VCT6, STM32G471VEH3, STM32G471VEH6, STM32G471VEI3, STM32G471VEI6, STM32G471VET3, STM32G471VET6, STM32G474CCT6, STM32H503CBT6, STM32H503CBU6, STM32H503EBY6TR, STM32H503KBU6, STM32H503RBT6, STM32H562AGI6, STM32H562AII6, STM32H562IGK6, STM32H562IGT6, STM32H562IIK6, STM32H562IIT6, STM32H562RGT6, STM32H562RGV6, STM32H562RIT6, STM32H562RIV6, STM32H562VGT6, STM32H562VIT6, STM32H562ZGT6, STM32H562ZIT6, STM32H563AGI6, STM32H563AII3Q, STM32H563AII6, STM32H563IGK6, STM32H563IGT6, STM32H563IIK3Q, STM32H563IIK6, STM32H563IIT3Q, STM32H563IIT6, STM32H563MIY3QTR, STM32H563RGT6, STM32H563RGV6, STM32H563RIT6, STM32H563RIV6, STM32H563VGT6, STM32H563VIT3Q, STM32H563VIT6, STM32H563ZGT6, STM32H563ZIT3Q, STM32H563ZIT6, STM32H573AII3Q, STM32H573AII6, STM32H573I-DK, STM32H573IIK3Q, STM32H573IIK6, STM32H573IIT3Q, STM32H573IIT6, STM32H573MIY3QTR, STM32H573RIT6, STM32H573RIV6, STM32H573VIT3Q, STM32H573VIT6, STM32H573ZIT3Q, STM32H573ZIT6, STM32L4R5QGI6STR, STM32MP131AAE3, STM32MP131AAF3, STM32MP131AAG3, STM32MP131CAE3, STM32MP131CAF3, STM32MP131CAG3, STM32MP131DAE7, STM32MP131DAF7, STM32MP131DAG7, STM32MP131FAE7, STM32MP131FAF7, STM32MP131FAG7, STM32MP133AAE3, STM32MP133AAF3, STM32MP133AAG3, STM32MP133CAE3, STM32MP133CAF3, STM32MP133CAG3, STM32MP133DAE7, STM32MP133DAF7, STM32MP133DAG7, STM32MP133FAE7, STM32MP133FAF7, STM32MP133FAG7, STM32MP135AAE3, STM32MP135AAF3, STM32MP135AAG3, STM32MP135CAE3, STM32MP135CAF3, STM32MP135CAG3, STM32MP135DAE7, STM32MP135DAF7, STM32MP135DAG7, STM32MP135F-DK, STM32MP135FAE7, STM32MP135FAF7, STM32MP135FAF7T, STM32MP135FAF7U, STM32MP135FAG7, STM32U535CBT6, STM32U535CBT6Q, STM32U535CBU6, STM32U535CBU6Q, STM32U535CCT6, STM32U535CCT6Q, STM32U535CCU6, STM32U535CCU6Q, STM32U535CET6, STM32U535CET6Q, STM32U535CEU6, STM32U535CEU6Q, STM32U535JEY6QTR, STM32U535NCY6QTR, STM32U535NEY6QTR, STM32U535RBI6, STM32U535RBI6Q, STM32U535RBT6, STM32U535RBT6Q, STM32U535RCI6, STM32U535RCI6Q, STM32U535RCT6, STM32U535RCT6Q, STM32U535REI6, STM32U535REI6Q, STM32U535RET6, STM32U535RET6Q, STM32U535VCI6, STM32U535VCI6Q, STM32U535VCT6, STM32U535VCT6Q, STM32U535VEI6, STM32U535VEI6Q, STM32U535VET6, STM32U535VET6Q, STM32U545CET6, STM32U545CET6Q, STM32U545CEU6, STM32U545CEU6Q, STM32U545JEY6QTR, STM32U545NEY6QTR, STM32U545REI6, STM32U545REI6Q, STM32U545RET6, STM32U545RET6Q, STM32U545VEI6, STM32U545VEI6Q, STM32U545VET6, STM32U545VET6Q, STM32U595AIH6, STM32U595AIH6Q, STM32U595AJH6, STM32U595AJH6Q, STM32U595QII6, STM32U595QII6Q, STM32U595QJI6, STM32U595QJI6Q, STM32U595RIT6, STM32U595RIT6Q, STM32U595RJT6, STM32U595RJT6Q, STM32U595VIT6, STM32U595VIT6Q, STM32U595VJT6, STM32U595VJT6Q, STM32U595ZIT6, STM32U595ZIT6Q, STM32U595ZIY6QTR, STM32U595ZJT6, STM32U595ZJT6Q, STM32U595ZJY6QTR, STM32U599BJY6QTR, STM32U599NIH6Q, STM32U599NJH6Q, STM32U599VIT6Q, STM32U599VJT6, STM32U599VJT6Q, STM32U599ZIT6Q, STM32U599ZIY6QTR, STM32U599ZJT6Q, STM32U599ZJY6QTR, STM32U5A5AJH6, STM32U5A5AJH6Q, STM32U5A5QJI6, STM32U5A5QJI6Q, STM32U5A5RJT6, STM32U5A5RJT6Q, STM32U5A5VJT6, STM32U5A5VJT6Q, STM32U5A5ZJT6, STM32U5A5ZJT6Q, STM32U5A5ZJY6QTR, STM32U5A9BJY6QTR, STM32U5A9J-DK, STM32U5A9NJH6Q, STM32U5A9VJT6Q, STM32U5A9ZJT6Q, STM32U5A9ZJY6QTR, STM32U5F7VIT6, STM32U5F7VIT6Q, STM32U5F7VJT6, STM32U5F7VJT6Q, STM32U5F9BJY6QTR, STM32U5F9NJH6Q, STM32U5F9VIT6Q, STM32U5F9VJT6Q, STM32U5F9ZIJ6QTR, STM32U5F9ZIT6Q, STM32U5F9ZJJ6QTR, STM32U5F9ZJT6Q, STM32U5G7VJT6, STM32U5G7VJT6Q, STM32U5G9BJY6QTR, STM32U5G9J-DK1, STM32U5G9J-DK2, STM32U5G9NJH6Q, STM32U5G9VJT6Q, STM32U5G9ZJJ6QTR, STM32U5G9ZJT6Q, STM32WB1MMCH6, STM32WBA52CEU6, STM32WBA52CEU6T, STM32WBA52CGU6, STM32WBA52CGU6T, STM32WBA52KEU6, STM32WBA52KEU6T, STM32WBA52KGU6, STM32WBA52KGU6T, STM32WL5MOCH6, STM32WL5MOCH6TR]
2023-11-04 14:27:56,115 [INFO] DbMcus:217 - Found 3848 MCUs, 3848 are supported
2023-11-04 14:27:56,116 [INFO] ApiDb:423 - Load user favorites file C:\Users\ACER/.stm32cubeide/favorites.mcus.txt: 0 item(s)
2023-11-04 14:27:56,117 [INFO] ApiDb:427 - User favorites MCUs=[]
2023-11-04 14:27:56,117 [INFO] DbMcus:223 - Set 0 / 0 favorites MCUs
2023-11-04 14:27:56,511 [WARN] ThirdParty:833 - waiting for thirdparty lock release [change project]
2023-11-04 14:27:56,511 [INFO] ThirdParty:835 - entering critical section [change project]
2023-11-04 14:27:56,512 [INFO] ThirdParty:1030 - CMSIS Pack Vendor :STMicroelectronics X-CUBE-ISPU 1.1.0
2023-11-04 14:27:56,512 [INFO] ThirdParty:1030 - CMSIS Pack Vendor :STMicroelectronics USBPD 4.1
2023-11-04 14:27:56,512 [INFO] ThirdParty:1030 - CMSIS Pack Vendor :RoweBots I-CUBE-UNISONRTOS 5.5.0-4
2023-11-04 14:27:56,512 [INFO] ThirdParty:1030 - CMSIS Pack Vendor :STMicroelectronics X-CUBE-GNSS1 6.0.0
2023-11-04 14:27:56,512 [INFO] ThirdParty:1030 - CMSIS Pack Vendor :STMicroelectronics USB_HOST 2.0.0
2023-11-04 14:27:56,512 [INFO] ThirdParty:1030 - CMSIS Pack Vendor :STMicroelectronics X-CUBE-AZRTOS-F4 1.1.0
2023-11-04 14:27:56,512 [INFO] ThirdParty:1030 - CMSIS Pack Vendor :STMicroelectronics LIBJPEG 8.0.0
2023-11-04 14:27:56,512 [INFO] ThirdParty:1030 - CMSIS Pack Vendor :STMicroelectronics X-CUBE-SMBUS 2.1.0
2023-11-04 14:27:56,512 [INFO] ThirdParty:1030 - CMSIS Pack Vendor :STMicroelectronics USB_DEVICE 3.0.0
2023-11-04 14:27:56,512 [INFO] ThirdParty:1030 - CMSIS Pack Vendor :STMicroelectronics X-CUBE-AZRTOS-WB 2.0.0
2023-11-04 14:27:56,512 [INFO] ThirdParty:1030 - CMSIS Pack Vendor :STMicroelectronics X-CUBE-FREERTOS 1.0.1
2023-11-04 14:27:56,512 [INFO] ThirdParty:1030 - CMSIS Pack Vendor :STMicroelectronics X-CUBE-TOUCHGFX 4.21.0
2023-11-04 14:27:56,512 [INFO] ThirdParty:1030 - CMSIS Pack Vendor :STMicroelectronics X-CUBE-AZRTOS-F7 1.1.0
2023-11-04 14:27:56,512 [INFO] ThirdParty:1030 - CMSIS Pack Vendor :STMicroelectronics X-CUBE-TOUCHGFX 4.21.4
2023-11-04 14:27:56,512 [INFO] ThirdParty:1030 - CMSIS Pack Vendor :STMicroelectronics X-CUBE-AZRTOS-L5 2.0.0
2023-11-04 14:27:56,512 [INFO] ThirdParty:1030 - CMSIS Pack Vendor :STMicroelectronics X-CUBE-MEMS1 9.4.0
2023-11-04 14:27:56,513 [INFO] ThirdParty:1030 - CMSIS Pack Vendor :STMicroelectronics USB_DEVICE 2.0.0
2023-11-04 14:27:56,513 [INFO] ThirdParty:1030 - CMSIS Pack Vendor :STMicroelectronics X-CUBE-AI 7.3.0
2023-11-04 14:27:56,513 [INFO] ThirdParty:1030 - CMSIS Pack Vendor :STMicroelectronics X-CUBE-MEMS1 9.6.0
2023-11-04 14:27:56,513 [INFO] ThirdParty:1030 - CMSIS Pack Vendor :STMicroelectronics X-CUBE-EEPRMA1 4.2.0
2023-11-04 14:27:56,513 [INFO] ThirdParty:1030 - CMSIS Pack Vendor :ITTIA_DB I-CUBE-ITTIADB 8.8.0
2023-11-04 14:27:56,513 [INFO] ThirdParty:1030 - CMSIS Pack Vendor :STMicroelectronics FP-SNS-MOTENV1 4.3.2
2023-11-04 14:27:56,513 [INFO] ThirdParty:1030 - CMSIS Pack Vendor :STMicroelectronics FP-SNS-MOTENV1 4.3.1
2023-11-04 14:27:56,513 [INFO] ThirdParty:1030 - CMSIS Pack Vendor :STMicroelectronics FP-SNS-FLIGHT1 5.0.1
2023-11-04 14:27:56,513 [INFO] ThirdParty:1030 - CMSIS Pack Vendor :STMicroelectronics X-CUBE-ALGOBUILD 1.3.0
2023-11-04 14:27:56,513 [INFO] ThirdParty:1030 - CMSIS Pack Vendor :STMicroelectronics X-CUBE-BLE1 6.2.4
2023-11-04 14:27:56,513 [INFO] ThirdParty:1030 - CMSIS Pack Vendor :STMicroelectronics X-CUBE-AZRTOS-L5 1.1.0
2023-11-04 14:27:56,513 [INFO] ThirdParty:1030 - CMSIS Pack Vendor :STMicroelectronics FreeRTOS 0.0.1
2023-11-04 14:27:56,513 [INFO] ThirdParty:1030 - CMSIS Pack Vendor :STMicroelectronics X-CUBE-AZRTOS-G0 1.1.0
2023-11-04 14:27:56,513 [INFO] ThirdParty:1030 - CMSIS Pack Vendor :emotas I-CUBE-CANOPEN 1.1.3
2023-11-04 14:27:56,513 [INFO] ThirdParty:1030 - CMSIS Pack Vendor :STMicroelectronics X-CUBE-BLEMGR 2.0.0
2023-11-04 14:27:56,513 [INFO] ThirdParty:1030 - CMSIS Pack Vendor :STMicroelectronics X-CUBE-AI 8.0.1
2023-11-04 14:27:56,514 [INFO] ThirdParty:1030 - CMSIS Pack Vendor :STMicroelectronics X-CUBE-NFC4 3.0.0
2023-11-04 14:27:56,514 [INFO] ThirdParty:1030 - CMSIS Pack Vendor :STMicroelectronics X-CUBE-SUBG2 5.0.0
2023-11-04 14:27:56,514 [INFO] ThirdParty:1030 - CMSIS Pack Vendor :STMicroelectronics STM32_WPAN 1.0.0
2023-11-04 14:27:56,514 [INFO] ThirdParty:1030 - CMSIS Pack Vendor :STMicroelectronics lwIP 2.0.3
2023-11-04 14:27:56,514 [INFO] ThirdParty:1030 - CMSIS Pack Vendor :STMicroelectronics FP-SNS-FLIGHT1 5.0.2
2023-11-04 14:27:56,514 [INFO] ThirdParty:1030 - CMSIS Pack Vendor :STMicroelectronics X-CUBE-NFC4 2.0.5
2023-11-04 14:27:56,514 [INFO] ThirdParty:1030 - CMSIS Pack Vendor :STMicroelectronics USB_HOST 1.0.0
2023-11-04 14:27:56,514 [INFO] ThirdParty:1030 - CMSIS Pack Vendor :STMicroelectronics X-CUBE-TOF1 3.3.1
2023-11-04 14:27:56,514 [INFO] ThirdParty:1030 - CMSIS Pack Vendor :STMicroelectronics X-CUBE-AZRTOS-G4 2.0.0
2023-11-04 14:27:56,514 [INFO] ThirdParty:1030 - CMSIS Pack Vendor :STMicroelectronics PDM2PCM 3.1.0
2023-11-04 14:27:56,514 [INFO] ThirdParty:1030 - CMSIS Pack Vendor :STMicroelectronics X-CUBE-AZRTOS-H7 3.1.0
2023-11-04 14:27:56,514 [INFO] ThirdParty:1030 - CMSIS Pack Vendor :STMicroelectronics X-CUBE-TOF1 3.3.0
2023-11-04 14:27:56,514 [INFO] ThirdParty:1030 - CMSIS Pack Vendor :STMicroelectronics FP-ATR-ASTRA1 1.1.1
2023-11-04 14:27:56,514 [INFO] ThirdParty:1030 - CMSIS Pack Vendor :Infineon AIROC-Wi-Fi-Bluetooth-STM32 1.5.1
2023-11-04 14:27:56,514 [INFO] ThirdParty:1030 - CMSIS Pack Vendor :STMicroelectronics PDM2PCM 3.3.0
2023-11-04 14:27:56,514 [INFO] ThirdParty:1030 - CMSIS Pack Vendor :STMicroelectronics X-CUBE-DISPLAY 3.0.0
2023-11-04 14:27:56,514 [INFO] ThirdParty:1030 - CMSIS Pack Vendor :STMicroelectronics X-CUBE-BLEMGR 1.3.0
2023-11-04 14:27:56,515 [INFO] ThirdParty:1030 - CMSIS Pack Vendor :STMicroelectronics X-CUBE-BLE1 7.0.0
2023-11-04 14:27:56,515 [INFO] ThirdParty:1030 - CMSIS Pack Vendor :STMicroelectronics FP-ATR-SIGFOX1 3.2.0
2023-11-04 14:27:56,515 [INFO] ThirdParty:1030 - CMSIS Pack Vendor :STMicroelectronics X-CUBE-AZRTOS-G4 1.0.0
2023-11-04 14:27:56,515 [INFO] ThirdParty:1030 - CMSIS Pack Vendor :wolfSSL I-CUBE-wolfSSL 5.5.4
2023-11-04 14:27:56,515 [INFO] ThirdParty:1030 - CMSIS Pack Vendor :STMicroelectronics X-CUBE-AZRTOS-L4 1.0.0
2023-11-04 14:27:56,515 [INFO] ThirdParty:1030 - CMSIS Pack Vendor :STMicroelectronics HAL Drivers 0.0.0
2023-11-04 14:27:56,515 [INFO] ThirdParty:1030 - CMSIS Pack Vendor :STMicroelectronics MBEDTLS 2.16.2
2023-11-04 14:27:56,515 [INFO] ThirdParty:1030 - CMSIS Pack Vendor :STMicroelectronics X-CUBE-MEMS1 10.0.0
2023-11-04 14:27:56,515 [INFO] ThirdParty:1030 - CMSIS Pack Vendor :STMicroelectronics X-CUBE-FREERTOS 1.1.0
2023-11-04 14:27:56,515 [INFO] ThirdParty:1030 - CMSIS Pack Vendor :STMicroelectronics X-CUBE-TOUCHGFX 4.22.0
2023-11-04 14:27:56,515 [INFO] ThirdParty:1030 - CMSIS Pack Vendor :STMicroelectronics X-CUBE-NFC7 1.0.1
2023-11-04 14:27:56,515 [INFO] ThirdParty:1030 - CMSIS Pack Vendor :STMicroelectronics MBEDTLS 2.14.1
2023-11-04 14:27:56,515 [INFO] ThirdParty:1030 - CMSIS Pack Vendor :STMicroelectronics X-CUBE-NFC7 1.0.0
2023-11-04 14:27:56,515 [INFO] ThirdParty:1030 - CMSIS Pack Vendor :STMicroelectronics X-CUBE-TOUCHGFX 4.22.1
2023-11-04 14:27:56,515 [INFO] ThirdParty:1030 - CMSIS Pack Vendor :STMicroelectronics X-CUBE-AZRTOS-WL 1.0.0
2023-11-04 14:27:56,515 [INFO] ThirdParty:1030 - CMSIS Pack Vendor :STMicroelectronics X-CUBE-NFC6 3.0.0
2023-11-04 14:27:56,516 [INFO] ThirdParty:1030 - CMSIS Pack Vendor :STMicroelectronics X-CUBE-EEPRMA1 4.1.0
2023-11-04 14:27:56,516 [INFO] ThirdParty:1030 - CMSIS Pack Vendor :portGmbH I-Cube-SoM-uGOAL 1.1.0
2023-11-04 14:27:56,516 [INFO] ThirdParty:1030 - CMSIS Pack Vendor :STMicroelectronics X-CUBE-ALS 1.0.1
2023-11-04 14:27:56,516 [INFO] ThirdParty:1030 - CMSIS Pack Vendor :STMicroelectronics ThreadX 1.0.0
2023-11-04 14:27:56,516 [INFO] ThirdParty:1030 - CMSIS Pack Vendor :STMicroelectronics FP-SNS-SMARTAG2 1.2.0
2023-11-04 14:27:56,516 [INFO] ThirdParty:1030 - CMSIS Pack Vendor :STMicroelectronics X-CUBE-AZRTOS-WB 1.1.0
2023-11-04 14:27:56,516 [INFO] ThirdParty:1030 - CMSIS Pack Vendor :STMicroelectronics X-CUBE-AZRTOS-WL 2.0.0
2023-11-04 14:27:56,516 [INFO] ThirdParty:1030 - CMSIS Pack Vendor :SEGGER I-CUBE-embOS 1.3.1
2023-11-04 14:27:56,516 [INFO] ThirdParty:1030 - CMSIS Pack Vendor :STMicroelectronics USB_DEVICE 1.0.0
2023-11-04 14:27:56,516 [INFO] ThirdParty:1030 - CMSIS Pack Vendor :STMicroelectronics X-CUBE-AI 8.1.0
2023-11-04 14:27:56,516 [INFO] ThirdParty:1030 - CMSIS Pack Vendor :SEGGER I-CUBE-embOS 1.3.0
2023-11-04 14:27:56,516 [INFO] ThirdParty:1030 - CMSIS Pack Vendor :STMicroelectronics X-CUBE-AZRTOS-L4 2.0.0
2023-11-04 14:27:56,516 [INFO] ThirdParty:1030 - CMSIS Pack Vendor :STMicroelectronics ThreadX 0.0.2
2023-11-04 14:27:56,516 [INFO] ThirdParty:1030 - CMSIS Pack Vendor :WES I-CUBE-Cesium 1.3.0
2023-11-04 14:27:56,516 [INFO] ThirdParty:1030 - CMSIS Pack Vendor :STMicroelectronics FP-ATR-ASTRA1 2.0.0
2023-11-04 14:27:56,516 [INFO] ThirdParty:1030 - CMSIS Pack Vendor :STMicroelectronics lwIP 2.1.2
2023-11-04 14:27:56,517 [INFO] ThirdParty:1030 - CMSIS Pack Vendor :STMicroelectronics X-CUBE-SFXS2LP1 4.0.0
2023-11-04 14:27:56,517 [INFO] ThirdParty:1030 - CMSIS Pack Vendor :STMicroelectronics X-CUBE-BLE2 3.3.0
2023-11-04 14:27:56,517 [INFO] ThirdParty:1030 - CMSIS Pack Vendor :STMicroelectronics X-CUBE-DISPLAY 2.2.0
2023-11-04 14:27:56,517 [INFO] ThirdParty:1030 - CMSIS Pack Vendor :STMicroelectronics X-CUBE-TOF1 3.2.0
2023-11-04 14:27:56,517 [INFO] ThirdParty:1030 - CMSIS Pack Vendor :STMicroelectronics PDM2PCM 3.2.0
2023-11-04 14:27:56,517 [INFO] ThirdParty:1030 - CMSIS Pack Vendor :STMicroelectronics X-CUBE-AZRTOS-H7 3.0.0
2023-11-04 14:27:56,517 [INFO] ThirdParty:841 - exiting critical section [change project]
2023-11-04 14:27:57,076 [INFO] PinOutPanel:1499 - setPackage(No Configuration,No Configuration)
2023-11-04 14:27:57,079 [INFO] PinOutPanel:1499 - setPackage(STM32F103C8Tx,LQFP48)
2023-11-04 14:27:57,859 [INFO] UtilMem:75 - Before build in PCC Used Memory: 379642144 Bytes (828375040)
2023-11-04 14:27:59,192 [INFO] UtilMem:75 - After build in PCC Used Memory: 471807552 Bytes (828375040)
2023-11-04 14:27:59,236 [INFO] IPUIPlugin:80 - create IPUIPlugin
2023-11-04 14:27:59,236 [INFO] IPUIPlugin:80 - create IPUIPlugin
2023-11-04 14:27:59,237 [INFO] IPUIPlugin:80 - create IPUIPlugin
2023-11-04 14:27:59,237 [INFO] IPUIPlugin:80 - create IPUIPlugin
2023-11-04 14:27:59,237 [INFO] IPUIPlugin:80 - create IPUIPlugin
2023-11-04 14:27:59,238 [INFO] IPUIPlugin:80 - create IPUIPlugin
2023-11-04 14:27:59,238 [INFO] IPUIPlugin:80 - create IPUIPlugin
2023-11-04 14:27:59,238 [INFO] IPUIPlugin:80 - create IPUIPlugin
2023-11-04 14:27:59,238 [INFO] IPUIPlugin:80 - create IPUIPlugin
2023-11-04 14:27:59,239 [INFO] IPUIPlugin:80 - create IPUIPlugin
2023-11-04 14:27:59,239 [INFO] IPUIPlugin:80 - create IPUIPlugin
2023-11-04 14:27:59,239 [INFO] IPUIPlugin:80 - create IPUIPlugin
2023-11-04 14:27:59,239 [INFO] IPUIPlugin:80 - create IPUIPlugin
2023-11-04 14:27:59,240 [INFO] IPUIPlugin:80 - create IPUIPlugin
2023-11-04 14:27:59,240 [INFO] IPUIPlugin:80 - create IPUIPlugin
2023-11-04 14:27:59,240 [INFO] IPUIPlugin:80 - create IPUIPlugin
2023-11-04 14:27:59,241 [INFO] IPUIPlugin:80 - create IPUIPlugin
2023-11-04 14:27:59,241 [INFO] IPUIPlugin:80 - create IPUIPlugin
2023-11-04 14:27:59,242 [INFO] IPUIPlugin:80 - create IPUIPlugin
2023-11-04 14:27:59,242 [INFO] IPUIPlugin:80 - create IPUIPlugin
2023-11-04 14:27:59,244 [INFO] IPUIPlugin:80 - create IPUIPlugin
2023-11-04 14:27:59,244 [INFO] IPUIPlugin:80 - create IPUIPlugin
2023-11-04 14:27:59,244 [INFO] IPUIPlugin:80 - create IPUIPlugin
2023-11-04 14:27:59,244 [INFO] IPUIPlugin:80 - create IPUIPlugin
2023-11-04 14:27:59,245 [INFO] IPUIPlugin:80 - create IPUIPlugin
2023-11-04 14:27:59,245 [INFO] IPUIPlugin:80 - create IPUIPlugin
2023-11-04 14:27:59,246 [INFO] IPUIPlugin:80 - create IPUIPlugin
2023-11-04 14:27:59,531 [INFO] CADModel:165 - CPN selected for project levelSTM32F103C8T6
2023-11-04 14:27:59,531 [INFO] CADModel:114 - Register for checkConnection events
2023-11-04 14:27:59,586 [INFO] OpenFileManager:328 - Restore cursor
2023-11-04 14:34:52,838 [INFO] ADCParametersView:116 -                Rank 1 : false
2023-11-04 14:34:52,937 [INFO] ADCParametersView:116 -                Rank 1 : false
2023-11-04 14:34:52,937 [INFO] ADCParametersView:116 -                Rank 1 : false
2023-11-04 14:34:52,938 [INFO] ADCParametersView:116 -                Rank 1 : false
2023-11-04 14:34:52,938 [INFO] ADCParametersView:116 -                Rank 1 : false
2023-11-04 14:34:52,938 [INFO] ADCParametersView:116 -                Rank 1 : false
2023-11-04 14:34:52,938 [INFO] ADCParametersView:116 -                Rank 1 : false
2023-11-04 14:34:52,938 [INFO] ADCParametersView:116 -                Rank 1 : false
2023-11-04 14:34:52,938 [INFO] ADCParametersView:116 -                Rank 1 : false
2023-11-04 14:34:52,939 [INFO] ADCParametersView:116 -                Rank 1 : false
2023-11-04 14:34:52,939 [INFO] ADCParametersView:116 -                Rank 1 : false
2023-11-04 14:34:52,947 [INFO] ADCParametersView:116 -                Rank 1 : false
2023-11-04 14:35:06,097 [INFO] NvicIntPanel:101 - NVIC parent = com.st.microxplorer.plugins.ip.nvic.MultiNvicIntPanel[,0,0,450x274,layout=javax.swing.BoxLayout,alignmentX=0.0,alignmentY=0.0,border=,flags=9,maximumSize=,minimumSize=,preferredSize=]
2023-11-04 14:35:07,330 [INFO] ADCParametersView:116 -                Rank 1 : false
2023-11-04 14:35:07,331 [INFO] ADCParametersView:116 -                Rank 1 : false
2023-11-04 14:35:07,331 [INFO] ADCParametersView:116 -                Rank 1 : false
2023-11-04 14:35:07,332 [INFO] ADCParametersView:116 -                Rank 1 : false
2023-11-04 14:35:07,333 [INFO] ADCParametersView:116 -                Rank 1 : false
2023-11-04 14:35:07,333 [INFO] ADCParametersView:116 -                Rank 1 : false
2023-11-04 14:35:07,333 [INFO] ADCParametersView:116 -                Rank 1 : false
2023-11-04 14:35:07,334 [INFO] ADCParametersView:116 -                Rank 1 : false
2023-11-04 14:35:07,334 [INFO] ADCParametersView:116 -                Rank 1 : false
2023-11-04 14:35:07,334 [INFO] ADCParametersView:116 -                Rank 1 : false
2023-11-04 14:35:07,350 [INFO] ADCParametersView:116 -                Rank 1 : false
2023-11-04 14:35:16,402 [INFO] SpinnerEditorADC:65 - is string kkkk
2023-11-04 14:35:17,323 [INFO] NvicIntPanel:101 - NVIC parent = com.st.microxplorer.plugins.ip.nvic.MultiNvicIntPanel[,0,0,0x0,invalid,layout=javax.swing.BoxLayout,alignmentX=0.0,alignmentY=0.0,border=,flags=9,maximumSize=,minimumSize=,preferredSize=]
2023-11-04 14:35:17,375 [INFO] ADCParametersView:116 -                Rank 1 : false
2023-11-04 14:35:17,379 [INFO] ADCParametersView:116 -                Rank 1 : false
2023-11-04 14:35:17,379 [INFO] ADCParametersView:116 -                Rank 1 : false
2023-11-04 14:35:17,381 [INFO] ADCParametersView:116 -                Rank 1 : false
2023-11-04 14:35:17,382 [INFO] ADCParametersView:116 -                Rank 1 : false
2023-11-04 14:35:17,382 [INFO] ADCParametersView:116 -                Rank 1 : false
2023-11-04 14:35:17,382 [INFO] ADCParametersView:116 -                Rank 1 : false
2023-11-04 14:35:17,382 [INFO] ADCParametersView:116 -                Rank 1 : false
2023-11-04 14:35:17,382 [INFO] ADCParametersView:116 -                Rank 1 : false
2023-11-04 14:35:17,383 [INFO] ADCParametersView:116 -                Rank 1 : false
2023-11-04 14:35:17,391 [INFO] ADCParametersView:116 -                Rank 1 : false
2023-11-04 14:35:19,853 [INFO] ADCParametersView:116 -                Rank 1 : true
2023-11-04 14:35:22,226 [INFO] ADCParametersView:116 -                Rank 1 : true
2023-11-04 14:35:24,913 [INFO] ADCParametersView:116 -                Rank 1 : true
2023-11-04 14:35:26,363 [INFO] ADCParametersView:116 -                Rank 1 : true
2023-11-04 14:35:28,849 [INFO] ADCParametersView:116 -                Rank 1 : true
2023-11-04 14:35:29,835 [INFO] ADCParametersView:116 -                Rank 1 : true
2023-11-04 14:35:32,451 [INFO] ADCParametersView:116 -                Rank 1 : false
2023-11-04 14:46:05,096 [INFO] UtilMem:75 - End SaveConfig() Used Memory: 858581856 Bytes (1073741824)
2023-11-04 23:49:37,814 [ERROR] LogOutputStream:75 - [STDERR_REDIRECT] 
