2024-01-10 10:14:01,647 [INFO] Activator:176 - 


2024-01-10 10:14:01,657 [INFO] Activator:177 - !SESSION log4j initialized
2024-01-10 10:14:10,385 [INFO] LogOutputStream:77 - [STDOUT_REDIRECT] 
2024-01-10 10:14:41,388 [INFO] ApplicationProperties:184 - Using Application install path: C:\ST\STM32CubeIDE_1.13.0\STM32CubeIDE\plugins\com.st.stm32cube.common.mx_6.9.0.202307051724
2024-01-10 10:14:41,416 [INFO] DbMcusXml:78 - Set database path to: C:\ST\STM32CubeIDE_1.13.0\STM32CubeIDE\plugins\com.st.stm32cube.common.mx_6.9.0.202307051724\\db\/mcu/
2024-01-10 10:14:41,416 [INFO] ApiDb:274 - Set plugin database path to: C:\ST\STM32CubeIDE_1.13.0\STM32CubeIDE\plugins\com.st.stm32cube.common.mx_6.9.0.202307051724\\db\/plugins/boardmanager/
2024-01-10 10:14:41,417 [WARN] ApiDb:259 - Overriding images path with different value:  => C:\ST\STM32CubeIDE_1.13.0\STM32CubeIDE\plugins\com.st.stm32cube.common.mx_6.9.0.202307051724\\db\/plugins/mcufinder/images/
2024-01-10 10:14:41,449 [INFO] ApiDb:250 - Set database path to: C:\Users\ACER\.stmcufinder\plugins\mcufinder//mcu/
2024-01-10 10:14:41,451 [INFO] DbMcusAds:125 - Set database path to: C:\Users\ACER\.stmcufinder\plugins\mcufinder//mcu/
2024-01-10 10:14:41,526 [INFO] CrossReferenceDbSqlite:203 - Set database path to: C:\Users\ACER\.stmcufinder\plugins\mcufinder//mcu/cs/
2024-01-10 10:14:41,750 [INFO] RulesReader:64 - Compatibility file has been processed (293 Rules)
2024-01-10 10:14:41,874 [INFO] DbMcusXml:78 - Set database path to: C:\ST\STM32CubeIDE_1.13.0\STM32CubeIDE\plugins\com.st.stm32cube.common.mx_6.9.0.202307051724\\db\/mcu/
2024-01-10 10:14:41,875 [INFO] ApiDb:274 - Set plugin database path to: C:\ST\STM32CubeIDE_1.13.0\STM32CubeIDE\plugins\com.st.stm32cube.common.mx_6.9.0.202307051724\\db\/plugins/boardmanager/
2024-01-10 10:14:41,875 [INFO] ApiDb:261 - Set plugin images path to: C:\ST\STM32CubeIDE_1.13.0\STM32CubeIDE\plugins\com.st.stm32cube.common.mx_6.9.0.202307051724\\db\/plugins/mcufinder/images/
2024-01-10 10:14:41,875 [WARN] DbFile:41 - Overriding database path with different value: C:\Users\ACER\.stmcufinder\plugins\mcufinder/ => C:\Users\ACER\.stmcufinder\plugins\mcufinder
2024-01-10 10:14:41,876 [INFO] ApiDb:250 - Set database path to: C:\Users\ACER\.stmcufinder\plugins\mcufinder//mcu/
2024-01-10 10:14:41,876 [WARN] DbFile:41 - Overriding database path with different value: C:\Users\ACER\.stmcufinder\plugins\mcufinder/ => C:\Users\ACER\.stmcufinder\plugins\mcufinder
2024-01-10 10:14:41,876 [INFO] DbMcusAds:125 - Set database path to: C:\Users\ACER\.stmcufinder\plugins\mcufinder//mcu/
2024-01-10 10:14:41,876 [WARN] DbFile:41 - Overriding database path with different value: C:\Users\ACER\.stmcufinder\plugins\mcufinder/ => C:\Users\ACER\.stmcufinder\plugins\mcufinder
2024-01-10 10:14:41,876 [WARN] DbFile:41 - Overriding database path with different value: C:\Users\ACER\.stmcufinder\plugins\mcufinder/ => C:\Users\ACER\.stmcufinder\plugins\mcufinder
2024-01-10 10:14:41,876 [INFO] CrossReferenceDbSqlite:203 - Set database path to: C:\Users\ACER\.stmcufinder\plugins\mcufinder//mcu/cs/
2024-01-10 10:14:41,998 [INFO] MainPanel:262 - HeapMemory: 268435456
2024-01-10 10:14:42,130 [INFO] DbMcusXml:78 - Set database path to: C:\ST\STM32CubeIDE_1.13.0\STM32CubeIDE\plugins\com.st.stm32cube.common.mx_6.9.0.202307051724\\db\/mcu/
2024-01-10 10:14:42,130 [INFO] ApiDb:274 - Set plugin database path to: C:\ST\STM32CubeIDE_1.13.0\STM32CubeIDE\plugins\com.st.stm32cube.common.mx_6.9.0.202307051724\\db\/plugins/boardmanager/
2024-01-10 10:14:42,130 [INFO] ApiDb:261 - Set plugin images path to: C:\ST\STM32CubeIDE_1.13.0\STM32CubeIDE\plugins\com.st.stm32cube.common.mx_6.9.0.202307051724\\db\/plugins/mcufinder/images/
2024-01-10 10:14:42,131 [WARN] DbFile:41 - Overriding database path with different value: C:\Users\ACER\.stmcufinder\plugins\mcufinder/ => C:\Users\ACER\.stmcufinder\plugins\mcufinder
2024-01-10 10:14:42,131 [INFO] ApiDb:250 - Set database path to: C:\Users\ACER\.stmcufinder\plugins\mcufinder//mcu/
2024-01-10 10:14:42,131 [WARN] DbFile:41 - Overriding database path with different value: C:\Users\ACER\.stmcufinder\plugins\mcufinder/ => C:\Users\ACER\.stmcufinder\plugins\mcufinder
2024-01-10 10:14:42,131 [INFO] DbMcusAds:125 - Set database path to: C:\Users\ACER\.stmcufinder\plugins\mcufinder//mcu/
2024-01-10 10:14:42,131 [WARN] DbFile:41 - Overriding database path with different value: C:\Users\ACER\.stmcufinder\plugins\mcufinder/ => C:\Users\ACER\.stmcufinder\plugins\mcufinder
2024-01-10 10:14:42,131 [WARN] DbFile:41 - Overriding database path with different value: C:\Users\ACER\.stmcufinder\plugins\mcufinder/ => C:\Users\ACER\.stmcufinder\plugins\mcufinder
2024-01-10 10:14:42,132 [INFO] CrossReferenceDbSqlite:203 - Set database path to: C:\Users\ACER\.stmcufinder\plugins\mcufinder//mcu/cs/
2024-01-10 10:14:42,153 [INFO] ApplicationProperties:184 - Using Application install path: C:\ST\STM32CubeIDE_1.13.0\STM32CubeIDE\plugins\com.st.stm32cube.common.mx_6.9.0.202307051724
2024-01-10 10:14:42,154 [INFO] PluginManage:196 - Search for loadable plugins [exclusion list=, ]
2024-01-10 10:14:42,156 [INFO] PluginManage:310 - Check plugin analytics
2024-01-10 10:14:52,595 [INFO] AnalyticsPlugin:253 - Accepted Software Licenses: 
2024-01-10 10:14:52,595 [INFO] AnalyticsPlugin:255 - Accepted CMSIS Pack Licenses: 
2024-01-10 10:14:52,595 [INFO] AnalyticsPlugin:257 - Accepted Firmware Licenses: FW.WB.1.17.0
2024-01-10 10:14:52,600 [INFO] PluginManage:359 - Loaded plugin analytics (category:tool,tabindex:-1)
2024-01-10 10:14:52,600 [INFO] PluginManage:310 - Check plugin cadmodel
2024-01-10 10:14:52,626 [INFO] CADModel:105 - Init CAD model plugin
2024-01-10 10:14:52,626 [INFO] PluginManage:359 - Loaded plugin cadmodel (category:power,tabindex:5)
2024-01-10 10:14:52,627 [INFO] PluginManage:310 - Check plugin clock
2024-01-10 10:14:52,651 [INFO] PluginManage:359 - Loaded plugin clock (category:base,tabindex:2)
2024-01-10 10:14:52,651 [INFO] PluginManage:310 - Check plugin ddr
2024-01-10 10:14:52,657 [INFO] PluginManage:359 - Loaded plugin ddr (category:tool,tabindex:6)
2024-01-10 10:14:52,657 [INFO] PluginManage:310 - Check plugin filemanager
2024-01-10 10:14:52,851 [INFO] PluginManage:359 - Loaded plugin filemanager (category:base,tabindex:10)
2024-01-10 10:14:52,852 [INFO] PluginManage:310 - Check plugin ipmanager
2024-01-10 10:14:52,863 [INFO] PluginManage:359 - Loaded plugin ipmanager (category:base,tabindex:5)
2024-01-10 10:14:52,864 [INFO] PluginManage:310 - Check plugin lpbam
2024-01-10 10:14:52,881 [INFO] PluginManage:359 - Loaded plugin lpbam (category:base,tabindex:0)
2024-01-10 10:14:52,881 [INFO] PluginManage:310 - Check plugin memorymap
2024-01-10 10:14:52,910 [INFO] PluginManage:359 - Loaded plugin memorymap (category:base,tabindex:4)
2024-01-10 10:14:52,910 [INFO] PluginManage:310 - Check plugin pinoutandconfiguration
2024-01-10 10:14:52,930 [INFO] PluginManage:359 - Loaded plugin pinoutandconfiguration (category:base,tabindex:1)
2024-01-10 10:14:52,930 [INFO] PluginManage:310 - Check plugin pinoutconfig
2024-01-10 10:14:53,056 [WARN] SupportedApi:132 - Cannot load RTOS API schema: s4s-elt-must-match.1: The content of 'definitions' must match (annotation?, (simpleType | complexType)?, (unique | key | keyref)*)). A problem was found starting at: attribute.
2024-01-10 10:14:53,255 [INFO] PluginManage:359 - Loaded plugin pinoutconfig (category:base,tabindex:0)
2024-01-10 10:14:53,256 [INFO] PluginManage:310 - Check plugin power
2024-01-10 10:14:53,285 [INFO] PluginManage:359 - Loaded plugin power (category:power,tabindex:4)
2024-01-10 10:14:53,285 [INFO] PluginManage:310 - Check plugin projectmanager
2024-01-10 10:14:53,304 [INFO] PluginManage:359 - Loaded plugin projectmanager (category:projectmanager,tabindex:3)
2024-01-10 10:14:53,305 [INFO] PluginManage:310 - Check plugin thirdparty
2024-01-10 10:14:53,672 [INFO] PluginManage:359 - Loaded plugin thirdparty (category:base,tabindex:-1)
2024-01-10 10:14:53,672 [WARN] IntegrityCheckThread:84 - waiting for thirdparty lock release [integrity check]
2024-01-10 10:14:53,672 [INFO] PluginManage:310 - Check plugin tools
2024-01-10 10:14:53,672 [INFO] IntegrityCheckThread:86 - entering critical section [integrity check]
2024-01-10 10:14:53,673 [INFO] ThirdPartyUpdaterWithRetryManager:70 - Updater plugin not ready yet. [1/15]
2024-01-10 10:14:53,706 [INFO] PluginManage:359 - Loaded plugin tools (category:base,tabindex:7)
2024-01-10 10:14:53,707 [INFO] PluginManage:310 - Check plugin tutovideos
2024-01-10 10:14:53,976 [INFO] PluginManage:359 - Loaded plugin tutovideos (category:base,tabindex:-1)
2024-01-10 10:14:53,976 [INFO] PluginManage:310 - Check plugin updater
2024-01-10 10:14:53,994 [INFO] PluginManage:359 - Loaded plugin updater (category:base,tabindex:12)
2024-01-10 10:14:53,994 [INFO] PluginManage:310 - Check plugin userauth
2024-01-10 10:14:54,003 [INFO] UserAuth:113 - Init User Auth plugin
2024-01-10 10:14:54,003 [INFO] PluginManage:359 - Loaded plugin userauth (category:base,tabindex:14)
2024-01-10 10:14:54,003 [INFO] PluginManage:283 - PluginManage : Loaded plugins [17]
2024-01-10 10:14:54,324 [INFO] PinOutPanel:1499 - setPackage(No Configuration,No Configuration)
2024-01-10 10:14:54,471 [INFO] CADModel:165 - CPN selected for project level
2024-01-10 10:14:54,472 [INFO] CADModel:114 - Register for checkConnection events
2024-01-10 10:14:54,505 [INFO] IPUIPlugin:80 - create IPUIPlugin
2024-01-10 10:14:54,506 [INFO] PluginManager:220 - loadIPPluginJar : add adc
2024-01-10 10:14:54,555 [INFO] IPUIPlugin:80 - create IPUIPlugin
2024-01-10 10:14:54,555 [INFO] PluginManager:220 - loadIPPluginJar : add aes
2024-01-10 10:14:54,594 [INFO] IPUIPlugin:80 - create IPUIPlugin
2024-01-10 10:14:54,594 [INFO] PluginManager:220 - loadIPPluginJar : add can
2024-01-10 10:14:54,619 [INFO] IPUIPlugin:80 - create IPUIPlugin
2024-01-10 10:14:54,620 [INFO] PluginManager:220 - loadIPPluginJar : add comp
2024-01-10 10:14:54,654 [INFO] IPUIPlugin:80 - create IPUIPlugin
2024-01-10 10:14:54,654 [INFO] PluginManager:220 - loadIPPluginJar : add cryp
2024-01-10 10:14:54,688 [INFO] IPUIPlugin:80 - create IPUIPlugin
2024-01-10 10:14:54,688 [INFO] PluginManager:220 - loadIPPluginJar : add dfsdm
2024-01-10 10:14:54,706 [INFO] IPUIPlugin:80 - create IPUIPlugin
2024-01-10 10:14:54,710 [INFO] PluginManager:220 - loadIPPluginJar : add dma
2024-01-10 10:14:54,758 [INFO] IPUIPlugin:80 - create IPUIPlugin
2024-01-10 10:14:54,758 [INFO] PluginManager:220 - loadIPPluginJar : add dma3
2024-01-10 10:14:54,790 [INFO] IPUIPlugin:80 - create IPUIPlugin
2024-01-10 10:14:54,790 [INFO] PluginManager:220 - loadIPPluginJar : add fatfs
2024-01-10 10:14:54,834 [INFO] IPUIPlugin:80 - create IPUIPlugin
2024-01-10 10:14:54,834 [INFO] PluginManager:220 - loadIPPluginJar : add fmc
2024-01-10 10:14:54,852 [INFO] IPUIPlugin:80 - create IPUIPlugin
2024-01-10 10:14:54,852 [INFO] PluginManager:220 - loadIPPluginJar : add freertos
2024-01-10 10:14:54,871 [INFO] IPUIPlugin:80 - create IPUIPlugin
2024-01-10 10:14:54,872 [INFO] PluginManager:220 - loadIPPluginJar : add genericplugin
2024-01-10 10:14:54,965 [INFO] IPUIPlugin:80 - create IPUIPlugin
2024-01-10 10:14:54,965 [INFO] PluginManager:220 - loadIPPluginJar : add gfxmmu
2024-01-10 10:14:55,130 [INFO] IPUIPlugin:80 - create IPUIPlugin
2024-01-10 10:14:55,131 [INFO] PluginManager:220 - loadIPPluginJar : add gic
2024-01-10 10:14:55,145 [INFO] IPUIPlugin:80 - create IPUIPlugin
2024-01-10 10:14:55,145 [INFO] PluginManager:220 - loadIPPluginJar : add gpio
2024-01-10 10:14:55,239 [INFO] IPUIPlugin:80 - create IPUIPlugin
2024-01-10 10:14:55,239 [INFO] PluginManager:220 - loadIPPluginJar : add gtzc
2024-01-10 10:14:55,270 [INFO] IPUIPlugin:80 - create IPUIPlugin
2024-01-10 10:14:55,270 [INFO] PluginManager:220 - loadIPPluginJar : add hash
2024-01-10 10:14:55,323 [INFO] IPUIPlugin:80 - create IPUIPlugin
2024-01-10 10:14:55,323 [INFO] PluginManager:220 - loadIPPluginJar : add i2c
2024-01-10 10:14:55,362 [INFO] IPUIPlugin:80 - create IPUIPlugin
2024-01-10 10:14:55,362 [INFO] PluginManager:220 - loadIPPluginJar : add i2s
2024-01-10 10:14:55,403 [INFO] IPUIPlugin:80 - create IPUIPlugin
2024-01-10 10:14:55,403 [INFO] PluginManager:220 - loadIPPluginJar : add i3c
2024-01-10 10:14:55,521 [INFO] IPUIPlugin:80 - create IPUIPlugin
2024-01-10 10:14:55,521 [INFO] PluginManager:220 - loadIPPluginJar : add ipddr
2024-01-10 10:14:55,620 [INFO] IPUIPlugin:80 - create IPUIPlugin
2024-01-10 10:14:55,620 [INFO] PluginManager:220 - loadIPPluginJar : add linkedlist
2024-01-10 10:14:55,653 [INFO] IPUIPlugin:80 - create IPUIPlugin
2024-01-10 10:14:55,653 [INFO] PluginManager:220 - loadIPPluginJar : add lorawan
2024-01-10 10:14:55,693 [INFO] IPUIPlugin:80 - create IPUIPlugin
2024-01-10 10:14:55,694 [INFO] PluginManager:220 - loadIPPluginJar : add ltdc
2024-01-10 10:14:55,711 [INFO] IPUIPlugin:80 - create IPUIPlugin
2024-01-10 10:14:55,711 [INFO] PluginManager:220 - loadIPPluginJar : add mdma
2024-01-10 10:14:55,725 [INFO] IPUIPlugin:80 - create IPUIPlugin
2024-01-10 10:14:55,725 [INFO] PluginManager:220 - loadIPPluginJar : add nvic
2024-01-10 10:14:55,768 [INFO] IPUIPlugin:80 - create IPUIPlugin
2024-01-10 10:14:55,768 [INFO] PluginManager:220 - loadIPPluginJar : add opamp
2024-01-10 10:14:55,839 [INFO] IPUIPlugin:80 - create IPUIPlugin
2024-01-10 10:14:55,839 [INFO] PluginManager:220 - loadIPPluginJar : add openamp
2024-01-10 10:14:55,891 [INFO] IPUIPlugin:80 - create IPUIPlugin
2024-01-10 10:14:55,891 [INFO] PluginManager:220 - loadIPPluginJar : add pdm2pcm
2024-01-10 10:14:55,908 [INFO] IPUIPlugin:80 - create IPUIPlugin
2024-01-10 10:14:55,911 [INFO] PluginManager:220 - loadIPPluginJar : add plateformsettings
2024-01-10 10:14:55,933 [INFO] IPUIPlugin:80 - create IPUIPlugin
2024-01-10 10:14:55,933 [INFO] PluginManager:220 - loadIPPluginJar : add quadspi
2024-01-10 10:14:55,947 [INFO] IPUIPlugin:80 - create IPUIPlugin
2024-01-10 10:14:55,947 [INFO] PluginManager:220 - loadIPPluginJar : add resmgrutility
2024-01-10 10:14:55,998 [INFO] IPUIPlugin:80 - create IPUIPlugin
2024-01-10 10:14:55,999 [INFO] PluginManager:220 - loadIPPluginJar : add sai
2024-01-10 10:14:56,036 [INFO] IPUIPlugin:80 - create IPUIPlugin
2024-01-10 10:14:56,036 [INFO] PluginManager:220 - loadIPPluginJar : add spi
2024-01-10 10:14:56,106 [INFO] IPUIPlugin:80 - create IPUIPlugin
2024-01-10 10:14:56,107 [INFO] PluginManager:220 - loadIPPluginJar : add stm32_wpan
2024-01-10 10:14:56,131 [INFO] IPUIPlugin:80 - create IPUIPlugin
2024-01-10 10:14:56,131 [INFO] PluginManager:220 - loadIPPluginJar : add tim
2024-01-10 10:14:56,188 [INFO] IPUIPlugin:80 - create IPUIPlugin
2024-01-10 10:14:56,189 [INFO] PluginManager:220 - loadIPPluginJar : add touchsensing
2024-01-10 10:14:56,210 [INFO] IPUIPlugin:80 - create IPUIPlugin
2024-01-10 10:14:56,210 [INFO] PluginManager:220 - loadIPPluginJar : add tracer_emb
2024-01-10 10:14:56,236 [INFO] IPUIPlugin:80 - create IPUIPlugin
2024-01-10 10:14:56,236 [INFO] PluginManager:220 - loadIPPluginJar : add ts
2024-01-10 10:14:56,258 [INFO] IPUIPlugin:80 - create IPUIPlugin
2024-01-10 10:14:56,258 [INFO] PluginManager:220 - loadIPPluginJar : add tsc
2024-01-10 10:14:56,278 [INFO] IPUIPlugin:80 - create IPUIPlugin
2024-01-10 10:14:56,279 [INFO] PluginManager:220 - loadIPPluginJar : add ucpd
2024-01-10 10:14:56,325 [INFO] IPUIPlugin:80 - create IPUIPlugin
2024-01-10 10:14:56,325 [INFO] PluginManager:220 - loadIPPluginJar : add usart
2024-01-10 10:14:56,389 [INFO] IPUIPlugin:80 - create IPUIPlugin
2024-01-10 10:14:56,389 [INFO] PluginManager:220 - loadIPPluginJar : add usbx
2024-01-10 10:14:56,527 [INFO] CADModel:165 - CPN selected for project level
2024-01-10 10:14:56,527 [INFO] CADModel:114 - Register for checkConnection events
2024-01-10 10:14:56,528 [FATAL] Updater:308 - Updater called before beeing initialized
2024-01-10 10:14:56,528 [ERROR] CADModel:125 - Updater not yet initialized, retry later 
2024-01-10 10:14:56,674 [INFO] ThirdPartyUpdaterWithRetryManager:70 - Updater plugin not ready yet. [2/15]
2024-01-10 10:14:56,799 [INFO] CADModel:165 - CPN selected for project level
2024-01-10 10:14:56,800 [INFO] CADModel:114 - Register for checkConnection events
2024-01-10 10:14:56,800 [FATAL] Updater:308 - Updater called before beeing initialized
2024-01-10 10:14:56,800 [ERROR] CADModel:125 - Updater not yet initialized, retry later 
2024-01-10 10:14:56,806 [FATAL] Updater:308 - Updater called before beeing initialized
2024-01-10 10:14:56,974 [FATAL] Updater:308 - Updater called before beeing initialized
2024-01-10 10:14:56,990 [INFO] DbMcusAds:53 - JSON generation date=Wed Nov 29 17:52:27 ICT 2023 (1701255147349)
2024-01-10 10:14:56,990 [FATAL] Updater:308 - Updater called before beeing initialized
2024-01-10 10:14:57,100 [WARN] DetailPanel:346 - Failed to get advertising image, set to default
2024-01-10 10:14:57,194 [FATAL] Updater:308 - Updater called before beeing initialized
2024-01-10 10:14:57,197 [FATAL] Updater:308 - Updater called before beeing initialized
2024-01-10 10:14:57,197 [FATAL] Updater:308 - Updater called before beeing initialized
2024-01-10 10:14:57,197 [WARN] DetailPanel:346 - Failed to get advertising image, set to default
2024-01-10 10:14:57,198 [FATAL] Updater:308 - Updater called before beeing initialized
2024-01-10 10:14:57,297 [ERROR] Updater:1120 - MainUpdater not yet initialized. External WinMGr cannot be set.
2024-01-10 10:14:57,312 [INFO] Updater:1056 - Updater Version found : 6.9.0
2024-01-10 10:14:57,344 [INFO] ApplicationProperties:184 - Using Application install path: C:\ST\STM32CubeIDE_1.13.0\STM32CubeIDE\plugins\com.st.stm32cube.common.mx_6.9.0.202307051724
2024-01-10 10:14:57,685 [INFO] MainUpdater:2868 - connection check result : 10
2024-01-10 10:14:57,686 [INFO] MainUpdater:3562 - Updater definition file requires update
2024-01-10 10:14:57,688 [INFO] MainUpdater:285 - Updater Check For Update Now.
2024-01-10 10:14:57,688 [INFO] MicroXplorer:498 - Change Database Version : DB.6.0.90
2024-01-10 10:14:57,715 [INFO] McuFinderGlobals:63 - Set McuFinder mode to 2 (CubeIDE integrated)
2024-01-10 10:14:57,716 [INFO] UserAuth:179 - activating auth plugin
2024-01-10 10:14:57,719 [INFO] UserAuth:393 - Internet connection configuration mode: 1
2024-01-10 10:14:57,747 [INFO] JxBrowserEngine:151 - Initiate JxBrowser Engine with user profile folder
2024-01-10 10:14:57,878 [INFO] ServerAccessManage:473 - Download File updaters.zip
2024-01-10 10:14:58,774 [INFO] FileExtend:240 - Unzip File : updaters.zip
2024-01-10 10:14:58,775 [INFO] FileExtend:255 - Standard Zip Deflate
2024-01-10 10:14:59,676 [WARN] MainUpdater:1189 - Updater busy. Cannot search thirdparties
2024-01-10 10:14:59,677 [INFO] ThirdPartyUpdaterWithRetryManager:96 - Updater plugin is busy. [1/15]
2024-01-10 10:14:59,700 [INFO] ServerAccessManage:473 - Download File PacksControlFlags.xml
2024-01-10 10:14:59,985 [INFO] ServerAccessManage:473 - Download File cubemx.pidx
2024-01-10 10:15:00,185 [INFO] LoadServerUpdatesThread:373 - End of LoadServerUpdate Thread
2024-01-10 10:15:00,469 [INFO] CheckServerUpdateThread:120 - End of CheckServer Thread
2024-01-10 10:15:01,782 [INFO] WebApp:157 - Instantiating new browser for Auth
2024-01-10 10:15:02,640 [INFO] WebApp:753 - Register for checkConnection events
2024-01-10 10:15:02,640 [INFO] WebApp:390 - Apply proxy settings
2024-01-10 10:15:02,640 [INFO] WebApp:475 - Chromium requires no authentication
2024-01-10 10:15:02,650 [INFO] WebApp:418 - Direct internet connection detected
2024-01-10 10:15:02,976 [WARN] PackLoader:240 - Cannot read IP mode file for STMicroelectronics.X-CUBE-SMBUS.2.1.0
2024-01-10 10:15:02,979 [INFO] WebApp:188 - Starting web application
2024-01-10 10:15:02,979 [INFO] WebApp:520 - Web application path used C:\ST\STM32CubeIDE_1.13.0\STM32CubeIDE\plugins\com.st.stm32cube.common.mx_6.9.0.202307051724\db\plugins\mcufinder\reactClient1\index.html
2024-01-10 10:15:02,996 [WARN] PackLoader:240 - Cannot read IP mode file for STMicroelectronics.X-CUBE-TOUCHGFX.4.23.0
2024-01-10 10:15:03,075 [WARN] PackLoader:240 - Cannot read IP mode file for STMicroelectronics.X-CUBE-AZRTOS-F7.1.1.0
2024-01-10 10:15:03,114 [WARN] PackLoader:240 - Cannot read IP mode file for STMicroelectronics.FP-SNS-MOTENV1.4.3.2
2024-01-10 10:15:03,142 [ERROR] RealEvaluatedCondition:428 - Found unsupported composite condition: GROUP='STM32_MetaDataManager' CLASS='Data Exchange'
2024-01-10 10:15:03,143 [ERROR] RealEvaluatedCondition:428 - Found unsupported composite condition: CLASS='Data Exchange' GROUP='STM32_MetaDataManager'
2024-01-10 10:15:03,147 [WARN] PackLoader:240 - Cannot read IP mode file for STMicroelectronics.FP-SNS-MOTENV1.4.3.1
2024-01-10 10:15:03,176 [WARN] PackLoader:240 - Cannot read IP mode file for STMicroelectronics.FP-SNS-FLIGHT1.5.0.1
2024-01-10 10:15:03,202 [WARN] PackLoader:240 - Cannot read IP mode file for STMicroelectronics.X-CUBE-BLE1.6.2.4
2024-01-10 10:15:03,221 [WARN] PackLoader:240 - Cannot read IP mode file for STMicroelectronics.FP-SNS-FLIGHT1.5.0.2
2024-01-10 10:15:03,251 [WARN] PackLoader:240 - Cannot read IP mode file for STMicroelectronics.X-CUBE-DISPLAY.3.0.0
2024-01-10 10:15:03,279 [WARN] PackLoader:240 - Cannot read IP mode file for STMicroelectronics.X-CUBE-BLE1.7.0.0
2024-01-10 10:15:03,305 [WARN] PackLoader:240 - Cannot read IP mode file for STMicroelectronics.X-CUBE-TOUCHGFX.4.22.0
2024-01-10 10:15:03,327 [WARN] PackLoader:240 - Cannot read IP mode file for STMicroelectronics.X-CUBE-TOUCHGFX.4.22.1
2024-01-10 10:15:03,351 [WARN] PackLoader:240 - Cannot read IP mode file for STMicroelectronics.FP-SNS-SMARTAG2.1.2.0
2024-01-10 10:15:03,387 [INFO] LogOutputStream:77 - [STDOUT_REDIRECT] 1 : Invalid condition id : UX_CORESTACK_Condition cause : null
2024-01-10 10:15:03,388 [INFO] LogOutputStream:77 - [STDOUT_REDIRECT] 1 : Invalid condition id : UX_CORESTACK_Condition cause : null
2024-01-10 10:15:03,391 [INFO] LogOutputStream:77 - [STDOUT_REDIRECT] 1 : Invalid condition id : UX_CORESTACK_Condition cause : null
2024-01-10 10:15:03,393 [INFO] LogOutputStream:77 - [STDOUT_REDIRECT] 1 : Invalid condition id : UX_CORESTACK_Condition cause : null
2024-01-10 10:15:03,395 [INFO] LogOutputStream:77 - [STDOUT_REDIRECT] 1 : Invalid condition id : UX_CORESTACK_Condition cause : null
2024-01-10 10:15:03,404 [WARN] PackLoader:240 - Cannot read IP mode file for STMicroelectronics.X-CUBE-AZRTOS-WL.2.0.0
2024-01-10 10:15:03,429 [WARN] PackLoader:240 - Cannot read IP mode file for WES.I-CUBE-Cesium.1.3.0
2024-01-10 10:15:03,450 [WARN] PackLoader:240 - Cannot read IP mode file for STMicroelectronics.X-CUBE-BLE2.3.3.0
2024-01-10 10:15:03,476 [WARN] PackLoader:240 - Cannot read IP mode file for STMicroelectronics.X-CUBE-DISPLAY.2.2.0
2024-01-10 10:15:03,526 [WARN] PackLoader:240 - Cannot read IP mode file for STMicroelectronics.X-CUBE-TOF1.3.2.0
2024-01-10 10:15:03,569 [WARN] PackLoader:240 - Cannot read IP mode file for STMicroelectronics.X-CUBE-TOUCHGFX.4.21.0
2024-01-10 10:15:03,587 [WARN] PackLoader:240 - Cannot read IP mode file for STMicroelectronics.X-CUBE-TOUCHGFX.4.21.4
2024-01-10 10:15:03,715 [WARN] PackLoader:240 - Cannot read IP mode file for STMicroelectronics.X-CUBE-MEMS1.9.4.0
2024-01-10 10:15:03,989 [WARN] PackLoader:240 - Cannot read IP mode file for STMicroelectronics.X-CUBE-AI.7.3.0
2024-01-10 10:15:04,015 [WARN] PackLoader:240 - Cannot read IP mode file for STMicroelectronics.X-CUBE-ALGOBUILD.1.3.0
2024-01-10 10:15:04,069 [WARN] PackLoader:240 - Cannot read IP mode file for STMicroelectronics.X-CUBE-AZRTOS-G0.1.1.0
2024-01-10 10:15:04,099 [WARN] PackLoader:240 - Cannot read IP mode file for STMicroelectronics.X-CUBE-NFC4.3.0.0
2024-01-10 10:15:04,135 [WARN] PackLoader:240 - Cannot read IP mode file for STMicroelectronics.X-CUBE-BLEMGR.3.0.0
2024-01-10 10:15:04,164 [WARN] PackLoader:240 - Cannot read IP mode file for STMicroelectronics.X-CUBE-BLEMGR.1.3.0
2024-01-10 10:15:04,198 [WARN] PackLoader:240 - Cannot read IP mode file for STMicroelectronics.FP-ATR-SIGFOX1.3.2.0
2024-01-10 10:15:04,266 [WARN] PackLoader:240 - Cannot read IP mode file for SEGGER.I-CUBE-embOS.1.3.1
2024-01-10 10:15:04,412 [WARN] PackLoader:240 - Cannot read IP mode file for SEGGER.I-CUBE-embOS.1.3.0
2024-01-10 10:15:04,492 [WARN] PackLoader:240 - Cannot read IP mode file for STMicroelectronics.X-CUBE-GNSS1.6.0.0
2024-01-10 10:15:04,542 [WARN] PackLoader:240 - Cannot read IP mode file for STMicroelectronics.X-CUBE-AZRTOS-F4.1.1.0
2024-01-10 10:15:04,595 [WARN] PackLoader:240 - Cannot read IP mode file for STMicroelectronics.X-CUBE-AZRTOS-L5.2.0.0
2024-01-10 10:15:04,672 [WARN] PackLoader:240 - Cannot read IP mode file for STMicroelectronics.X-CUBE-MEMS1.9.6.0
2024-01-10 10:15:04,897 [WARN] PackLoader:240 - Cannot read IP mode file for STMicroelectronics.X-CUBE-EEPRMA1.4.2.0
2024-01-10 10:15:04,914 [WARN] PackLoader:240 - Cannot read IP mode file for ITTIA_DB.I-CUBE-ITTIADB.8.8.0
2024-01-10 10:15:04,935 [WARN] PackLoader:240 - Cannot read IP mode file for emotas.I-CUBE-CANOPEN.1.1.3
2024-01-10 10:15:04,956 [WARN] PackLoader:240 - Cannot read IP mode file for STMicroelectronics.X-CUBE-BLEMGR.2.0.0
2024-01-10 10:15:04,978 [WARN] PackLoader:240 - Cannot read IP mode file for STMicroelectronics.X-CUBE-NFC4.2.0.5
2024-01-10 10:15:05,037 [WARN] ConditionMgr:438 - getConditionDescription Invalid condition id : UX DEVICE CLASS RTOS Condition cause : null
2024-01-10 10:15:05,038 [WARN] ConditionMgr:438 - getConditionDescription Invalid condition id : UX DEVICE CLASS RTOS Condition cause : null
2024-01-10 10:15:05,044 [WARN] PackLoader:240 - Cannot read IP mode file for STMicroelectronics.X-CUBE-AZRTOS-H7.3.1.0
2024-01-10 10:15:05,046 [WARN] ConditionMgr:1039 - genDependencies : Invalid condition id : UX DEVICE CLASS RTOS Condition cause : null
2024-01-10 10:15:05,046 [WARN] ConditionMgr:1039 - genDependencies : Invalid condition id : UX DEVICE CLASS RTOS Condition cause : null
2024-01-10 10:15:05,048 [WARN] ConditionMgr:1039 - genDependencies : Invalid condition id : UX DEVICE CLASS RTOS Condition cause : null
2024-01-10 10:15:05,049 [WARN] ConditionMgr:1039 - genDependencies : Invalid condition id : UX DEVICE CLASS RTOS Condition cause : null
2024-01-10 10:15:05,049 [WARN] ConditionMgr:1039 - genDependencies : Invalid condition id : UX DEVICE CLASS RTOS Condition cause : null
2024-01-10 10:15:05,070 [WARN] PackLoader:240 - Cannot read IP mode file for wolfSSL.I-CUBE-wolfSSL.5.5.4
2024-01-10 10:15:05,091 [WARN] PackLoader:240 - Cannot read IP mode file for STMicroelectronics.X-CUBE-NFC7.1.0.1
2024-01-10 10:15:05,113 [WARN] PackLoader:240 - Cannot read IP mode file for STMicroelectronics.X-CUBE-NFC7.1.0.0
2024-01-10 10:15:05,140 [WARN] PackLoader:240 - Cannot read IP mode file for STMicroelectronics.X-CUBE-NFC6.3.0.0
2024-01-10 10:15:05,160 [WARN] PackLoader:240 - Cannot read IP mode file for STMicroelectronics.X-CUBE-EEPRMA1.4.1.0
2024-01-10 10:15:05,179 [WARN] PackLoader:240 - Cannot read IP mode file for STMicroelectronics.X-CUBE-AI.8.1.0
2024-01-10 10:15:05,233 [WARN] ConditionMgr:438 - getConditionDescription Invalid condition id : LAN8742 Phy interface Condition cause : null
2024-01-10 10:15:05,234 [WARN] PackLoader:240 - Cannot read IP mode file for STMicroelectronics.X-CUBE-AZRTOS-L4.2.0.0
2024-01-10 10:15:05,235 [WARN] ConditionMgr:1039 - genDependencies : Invalid condition id : LAN8742 Phy interface Condition cause : null
2024-01-10 10:15:05,236 [WARN] ConditionMgr:1039 - genDependencies : Invalid condition id : LAN8742 Phy interface Condition cause : null
2024-01-10 10:15:05,236 [WARN] ConditionMgr:1039 - genDependencies : Invalid condition id : LAN8742 Phy interface Condition cause : null
2024-01-10 10:15:05,256 [WARN] PackLoader:240 - Cannot read IP mode file for STMicroelectronics.X-CUBE-SFXS2LP1.4.0.0
2024-01-10 10:15:05,310 [WARN] PackLoader:240 - Cannot read IP mode file for STMicroelectronics.X-CUBE-AZRTOS-H7.3.0.0
2024-01-10 10:15:05,334 [WARN] PackLoader:240 - Cannot read IP mode file for STMicroelectronics.X-CUBE-ISPU.1.1.0
2024-01-10 10:15:05,357 [WARN] PackLoader:240 - Cannot read IP mode file for RoweBots.I-CUBE-UNISONRTOS.5.5.0-4
2024-01-10 10:15:05,399 [WARN] ConditionMgr:438 - getConditionDescription Invalid condition id : UX DEVICE CLASS RTOS Condition cause : null
2024-01-10 10:15:05,400 [WARN] ConditionMgr:438 - getConditionDescription Invalid condition id : UX DEVICE CLASS RTOS Condition cause : null
2024-01-10 10:15:05,403 [WARN] PackLoader:240 - Cannot read IP mode file for STMicroelectronics.X-CUBE-AZRTOS-WB.2.0.0
2024-01-10 10:15:05,404 [WARN] ConditionMgr:1039 - genDependencies : Invalid condition id : UX DEVICE CLASS RTOS Condition cause : null
2024-01-10 10:15:05,404 [WARN] ConditionMgr:1039 - genDependencies : Invalid condition id : UX DEVICE CLASS RTOS Condition cause : null
2024-01-10 10:15:05,404 [WARN] ConditionMgr:1039 - genDependencies : Invalid condition id : UX DEVICE CLASS RTOS Condition cause : null
2024-01-10 10:15:05,404 [WARN] ConditionMgr:1039 - genDependencies : Invalid condition id : UX DEVICE CLASS RTOS Condition cause : null
2024-01-10 10:15:05,404 [WARN] ConditionMgr:1039 - genDependencies : Invalid condition id : UX DEVICE CLASS RTOS Condition cause : null
2024-01-10 10:15:05,427 [WARN] PackLoader:240 - Cannot read IP mode file for STMicroelectronics.X-CUBE-FREERTOS.1.0.1
2024-01-10 10:15:05,470 [WARN] PackLoader:240 - Cannot read IP mode file for STMicroelectronics.X-CUBE-AZRTOS-L5.1.1.0
2024-01-10 10:15:05,489 [WARN] PackLoader:240 - Cannot read IP mode file for STMicroelectronics.X-CUBE-AI.8.0.1
2024-01-10 10:15:05,518 [WARN] PackLoader:240 - Cannot read IP mode file for STMicroelectronics.X-CUBE-SUBG2.5.0.0
2024-01-10 10:15:05,552 [WARN] PackLoader:240 - Cannot read IP mode file for STMicroelectronics.X-CUBE-TOF1.3.3.1
2024-01-10 10:15:05,604 [WARN] PackLoader:240 - Cannot read IP mode file for STMicroelectronics.X-CUBE-AZRTOS-G4.2.0.0
2024-01-10 10:15:05,636 [WARN] PackLoader:240 - Cannot read IP mode file for STMicroelectronics.X-CUBE-TOF1.3.3.0
2024-01-10 10:15:05,669 [WARN] PackLoader:240 - Cannot read IP mode file for STMicroelectronics.FP-ATR-ASTRA1.1.1.1
2024-01-10 10:15:05,705 [WARN] PackLoader:240 - Cannot read IP mode file for Infineon.AIROC-Wi-Fi-Bluetooth-STM32.1.5.1
2024-01-10 10:15:05,723 [WARN] PackLoader:240 - Cannot read IP mode file for STMicroelectronics.FP-SNS-MOTENVWB1.1.3.0
2024-01-10 10:15:05,738 [WARN] PackLoader:240 - Cannot read IP mode file for STMicroelectronics.FP-SNS-MOTENVWB1.1.3.1
2024-01-10 10:15:05,771 [WARN] PackLoader:240 - Cannot read IP mode file for STMicroelectronics.X-CUBE-AZRTOS-G4.1.0.0
2024-01-10 10:15:05,805 [WARN] PackLoader:240 - Cannot read IP mode file for STMicroelectronics.X-CUBE-AZRTOS-L4.1.0.0
2024-01-10 10:15:05,825 [WARN] PackLoader:240 - Cannot read IP mode file for STMicroelectronics.X-CUBE-ISPU.2.0.0
2024-01-10 10:15:05,897 [WARN] PackLoader:240 - Cannot read IP mode file for STMicroelectronics.X-CUBE-MEMS1.10.0.0
2024-01-10 10:15:06,049 [WARN] PackLoader:240 - Cannot read IP mode file for STMicroelectronics.X-CUBE-FREERTOS.1.1.0
2024-01-10 10:15:06,078 [WARN] PackLoader:240 - Cannot read IP mode file for STMicroelectronics.X-CUBE-AZRTOS-WL.1.0.0
2024-01-10 10:15:06,103 [WARN] PackLoader:240 - Cannot read IP mode file for portGmbH.I-Cube-SoM-uGOAL.1.1.0
2024-01-10 10:15:06,122 [WARN] PackLoader:240 - Cannot read IP mode file for STMicroelectronics.X-CUBE-ALS.1.0.1
2024-01-10 10:15:06,158 [WARN] PackLoader:240 - Cannot read IP mode file for STMicroelectronics.X-CUBE-AZRTOS-WB.1.1.0
2024-01-10 10:15:06,177 [WARN] PackLoader:240 - Cannot read IP mode file for STMicroelectronics.FP-ATR-ASTRA1.2.0.0
2024-01-10 10:15:06,205 [WARN] PackLoader:240 - Cannot read IP mode file for STMicroelectronics.X-CUBE-TOF1.3.4.0
2024-01-10 10:15:06,263 [WARN] PackLoader:240 - Cannot read IP mode file for STMicroelectronics.X-CUBE-AZRTOS-H7.3.2.0
2024-01-10 10:15:06,268 [INFO] ThirdParty:978 - Integrity check success = true
2024-01-10 10:15:06,268 [INFO] IntegrityCheckThread:100 - exiting critical section [integrity check]
2024-01-10 10:15:06,268 [INFO] IntegrityCheckThread:103 - End integrity checks thread
2024-01-10 10:15:24,397 [ERROR] LogOutputStream:75 - [STDERR_REDIRECT] SLF4J: Failed to load class "org.slf4j.impl.StaticLoggerBinder".
2024-01-10 10:15:24,398 [ERROR] LogOutputStream:75 - [STDERR_REDIRECT] SLF4J: Defaulting to no-operation (NOP) logger implementation
2024-01-10 10:15:24,399 [ERROR] LogOutputStream:75 - [STDERR_REDIRECT] SLF4J: See http://www.slf4j.org/codes.html#StaticLoggerBinder for further details.
2024-01-10 10:16:58,006 [INFO] LogOutputStream:77 - [STDOUT_REDIRECT] Unexpected error loading extension: org.eclipse.equinox.p2.metadata.repository.compositeRepository
2024-01-10 10:16:58,012 [ERROR] LogOutputStream:75 - [STDERR_REDIRECT] java.lang.IllegalStateException: bundle org.eclipse.equinox.p2.repositoryis not started
2024-01-10 10:16:58,016 [ERROR] LogOutputStream:75 - [STDERR_REDIRECT] 	at org.eclipse.equinox.internal.p2.repository.Activator.getContext(Activator.java:65)
2024-01-10 10:16:58,024 [ERROR] LogOutputStream:75 - [STDERR_REDIRECT] 	at org.eclipse.equinox.internal.p2.repository.helpers.AbstractRepositoryManager.restoreFromSystemProperty(AbstractRepositoryManager.java:1013)
2024-01-10 10:16:58,033 [ERROR] LogOutputStream:75 - [STDERR_REDIRECT] 	at org.eclipse.equinox.internal.p2.repository.helpers.AbstractRepositoryManager.restoreRepositories(AbstractRepositoryManager.java:1033)
2024-01-10 10:16:58,038 [ERROR] LogOutputStream:75 - [STDERR_REDIRECT] 	at org.eclipse.equinox.internal.p2.repository.helpers.AbstractRepositoryManager.sortSuffixes(AbstractRepositoryManager.java:1112)
2024-01-10 10:16:58,043 [ERROR] LogOutputStream:75 - [STDERR_REDIRECT] 	at org.eclipse.equinox.internal.p2.repository.helpers.AbstractRepositoryManager.loadRepository(AbstractRepositoryManager.java:676)
2024-01-10 10:16:58,049 [ERROR] LogOutputStream:75 - [STDERR_REDIRECT] 	at org.eclipse.equinox.internal.p2.metadata.repository.MetadataRepositoryManager.loadRepository(MetadataRepositoryManager.java:110)
2024-01-10 10:16:58,058 [ERROR] LogOutputStream:75 - [STDERR_REDIRECT] 	at org.eclipse.equinox.internal.p2.metadata.repository.MetadataRepositoryManager.loadRepository(MetadataRepositoryManager.java:105)
2024-01-10 10:16:58,064 [ERROR] LogOutputStream:75 - [STDERR_REDIRECT] 	at org.eclipse.equinox.internal.p2.metadata.repository.CompositeMetadataRepository.addChild(CompositeMetadataRepository.java:171)
2024-01-10 10:16:58,071 [ERROR] LogOutputStream:75 - [STDERR_REDIRECT] 	at org.eclipse.equinox.internal.p2.metadata.repository.CompositeMetadataRepository.<init>(CompositeMetadataRepository.java:113)
2024-01-10 10:16:58,081 [ERROR] LogOutputStream:75 - [STDERR_REDIRECT] 	at org.eclipse.equinox.internal.p2.metadata.repository.CompositeMetadataRepositoryFactory.load(CompositeMetadataRepositoryFactory.java:124)
2024-01-10 10:16:58,087 [ERROR] LogOutputStream:75 - [STDERR_REDIRECT] 	at org.eclipse.equinox.internal.p2.metadata.repository.MetadataRepositoryManager.factoryLoad(MetadataRepositoryManager.java:63)
2024-01-10 10:16:58,092 [ERROR] LogOutputStream:75 - [STDERR_REDIRECT] 	at org.eclipse.equinox.internal.p2.repository.helpers.AbstractRepositoryManager.loadRepository(AbstractRepositoryManager.java:787)
2024-01-10 10:16:58,098 [ERROR] LogOutputStream:75 - [STDERR_REDIRECT] 	at org.eclipse.equinox.internal.p2.repository.helpers.AbstractRepositoryManager.loadRepository(AbstractRepositoryManager.java:685)
