2023-08-06 00:07:08,219 [ERROR] LogOutputStream:75 - [STDERR_REDIRECT] 
2023-08-06 08:32:56,692 [INFO] Activator:176 - 


2023-08-06 08:32:56,695 [INFO] Activator:177 - !SESSION log4j initialized
2023-08-06 08:33:03,871 [INFO] LogOutputStream:77 - [STDOUT_REDIRECT] 
2023-08-06 08:33:05,847 [INFO] ApplicationProperties:184 - Using Application install path: C:\ST\STM32CubeIDE_1.13.0\STM32CubeIDE\plugins\com.st.stm32cube.common.mx_6.9.0.202307051724
2023-08-06 08:33:05,872 [INFO] DbMcusXml:78 - Set database path to: C:\ST\STM32CubeIDE_1.13.0\STM32CubeIDE\plugins\com.st.stm32cube.common.mx_6.9.0.202307051724\\db\/mcu/
2023-08-06 08:33:05,873 [INFO] ApiDb:274 - Set plugin database path to: C:\ST\STM32CubeIDE_1.13.0\STM32CubeIDE\plugins\com.st.stm32cube.common.mx_6.9.0.202307051724\\db\/plugins/boardmanager/
2023-08-06 08:33:05,873 [WARN] ApiDb:259 - Overriding images path with different value:  => C:\ST\STM32CubeIDE_1.13.0\STM32CubeIDE\plugins\com.st.stm32cube.common.mx_6.9.0.202307051724\\db\/plugins/mcufinder/images/
2023-08-06 08:33:05,893 [INFO] ApiDb:250 - Set database path to: C:\Users\ACER\.stmcufinder\plugins\mcufinder//mcu/
2023-08-06 08:33:05,895 [INFO] DbMcusAds:125 - Set database path to: C:\Users\ACER\.stmcufinder\plugins\mcufinder//mcu/
2023-08-06 08:33:05,898 [INFO] CrossReferenceDbSqlite:203 - Set database path to: C:\Users\ACER\.stmcufinder\plugins\mcufinder//mcu/cs/
2023-08-06 08:33:06,056 [INFO] RulesReader:64 - Compatibility file has been processed (293 Rules)
2023-08-06 08:33:06,219 [INFO] DbMcusXml:78 - Set database path to: C:\ST\STM32CubeIDE_1.13.0\STM32CubeIDE\plugins\com.st.stm32cube.common.mx_6.9.0.202307051724\\db\/mcu/
2023-08-06 08:33:06,220 [INFO] ApiDb:274 - Set plugin database path to: C:\ST\STM32CubeIDE_1.13.0\STM32CubeIDE\plugins\com.st.stm32cube.common.mx_6.9.0.202307051724\\db\/plugins/boardmanager/
2023-08-06 08:33:06,221 [INFO] ApiDb:261 - Set plugin images path to: C:\ST\STM32CubeIDE_1.13.0\STM32CubeIDE\plugins\com.st.stm32cube.common.mx_6.9.0.202307051724\\db\/plugins/mcufinder/images/
2023-08-06 08:33:06,221 [WARN] DbFile:41 - Overriding database path with different value: C:\Users\ACER\.stmcufinder\plugins\mcufinder/ => C:\Users\ACER\.stmcufinder\plugins\mcufinder
2023-08-06 08:33:06,222 [INFO] ApiDb:250 - Set database path to: C:\Users\ACER\.stmcufinder\plugins\mcufinder//mcu/
2023-08-06 08:33:06,222 [WARN] DbFile:41 - Overriding database path with different value: C:\Users\ACER\.stmcufinder\plugins\mcufinder/ => C:\Users\ACER\.stmcufinder\plugins\mcufinder
2023-08-06 08:33:06,222 [INFO] DbMcusAds:125 - Set database path to: C:\Users\ACER\.stmcufinder\plugins\mcufinder//mcu/
2023-08-06 08:33:06,222 [WARN] DbFile:41 - Overriding database path with different value: C:\Users\ACER\.stmcufinder\plugins\mcufinder/ => C:\Users\ACER\.stmcufinder\plugins\mcufinder
2023-08-06 08:33:06,222 [WARN] DbFile:41 - Overriding database path with different value: C:\Users\ACER\.stmcufinder\plugins\mcufinder/ => C:\Users\ACER\.stmcufinder\plugins\mcufinder
2023-08-06 08:33:06,223 [INFO] CrossReferenceDbSqlite:203 - Set database path to: C:\Users\ACER\.stmcufinder\plugins\mcufinder//mcu/cs/
2023-08-06 08:33:06,382 [INFO] MainPanel:262 - HeapMemory: 268435456
2023-08-06 08:33:06,626 [INFO] DbMcusXml:78 - Set database path to: C:\ST\STM32CubeIDE_1.13.0\STM32CubeIDE\plugins\com.st.stm32cube.common.mx_6.9.0.202307051724\\db\/mcu/
2023-08-06 08:33:06,626 [INFO] ApiDb:274 - Set plugin database path to: C:\ST\STM32CubeIDE_1.13.0\STM32CubeIDE\plugins\com.st.stm32cube.common.mx_6.9.0.202307051724\\db\/plugins/boardmanager/
2023-08-06 08:33:06,626 [INFO] ApiDb:261 - Set plugin images path to: C:\ST\STM32CubeIDE_1.13.0\STM32CubeIDE\plugins\com.st.stm32cube.common.mx_6.9.0.202307051724\\db\/plugins/mcufinder/images/
2023-08-06 08:33:06,627 [WARN] DbFile:41 - Overriding database path with different value: C:\Users\ACER\.stmcufinder\plugins\mcufinder/ => C:\Users\ACER\.stmcufinder\plugins\mcufinder
2023-08-06 08:33:06,627 [INFO] ApiDb:250 - Set database path to: C:\Users\ACER\.stmcufinder\plugins\mcufinder//mcu/
2023-08-06 08:33:06,627 [WARN] DbFile:41 - Overriding database path with different value: C:\Users\ACER\.stmcufinder\plugins\mcufinder/ => C:\Users\ACER\.stmcufinder\plugins\mcufinder
2023-08-06 08:33:06,627 [INFO] DbMcusAds:125 - Set database path to: C:\Users\ACER\.stmcufinder\plugins\mcufinder//mcu/
2023-08-06 08:33:06,627 [WARN] DbFile:41 - Overriding database path with different value: C:\Users\ACER\.stmcufinder\plugins\mcufinder/ => C:\Users\ACER\.stmcufinder\plugins\mcufinder
2023-08-06 08:33:06,627 [WARN] DbFile:41 - Overriding database path with different value: C:\Users\ACER\.stmcufinder\plugins\mcufinder/ => C:\Users\ACER\.stmcufinder\plugins\mcufinder
2023-08-06 08:33:06,628 [INFO] CrossReferenceDbSqlite:203 - Set database path to: C:\Users\ACER\.stmcufinder\plugins\mcufinder//mcu/cs/
2023-08-06 08:33:06,660 [INFO] ApplicationProperties:184 - Using Application install path: C:\ST\STM32CubeIDE_1.13.0\STM32CubeIDE\plugins\com.st.stm32cube.common.mx_6.9.0.202307051724
2023-08-06 08:33:06,662 [INFO] PluginManage:196 - Search for loadable plugins [exclusion list=, ]
2023-08-06 08:33:06,665 [INFO] PluginManage:310 - Check plugin analytics
2023-08-06 08:33:06,960 [INFO] AnalyticsPlugin:253 - Accepted Software Licenses: 
2023-08-06 08:33:06,960 [INFO] AnalyticsPlugin:255 - Accepted CMSIS Pack Licenses: 
2023-08-06 08:33:06,960 [INFO] AnalyticsPlugin:257 - Accepted Firmware Licenses: FW.WB.1.17.0
2023-08-06 08:33:06,965 [INFO] PluginManage:359 - Loaded plugin analytics (category:tool,tabindex:-1)
2023-08-06 08:33:06,967 [INFO] PluginManage:310 - Check plugin cadmodel
2023-08-06 08:33:06,979 [INFO] CADModel:105 - Init CAD model plugin
2023-08-06 08:33:06,980 [INFO] PluginManage:359 - Loaded plugin cadmodel (category:power,tabindex:5)
2023-08-06 08:33:06,980 [INFO] PluginManage:310 - Check plugin clock
2023-08-06 08:33:07,003 [INFO] PluginManage:359 - Loaded plugin clock (category:base,tabindex:2)
2023-08-06 08:33:07,004 [INFO] PluginManage:310 - Check plugin ddr
2023-08-06 08:33:07,010 [INFO] PluginManage:359 - Loaded plugin ddr (category:tool,tabindex:6)
2023-08-06 08:33:07,010 [INFO] PluginManage:310 - Check plugin filemanager
2023-08-06 08:33:07,200 [INFO] PluginManage:359 - Loaded plugin filemanager (category:base,tabindex:10)
2023-08-06 08:33:07,201 [INFO] PluginManage:310 - Check plugin ipmanager
2023-08-06 08:33:07,210 [INFO] PluginManage:359 - Loaded plugin ipmanager (category:base,tabindex:5)
2023-08-06 08:33:07,211 [INFO] PluginManage:310 - Check plugin lpbam
2023-08-06 08:33:07,220 [INFO] PluginManage:359 - Loaded plugin lpbam (category:base,tabindex:0)
2023-08-06 08:33:07,221 [INFO] PluginManage:310 - Check plugin memorymap
2023-08-06 08:33:07,236 [INFO] PluginManage:359 - Loaded plugin memorymap (category:base,tabindex:4)
2023-08-06 08:33:07,236 [INFO] PluginManage:310 - Check plugin pinoutandconfiguration
2023-08-06 08:33:07,248 [INFO] PluginManage:359 - Loaded plugin pinoutandconfiguration (category:base,tabindex:1)
2023-08-06 08:33:07,249 [INFO] PluginManage:310 - Check plugin pinoutconfig
2023-08-06 08:33:07,385 [WARN] SupportedApi:132 - Cannot load RTOS API schema: s4s-elt-must-match.1: The content of 'definitions' must match (annotation?, (simpleType | complexType)?, (unique | key | keyref)*)). A problem was found starting at: attribute.
2023-08-06 08:33:07,579 [INFO] PluginManage:359 - Loaded plugin pinoutconfig (category:base,tabindex:0)
2023-08-06 08:33:07,580 [INFO] PluginManage:310 - Check plugin power
2023-08-06 08:33:07,598 [INFO] PluginManage:359 - Loaded plugin power (category:power,tabindex:4)
2023-08-06 08:33:07,598 [INFO] PluginManage:310 - Check plugin projectmanager
2023-08-06 08:33:07,617 [INFO] PluginManage:359 - Loaded plugin projectmanager (category:projectmanager,tabindex:3)
2023-08-06 08:33:07,617 [INFO] PluginManage:310 - Check plugin thirdparty
2023-08-06 08:33:07,939 [INFO] PluginManage:359 - Loaded plugin thirdparty (category:base,tabindex:-1)
2023-08-06 08:33:07,939 [INFO] PluginManage:310 - Check plugin tools
2023-08-06 08:33:07,939 [WARN] IntegrityCheckThread:84 - waiting for thirdparty lock release [integrity check]
2023-08-06 08:33:07,940 [INFO] IntegrityCheckThread:86 - entering critical section [integrity check]
2023-08-06 08:33:07,940 [INFO] ThirdPartyUpdaterWithRetryManager:70 - Updater plugin not ready yet. [1/15]
2023-08-06 08:33:07,943 [INFO] PluginManage:359 - Loaded plugin tools (category:base,tabindex:7)
2023-08-06 08:33:07,943 [INFO] PluginManage:310 - Check plugin tutovideos
2023-08-06 08:33:08,156 [INFO] PluginManage:359 - Loaded plugin tutovideos (category:base,tabindex:-1)
2023-08-06 08:33:08,157 [INFO] PluginManage:310 - Check plugin updater
2023-08-06 08:33:08,170 [INFO] PluginManage:359 - Loaded plugin updater (category:base,tabindex:12)
2023-08-06 08:33:08,170 [INFO] PluginManage:310 - Check plugin userauth
2023-08-06 08:33:08,177 [INFO] UserAuth:113 - Init User Auth plugin
2023-08-06 08:33:08,177 [INFO] PluginManage:359 - Loaded plugin userauth (category:base,tabindex:14)
2023-08-06 08:33:08,178 [INFO] PluginManage:283 - PluginManage : Loaded plugins [17]
2023-08-06 08:33:08,635 [INFO] PinOutPanel:1499 - setPackage(No Configuration,No Configuration)
2023-08-06 08:33:08,915 [INFO] CADModel:165 - CPN selected for project level
2023-08-06 08:33:08,915 [INFO] CADModel:114 - Register for checkConnection events
2023-08-06 08:33:08,959 [INFO] IPUIPlugin:80 - create IPUIPlugin
2023-08-06 08:33:08,959 [INFO] PluginManager:220 - loadIPPluginJar : add adc
2023-08-06 08:33:08,963 [INFO] IPUIPlugin:80 - create IPUIPlugin
2023-08-06 08:33:08,964 [INFO] PluginManager:220 - loadIPPluginJar : add aes
2023-08-06 08:33:08,971 [INFO] IPUIPlugin:80 - create IPUIPlugin
2023-08-06 08:33:08,971 [INFO] PluginManager:220 - loadIPPluginJar : add can
2023-08-06 08:33:08,975 [INFO] IPUIPlugin:80 - create IPUIPlugin
2023-08-06 08:33:08,976 [INFO] PluginManager:220 - loadIPPluginJar : add comp
2023-08-06 08:33:08,982 [INFO] IPUIPlugin:80 - create IPUIPlugin
2023-08-06 08:33:08,982 [INFO] PluginManager:220 - loadIPPluginJar : add cryp
2023-08-06 08:33:08,990 [INFO] IPUIPlugin:80 - create IPUIPlugin
2023-08-06 08:33:08,990 [INFO] PluginManager:220 - loadIPPluginJar : add dfsdm
2023-08-06 08:33:09,001 [INFO] IPUIPlugin:80 - create IPUIPlugin
2023-08-06 08:33:09,003 [INFO] PluginManager:220 - loadIPPluginJar : add dma
2023-08-06 08:33:09,007 [INFO] IPUIPlugin:80 - create IPUIPlugin
2023-08-06 08:33:09,008 [INFO] PluginManager:220 - loadIPPluginJar : add dma3
2023-08-06 08:33:09,012 [INFO] IPUIPlugin:80 - create IPUIPlugin
2023-08-06 08:33:09,012 [INFO] PluginManager:220 - loadIPPluginJar : add fatfs
2023-08-06 08:33:09,021 [INFO] IPUIPlugin:80 - create IPUIPlugin
2023-08-06 08:33:09,021 [INFO] PluginManager:220 - loadIPPluginJar : add fmc
2023-08-06 08:33:09,033 [INFO] IPUIPlugin:80 - create IPUIPlugin
2023-08-06 08:33:09,033 [INFO] PluginManager:220 - loadIPPluginJar : add freertos
2023-08-06 08:33:09,037 [INFO] IPUIPlugin:80 - create IPUIPlugin
2023-08-06 08:33:09,037 [INFO] PluginManager:220 - loadIPPluginJar : add genericplugin
2023-08-06 08:33:09,042 [INFO] IPUIPlugin:80 - create IPUIPlugin
2023-08-06 08:33:09,042 [INFO] PluginManager:220 - loadIPPluginJar : add gfxmmu
2023-08-06 08:33:09,054 [INFO] IPUIPlugin:80 - create IPUIPlugin
2023-08-06 08:33:09,055 [INFO] PluginManager:220 - loadIPPluginJar : add gic
2023-08-06 08:33:09,061 [INFO] IPUIPlugin:80 - create IPUIPlugin
2023-08-06 08:33:09,062 [INFO] PluginManager:220 - loadIPPluginJar : add gpio
2023-08-06 08:33:09,068 [INFO] IPUIPlugin:80 - create IPUIPlugin
2023-08-06 08:33:09,068 [INFO] PluginManager:220 - loadIPPluginJar : add gtzc
2023-08-06 08:33:09,074 [INFO] IPUIPlugin:80 - create IPUIPlugin
2023-08-06 08:33:09,074 [INFO] PluginManager:220 - loadIPPluginJar : add hash
2023-08-06 08:33:09,079 [INFO] IPUIPlugin:80 - create IPUIPlugin
2023-08-06 08:33:09,079 [INFO] PluginManager:220 - loadIPPluginJar : add i2c
2023-08-06 08:33:09,085 [INFO] IPUIPlugin:80 - create IPUIPlugin
2023-08-06 08:33:09,085 [INFO] PluginManager:220 - loadIPPluginJar : add i2s
2023-08-06 08:33:09,090 [INFO] IPUIPlugin:80 - create IPUIPlugin
2023-08-06 08:33:09,090 [INFO] PluginManager:220 - loadIPPluginJar : add i3c
2023-08-06 08:33:09,345 [INFO] IPUIPlugin:80 - create IPUIPlugin
2023-08-06 08:33:09,353 [INFO] PluginManager:220 - loadIPPluginJar : add ipddr
2023-08-06 08:33:09,370 [INFO] IPUIPlugin:80 - create IPUIPlugin
2023-08-06 08:33:09,370 [INFO] PluginManager:220 - loadIPPluginJar : add linkedlist
2023-08-06 08:33:09,374 [INFO] IPUIPlugin:80 - create IPUIPlugin
2023-08-06 08:33:09,374 [INFO] PluginManager:220 - loadIPPluginJar : add lorawan
2023-08-06 08:33:09,377 [INFO] IPUIPlugin:80 - create IPUIPlugin
2023-08-06 08:33:09,377 [INFO] PluginManager:220 - loadIPPluginJar : add ltdc
2023-08-06 08:33:09,387 [INFO] IPUIPlugin:80 - create IPUIPlugin
2023-08-06 08:33:09,387 [INFO] PluginManager:220 - loadIPPluginJar : add mdma
2023-08-06 08:33:09,392 [INFO] IPUIPlugin:80 - create IPUIPlugin
2023-08-06 08:33:09,393 [INFO] PluginManager:220 - loadIPPluginJar : add nvic
2023-08-06 08:33:09,397 [INFO] IPUIPlugin:80 - create IPUIPlugin
2023-08-06 08:33:09,397 [INFO] PluginManager:220 - loadIPPluginJar : add opamp
2023-08-06 08:33:09,402 [INFO] IPUIPlugin:80 - create IPUIPlugin
2023-08-06 08:33:09,402 [INFO] PluginManager:220 - loadIPPluginJar : add openamp
2023-08-06 08:33:09,407 [INFO] IPUIPlugin:80 - create IPUIPlugin
2023-08-06 08:33:09,407 [INFO] PluginManager:220 - loadIPPluginJar : add pdm2pcm
2023-08-06 08:33:09,416 [INFO] IPUIPlugin:80 - create IPUIPlugin
2023-08-06 08:33:09,419 [INFO] PluginManager:220 - loadIPPluginJar : add plateformsettings
2023-08-06 08:33:09,422 [INFO] IPUIPlugin:80 - create IPUIPlugin
2023-08-06 08:33:09,422 [INFO] PluginManager:220 - loadIPPluginJar : add quadspi
2023-08-06 08:33:09,427 [INFO] IPUIPlugin:80 - create IPUIPlugin
2023-08-06 08:33:09,427 [INFO] PluginManager:220 - loadIPPluginJar : add resmgrutility
2023-08-06 08:33:09,431 [INFO] IPUIPlugin:80 - create IPUIPlugin
2023-08-06 08:33:09,431 [INFO] PluginManager:220 - loadIPPluginJar : add sai
2023-08-06 08:33:09,435 [INFO] IPUIPlugin:80 - create IPUIPlugin
2023-08-06 08:33:09,435 [INFO] PluginManager:220 - loadIPPluginJar : add spi
2023-08-06 08:33:09,443 [INFO] IPUIPlugin:80 - create IPUIPlugin
2023-08-06 08:33:09,443 [INFO] PluginManager:220 - loadIPPluginJar : add stm32_wpan
2023-08-06 08:33:09,446 [INFO] IPUIPlugin:80 - create IPUIPlugin
2023-08-06 08:33:09,446 [INFO] PluginManager:220 - loadIPPluginJar : add tim
2023-08-06 08:33:09,453 [INFO] IPUIPlugin:80 - create IPUIPlugin
2023-08-06 08:33:09,453 [INFO] PluginManager:220 - loadIPPluginJar : add touchsensing
2023-08-06 08:33:09,457 [INFO] IPUIPlugin:80 - create IPUIPlugin
2023-08-06 08:33:09,457 [INFO] PluginManager:220 - loadIPPluginJar : add tracer_emb
2023-08-06 08:33:09,461 [INFO] IPUIPlugin:80 - create IPUIPlugin
2023-08-06 08:33:09,461 [INFO] PluginManager:220 - loadIPPluginJar : add ts
2023-08-06 08:33:09,463 [INFO] IPUIPlugin:80 - create IPUIPlugin
2023-08-06 08:33:09,463 [INFO] PluginManager:220 - loadIPPluginJar : add tsc
2023-08-06 08:33:09,467 [INFO] IPUIPlugin:80 - create IPUIPlugin
2023-08-06 08:33:09,467 [INFO] PluginManager:220 - loadIPPluginJar : add ucpd
2023-08-06 08:33:09,472 [INFO] IPUIPlugin:80 - create IPUIPlugin
2023-08-06 08:33:09,472 [INFO] PluginManager:220 - loadIPPluginJar : add usart
2023-08-06 08:33:09,477 [INFO] IPUIPlugin:80 - create IPUIPlugin
2023-08-06 08:33:09,477 [INFO] PluginManager:220 - loadIPPluginJar : add usbx
2023-08-06 08:33:09,644 [INFO] CADModel:165 - CPN selected for project level
2023-08-06 08:33:09,644 [INFO] CADModel:114 - Register for checkConnection events
2023-08-06 08:33:09,645 [FATAL] Updater:308 - Updater called before beeing initialized
2023-08-06 08:33:09,645 [ERROR] CADModel:125 - Updater not yet initialized, retry later 
2023-08-06 08:33:09,864 [INFO] CADModel:165 - CPN selected for project level
2023-08-06 08:33:09,864 [INFO] CADModel:114 - Register for checkConnection events
2023-08-06 08:33:09,864 [FATAL] Updater:308 - Updater called before beeing initialized
2023-08-06 08:33:09,864 [ERROR] CADModel:125 - Updater not yet initialized, retry later 
2023-08-06 08:33:09,870 [FATAL] Updater:308 - Updater called before beeing initialized
2023-08-06 08:33:10,069 [FATAL] Updater:308 - Updater called before beeing initialized
2023-08-06 08:33:10,084 [INFO] DbMcusAds:53 - JSON generation date=Tue Mar 07 15:50:55 ICT 2023 (1678179055114)
2023-08-06 08:33:10,084 [FATAL] Updater:308 - Updater called before beeing initialized
2023-08-06 08:33:10,141 [WARN] DetailPanel:346 - Failed to get advertising image, set to default
2023-08-06 08:33:10,300 [FATAL] Updater:308 - Updater called before beeing initialized
2023-08-06 08:33:10,306 [FATAL] Updater:308 - Updater called before beeing initialized
2023-08-06 08:33:10,307 [FATAL] Updater:308 - Updater called before beeing initialized
2023-08-06 08:33:10,307 [WARN] DetailPanel:346 - Failed to get advertising image, set to default
2023-08-06 08:33:10,309 [FATAL] Updater:308 - Updater called before beeing initialized
2023-08-06 08:33:10,443 [ERROR] Updater:1120 - MainUpdater not yet initialized. External WinMGr cannot be set.
2023-08-06 08:33:10,465 [INFO] Updater:1056 - Updater Version found : 6.9.0
2023-08-06 08:33:10,518 [INFO] ApplicationProperties:184 - Using Application install path: C:\ST\STM32CubeIDE_1.13.0\STM32CubeIDE\plugins\com.st.stm32cube.common.mx_6.9.0.202307051724
2023-08-06 08:33:10,812 [INFO] MainUpdater:2868 - connection check result : 10
2023-08-06 08:33:10,813 [INFO] MainUpdater:285 - Updater Check For Update Now.
2023-08-06 08:33:10,814 [INFO] MicroXplorer:498 - Change Database Version : DB.6.0.90
2023-08-06 08:33:10,862 [INFO] McuFinderGlobals:63 - Set McuFinder mode to 2 (CubeIDE integrated)
2023-08-06 08:33:10,862 [INFO] UserAuth:179 - activating auth plugin
2023-08-06 08:33:10,871 [INFO] UserAuth:393 - Internet connection configuration mode: 1
2023-08-06 08:33:10,942 [WARN] MainUpdater:1189 - Updater busy. Cannot search thirdparties
2023-08-06 08:33:10,943 [INFO] ThirdPartyUpdaterWithRetryManager:96 - Updater plugin is busy. [1/15]
2023-08-06 08:33:10,949 [INFO] JxBrowserEngine:151 - Initiate JxBrowser Engine with user profile folder
2023-08-06 08:33:11,150 [INFO] CheckServerUpdateThread:120 - End of CheckServer Thread
2023-08-06 08:33:14,602 [WARN] PackLoader:240 - Cannot read IP mode file for STMicroelectronics.X-CUBE-SMBUS.2.1.0
2023-08-06 08:33:14,714 [WARN] PackLoader:240 - Cannot read IP mode file for STMicroelectronics.X-CUBE-AZRTOS-F7.1.1.0
2023-08-06 08:33:14,751 [WARN] PackLoader:240 - Cannot read IP mode file for STMicroelectronics.FP-SNS-MOTENV1.4.3.2
2023-08-06 08:33:14,800 [ERROR] RealEvaluatedCondition:428 - Found unsupported composite condition: GROUP='STM32_MetaDataManager' CLASS='Data Exchange'
2023-08-06 08:33:14,802 [ERROR] RealEvaluatedCondition:428 - Found unsupported composite condition: CLASS='Data Exchange' GROUP='STM32_MetaDataManager'
2023-08-06 08:33:14,807 [WARN] PackLoader:240 - Cannot read IP mode file for STMicroelectronics.FP-SNS-MOTENV1.4.3.1
2023-08-06 08:33:14,858 [WARN] PackLoader:240 - Cannot read IP mode file for STMicroelectronics.FP-SNS-FLIGHT1.5.0.1
2023-08-06 08:33:14,896 [WARN] PackLoader:240 - Cannot read IP mode file for STMicroelectronics.X-CUBE-BLE1.6.2.4
2023-08-06 08:33:14,909 [INFO] WebApp:157 - Instantiating new browser for Auth
2023-08-06 08:33:14,943 [WARN] PackLoader:240 - Cannot read IP mode file for STMicroelectronics.FP-SNS-FLIGHT1.5.0.2
2023-08-06 08:33:15,049 [WARN] PackLoader:240 - Cannot read IP mode file for STMicroelectronics.X-CUBE-DISPLAY.3.0.0
2023-08-06 08:33:15,094 [WARN] PackLoader:240 - Cannot read IP mode file for STMicroelectronics.X-CUBE-TOUCHGFX.4.22.0
2023-08-06 08:33:15,173 [INFO] LogOutputStream:77 - [STDOUT_REDIRECT] 1 : Invalid condition id : UX_CORESTACK_Condition cause : null
2023-08-06 08:33:15,177 [INFO] LogOutputStream:77 - [STDOUT_REDIRECT] 1 : Invalid condition id : UX_CORESTACK_Condition cause : null
2023-08-06 08:33:15,179 [INFO] LogOutputStream:77 - [STDOUT_REDIRECT] 1 : Invalid condition id : UX_CORESTACK_Condition cause : null
2023-08-06 08:33:15,182 [INFO] LogOutputStream:77 - [STDOUT_REDIRECT] 1 : Invalid condition id : UX_CORESTACK_Condition cause : null
2023-08-06 08:33:15,185 [INFO] LogOutputStream:77 - [STDOUT_REDIRECT] 1 : Invalid condition id : UX_CORESTACK_Condition cause : null
2023-08-06 08:33:15,196 [WARN] PackLoader:240 - Cannot read IP mode file for STMicroelectronics.X-CUBE-AZRTOS-WL.2.0.0
2023-08-06 08:33:15,257 [WARN] PackLoader:240 - Cannot read IP mode file for WES.I-CUBE-Cesium.1.3.0
2023-08-06 08:33:15,288 [WARN] PackLoader:240 - Cannot read IP mode file for STMicroelectronics.X-CUBE-BLE2.3.3.0
2023-08-06 08:33:15,324 [WARN] PackLoader:240 - Cannot read IP mode file for STMicroelectronics.X-CUBE-DISPLAY.2.2.0
2023-08-06 08:33:15,465 [WARN] PackLoader:240 - Cannot read IP mode file for STMicroelectronics.X-CUBE-TOF1.3.2.0
2023-08-06 08:33:15,573 [WARN] PackLoader:240 - Cannot read IP mode file for STMicroelectronics.X-CUBE-TOUCHGFX.4.21.0
2023-08-06 08:33:15,641 [WARN] PackLoader:240 - Cannot read IP mode file for STMicroelectronics.X-CUBE-TOUCHGFX.4.21.4
2023-08-06 08:33:15,895 [WARN] PackLoader:240 - Cannot read IP mode file for STMicroelectronics.X-CUBE-MEMS1.9.4.0
2023-08-06 08:33:16,395 [WARN] PackLoader:240 - Cannot read IP mode file for STMicroelectronics.X-CUBE-AI.7.3.0
2023-08-06 08:33:16,425 [WARN] PackLoader:240 - Cannot read IP mode file for STMicroelectronics.X-CUBE-ALGOBUILD.1.3.0
2023-08-06 08:33:16,492 [WARN] PackLoader:240 - Cannot read IP mode file for STMicroelectronics.X-CUBE-AZRTOS-G0.1.1.0
2023-08-06 08:33:16,537 [WARN] PackLoader:240 - Cannot read IP mode file for STMicroelectronics.X-CUBE-NFC4.3.0.0
2023-08-06 08:33:16,575 [WARN] PackLoader:240 - Cannot read IP mode file for STMicroelectronics.X-CUBE-BLEMGR.1.3.0
2023-08-06 08:33:16,615 [WARN] PackLoader:240 - Cannot read IP mode file for STMicroelectronics.FP-ATR-SIGFOX1.3.2.0
2023-08-06 08:33:16,752 [WARN] PackLoader:240 - Cannot read IP mode file for SEGGER.I-CUBE-embOS.1.3.1
2023-08-06 08:33:17,075 [WARN] PackLoader:240 - Cannot read IP mode file for SEGGER.I-CUBE-embOS.1.3.0
2023-08-06 08:33:17,208 [WARN] PackLoader:240 - Cannot read IP mode file for STMicroelectronics.X-CUBE-GNSS1.6.0.0
2023-08-06 08:33:17,279 [WARN] PackLoader:240 - Cannot read IP mode file for STMicroelectronics.X-CUBE-AZRTOS-F4.1.1.0
2023-08-06 08:33:17,439 [WARN] PackLoader:240 - Cannot read IP mode file for STMicroelectronics.X-CUBE-MEMS1.9.6.0
2023-08-06 08:33:17,552 [INFO] WebApp:753 - Register for checkConnection events
2023-08-06 08:33:17,553 [INFO] WebApp:390 - Apply proxy settings
2023-08-06 08:33:17,554 [INFO] WebApp:475 - Chromium requires no authentication
2023-08-06 08:33:17,587 [INFO] WebApp:418 - Direct internet connection detected
2023-08-06 08:33:17,880 [WARN] PackLoader:240 - Cannot read IP mode file for emotas.I-CUBE-CANOPEN.1.1.3
2023-08-06 08:33:17,908 [WARN] PackLoader:240 - Cannot read IP mode file for STMicroelectronics.X-CUBE-BLEMGR.2.0.0
2023-08-06 08:33:17,938 [WARN] PackLoader:240 - Cannot read IP mode file for STMicroelectronics.X-CUBE-NFC4.2.0.5
2023-08-06 08:33:18,006 [WARN] ConditionMgr:438 - getConditionDescription Invalid condition id : UX DEVICE CLASS RTOS Condition cause : null
2023-08-06 08:33:18,007 [WARN] ConditionMgr:438 - getConditionDescription Invalid condition id : UX DEVICE CLASS RTOS Condition cause : null
2023-08-06 08:33:18,014 [WARN] PackLoader:240 - Cannot read IP mode file for STMicroelectronics.X-CUBE-AZRTOS-H7.3.1.0
2023-08-06 08:33:18,016 [WARN] ConditionMgr:1039 - genDependencies : Invalid condition id : UX DEVICE CLASS RTOS Condition cause : null
2023-08-06 08:33:18,017 [WARN] ConditionMgr:1039 - genDependencies : Invalid condition id : UX DEVICE CLASS RTOS Condition cause : null
2023-08-06 08:33:18,019 [WARN] ConditionMgr:1039 - genDependencies : Invalid condition id : UX DEVICE CLASS RTOS Condition cause : null
2023-08-06 08:33:18,021 [WARN] ConditionMgr:1039 - genDependencies : Invalid condition id : UX DEVICE CLASS RTOS Condition cause : null
2023-08-06 08:33:18,021 [WARN] ConditionMgr:1039 - genDependencies : Invalid condition id : UX DEVICE CLASS RTOS Condition cause : null
2023-08-06 08:33:18,060 [WARN] PackLoader:240 - Cannot read IP mode file for wolfSSL.I-CUBE-wolfSSL.5.5.4
2023-08-06 08:33:18,083 [WARN] PackLoader:240 - Cannot read IP mode file for STMicroelectronics.X-CUBE-NFC7.1.0.1
2023-08-06 08:33:18,110 [WARN] PackLoader:240 - Cannot read IP mode file for STMicroelectronics.X-CUBE-NFC7.1.0.0
2023-08-06 08:33:18,135 [WARN] PackLoader:240 - Cannot read IP mode file for STMicroelectronics.X-CUBE-EEPRMA1.4.1.0
2023-08-06 08:33:18,215 [WARN] ConditionMgr:438 - getConditionDescription Invalid condition id : LAN8742 Phy interface Condition cause : null
2023-08-06 08:33:18,216 [WARN] PackLoader:240 - Cannot read IP mode file for STMicroelectronics.X-CUBE-AZRTOS-L4.2.0.0
2023-08-06 08:33:18,218 [WARN] ConditionMgr:1039 - genDependencies : Invalid condition id : LAN8742 Phy interface Condition cause : null
2023-08-06 08:33:18,218 [WARN] ConditionMgr:1039 - genDependencies : Invalid condition id : LAN8742 Phy interface Condition cause : null
2023-08-06 08:33:18,219 [WARN] ConditionMgr:1039 - genDependencies : Invalid condition id : LAN8742 Phy interface Condition cause : null
2023-08-06 08:33:18,272 [WARN] PackLoader:240 - Cannot read IP mode file for STMicroelectronics.X-CUBE-SFXS2LP1.4.0.0
2023-08-06 08:33:18,334 [INFO] WebApp:188 - Starting web application
2023-08-06 08:33:18,334 [INFO] WebApp:520 - Web application path used C:\ST\STM32CubeIDE_1.13.0\STM32CubeIDE\plugins\com.st.stm32cube.common.mx_6.9.0.202307051724\db\plugins\mcufinder\reactClient1\index.html
2023-08-06 08:33:18,348 [WARN] PackLoader:240 - Cannot read IP mode file for STMicroelectronics.X-CUBE-AZRTOS-H7.3.0.0
2023-08-06 08:33:18,385 [WARN] PackLoader:240 - Cannot read IP mode file for STMicroelectronics.X-CUBE-ISPU.1.1.0
2023-08-06 08:33:18,420 [WARN] PackLoader:240 - Cannot read IP mode file for RoweBots.I-CUBE-UNISONRTOS.5.5.0-4
2023-08-06 08:33:18,457 [WARN] PackLoader:240 - Cannot read IP mode file for STMicroelectronics.X-CUBE-FREERTOS.1.0.1
2023-08-06 08:33:18,551 [WARN] PackLoader:240 - Cannot read IP mode file for STMicroelectronics.X-CUBE-AZRTOS-L5.1.1.0
2023-08-06 08:33:18,590 [WARN] PackLoader:240 - Cannot read IP mode file for STMicroelectronics.X-CUBE-AI.8.0.1
2023-08-06 08:33:18,634 [WARN] PackLoader:240 - Cannot read IP mode file for STMicroelectronics.X-CUBE-SUBG2.5.0.0
2023-08-06 08:33:18,693 [WARN] PackLoader:240 - Cannot read IP mode file for STMicroelectronics.X-CUBE-TOF1.3.3.1
2023-08-06 08:33:18,773 [WARN] PackLoader:240 - Cannot read IP mode file for STMicroelectronics.X-CUBE-AZRTOS-G4.2.0.0
2023-08-06 08:33:18,821 [WARN] PackLoader:240 - Cannot read IP mode file for STMicroelectronics.X-CUBE-TOF1.3.3.0
2023-08-06 08:33:18,859 [WARN] PackLoader:240 - Cannot read IP mode file for STMicroelectronics.FP-ATR-ASTRA1.1.1.1
2023-08-06 08:33:18,930 [WARN] PackLoader:240 - Cannot read IP mode file for STMicroelectronics.X-CUBE-AZRTOS-G4.1.0.0
2023-08-06 08:33:19,007 [WARN] PackLoader:240 - Cannot read IP mode file for STMicroelectronics.X-CUBE-AZRTOS-L4.1.0.0
2023-08-06 08:33:19,086 [WARN] PackLoader:240 - Cannot read IP mode file for STMicroelectronics.X-CUBE-AZRTOS-WL.1.0.0
2023-08-06 08:33:19,127 [WARN] PackLoader:240 - Cannot read IP mode file for portGmbH.I-Cube-SoM-uGOAL.1.1.0
2023-08-06 08:33:19,174 [WARN] PackLoader:240 - Cannot read IP mode file for STMicroelectronics.X-CUBE-ALS.1.0.1
2023-08-06 08:33:19,251 [WARN] PackLoader:240 - Cannot read IP mode file for STMicroelectronics.X-CUBE-AZRTOS-WB.1.1.0
2023-08-06 08:33:19,279 [WARN] PackLoader:240 - Cannot read IP mode file for STMicroelectronics.FP-ATR-ASTRA1.2.0.0
2023-08-06 08:33:19,282 [INFO] ThirdParty:978 - Integrity check success = true
2023-08-06 08:33:19,282 [INFO] IntegrityCheckThread:100 - exiting critical section [integrity check]
2023-08-06 08:33:19,282 [INFO] IntegrityCheckThread:103 - End integrity checks thread
2023-08-06 08:33:40,978 [ERROR] LogOutputStream:75 - [STDERR_REDIRECT] SLF4J: Failed to load class "org.slf4j.impl.StaticLoggerBinder".
2023-08-06 08:33:40,980 [ERROR] LogOutputStream:75 - [STDERR_REDIRECT] SLF4J: Defaulting to no-operation (NOP) logger implementation
2023-08-06 08:33:40,986 [ERROR] LogOutputStream:75 - [STDERR_REDIRECT] SLF4J: See http://www.slf4j.org/codes.html#StaticLoggerBinder for further details.
2023-08-06 23:55:12,976 [ERROR] LogOutputStream:75 - [STDERR_REDIRECT] 
